{"numTotalTestSuites":230,"numPassedTestSuites":230,"numFailedTestSuites":0,"numPendingTestSuites":0,"numTotalTests":676,"numPassedTests":671,"numFailedTests":0,"numPendingTests":5,"numTodoTests":0,"snapshot":{"added":0,"failure":false,"filesAdded":0,"filesRemoved":0,"filesRemovedList":[],"filesUnmatched":0,"filesUpdated":0,"matched":0,"total":0,"unchecked":0,"uncheckedKeysByFile":[],"unmatched":0,"updated":0,"didUpdate":false},"startTime":1789320906371,"success":true,"testResults":[{"assertionResults":[{"ancestorTitles":["aggregateFindings"],"fullName":"aggregateFindings emits one pattern when 3 ventures share finding (TS-1, US-001 AC)","status":"passed","title":"emits one pattern when 3 ventures share finding (TS-1, US-001 AC)","duration":3.671799999999962,"failureMessages":[],"meta":{},"tags":[]},{"ancestorTitles":["aggregateFindings"],"fullName":"aggregateFindings excludes single-venture findings (TS-2)","status":"passed","title":"excludes single-venture findings (TS-2)","duration":0.9923000000000002,"failureMessages":[],"meta":{},"tags":[]},{"ancestorTitles":["aggregateFindings"],"fullName":"aggregateFindings separates patterns by severity (TS-3, US-004)","status":"passed","title":"separates patterns by severity (TS-3, US-004)","duration":1.3818999999999733,"failureMessages":[],"meta":{},"tags":[]},{"ancestorTitles":["aggregateFindings"],"fullName":"aggregateFindings respects custom minVentureCount option","status":"passed","title":"respects custom minVentureCount option","duration":0.8722000000000207,"failureMessages":[],"meta":{},"tags":[]},{"ancestorTitles":["aggregateFindings"],"fullName":"aggregateFindings caps sample_finding_ids at 5 (US-001 implementation detail)","status":"passed","title":"caps sample_finding_ids at 5 (US-001 implementation detail)","duration":0.8923000000000343,"failureMessages":[],"meta":{},"tags":[]},{"ancestorTitles":["aggregateFindings"],"fullName":"aggregateFindings tracks first_seen and last_seen across all findings in a pattern","status":"passed","title":"tracks first_seen and last_seen across all findings in a pattern","duration":0.8057999999999765,"failureMessages":[],"meta":{},"tags":[]},{"ancestorTitles":["aggregateFindings"],"fullName":"aggregateFindings substitutes {check_name} and {venture_count} in suggested_action (US-005 AC-5)","status":"passed","title":"substitutes {check_name} and {venture_count} in suggested_action (US-005 AC-5)","duration":0.893100000000004,"failureMessages":[],"meta":{},"tags":[]},{"ancestorTitles":["aggregateFindings"],"fullName":"aggregateFindings skips findings with unknown finding_category","status":"passed","title":"skips findings with unknown finding_category","duration":0.831799999999987,"failureMessages":[],"meta":{},"tags":[]},{"ancestorTitles":["computePatternId"],"fullName":"computePatternId produces deterministic 16-char hash (US-002 AC, AC-4)","status":"passed","title":"produces deterministic 16-char hash (US-002 AC, AC-4)","duration":0.9703999999999837,"failureMessages":[],"meta":{},"tags":[]},{"ancestorTitles":["computePatternId"],"fullName":"computePatternId different inputs produce different hashes","status":"passed","title":"different inputs produce different hashes","duration":0.8681000000000267,"failureMessages":[],"meta":{},"tags":[]},{"ancestorTitles":["SUGGESTED_ACTIONS"],"fullName":"SUGGESTED_ACTIONS has non-empty templates for all 10 finding categories (AC-5)","status":"passed","title":"has non-empty templates for all 10 finding categories (AC-5)","duration":2.0851000000000113,"failureMessages":[],"meta":{},"tags":[]},{"ancestorTitles":["upsertPatterns"],"fullName":"upsertPatterns returns zero counts when given empty array","status":"passed","title":"returns zero counts when given empty array","duration":0.9632000000000289,"failureMessages":[],"meta":{},"tags":[]},{"ancestorTitles":["upsertPatterns"],"fullName":"upsertPatterns idempotency: re-runs preserve first_seen via lookup (TS-4, US-002 AC)","status":"passed","title":"idempotency: re-runs preserve first_seen via lookup (TS-4, US-002 AC)","duration":0.8903999999999996,"failureMessages":[],"meta":{},"tags":[]},{"ancestorTitles":["upsertPatterns"],"fullName":"upsertPatterns counts new vs updated correctly","status":"passed","title":"counts new vs updated correctly","duration":0.8160000000000309,"failureMessages":[],"meta":{},"tags":[]},{"ancestorTitles":["upsertPatterns"],"fullName":"upsertPatterns captures errors per-pattern without aborting batch","status":"passed","title":"captures errors per-pattern without aborting batch","duration":0.8389999999999986,"failureMessages":[],"meta":{},"tags":[]},{"ancestorTitles":["MIN_VENTURE_COUNT export"],"fullName":"MIN_VENTURE_COUNT export default threshold is 3","status":"passed","title":"default threshold is 3","duration":0.6981000000000108,"failureMessages":[],"meta":{},"tags":[]}],"startTime":1789320907943,"endTime":1789320907962.698,"status":"passed","message":"","name":"C:/Users/rickf/Projects/_EHG/EHG_Engineer/.worktrees/SD-LEO-INFRA-VENTURE-QUALITY-CAPA-001-A/tests/unit/eva/quality-findings/aggregator.test.js"},{"assertionResults":[{"ancestorTitles":["axeImpactToSeverity — severity cap (FR-1)"],"fullName":"axeImpactToSeverity — severity cap (FR-1) critical/serious/moderate all cap at medium (never critical/high)","status":"passed","title":"critical/serious/moderate all cap at medium (never critical/high)","duration":2.7466000000001713,"failureMessages":[],"meta":{},"tags":[]},{"ancestorTitles":["axeImpactToSeverity — severity cap (FR-1)"],"fullName":"axeImpactToSeverity — severity cap (FR-1) minor (and anything unrecognized) maps to low","status":"passed","title":"minor (and anything unrecognized) maps to low","duration":1.0626999999999498,"failureMessages":[],"meta":{},"tags":[]},{"ancestorTitles":["buildAccessibilityFindings — fixture-shaped axe violations"],"fullName":"buildAccessibilityFindings — fixture-shaped axe violations produces findings that validate against FindingShape","status":"passed","title":"produces findings that validate against FindingShape","duration":5.9486000000001695,"failureMessages":[],"meta":{},"tags":[]},{"ancestorTitles":["buildAccessibilityFindings — fixture-shaped axe violations"],"fullName":"buildAccessibilityFindings — fixture-shaped axe violations severity is never critical/high, per FR-1 acceptance criteria","status":"passed","title":"severity is never critical/high, per FR-1 acceptance criteria","duration":1.4858999999999014,"failureMessages":[],"meta":{},"tags":[]},{"ancestorTitles":["buildAccessibilityFindings — fixture-shaped axe violations"],"fullName":"buildAccessibilityFindings — fixture-shaped axe violations evidence_pointer carries rule id, impact, and url for traceability","status":"passed","title":"evidence_pointer carries rule id, impact, and url for traceability","duration":0.964200000000119,"failureMessages":[],"meta":{},"tags":[]},{"ancestorTitles":["buildAccessibilityFindings — fixture-shaped axe violations"],"fullName":"buildAccessibilityFindings — fixture-shaped axe violations handles zero violations (clean scan) as an empty array","status":"passed","title":"handles zero violations (clean scan) as an empty array","duration":0.8923999999999523,"failureMessages":[],"meta":{},"tags":[]},{"ancestorTitles":["buildResponsiveFindings — breakpoint overflow (FR-3)"],"fullName":"buildResponsiveFindings — breakpoint overflow (FR-3) flags horizontal overflow > 1px at a breakpoint","status":"passed","title":"flags horizontal overflow > 1px at a breakpoint","duration":1.1322999999999865,"failureMessages":[],"meta":{},"tags":[]},{"ancestorTitles":["buildResponsiveFindings — breakpoint overflow (FR-3)"],"fullName":"buildResponsiveFindings — breakpoint overflow (FR-3) does not flag a breakpoint with no overflow (scrollWidth <= clientWidth)","status":"passed","title":"does not flag a breakpoint with no overflow (scrollWidth <= clientWidth)","duration":0.8929999999998017,"failureMessages":[],"meta":{},"tags":[]},{"ancestorTitles":["buildResponsiveFindings — breakpoint overflow (FR-3)"],"fullName":"buildResponsiveFindings — breakpoint overflow (FR-3) ignores sub-pixel overflow (<=1px)","status":"passed","title":"ignores sub-pixel overflow (<=1px)","duration":0.9450999999999112,"failureMessages":[],"meta":{},"tags":[]},{"ancestorTitles":["buildResponsiveFindings — breakpoint overflow (FR-3)"],"fullName":"buildResponsiveFindings — breakpoint overflow (FR-3) VIEWPORTS matches the 3 real breakpoints from screenshot-generator.js (DESKTOP/MOBILE/TABLET only)","status":"passed","title":"VIEWPORTS matches the 3 real breakpoints from screenshot-generator.js (DESKTOP/MOBILE/TABLET only)","duration":1.074100000000044,"failureMessages":[],"meta":{},"tags":[]},{"ancestorTitles":["buildLighthouseFindings — threshold comparison (FR-2)"],"fullName":"buildLighthouseFindings — threshold comparison (FR-2) flags a below-threshold performance score","status":"passed","title":"flags a below-threshold performance score","duration":1.4993999999999232,"failureMessages":[],"meta":{},"tags":[]},{"ancestorTitles":["buildLighthouseFindings — threshold comparison (FR-2)"],"fullName":"buildLighthouseFindings — threshold comparison (FR-2) flags FCP/LCP above their max thresholds","status":"passed","title":"flags FCP/LCP above their max thresholds","duration":1.198699999999917,"failureMessages":[],"meta":{},"tags":[]},{"ancestorTitles":["buildLighthouseFindings — threshold comparison (FR-2)"],"fullName":"buildLighthouseFindings — threshold comparison (FR-2) always includes a low-severity run-recorded finding, even when every metric passes","status":"passed","title":"always includes a low-severity run-recorded finding, even when every metric passes","duration":1.473299999999881,"failureMessages":[],"meta":{},"tags":[]},{"ancestorTitles":["buildLighthouseFindings — threshold comparison (FR-2)"],"fullName":"buildLighthouseFindings — threshold comparison (FR-2) all findings produced are medium/low severity, never critical/high","status":"passed","title":"all findings produced are medium/low severity, never critical/high","duration":1.3808999999998832,"failureMessages":[],"meta":{},"tags":[]},{"ancestorTitles":["buildLighthouseFailureFinding — collection failure fallback"],"fullName":"buildLighthouseFailureFinding — collection failure fallback produces a single low-severity finding that still validates against FindingShape","status":"passed","title":"produces a single low-severity finding that still validates against FindingShape","duration":0.9859999999998763,"failureMessages":[],"meta":{},"tags":[]}],"startTime":1789320908696,"endTime":1789320908719.986,"status":"passed","message":"","name":"C:/Users/rickf/Projects/_EHG/EHG_Engineer/.worktrees/SD-LEO-INFRA-VENTURE-QUALITY-CAPA-001-A/tests/unit/eva/quality-findings/capa-001-a-baseline-runner.test.js"},{"assertionResults":[{"ancestorTitles":["CAPABILITIES registry"],"fullName":"CAPABILITIES registry declares 5 capabilities","status":"passed","title":"declares 5 capabilities","duration":2.6823000000000548,"failureMessages":[],"meta":{},"tags":[]},{"ancestorTitles":["CAPABILITIES registry"],"fullName":"CAPABILITIES registry is frozen (extensibility via append, not mutation)","status":"passed","title":"is frozen (extensibility via append, not mutation)","duration":0.9531000000000631,"failureMessages":[],"meta":{},"tags":[]},{"ancestorTitles":["CAPABILITIES registry"],"fullName":"CAPABILITIES registry marks UAT runner + bug-tracker as optional","status":"passed","title":"marks UAT runner + bug-tracker as optional","duration":0.8917999999999893,"failureMessages":[],"meta":{},"tags":[]},{"ancestorTitles":["CAPABILITIES registry"],"fullName":"CAPABILITIES registry marks gh-cli + sandbox + writer as required","status":"passed","title":"marks gh-cli + sandbox + writer as required","duration":0.8319000000000187,"failureMessages":[],"meta":{},"tags":[]},{"ancestorTitles":["CAPABILITIES registry"],"fullName":"CAPABILITIES registry each capability has a probe function","status":"passed","title":"each capability has a probe function","duration":0.8680000000000518,"failureMessages":[],"meta":{},"tags":[]},{"ancestorTitles":["evaluateCapabilities"],"fullName":"evaluateCapabilities passes when all required capabilities probe ok (skip optional via env)","status":"passed","title":"passes when all required capabilities probe ok (skip optional via env)","duration":262.3012,"failureMessages":[],"meta":{},"tags":[]},{"ancestorTitles":["evaluateCapabilities"],"fullName":"evaluateCapabilities skip option excludes named capability","status":"passed","title":"skip option excludes named capability","duration":174.22950000000014,"failureMessages":[],"meta":{},"tags":[]},{"ancestorTitles":["evaluateCapabilities"],"fullName":"evaluateCapabilities reports versions for ok capabilities","status":"passed","title":"reports versions for ok capabilities","duration":788.6249,"failureMessages":[],"meta":{},"tags":[]},{"ancestorTitles":["runCapabilityGate"],"fullName":"runCapabilityGate passes when capabilities are present (vitest env has node + git)","status":"passed","title":"passes when capabilities are present (vitest env has node + git)","duration":294.9415999999999,"failureMessages":[],"meta":{},"tags":[]},{"ancestorTitles":["runCapabilityGate"],"fullName":"runCapabilityGate throws structured error when required capability missing (simulated via mock)","status":"passed","title":"throws structured error when required capability missing (simulated via mock)","duration":0.3338000000003376,"failureMessages":[],"meta":{},"tags":[]},{"ancestorTitles":["runCapabilityGate"],"fullName":"runCapabilityGate rejects bypass without reason","status":"passed","title":"rejects bypass without reason","duration":1.3784999999998035,"failureMessages":[],"meta":{},"tags":[]},{"ancestorTitles":["runCapabilityGate"],"fullName":"runCapabilityGate accepts bypass with ≥20-char reason","status":"passed","title":"accepts bypass with ≥20-char reason","duration":0.2339999999999236,"failureMessages":[],"meta":{},"tags":[]},{"ancestorTitles":["runCapabilityGate"],"fullName":"runCapabilityGate logs bypass to audit_log via supabase client (best-effort)","status":"passed","title":"logs bypass to audit_log via supabase client (best-effort)","duration":0.29690000000027794,"failureMessages":[],"meta":{},"tags":[]}],"startTime":1789320907287,"endTime":1789320908815.3784,"status":"passed","message":"","name":"C:/Users/rickf/Projects/_EHG/EHG_Engineer/.worktrees/SD-LEO-INFRA-VENTURE-QUALITY-CAPA-001-A/tests/unit/eva/quality-findings/capability-gate.test.js"},{"assertionResults":[{"ancestorTitles":["SD-LEO-FIX-FIX-STAGE-CODE-001 D1 — probeModule resolves under ESM"],"fullName":"SD-LEO-FIX-FIX-STAGE-CODE-001 D1 — probeModule resolves under ESM probeModule does not throw \"require is not defined\" and resolves an existing module","status":"passed","title":"probeModule does not throw \"require is not defined\" and resolves an existing module","duration":2.675299999999993,"failureMessages":[],"meta":{},"tags":[]},{"ancestorTitles":["SD-LEO-FIX-FIX-STAGE-CODE-001 D1 — probeModule resolves under ESM"],"fullName":"SD-LEO-FIX-FIX-STAGE-CODE-001 D1 — probeModule resolves under ESM probeModule returns ok=false with a \"module not found\" error for a missing path (no require crash)","status":"passed","title":"probeModule returns ok=false with a \"module not found\" error for a missing path (no require crash)","duration":1.4138000000000375,"failureMessages":[],"meta":{},"tags":[]},{"ancestorTitles":["SD-LEO-FIX-FIX-STAGE-CODE-001 D1 — probeModule resolves under ESM"],"fullName":"SD-LEO-FIX-FIX-STAGE-CODE-001 D1 — probeModule resolves under ESM the finding-writer capability entry probes cleanly (the regression scenario)","status":"passed","title":"the finding-writer capability entry probes cleanly (the regression scenario)","duration":1.2478999999999587,"failureMessages":[],"meta":{},"tags":[]},{"ancestorTitles":["SD-LEO-FIX-FIX-STAGE-CODE-001 D1 — probeModule resolves under ESM"],"fullName":"SD-LEO-FIX-FIX-STAGE-CODE-001 D1 — probeModule resolves under ESM sibling probes still behave (probeCli + probeEnv unaffected by the require shim)","status":"passed","title":"sibling probes still behave (probeCli + probeEnv unaffected by the require shim)","duration":54.39359999999999,"failureMessages":[],"meta":{},"tags":[]},{"ancestorTitles":["SD-LEO-FIX-FIX-STAGE-CODE-001 D1 — probeModule resolves under ESM"],"fullName":"SD-LEO-FIX-FIX-STAGE-CODE-001 D1 — probeModule resolves under ESM source establishes a createRequire(import.meta.url) shim (static regression guard)","status":"passed","title":"source establishes a createRequire(import.meta.url) shim (static regression guard)","duration":1.2424000000000888,"failureMessages":[],"meta":{},"tags":[]},{"ancestorTitles":["SD-LEO-FIX-FIX-STAGE-CODE-001 D1 — probeModule resolves under ESM"],"fullName":"SD-LEO-FIX-FIX-STAGE-CODE-001 D1 — probeModule resolves under ESM probeModule.ok===true under RAW Node ESM (production runtime, not the vite-shimmed vitest env)","status":"passed","title":"probeModule.ok===true under RAW Node ESM (production runtime, not the vite-shimmed vitest env)","duration":52.84839999999997,"failureMessages":[],"meta":{},"tags":[]}],"startTime":1789320907252,"endTime":1789320907366.8484,"status":"passed","message":"","name":"C:/Users/rickf/Projects/_EHG/EHG_Engineer/.worktrees/SD-LEO-INFRA-VENTURE-QUALITY-CAPA-001-A/tests/unit/eva/quality-findings/capability-registry-esm.test.js"},{"assertionResults":[{"ancestorTitles":["resolveVentureSdIdentifiers"],"fullName":"resolveVentureSdIdentifiers collects UUIDs and sd_keys for the venture","status":"passed","title":"collects UUIDs and sd_keys for the venture","duration":3.7230999999999312,"failureMessages":[],"meta":{},"tags":[]},{"ancestorTitles":["resolveVentureSdIdentifiers"],"fullName":"resolveVentureSdIdentifiers returns empty on DB error (best-effort)","status":"passed","title":"returns empty on DB error (best-effort)","duration":1.2273999999999887,"failureMessages":[],"meta":{},"tags":[]},{"ancestorTitles":["resolveVentureSdIdentifiers"],"fullName":"resolveVentureSdIdentifiers returns empty when no supabase/ventureId","status":"passed","title":"returns empty when no supabase/ventureId","duration":0.9606000000001131,"failureMessages":[],"meta":{},"tags":[]},{"ancestorTitles":["produceUatTestFindings"],"fullName":"produceUatTestFindings emits one finding per non-passing result on the latest run","status":"passed","title":"emits one finding per non-passing result on the latest run","duration":1.6962000000000899,"failureMessages":[],"meta":{},"tags":[]},{"ancestorTitles":["produceUatTestFindings"],"fullName":"produceUatTestFindings emits nothing when there are no linked SDs","status":"passed","title":"emits nothing when there are no linked SDs","duration":0.8779000000001815,"failureMessages":[],"meta":{},"tags":[]},{"ancestorTitles":["produceUatTestFindings"],"fullName":"produceUatTestFindings is best-effort: returns [] when the runs query errors","status":"passed","title":"is best-effort: returns [] when the runs query errors","duration":0.870200000000068,"failureMessages":[],"meta":{},"tags":[]},{"ancestorTitles":["produceUatSignoffFindings"],"fullName":"produceUatSignoffFindings flags RED (pass_rate < 93) as high","status":"passed","title":"flags RED (pass_rate < 93) as high","duration":1.429300000000012,"failureMessages":[],"meta":{},"tags":[]},{"ancestorTitles":["produceUatSignoffFindings"],"fullName":"produceUatSignoffFindings flags YELLOW (failures but pass_rate >= 93) as medium","status":"passed","title":"flags YELLOW (failures but pass_rate >= 93) as medium","duration":1.024900000000116,"failureMessages":[],"meta":{},"tags":[]},{"ancestorTitles":["produceUatSignoffFindings"],"fullName":"produceUatSignoffFindings emits nothing for a GREEN run","status":"passed","title":"emits nothing for a GREEN run","duration":0.9147000000000389,"failureMessages":[],"meta":{},"tags":[]},{"ancestorTitles":["produceUatSignoffFindings"],"fullName":"produceUatSignoffFindings prefers an explicit metadata.quality_gate when present","status":"passed","title":"prefers an explicit metadata.quality_gate when present","duration":1.8244999999999436,"failureMessages":[],"meta":{},"tags":[]},{"ancestorTitles":["produceBugReportFindings"],"fullName":"produceBugReportFindings emits one finding per user_bug feedback row, normalizing severity","status":"passed","title":"emits one finding per user_bug feedback row, normalizing severity","duration":1.5174999999999272,"failureMessages":[],"meta":{},"tags":[]},{"ancestorTitles":["produceBugReportFindings"],"fullName":"produceBugReportFindings is best-effort: returns [] on query error","status":"passed","title":"is best-effort: returns [] on query error","duration":1.1458999999999833,"failureMessages":[],"meta":{},"tags":[]},{"ancestorTitles":["produceCapabilityFindings"],"fullName":"produceCapabilityFindings maps missing_required -> high and missing_optional -> low","status":"passed","title":"maps missing_required -> high and missing_optional -> low","duration":1.3619000000001051,"failureMessages":[],"meta":{},"tags":[]},{"ancestorTitles":["produceCapabilityFindings"],"fullName":"produceCapabilityFindings emits nothing when all capabilities are present","status":"passed","title":"emits nothing when all capabilities are present","duration":1.0068999999998596,"failureMessages":[],"meta":{},"tags":[]},{"ancestorTitles":["produceCapabilityFindings"],"fullName":"produceCapabilityFindings is best-effort: returns [] if the probe throws","status":"passed","title":"is best-effort: returns [] if the probe throws","duration":1.4236000000000786,"failureMessages":[],"meta":{},"tags":[]},{"ancestorTitles":["produceJourneyWalkFindings"],"fullName":"produceJourneyWalkFindings skips when the venture has no deployment_url","status":"passed","title":"skips when the venture has no deployment_url","duration":4.310399999999845,"failureMessages":[],"meta":{},"tags":[]},{"ancestorTitles":["produceJourneyWalkFindings"],"fullName":"produceJourneyWalkFindings skips when no orchestrator SD has derived journey_steps yet","status":"passed","title":"skips when no orchestrator SD has derived journey_steps yet","duration":1.5217999999999847,"failureMessages":[],"meta":{},"tags":[]},{"ancestorTitles":["produceJourneyWalkFindings"],"fullName":"produceJourneyWalkFindings runs the walk with the derived venture key + journey steps, emitting nothing on pass","status":"passed","title":"runs the walk with the derived venture key + journey steps, emitting nothing on pass","duration":2.4109000000000833,"failureMessages":[],"meta":{},"tags":[]},{"ancestorTitles":["produceJourneyWalkFindings"],"fullName":"produceJourneyWalkFindings emits a high-severity uat_test finding when the walk fails","status":"passed","title":"emits a high-severity uat_test finding when the walk fails","duration":1.6127999999998792,"failureMessages":[],"meta":{},"tags":[]},{"ancestorTitles":["produceJourneyWalkFindings"],"fullName":"produceJourneyWalkFindings emits a medium-severity finding when the walk is blocked (instance unreachable)","status":"passed","title":"emits a medium-severity finding when the walk is blocked (instance unreachable)","duration":1.4318000000000666,"failureMessages":[],"meta":{},"tags":[]},{"ancestorTitles":["produceJourneyWalkFindings"],"fullName":"produceJourneyWalkFindings emits a medium-severity timeout finding when the walk does not settle within its own budget (does not wait for the real production timeout)","status":"passed","title":"emits a medium-severity timeout finding when the walk does not settle within its own budget (does not wait for the real production timeout)","duration":23.75389999999993,"failureMessages":[],"meta":{},"tags":[]},{"ancestorTitles":["produceJourneyWalkFindings"],"fullName":"produceJourneyWalkFindings is best-effort: returns [] when the ventures query errors","status":"passed","title":"is best-effort: returns [] when the ventures query errors","duration":0.9279000000001361,"failureMessages":[],"meta":{},"tags":[]},{"ancestorTitles":["produceJourneyWalkFindings"],"fullName":"produceJourneyWalkFindings SD-LEO-INFRA-FIX-JOURNEY-WALK-001 FR-1/TS-9: a status=error walk result (a crash caught inside journey-walk-orchestrator.js, no longer thrown) emits a medium-severity finding, not [] and not a crash","status":"passed","title":"SD-LEO-INFRA-FIX-JOURNEY-WALK-001 FR-1/TS-9: a status=error walk result (a crash caught inside journey-walk-orchestrator.js, no longer thrown) emits a medium-severity finding, not [] and not a crash","duration":1.0814000000000306,"failureMessages":[],"meta":{},"tags":[]},{"ancestorTitles":["produceJourneyWalkFindings"],"fullName":"produceJourneyWalkFindings is best-effort: returns [] when runVentureJourneyWalk itself throws","status":"passed","title":"is best-effort: returns [] when runVentureJourneyWalk itself throws","duration":1.0368000000000848,"failureMessages":[],"meta":{},"tags":[]},{"ancestorTitles":["produceJourneyWalkFindings"],"fullName":"produceJourneyWalkFindings picks the most-recent orchestrator that actually has journey_steps, skipping a newer one without it","status":"passed","title":"picks the most-recent orchestrator that actually has journey_steps, skipping a newer one without it","duration":0.8741999999999734,"failureMessages":[],"meta":{},"tags":[]},{"ancestorTitles":["collectNonRepoFindings"],"fullName":"collectNonRepoFindings combines all producers (journeyWalk contributing none without a deployment_url configured)","status":"passed","title":"combines all producers (journeyWalk contributing none without a deployment_url configured)","duration":1.0516999999999825,"failureMessages":[],"meta":{},"tags":[]},{"ancestorTitles":["collectNonRepoFindings"],"fullName":"collectNonRepoFindings FR-4: threads journeyWalkDeps through so a failing live walk really flows into allFindings via this one path","status":"passed","title":"FR-4: threads journeyWalkDeps through so a failing live walk really flows into allFindings via this one path","duration":1.0960000000000036,"failureMessages":[],"meta":{},"tags":[]},{"ancestorTitles":["collectNonRepoFindings"],"fullName":"collectNonRepoFindings returns only capability findings when supabase/ventureId are absent","status":"passed","title":"returns only capability findings when supabase/ventureId are absent","duration":0.8924999999999272,"failureMessages":[],"meta":{},"tags":[]},{"ancestorTitles":["collectNonRepoFindings"],"fullName":"collectNonRepoFindings fail-safe: never throws when supabase access throws; still returns capability findings","status":"passed","title":"fail-safe: never throws when supabase access throws; still returns capability findings","duration":0.9271000000001095,"failureMessages":[],"meta":{},"tags":[]}],"startTime":1789320908647,"endTime":1789320908711.927,"status":"passed","message":"","name":"C:/Users/rickf/Projects/_EHG/EHG_Engineer/.worktrees/SD-LEO-INFRA-VENTURE-QUALITY-CAPA-001-A/tests/unit/eva/quality-findings/db-sourced-findings.test.js"},{"assertionResults":[{"ancestorTitles":["FINDING_CATEGORIES (canonical 17)"],"fullName":"FINDING_CATEGORIES (canonical 17) enumerates exactly 17 categories: code review (5) + QA (2) + UAT (3) + Vision (2) + Experience (3) + Baseline (2)","status":"passed","title":"enumerates exactly 17 categories: code review (5) + QA (2) + UAT (3) + Vision (2) + Experience (3) + Baseline (2)","duration":2.857499999999959,"failureMessages":[],"meta":{},"tags":[]},{"ancestorTitles":["FINDING_CATEGORIES (canonical 17)"],"fullName":"FINDING_CATEGORIES (canonical 17) is frozen (immutable)","status":"passed","title":"is frozen (immutable)","duration":0.9705999999999904,"failureMessages":[],"meta":{},"tags":[]},{"ancestorTitles":["WARN_CAPPED_CATEGORIES"],"fullName":"WARN_CAPPED_CATEGORIES enumerates exactly the 5 experience+baseline categories, all present in FINDING_CATEGORIES","status":"passed","title":"enumerates exactly the 5 experience+baseline categories, all present in FINDING_CATEGORIES","duration":1.5842000000000098,"failureMessages":[],"meta":{},"tags":[]},{"ancestorTitles":["WARN_CAPPED_CATEGORIES"],"fullName":"WARN_CAPPED_CATEGORIES is frozen (immutable)","status":"passed","title":"is frozen (immutable)","duration":0.8076999999999543,"failureMessages":[],"meta":{},"tags":[]},{"ancestorTitles":["computeFindingHash"],"fullName":"computeFindingHash returns 16-char hex digest","status":"passed","title":"returns 16-char hex digest","duration":0.9402999999999793,"failureMessages":[],"meta":{},"tags":[]},{"ancestorTitles":["computeFindingHash"],"fullName":"computeFindingHash is deterministic — same input yields same hash","status":"passed","title":"is deterministic — same input yields same hash","duration":0.8398999999999432,"failureMessages":[],"meta":{},"tags":[]},{"ancestorTitles":["computeFindingHash"],"fullName":"computeFindingHash changes when any component changes","status":"passed","title":"changes when any component changes","duration":1.0080000000000382,"failureMessages":[],"meta":{},"tags":[]},{"ancestorTitles":["computeFindingHash"],"fullName":"computeFindingHash throws on missing components","status":"passed","title":"throws on missing components","duration":1.3725999999999203,"failureMessages":[],"meta":{},"tags":[]},{"ancestorTitles":["validateFindingShape"],"fullName":"validateFindingShape passes for a valid canonical finding","status":"passed","title":"passes for a valid canonical finding","duration":1.0966999999999416,"failureMessages":[],"meta":{},"tags":[]},{"ancestorTitles":["validateFindingShape"],"fullName":"validateFindingShape rejects missing venture_id","status":"passed","title":"rejects missing venture_id","duration":1.0465999999998985,"failureMessages":[],"meta":{},"tags":[]},{"ancestorTitles":["validateFindingShape"],"fullName":"validateFindingShape rejects non-numeric stage_number (forward-compat: any number accepted)","status":"passed","title":"rejects non-numeric stage_number (forward-compat: any number accepted)","duration":1.503400000000056,"failureMessages":[],"meta":{},"tags":[]},{"ancestorTitles":["validateFindingShape"],"fullName":"validateFindingShape rejects unknown finding_category","status":"passed","title":"rejects unknown finding_category","duration":0.9315000000000282,"failureMessages":[],"meta":{},"tags":[]},{"ancestorTitles":["validateFindingShape"],"fullName":"validateFindingShape rejects unknown severity","status":"passed","title":"rejects unknown severity","duration":0.7689000000000306,"failureMessages":[],"meta":{},"tags":[]},{"ancestorTitles":["validateFindingShape"],"fullName":"validateFindingShape accepts each of the 17 canonical categories","status":"passed","title":"accepts each of the 17 canonical categories","duration":1.0523000000000593,"failureMessages":[],"meta":{},"tags":[]},{"ancestorTitles":["SEVERITY_LEVELS"],"fullName":"SEVERITY_LEVELS enumerates critical/high/medium/low","status":"passed","title":"enumerates critical/high/medium/low","duration":0.845299999999952,"failureMessages":[],"meta":{},"tags":[]}],"startTime":1789320908249,"endTime":1789320908266.8452,"status":"passed","message":"","name":"C:/Users/rickf/Projects/_EHG/EHG_Engineer/.worktrees/SD-LEO-INFRA-VENTURE-QUALITY-CAPA-001-A/tests/unit/eva/quality-findings/finding-shape.test.js"},{"assertionResults":[{"ancestorTitles":["transformLegacyFinding"],"fullName":"transformLegacyFinding maps known check identity to canonical category","status":"passed","title":"maps known check identity to canonical category","duration":3.5522000000000276,"failureMessages":[],"meta":{},"tags":[]},{"ancestorTitles":["transformLegacyFinding"],"fullName":"transformLegacyFinding routes unmapped legacy checks to capability with marker","status":"passed","title":"routes unmapped legacy checks to capability with marker","duration":1.0313000000000443,"failureMessages":[],"meta":{},"tags":[]},{"ancestorTitles":["transformLegacyFinding"],"fullName":"transformLegacyFinding defaults bad severity to low (fail-safe, not escalating)","status":"passed","title":"defaults bad severity to low (fail-safe, not escalating)","duration":0.8926000000000158,"failureMessages":[],"meta":{},"tags":[]},{"ancestorTitles":["transformLegacyFinding"],"fullName":"transformLegacyFinding QF-20260703-248: an info-severity skipped-check finding fails safe to low, not medium","status":"passed","title":"QF-20260703-248: an info-severity skipped-check finding fails safe to low, not medium","duration":0.8182999999999652,"failureMessages":[],"meta":{},"tags":[]},{"ancestorTitles":["transformLegacyFinding"],"fullName":"transformLegacyFinding returns null for malformed input","status":"passed","title":"returns null for malformed input","duration":0.8254999999999768,"failureMessages":[],"meta":{},"tags":[]},{"ancestorTitles":["transformLegacyFinding"],"fullName":"transformLegacyFinding preserves legacy fields under evidence_pointer","status":"passed","title":"preserves legacy fields under evidence_pointer","duration":0.9019999999999868,"failureMessages":[],"meta":{},"tags":[]},{"ancestorTitles":["adaptLegacyBatch idempotency"],"fullName":"adaptLegacyBatch idempotency dedupes within a batch by finding_hash","status":"passed","title":"dedupes within a batch by finding_hash","duration":0.9587999999999965,"failureMessages":[],"meta":{},"tags":[]},{"ancestorTitles":["adaptLegacyBatch idempotency"],"fullName":"adaptLegacyBatch idempotency produces identical output across two batch runs (idempotent)","status":"passed","title":"produces identical output across two batch runs (idempotent)","duration":1.4150999999999954,"failureMessages":[],"meta":{},"tags":[]},{"ancestorTitles":["adaptLegacyBatch idempotency"],"fullName":"adaptLegacyBatch idempotency skips malformed rows into skipped[]","status":"passed","title":"skips malformed rows into skipped[]","duration":1.0819999999999936,"failureMessages":[],"meta":{},"tags":[]},{"ancestorTitles":["adaptLegacyBatch idempotency"],"fullName":"adaptLegacyBatch idempotency handles empty batch","status":"passed","title":"handles empty batch","duration":0.9648000000000252,"failureMessages":[],"meta":{},"tags":[]},{"ancestorTitles":["LEGACY_CHECK_MAP"],"fullName":"LEGACY_CHECK_MAP identity-maps every canonical category the analyzer can emit","status":"passed","title":"identity-maps every canonical category the analyzer can emit","duration":1.654800000000023,"failureMessages":[],"meta":{},"tags":[]}],"startTime":1789320908071,"endTime":1789320908085.6548,"status":"passed","message":"","name":"C:/Users/rickf/Projects/_EHG/EHG_Engineer/.worktrees/SD-LEO-INFRA-VENTURE-QUALITY-CAPA-001-A/tests/unit/eva/quality-findings/legacy-adapter.test.js"},{"assertionResults":[{"ancestorTitles":["FR-D: buildEnvAllowlist"],"fullName":"FR-D: buildEnvAllowlist TS-1: filters out secrets, keeps explicitly allowlisted keys","status":"passed","title":"TS-1: filters out secrets, keeps explicitly allowlisted keys","duration":2.917599999999993,"failureMessages":[],"meta":{},"tags":[]},{"ancestorTitles":["FR-D: buildEnvAllowlist"],"fullName":"FR-D: buildEnvAllowlist TS-1b: defaults exclude unknown secrets but include PATH/HOME family","status":"passed","title":"TS-1b: defaults exclude unknown secrets but include PATH/HOME family","duration":1.1965000000000146,"failureMessages":[],"meta":{},"tags":[]},{"ancestorTitles":["FR-D: buildEnvAllowlist"],"fullName":"FR-D: buildEnvAllowlist TS-1c: does not mutate the input parent env object","status":"passed","title":"TS-1c: does not mutate the input parent env object","duration":0.9242999999999597,"failureMessages":[],"meta":{},"tags":[]},{"ancestorTitles":["FR-D: buildEnvAllowlist"],"fullName":"FR-D: buildEnvAllowlist TS-1d: throws on non-object parentEnv","status":"passed","title":"TS-1d: throws on non-object parentEnv","duration":1.4178999999999746,"failureMessages":[],"meta":{},"tags":[]},{"ancestorTitles":["FR-D: buildEnvAllowlist"],"fullName":"FR-D: buildEnvAllowlist TS-2: LEO_STAGE_QUALITY_SANDBOX_ENV_ALLOWLIST extends defaults","status":"passed","title":"TS-2: LEO_STAGE_QUALITY_SANDBOX_ENV_ALLOWLIST extends defaults","duration":1.5545000000000186,"failureMessages":[],"meta":{},"tags":[]},{"ancestorTitles":["FR-D: buildEnvAllowlist"],"fullName":"FR-D: buildEnvAllowlist TS-2b: empty/whitespace entries in env var are filtered","status":"passed","title":"TS-2b: empty/whitespace entries in env var are filtered","duration":1.4846999999999753,"failureMessages":[],"meta":{},"tags":[]},{"ancestorTitles":["FR-D: buildEnvAllowlist"],"fullName":"FR-D: buildEnvAllowlist DEFAULT_SANDBOX_ENV_ALLOWLIST is frozen and contains expected keys","status":"passed","title":"DEFAULT_SANDBOX_ENV_ALLOWLIST is frozen and contains expected keys","duration":1.8045000000000186,"failureMessages":[],"meta":{},"tags":[]},{"ancestorTitles":["FR-D: installArgsFor"],"fullName":"FR-D: installArgsFor TS-3: returns install + --ignore-scripts for npm/pnpm/yarn","status":"passed","title":"TS-3: returns install + --ignore-scripts for npm/pnpm/yarn","duration":1.039199999999994,"failureMessages":[],"meta":{},"tags":[]},{"ancestorTitles":["FR-D: installArgsFor"],"fullName":"FR-D: installArgsFor TS-3b: throws on unsupported package manager (bun is now supported)","status":"passed","title":"TS-3b: throws on unsupported package manager (bun is now supported)","duration":1.8833999999999946,"failureMessages":[],"meta":{},"tags":[]},{"ancestorTitles":["FR-D: installArgsFor"],"fullName":"FR-D: installArgsFor TS-3c: bun returns install + --ignore-scripts (FR-2)","status":"passed","title":"TS-3c: bun returns install + --ignore-scripts (FR-2)","duration":0.8596000000000004,"failureMessages":[],"meta":{},"tags":[]},{"ancestorTitles":["FR-D: createSandboxDir UUID uniqueness (TS-6)"],"fullName":"FR-D: createSandboxDir UUID uniqueness (TS-6) produces disjoint UUID subdirectories on rapid sequential calls","status":"passed","title":"produces disjoint UUID subdirectories on rapid sequential calls","duration":5.489299999999957,"failureMessages":[],"meta":{},"tags":[]},{"ancestorTitles":["FR-D: createSandboxDir UUID uniqueness (TS-6)"],"fullName":"FR-D: createSandboxDir UUID uniqueness (TS-6) TS-7: cleanup is idempotent (multiple calls do not throw)","status":"passed","title":"TS-7: cleanup is idempotent (multiple calls do not throw)","duration":1.896600000000035,"failureMessages":[],"meta":{},"tags":[]}],"startTime":1789320907792,"endTime":1789320907814.8965,"status":"passed","message":"","name":"C:/Users/rickf/Projects/_EHG/EHG_Engineer/.worktrees/SD-LEO-INFRA-VENTURE-QUALITY-CAPA-001-A/tests/unit/eva/quality-findings/sandbox-driver-hardening.test.js"},{"assertionResults":[{"ancestorTitles":["FR-2: detectPackageManager — lockfile → manager mapping"],"fullName":"FR-2: detectPackageManager — lockfile → manager mapping package-lock.json → npm","status":"passed","title":"package-lock.json → npm","duration":4.937000000000012,"failureMessages":[],"meta":{},"tags":[]},{"ancestorTitles":["FR-2: detectPackageManager — lockfile → manager mapping"],"fullName":"FR-2: detectPackageManager — lockfile → manager mapping npm-shrinkwrap.json → npm","status":"passed","title":"npm-shrinkwrap.json → npm","duration":2.339999999999975,"failureMessages":[],"meta":{},"tags":[]},{"ancestorTitles":["FR-2: detectPackageManager — lockfile → manager mapping"],"fullName":"FR-2: detectPackageManager — lockfile → manager mapping yarn.lock → yarn","status":"passed","title":"yarn.lock → yarn","duration":2.3566999999999894,"failureMessages":[],"meta":{},"tags":[]},{"ancestorTitles":["FR-2: detectPackageManager — lockfile → manager mapping"],"fullName":"FR-2: detectPackageManager — lockfile → manager mapping pnpm-lock.yaml → pnpm","status":"passed","title":"pnpm-lock.yaml → pnpm","duration":2.1771000000000527,"failureMessages":[],"meta":{},"tags":[]},{"ancestorTitles":["FR-2: detectPackageManager — lockfile → manager mapping"],"fullName":"FR-2: detectPackageManager — lockfile → manager mapping bun.lock → bun","status":"passed","title":"bun.lock → bun","duration":2.044900000000041,"failureMessages":[],"meta":{},"tags":[]},{"ancestorTitles":["FR-2: detectPackageManager — lockfile → manager mapping"],"fullName":"FR-2: detectPackageManager — lockfile → manager mapping bun.lockb (older binary lockfile) → bun","status":"passed","title":"bun.lockb (older binary lockfile) → bun","duration":2.141400000000033,"failureMessages":[],"meta":{},"tags":[]},{"ancestorTitles":["FR-2: detectPackageManager — lockfile → manager mapping"],"fullName":"FR-2: detectPackageManager — lockfile → manager mapping bunfig.toml → bun","status":"passed","title":"bunfig.toml → bun","duration":2.5176999999999907,"failureMessages":[],"meta":{},"tags":[]},{"ancestorTitles":["FR-2: detectPackageManager — lockfile → manager mapping"],"fullName":"FR-2: detectPackageManager — lockfile → manager mapping no lockfile → npm (safe default)","status":"passed","title":"no lockfile → npm (safe default)","duration":2.3693000000000097,"failureMessages":[],"meta":{},"tags":[]},{"ancestorTitles":["FR-2: detectPackageManager — lockfile → manager mapping"],"fullName":"FR-2: detectPackageManager — lockfile → manager mapping empty dir → npm (safe default)","status":"passed","title":"empty dir → npm (safe default)","duration":3.092800000000011,"failureMessages":[],"meta":{},"tags":[]},{"ancestorTitles":["FR-2: detectPackageManager — lockfile → manager mapping"],"fullName":"FR-2: detectPackageManager — lockfile → manager mapping a more-specific manager wins over a co-present package-lock.json","status":"passed","title":"a more-specific manager wins over a co-present package-lock.json","duration":2.7502999999999815,"failureMessages":[],"meta":{},"tags":[]},{"ancestorTitles":["FR-2: detectPackageManager — lockfile → manager mapping"],"fullName":"FR-2: detectPackageManager — lockfile → manager mapping returns npm for non-string / empty input (no throw)","status":"passed","title":"returns npm for non-string / empty input (no throw)","duration":1.2110000000000127,"failureMessages":[],"meta":{},"tags":[]},{"ancestorTitles":["FR-2: installArgsFor preserves --ignore-scripts for every manager (incl. bun)"],"fullName":"FR-2: installArgsFor preserves --ignore-scripts for every manager (incl. bun) npm/pnpm/yarn/bun all return install + --ignore-scripts","status":"passed","title":"npm/pnpm/yarn/bun all return install + --ignore-scripts","duration":2.4916000000000054,"failureMessages":[],"meta":{},"tags":[]},{"ancestorTitles":["FR-2: installArgsFor preserves --ignore-scripts for every manager (incl. bun)"],"fullName":"FR-2: installArgsFor preserves --ignore-scripts for every manager (incl. bun) still throws on a genuinely unsupported manager","status":"passed","title":"still throws on a genuinely unsupported manager","duration":1.709099999999978,"failureMessages":[],"meta":{},"tags":[]}],"startTime":1789320907404,"endTime":1789320907436.709,"status":"passed","message":"","name":"C:/Users/rickf/Projects/_EHG/EHG_Engineer/.worktrees/SD-LEO-INFRA-VENTURE-QUALITY-CAPA-001-A/tests/unit/eva/quality-findings/sandbox-driver-pm-detect.test.js"},{"assertionResults":[{"ancestorTitles":["REQUIRED_CAPABILITIES"],"fullName":"REQUIRED_CAPABILITIES declares node + git as required","status":"passed","title":"declares node + git as required","duration":3.3900999999999613,"failureMessages":[],"meta":{},"tags":[]},{"ancestorTitles":["detectCapabilities"],"fullName":"detectCapabilities returns versions when capabilities exist","status":"passed","title":"returns versions when capabilities exist","duration":92.0122,"failureMessages":[],"meta":{},"tags":[]},{"ancestorTitles":["createSandboxDir"],"fullName":"createSandboxDir creates a tmp dir under os.tmpdir","status":"passed","title":"creates a tmp dir under os.tmpdir","duration":2.3480999999999312,"failureMessages":[],"meta":{},"tags":[]},{"ancestorTitles":["createSandboxDir"],"fullName":"createSandboxDir cleanup is idempotent (safe to call twice)","status":"passed","title":"cleanup is idempotent (safe to call twice)","duration":1.9893000000000711,"failureMessages":[],"meta":{},"tags":[]},{"ancestorTitles":["createSandboxDir"],"fullName":"createSandboxDir uses configurable prefix","status":"passed","title":"uses configurable prefix","duration":1.6999000000000706,"failureMessages":[],"meta":{},"tags":[]},{"ancestorTitles":["cloneIntoSandbox"],"fullName":"cloneIntoSandbox copies file-tree using fs fallback when not a git repo","status":"passed","title":"copies file-tree using fs fallback when not a git repo","duration":7.536699999999996,"failureMessages":[],"meta":{},"tags":[]},{"ancestorTitles":["cloneIntoSandbox"],"fullName":"cloneIntoSandbox does not modify the source directory (read-only contract)","status":"passed","title":"does not modify the source directory (read-only contract)","duration":4.95270000000005,"failureMessages":[],"meta":{},"tags":[]},{"ancestorTitles":["runInSandbox"],"fullName":"runInSandbox runs a simple command and captures stdout + exit code","status":"passed","title":"runs a simple command and captures stdout + exit code","duration":1319.9962999999998,"failureMessages":[],"meta":{},"tags":[]},{"ancestorTitles":["runInSandbox"],"fullName":"runInSandbox cleanup runs even when command exits non-zero (try/finally guarantee)","status":"passed","title":"cleanup runs even when command exits non-zero (try/finally guarantee)","duration":636.8795,"failureMessages":[],"meta":{},"tags":[]},{"ancestorTitles":["runInSandbox"],"fullName":"runInSandbox throws on missing arguments","status":"passed","title":"throws on missing arguments","duration":1.6541000000001986,"failureMessages":[],"meta":{},"tags":[]}],"startTime":1789320907278,"endTime":1789320909350.654,"status":"passed","message":"","name":"C:/Users/rickf/Projects/_EHG/EHG_Engineer/.worktrees/SD-LEO-INFRA-VENTURE-QUALITY-CAPA-001-A/tests/unit/eva/quality-findings/sandbox-driver.test.js"},{"assertionResults":[{"ancestorTitles":["TIER_MAP"],"fullName":"TIER_MAP covers all 10 finding categories","status":"passed","title":"covers all 10 finding categories","duration":2.7935999999999694,"failureMessages":[],"meta":{},"tags":[]},{"ancestorTitles":["TIER_MAP"],"fullName":"TIER_MAP is frozen","status":"passed","title":"is frozen","duration":1.0454999999999472,"failureMessages":[],"meta":{},"tags":[]},{"ancestorTitles":["resolveTier"],"fullName":"resolveTier critical+secrets → Tier 3 (security keyword forces high tier)","status":"passed","title":"critical+secrets → Tier 3 (security keyword forces high tier)","duration":0.9128999999998086,"failureMessages":[],"meta":{},"tags":[]},{"ancestorTitles":["resolveTier"],"fullName":"resolveTier medium+lint → Tier 1 (auto-approve QF)","status":"passed","title":"medium+lint → Tier 1 (auto-approve QF)","duration":0.8062999999999647,"failureMessages":[],"meta":{},"tags":[]},{"ancestorTitles":["resolveTier"],"fullName":"resolveTier low+npm_audit → Tier 1","status":"passed","title":"low+npm_audit → Tier 1","duration":0.8061000000000149,"failureMessages":[],"meta":{},"tags":[]},{"ancestorTitles":["resolveTier"],"fullName":"resolveTier uat_signoff always ≥ Tier 2 (chairman-facing)","status":"passed","title":"uat_signoff always ≥ Tier 2 (chairman-facing)","duration":0.8413000000000466,"failureMessages":[],"meta":{},"tags":[]},{"ancestorTitles":["resolveTier"],"fullName":"resolveTier unknown category defaults to Tier 2","status":"passed","title":"unknown category defaults to Tier 2","duration":0.8430000000000746,"failureMessages":[],"meta":{},"tags":[]},{"ancestorTitles":["tierToSdType"],"fullName":"tierToSdType Tier 3 + security categories → security type","status":"passed","title":"Tier 3 + security categories → security type","duration":0.8188999999999851,"failureMessages":[],"meta":{},"tags":[]},{"ancestorTitles":["tierToSdType"],"fullName":"tierToSdType Tier 3 + test categories → bugfix","status":"passed","title":"Tier 3 + test categories → bugfix","duration":0.8429000000000997,"failureMessages":[],"meta":{},"tags":[]},{"ancestorTitles":["tierToSdType"],"fullName":"tierToSdType Tier 1/2 → fix","status":"passed","title":"Tier 1/2 → fix","duration":0.8505999999999858,"failureMessages":[],"meta":{},"tags":[]},{"ancestorTitles":["findExistingRemediation (idempotency check)"],"fullName":"findExistingRemediation (idempotency check) returns exists=true when finding_hash already linked to an SD","status":"passed","title":"returns exists=true when finding_hash already linked to an SD","duration":0.9178999999999178,"failureMessages":[],"meta":{},"tags":[]},{"ancestorTitles":["findExistingRemediation (idempotency check)"],"fullName":"findExistingRemediation (idempotency check) returns exists=false when finding_hash is novel","status":"passed","title":"returns exists=false when finding_hash is novel","duration":0.8535999999999149,"failureMessages":[],"meta":{},"tags":[]},{"ancestorTitles":["findExistingRemediation (idempotency check)"],"fullName":"findExistingRemediation (idempotency check) rejects missing args","status":"passed","title":"rejects missing args","duration":1.8871999999998934,"failureMessages":[],"meta":{},"tags":[]},{"ancestorTitles":["buildCreateSdArgs"],"fullName":"buildCreateSdArgs builds args + metadata for a valid finding","status":"passed","title":"builds args + metadata for a valid finding","duration":1.1829000000000178,"failureMessages":[],"meta":{},"tags":[]},{"ancestorTitles":["buildCreateSdArgs"],"fullName":"buildCreateSdArgs routes critical+secrets to Tier 3 + security type","status":"passed","title":"routes critical+secrets to Tier 3 + security type","duration":0.8642999999999574,"failureMessages":[],"meta":{},"tags":[]},{"ancestorTitles":["buildCreateSdArgs"],"fullName":"buildCreateSdArgs rejects invalid finding shape","status":"passed","title":"rejects invalid finding shape","duration":0.8975000000000364,"failureMessages":[],"meta":{},"tags":[]},{"ancestorTitles":["generateRemediationSD (dryRun)"],"fullName":"generateRemediationSD (dryRun) skips creation if existing remediation found (idempotency)","status":"passed","title":"skips creation if existing remediation found (idempotency)","duration":0.9972000000000207,"failureMessages":[],"meta":{},"tags":[]},{"ancestorTitles":["generateRemediationSD (dryRun)"],"fullName":"generateRemediationSD (dryRun) returns dry-run result without spawning leo-create-sd.js","status":"passed","title":"returns dry-run result without spawning leo-create-sd.js","duration":0.8768999999999778,"failureMessages":[],"meta":{},"tags":[]},{"ancestorTitles":["generateBatch"],"fullName":"generateBatch aggregates created + skipped + errors per finding","status":"passed","title":"aggregates created + skipped + errors per finding","duration":1.0058999999998832,"failureMessages":[],"meta":{},"tags":[]},{"ancestorTitles":["generateBatch"],"fullName":"generateBatch handles empty findings array","status":"passed","title":"handles empty findings array","duration":1.2036000000000513,"failureMessages":[],"meta":{},"tags":[]},{"ancestorTitles":["isInformationalSkippedFinding (SD-REFILL-00OFH2SF)"],"fullName":"isInformationalSkippedFinding (SD-REFILL-00OFH2SF) excludes a SKIPPED check (the real bun-audit case)","status":"passed","title":"excludes a SKIPPED check (the real bun-audit case)","duration":1.0718999999999141,"failureMessages":[],"meta":{},"tags":[]},{"ancestorTitles":["isInformationalSkippedFinding (SD-REFILL-00OFH2SF)"],"fullName":"isInformationalSkippedFinding (SD-REFILL-00OFH2SF) matches the \"not available\" marker in legacy_title alone","status":"passed","title":"matches the \"not available\" marker in legacy_title alone","duration":1.0335999999999785,"failureMessages":[],"meta":{},"tags":[]},{"ancestorTitles":["isInformationalSkippedFinding (SD-REFILL-00OFH2SF)"],"fullName":"isInformationalSkippedFinding (SD-REFILL-00OFH2SF) KEEPS a real medium vulnerability finding (no informational markers)","status":"passed","title":"KEEPS a real medium vulnerability finding (no informational markers)","duration":0.9567999999999302,"failureMessages":[],"meta":{},"tags":[]},{"ancestorTitles":["isInformationalSkippedFinding (SD-REFILL-00OFH2SF)"],"fullName":"isInformationalSkippedFinding (SD-REFILL-00OFH2SF) is total / fail-safe: missing or odd evidence_pointer is NOT informational (never over-excludes)","status":"passed","title":"is total / fail-safe: missing or odd evidence_pointer is NOT informational (never over-excludes)","duration":0.9275000000000091,"failureMessages":[],"meta":{},"tags":[]},{"ancestorTitles":["isInformationalSkippedFinding (SD-REFILL-00OFH2SF)"],"fullName":"isInformationalSkippedFinding (SD-REFILL-00OFH2SF) excludes the lint \"could not run / deps unavailable\" skip","status":"passed","title":"excludes the lint \"could not run / deps unavailable\" skip","duration":0.8251000000000204,"failureMessages":[],"meta":{},"tags":[]},{"ancestorTitles":["isInformationalSkippedFinding (SD-REFILL-00OFH2SF)"],"fullName":"isInformationalSkippedFinding (SD-REFILL-00OFH2SF) KEEPS real findings that merely mention skipped/not-available","status":"passed","title":"KEEPS real findings that merely mention skipped/not-available","duration":1.1890000000000782,"failureMessages":[],"meta":{},"tags":[]}],"startTime":1789320907764,"endTime":1789320907792.189,"status":"passed","message":"","name":"C:/Users/rickf/Projects/_EHG/EHG_Engineer/.worktrees/SD-LEO-INFRA-VENTURE-QUALITY-CAPA-001-A/tests/unit/eva/quality-findings/sd-generator.test.js"},{"assertionResults":[{"ancestorTitles":["FR-E FR-1 — FINDING_CATEGORIES enum extension"],"fullName":"FR-E FR-1 — FINDING_CATEGORIES enum extension FINDING_CATEGORIES has 17 entries (12 after FR-E, +3 experience categories from SD-LEO-FEAT-STAGE-EXPERIENCE-DESIGN-001, +2 baseline categories from SD-LEO-INFRA-VENTURE-QUALITY-CAPA-001-A)","status":"passed","title":"FINDING_CATEGORIES has 17 entries (12 after FR-E, +3 experience categories from SD-LEO-FEAT-STAGE-EXPERIENCE-DESIGN-001, +2 baseline categories from SD-LEO-INFRA-VENTURE-QUALITY-CAPA-001-A)","duration":3.0855000000000246,"failureMessages":[],"meta":{},"tags":[]},{"ancestorTitles":["FR-E FR-1 — FINDING_CATEGORIES enum extension"],"fullName":"FR-E FR-1 — FINDING_CATEGORIES enum extension FINDING_CATEGORIES includes feedback_widget_present and error_capture_wired","status":"passed","title":"FINDING_CATEGORIES includes feedback_widget_present and error_capture_wired","duration":2.0873000000000275,"failureMessages":[],"meta":{},"tags":[]},{"ancestorTitles":["FR-E FR-1 — FINDING_CATEGORIES enum extension"],"fullName":"FR-E FR-1 — FINDING_CATEGORIES enum extension all 10 prior categories remain present (additive change)","status":"passed","title":"all 10 prior categories remain present (additive change)","duration":1.7825000000000273,"failureMessages":[],"meta":{},"tags":[]},{"ancestorTitles":["FR-E FR-1 — FINDING_CATEGORIES enum extension"],"fullName":"FR-E FR-1 — FINDING_CATEGORIES enum extension validateFindingShape accepts the two new categories","status":"passed","title":"validateFindingShape accepts the two new categories","duration":1.2395999999999958,"failureMessages":[],"meta":{},"tags":[]},{"ancestorTitles":["FR-E FR-2 — TIER_MAP for the two new categories"],"fullName":"FR-E FR-2 — TIER_MAP for the two new categories feedback_widget_present routes critical → Tier 3 and medium → Tier 2","status":"passed","title":"feedback_widget_present routes critical → Tier 3 and medium → Tier 2","duration":1.2474999999999454,"failureMessages":[],"meta":{},"tags":[]},{"ancestorTitles":["FR-E FR-2 — TIER_MAP for the two new categories"],"fullName":"FR-E FR-2 — TIER_MAP for the two new categories error_capture_wired routes critical → Tier 3 and medium → Tier 2","status":"passed","title":"error_capture_wired routes critical → Tier 3 and medium → Tier 2","duration":1.150299999999902,"failureMessages":[],"meta":{},"tags":[]},{"ancestorTitles":["FR-E FR-2 — TIER_MAP for the two new categories"],"fullName":"FR-E FR-2 — TIER_MAP for the two new categories TIER_MAP rows for both new categories follow the chairman-visible policy","status":"passed","title":"TIER_MAP rows for both new categories follow the chairman-visible policy","duration":1.7205999999999904,"failureMessages":[],"meta":{},"tags":[]},{"ancestorTitles":["FR-E FR-3 — VENDOR_SIGNATURES registry shape invariants"],"fullName":"FR-E FR-3 — VENDOR_SIGNATURES registry shape invariants VENDOR_SIGNATURES is a non-empty frozen array","status":"passed","title":"VENDOR_SIGNATURES is a non-empty frozen array","duration":1.231800000000021,"failureMessages":[],"meta":{},"tags":[]},{"ancestorTitles":["FR-E FR-3 — VENDOR_SIGNATURES registry shape invariants"],"fullName":"FR-E FR-3 — VENDOR_SIGNATURES registry shape invariants every entry has all six required fields non-null","status":"passed","title":"every entry has all six required fields non-null","duration":1.9447000000000116,"failureMessages":[],"meta":{},"tags":[]},{"ancestorTitles":["FR-E FR-3 — VENDOR_SIGNATURES registry shape invariants"],"fullName":"FR-E FR-3 — VENDOR_SIGNATURES registry shape invariants every entry.category is in FINDING_CATEGORIES","status":"passed","title":"every entry.category is in FINDING_CATEGORIES","duration":1.5091999999999643,"failureMessages":[],"meta":{},"tags":[]},{"ancestorTitles":["FR-E FR-3 — VENDOR_SIGNATURES registry shape invariants"],"fullName":"FR-E FR-3 — VENDOR_SIGNATURES registry shape invariants every entry.detection_kind is one of {package, env, file_pattern}","status":"passed","title":"every entry.detection_kind is one of {package, env, file_pattern}","duration":1.3147000000000162,"failureMessages":[],"meta":{},"tags":[]},{"ancestorTitles":["FR-E FR-3 — VENDOR_SIGNATURES registry shape invariants"],"fullName":"FR-E FR-3 — VENDOR_SIGNATURES registry shape invariants coverage: ≥4 vendors per category","status":"passed","title":"coverage: ≥4 vendors per category","duration":1.2427999999999884,"failureMessages":[],"meta":{},"tags":[]},{"ancestorTitles":["FR-E FR-3 — VENDOR_SIGNATURES registry shape invariants"],"fullName":"FR-E FR-3 — VENDOR_SIGNATURES registry shape invariants all entry IDs are unique","status":"passed","title":"all entry IDs are unique","duration":1.0562999999999647,"failureMessages":[],"meta":{},"tags":[]},{"ancestorTitles":["FR-E FR-4 — detectFeedbackWidgetPresent"],"fullName":"FR-E FR-4 — detectFeedbackWidgetPresent positive: LogRocket package match","status":"passed","title":"positive: LogRocket package match","duration":1.290899999999965,"failureMessages":[],"meta":{},"tags":[]},{"ancestorTitles":["FR-E FR-4 — detectFeedbackWidgetPresent"],"fullName":"FR-E FR-4 — detectFeedbackWidgetPresent positive: Sentry feedback widget match in devDependencies","status":"passed","title":"positive: Sentry feedback widget match in devDependencies","duration":1.0874000000000024,"failureMessages":[],"meta":{},"tags":[]},{"ancestorTitles":["FR-E FR-4 — detectFeedbackWidgetPresent"],"fullName":"FR-E FR-4 — detectFeedbackWidgetPresent positive: file_pattern signal — LogRocket.init( in source","status":"passed","title":"positive: file_pattern signal — LogRocket.init( in source","duration":1.1060999999999694,"failureMessages":[],"meta":{},"tags":[]},{"ancestorTitles":["FR-E FR-4 — detectFeedbackWidgetPresent"],"fullName":"FR-E FR-4 — detectFeedbackWidgetPresent negative absence: empty ctx → critical-severity FAIL","status":"passed","title":"negative absence: empty ctx → critical-severity FAIL","duration":1.1640999999999622,"failureMessages":[],"meta":{},"tags":[]},{"ancestorTitles":["FR-E FR-4 — detectFeedbackWidgetPresent"],"fullName":"FR-E FR-4 — detectFeedbackWidgetPresent negative: unrelated package does not trigger","status":"passed","title":"negative: unrelated package does not trigger","duration":1.09800000000007,"failureMessages":[],"meta":{},"tags":[]},{"ancestorTitles":["FR-E FR-4 — detectErrorCaptureWired"],"fullName":"FR-E FR-4 — detectErrorCaptureWired positive: @sentry/react package match","status":"passed","title":"positive: @sentry/react package match","duration":1.1272000000000162,"failureMessages":[],"meta":{},"tags":[]},{"ancestorTitles":["FR-E FR-4 — detectErrorCaptureWired"],"fullName":"FR-E FR-4 — detectErrorCaptureWired positive: Sentry.init file_pattern match","status":"passed","title":"positive: Sentry.init file_pattern match","duration":1.1067999999999074,"failureMessages":[],"meta":{},"tags":[]},{"ancestorTitles":["FR-E FR-4 — detectErrorCaptureWired"],"fullName":"FR-E FR-4 — detectErrorCaptureWired positive: Datadog browser RUM package match","status":"passed","title":"positive: Datadog browser RUM package match","duration":1.0393000000000256,"failureMessages":[],"meta":{},"tags":[]},{"ancestorTitles":["FR-E FR-4 — detectErrorCaptureWired"],"fullName":"FR-E FR-4 — detectErrorCaptureWired negative absence: empty ctx → critical-severity FAIL","status":"passed","title":"negative absence: empty ctx → critical-severity FAIL","duration":1.110900000000015,"failureMessages":[],"meta":{},"tags":[]},{"ancestorTitles":["FR-E FR-4 — detectErrorCaptureWired"],"fullName":"FR-E FR-4 — detectErrorCaptureWired negative: unrelated package does not trigger","status":"passed","title":"negative: unrelated package does not trigger","duration":1.0552000000000135,"failureMessages":[],"meta":{},"tags":[]},{"ancestorTitles":["FR-E FR-4 — purity"],"fullName":"FR-E FR-4 — purity detectors do not mutate ctx","status":"passed","title":"detectors do not mutate ctx","duration":1.1023000000000138,"failureMessages":[],"meta":{},"tags":[]}],"startTime":1789320907830,"endTime":1789320907864.1023,"status":"passed","message":"","name":"C:/Users/rickf/Projects/_EHG/EHG_Engineer/.worktrees/SD-LEO-INFRA-VENTURE-QUALITY-CAPA-001-A/tests/unit/eva/quality-findings/vision-detectors.test.js"},{"assertionResults":[{"ancestorTitles":["writeFinding"],"fullName":"writeFinding upserts a valid finding","status":"passed","title":"upserts a valid finding","duration":3.275099999999952,"failureMessages":[],"meta":{},"tags":[]},{"ancestorTitles":["writeFinding"],"fullName":"writeFinding idempotent — same finding written twice yields same id","status":"passed","title":"idempotent — same finding written twice yields same id","duration":1.0108999999999924,"failureMessages":[],"meta":{},"tags":[]},{"ancestorTitles":["writeFinding"],"fullName":"writeFinding rejects invalid finding (missing venture_id)","status":"passed","title":"rejects invalid finding (missing venture_id)","duration":1.6654999999999518,"failureMessages":[],"meta":{},"tags":[]},{"ancestorTitles":["writeFinding"],"fullName":"writeFinding rejects unknown finding_category","status":"passed","title":"rejects unknown finding_category","duration":0.8973999999999478,"failureMessages":[],"meta":{},"tags":[]},{"ancestorTitles":["writeFinding"],"fullName":"writeFinding rejects unknown severity","status":"passed","title":"rejects unknown severity","duration":0.8675000000000637,"failureMessages":[],"meta":{},"tags":[]},{"ancestorTitles":["writeFinding"],"fullName":"writeFinding forwards evidence_pointer to upsert payload","status":"passed","title":"forwards evidence_pointer to upsert payload","duration":1.0907000000000835,"failureMessages":[],"meta":{},"tags":[]},{"ancestorTitles":["writeFindingsBatch"],"fullName":"writeFindingsBatch auto-computes finding_hash from finding_signature when missing","status":"passed","title":"auto-computes finding_hash from finding_signature when missing","duration":465.74739999999997,"failureMessages":[],"meta":{},"tags":[]},{"ancestorTitles":["writeFindingsBatch"],"fullName":"writeFindingsBatch captures errors per-finding without aborting batch","status":"passed","title":"captures errors per-finding without aborting batch","duration":1.2103000000001884,"failureMessages":[],"meta":{},"tags":[]},{"ancestorTitles":["writeFindingsBatch"],"fullName":"writeFindingsBatch handles empty array","status":"passed","title":"handles empty array","duration":0.8958000000000084,"failureMessages":[],"meta":{},"tags":[]},{"ancestorTitles":["resolveFinding"],"fullName":"resolveFinding marks finding as resolved","status":"passed","title":"marks finding as resolved","duration":1.7269999999998618,"failureMessages":[],"meta":{},"tags":[]},{"ancestorTitles":["resolveFinding"],"fullName":"resolveFinding throws on missing arguments","status":"passed","title":"throws on missing arguments","duration":1.0712000000000899,"failureMessages":[],"meta":{},"tags":[]}],"startTime":1789320907287,"endTime":1789320907767.0713,"status":"passed","message":"","name":"C:/Users/rickf/Projects/_EHG/EHG_Engineer/.worktrees/SD-LEO-INFRA-VENTURE-QUALITY-CAPA-001-A/tests/unit/eva/quality-findings/writer.test.js"},{"assertionResults":[{"ancestorTitles":["classifyPrelaunchNoDataReason (FR-004 null-safe + idempotency)"],"fullName":"classifyPrelaunchNoDataReason (FR-004 null-safe + idempotency) returns already_generated when a current playbook exists (idempotency)","status":"passed","title":"returns already_generated when a current playbook exists (idempotency)","duration":2.499400000000037,"failureMessages":[],"meta":{},"tags":[]},{"ancestorTitles":["classifyPrelaunchNoDataReason (FR-004 null-safe + idempotency)"],"fullName":"classifyPrelaunchNoDataReason (FR-004 null-safe + idempotency) returns missing_prelaunch_upstream when neither GTM nor persona present","status":"passed","title":"returns missing_prelaunch_upstream when neither GTM nor persona present","duration":1.0108999999999924,"failureMessages":[],"meta":{},"tags":[]},{"ancestorTitles":["classifyPrelaunchNoDataReason (FR-004 null-safe + idempotency)"],"fullName":"classifyPrelaunchNoDataReason (FR-004 null-safe + idempotency) returns null (OK to proceed) when GTM is present","status":"passed","title":"returns null (OK to proceed) when GTM is present","duration":0.9429999999999836,"failureMessages":[],"meta":{},"tags":[]},{"ancestorTitles":["splitGrowthArtifacts"],"fullName":"splitGrowthArtifacts emits the canonical pair payloads tagged pre_launch","status":"passed","title":"emits the canonical pair payloads tagged pre_launch","duration":1.298599999999965,"failureMessages":[],"meta":{},"tags":[]},{"ancestorTitles":["runPrelaunchGrowthCoOutput (FR-004)"],"fullName":"runPrelaunchGrowthCoOutput (FR-004) SKIPS idempotently when a current growth_playbook already exists","status":"passed","title":"SKIPS idempotently when a current growth_playbook already exists","duration":1.3920999999999708,"failureMessages":[],"meta":{},"tags":[]},{"ancestorTitles":["runPrelaunchGrowthCoOutput (FR-004)"],"fullName":"runPrelaunchGrowthCoOutput (FR-004) SKIPS null-safe when pre-launch upstream is missing (no fabrication)","status":"passed","title":"SKIPS null-safe when pre-launch upstream is missing (no fabrication)","duration":1.0118999999999687,"failureMessages":[],"meta":{},"tags":[]},{"ancestorTitles":["runPrelaunchGrowthCoOutput (FR-004)"],"fullName":"runPrelaunchGrowthCoOutput (FR-004) persists the growth_playbook + growth_optimization_roadmap pair on the happy path","status":"passed","title":"persists the growth_playbook + growth_optimization_roadmap pair on the happy path","duration":3.880899999999997,"failureMessages":[],"meta":{},"tags":[]},{"ancestorTitles":["runPrelaunchGrowthCoOutput (FR-004)"],"fullName":"runPrelaunchGrowthCoOutput (FR-004) never throws even when Supabase access throws (fail-safe: no duplicate, graceful status)","status":"passed","title":"never throws even when Supabase access throws (fail-safe: no duplicate, graceful status)","duration":1.3549000000000433,"failureMessages":[],"meta":{},"tags":[]},{"ancestorTitles":["runPrelaunchGrowthCoOutput (FR-004)"],"fullName":"runPrelaunchGrowthCoOutput (FR-004) emits at the pre-launch stage (21), not the terminal stage 26","status":"passed","title":"emits at the pre-launch stage (21), not the terminal stage 26","duration":0.8856999999999857,"failureMessages":[],"meta":{},"tags":[]},{"ancestorTitles":["runPrelaunchGrowthCoOutput (FR-004)"],"fullName":"runPrelaunchGrowthCoOutput (FR-004) does NOT insert when the mark-stale UPDATE fails (no duplicate is_current row)","status":"passed","title":"does NOT insert when the mark-stale UPDATE fails (no duplicate is_current row)","duration":1.4024,"failureMessages":[],"meta":{},"tags":[]}],"startTime":1789320907837,"endTime":1789320907853.4023,"status":"passed","message":"","name":"C:/Users/rickf/Projects/_EHG/EHG_Engineer/.worktrees/SD-LEO-INFRA-VENTURE-QUALITY-CAPA-001-A/tests/unit/eva/stage-templates/analysis-steps/prelaunch-growth-playbook.test.js"},{"assertionResults":[{"ancestorTitles":["PERSONAS"],"fullName":"PERSONAS has exactly 7 personas","status":"passed","title":"has exactly 7 personas","duration":3.013500000000022,"failureMessages":[],"meta":{},"tags":[]},{"ancestorTitles":["PERSONAS"],"fullName":"PERSONAS each persona has required fields","status":"passed","title":"each persona has required fields","duration":1.5016999999999712,"failureMessages":[],"meta":{},"tags":[]},{"ancestorTitles":["PERSONAS"],"fullName":"PERSONAS persona IDs are unique","status":"passed","title":"persona IDs are unique","duration":0.9765999999999622,"failureMessages":[],"meta":{},"tags":[]},{"ancestorTitles":["PERSONAS"],"fullName":"PERSONAS stage3Metric values are unique","status":"passed","title":"stage3Metric values are unique","duration":0.8222000000000094,"failureMessages":[],"meta":{},"tags":[]},{"ancestorTitles":["analyzeStage02"],"fullName":"analyzeStage02 throws when stage1Data is missing description","status":"passed","title":"throws when stage1Data is missing description","duration":2.0699000000000183,"failureMessages":[],"meta":{},"tags":[]},{"ancestorTitles":["analyzeStage02"],"fullName":"analyzeStage02 throws when stage1Data is null","status":"passed","title":"throws when stage1Data is null","duration":1.1280000000000427,"failureMessages":[],"meta":{},"tags":[]},{"ancestorTitles":["analyzeStage02"],"fullName":"analyzeStage02 runs all 7 personas and returns critiques with composite score","status":"passed","title":"runs all 7 personas and returns critiques with composite score","duration":1.9198999999999842,"failureMessages":[],"meta":{},"tags":[]},{"ancestorTitles":["analyzeStage02"],"fullName":"analyzeStage02 maps persona IDs correctly to critiques","status":"passed","title":"maps persona IDs correctly to critiques","duration":1.9307999999999765,"failureMessages":[],"meta":{},"tags":[]},{"ancestorTitles":["analyzeStage02"],"fullName":"analyzeStage02 clamps score above 100 to 100","status":"passed","title":"clamps score above 100 to 100","duration":1.197499999999991,"failureMessages":[],"meta":{},"tags":[]},{"ancestorTitles":["analyzeStage02"],"fullName":"analyzeStage02 clamps negative score to 0","status":"passed","title":"clamps negative score to 0","duration":1.1225000000000023,"failureMessages":[],"meta":{},"tags":[]},{"ancestorTitles":["analyzeStage02"],"fullName":"analyzeStage02 defaults non-numeric score to 50","status":"passed","title":"defaults non-numeric score to 50","duration":1.0285000000000082,"failureMessages":[],"meta":{},"tags":[]},{"ancestorTitles":["analyzeStage02"],"fullName":"analyzeStage02 normalizes non-array strengths to array","status":"passed","title":"normalizes non-array strengths to array","duration":0.9923000000000002,"failureMessages":[],"meta":{},"tags":[]},{"ancestorTitles":["analyzeStage02"],"fullName":"analyzeStage02 handles missing summary with fallback","status":"passed","title":"handles missing summary with fallback","duration":1.0936000000000377,"failureMessages":[],"meta":{},"tags":[]},{"ancestorTitles":["analyzeStage02"],"fullName":"analyzeStage02 passes venture name and stage1Data in prompt","status":"passed","title":"passes venture name and stage1Data in prompt","duration":1.0226000000000113,"failureMessages":[],"meta":{},"tags":[]}],"startTime":1789320908018,"endTime":1789320908038.0227,"status":"passed","message":"","name":"C:/Users/rickf/Projects/_EHG/EHG_Engineer/.worktrees/SD-LEO-INFRA-VENTURE-QUALITY-CAPA-001-A/tests/unit/eva/stage-templates/analysis-steps/stage-02-multi-persona.test.js"},{"assertionResults":[{"ancestorTitles":["analyzeStage03 - archetype/keyAssumptions prompt context (SD-LEARN-FIX-ADDRESS-PATTERN-LEARN-146)"],"fullName":"analyzeStage03 - archetype/keyAssumptions prompt context (SD-LEARN-FIX-ADDRESS-PATTERN-LEARN-146) includes stage1Data.archetype in the AI-scoring prompt when present","status":"passed","title":"includes stage1Data.archetype in the AI-scoring prompt when present","duration":3.532699999999977,"failureMessages":[],"meta":{},"tags":[]},{"ancestorTitles":["analyzeStage03 - archetype/keyAssumptions prompt context (SD-LEARN-FIX-ADDRESS-PATTERN-LEARN-146)"],"fullName":"analyzeStage03 - archetype/keyAssumptions prompt context (SD-LEARN-FIX-ADDRESS-PATTERN-LEARN-146) includes stage1Data.keyAssumptions in the AI-scoring prompt when present","status":"passed","title":"includes stage1Data.keyAssumptions in the AI-scoring prompt when present","duration":1.2098999999999478,"failureMessages":[],"meta":{},"tags":[]},{"ancestorTitles":["analyzeStage03 - archetype/keyAssumptions prompt context (SD-LEARN-FIX-ADDRESS-PATTERN-LEARN-146)"],"fullName":"analyzeStage03 - archetype/keyAssumptions prompt context (SD-LEARN-FIX-ADDRESS-PATTERN-LEARN-146) omits archetype/keyAssumptions lines gracefully when absent","status":"passed","title":"omits archetype/keyAssumptions lines gracefully when absent","duration":1.1435999999999922,"failureMessages":[],"meta":{},"tags":[]},{"ancestorTitles":["analyzeStage03 - archetype/keyAssumptions prompt context (SD-LEARN-FIX-ADDRESS-PATTERN-LEARN-146)"],"fullName":"analyzeStage03 - archetype/keyAssumptions prompt context (SD-LEARN-FIX-ADDRESS-PATTERN-LEARN-146) omits keyAssumptions line when the array is empty","status":"passed","title":"omits keyAssumptions line when the array is empty","duration":0.9765999999999622,"failureMessages":[],"meta":{},"tags":[]},{"ancestorTitles":["analyzeStage03 - archetype/keyAssumptions prompt context (SD-LEARN-FIX-ADDRESS-PATTERN-LEARN-146)"],"fullName":"analyzeStage03 - archetype/keyAssumptions prompt context (SD-LEARN-FIX-ADDRESS-PATTERN-LEARN-146) does not let archetype/keyAssumptions affect the deterministic+AI blended score computation","status":"passed","title":"does not let archetype/keyAssumptions affect the deterministic+AI blended score computation","duration":1.1937000000000353,"failureMessages":[],"meta":{},"tags":[]}],"startTime":1789320908542,"endTime":1789320908550.1936,"status":"passed","message":"","name":"C:/Users/rickf/Projects/_EHG/EHG_Engineer/.worktrees/SD-LEO-INFRA-VENTURE-QUALITY-CAPA-001-A/tests/unit/eva/stage-templates/analysis-steps/stage-03-hybrid-scoring.test.js"},{"assertionResults":[{"ancestorTitles":["MIN_COMPETITORS"],"fullName":"MIN_COMPETITORS is set to 3","status":"passed","title":"is set to 3","duration":2.3937000000000808,"failureMessages":[],"meta":{},"tags":[]},{"ancestorTitles":["analyzeStage04"],"fullName":"analyzeStage04 throws when stage1Data is missing description","status":"passed","title":"throws when stage1Data is missing description","duration":2.149099999999976,"failureMessages":[],"meta":{},"tags":[]},{"ancestorTitles":["analyzeStage04"],"fullName":"analyzeStage04 throws when fewer than MIN_COMPETITORS returned","status":"passed","title":"throws when fewer than MIN_COMPETITORS returned","duration":1.671699999999987,"failureMessages":[],"meta":{},"tags":[]},{"ancestorTitles":["analyzeStage04"],"fullName":"analyzeStage04 throws when competitors is not an array","status":"passed","title":"throws when competitors is not an array","duration":1.1096000000000004,"failureMessages":[],"meta":{},"tags":[]},{"ancestorTitles":["analyzeStage04"],"fullName":"analyzeStage04 returns competitors and stage5Handoff on valid response","status":"passed","title":"returns competitors and stage5Handoff on valid response","duration":1.654700000000048,"failureMessages":[],"meta":{},"tags":[]},{"ancestorTitles":["analyzeStage04"],"fullName":"analyzeStage04 normalizes invalid threat levels to M","status":"passed","title":"normalizes invalid threat levels to M","duration":1.9073999999999387,"failureMessages":[],"meta":{},"tags":[]},{"ancestorTitles":["analyzeStage04"],"fullName":"analyzeStage04 normalizes missing strengths/weaknesses to [N/A]","status":"passed","title":"normalizes missing strengths/weaknesses to [N/A]","duration":1.4254000000000815,"failureMessages":[],"meta":{},"tags":[]},{"ancestorTitles":["analyzeStage04"],"fullName":"analyzeStage04 normalizes missing SWOT fields","status":"passed","title":"normalizes missing SWOT fields","duration":1.3209000000000515,"failureMessages":[],"meta":{},"tags":[]},{"ancestorTitles":["analyzeStage04"],"fullName":"analyzeStage04 uses LLM-provided stage5Handoff when available","status":"passed","title":"uses LLM-provided stage5Handoff when available","duration":1.578300000000013,"failureMessages":[],"meta":{},"tags":[]},{"ancestorTitles":["analyzeStage04"],"fullName":"analyzeStage04 includes stage3Data in prompt when provided","status":"passed","title":"includes stage3Data in prompt when provided","duration":1.1405999999999494,"failureMessages":[],"meta":{},"tags":[]},{"ancestorTitles":["analyzeStage04"],"fullName":"analyzeStage04 handles missing competitor name with Unknown fallback","status":"passed","title":"handles missing competitor name with Unknown fallback","duration":0.9800000000000182,"failureMessages":[],"meta":{},"tags":[]},{"ancestorTitles":["analyzeStage04","web search integration"],"fullName":"analyzeStage04 web search integration does not call searchBatch when search is disabled","status":"passed","title":"does not call searchBatch when search is disabled","duration":1.0839999999999463,"failureMessages":[],"meta":{},"tags":[]},{"ancestorTitles":["analyzeStage04","web search integration"],"fullName":"analyzeStage04 web search integration calls searchBatch with competitive queries when search is enabled","status":"passed","title":"calls searchBatch with competitive queries when search is enabled","duration":2.857499999999959,"failureMessages":[],"meta":{},"tags":[]},{"ancestorTitles":["analyzeStage04","web search integration"],"fullName":"analyzeStage04 web search integration injects web context into LLM prompt when search is enabled","status":"passed","title":"injects web context into LLM prompt when search is enabled","duration":1.9085999999999785,"failureMessages":[],"meta":{},"tags":[]}],"startTime":1789320907591,"endTime":1789320907614.9087,"status":"passed","message":"","name":"C:/Users/rickf/Projects/_EHG/EHG_Engineer/.worktrees/SD-LEO-INFRA-VENTURE-QUALITY-CAPA-001-A/tests/unit/eva/stage-templates/analysis-steps/stage-04-competitive-landscape.test.js"},{"assertionResults":[{"ancestorTitles":["Constants"],"fullName":"Constants ROI_THRESHOLD is 0.25 (25%)","status":"passed","title":"ROI_THRESHOLD is 0.25 (25%)","duration":3.578399999999988,"failureMessages":[],"meta":{},"tags":[]},{"ancestorTitles":["Constants"],"fullName":"Constants MAX_PAYBACK_MONTHS is 24","status":"passed","title":"MAX_PAYBACK_MONTHS is 24","duration":1.6013000000000375,"failureMessages":[],"meta":{},"tags":[]},{"ancestorTitles":["analyzeStage05"],"fullName":"analyzeStage05 throws when stage1Data is missing description","status":"passed","title":"throws when stage1Data is missing description","duration":3.455699999999979,"failureMessages":[],"meta":{},"tags":[]},{"ancestorTitles":["analyzeStage05"],"fullName":"analyzeStage05 returns pass decision when ROI exceeds threshold","status":"passed","title":"returns pass decision when ROI exceeds threshold","duration":50.011100000000056,"failureMessages":[],"meta":{},"tags":[]},{"ancestorTitles":["analyzeStage05"],"fullName":"analyzeStage05 returns kill decision when ROI is below threshold","status":"passed","title":"returns kill decision when ROI is below threshold","duration":2.1282999999
[...]
:["TS-3/FR-5: binding gate — missing thesis blocks with a recorded chairman decision"],"fullName":"TS-3/FR-5: binding gate — missing thesis blocks with a recorded chairman decision blocks with demand_thesis_invalid when the thesis has no CHANNEL claim","status":"passed","title":"blocks with demand_thesis_invalid when the thesis has no CHANNEL claim","duration":2.3310999999998785,"failureMessages":[],"meta":{},"tags":[]},{"ancestorTitles":["TS-3/FR-5: binding gate — missing thesis blocks with a recorded chairman decision"],"fullName":"TS-3/FR-5: binding gate — missing thesis blocks with a recorded chairman decision blocks with no_joinable_channels when every channel fails the persona JOIN (all COHERENCE_JOIN_GAP)","status":"passed","title":"blocks with no_joinable_channels when every channel fails the persona JOIN (all COHERENCE_JOIN_GAP)","duration":3.720299999999952,"failureMessages":[],"meta":{},"tags":[]},{"ancestorTitles":["TS-3/FR-5: binding gate — missing thesis blocks with a recorded chairman decision"],"fullName":"TS-3/FR-5: binding gate — missing thesis blocks with a recorded chairman decision blocks with all_experiments_invalid when generation yields zero valid experiments","status":"passed","title":"blocks with all_experiments_invalid when generation yields zero valid experiments","duration":9.014099999999871,"failureMessages":[],"meta":{},"tags":[]},{"ancestorTitles":["TS-3/FR-5: binding gate — missing thesis blocks with a recorded chairman decision"],"fullName":"TS-3/FR-5: binding gate — missing thesis blocks with a recorded chairman decision returns a graceful non-persisting block without supabase (no throw)","status":"passed","title":"returns a graceful non-persisting block without supabase (no throw)","duration":1.5994999999998072,"failureMessages":[],"meta":{},"tags":[]},{"ancestorTitles":["TS-6/FR-5b: block-decision dedup"],"fullName":"TS-6/FR-5b: block-decision dedup reuses an existing PENDING distribution_block decision instead of inserting a duplicate","status":"passed","title":"reuses an existing PENDING distribution_block decision instead of inserting a duplicate","duration":1.5103999999998905,"failureMessages":[],"meta":{},"tags":[]},{"ancestorTitles":["TS-5/TS-6/FR-7: the ONLY skip path is an APPROVED chairman decision"],"fullName":"TS-5/TS-6/FR-7: the ONLY skip path is an APPROVED chairman decision honors an approved skip via BUILD_DEVIATION_RECORD rows for BOTH canonical types","status":"passed","title":"honors an approved skip via BUILD_DEVIATION_RECORD rows for BOTH canonical types","duration":3.130100000000084,"failureMessages":[],"meta":{},"tags":[]},{"ancestorTitles":["TS-5/TS-6/FR-7: the ONLY skip path is an APPROVED chairman decision"],"fullName":"TS-5/TS-6/FR-7: the ONLY skip path is an APPROVED chairman decision is idempotent on re-run: existing chairman deviation records for this decision are reused, not duplicated","status":"passed","title":"is idempotent on re-run: existing chairman deviation records for this decision are reused, not duplicated","duration":1.7586999999998625,"failureMessages":[],"meta":{},"tags":[]},{"ancestorTitles":["TS-5/TS-6/FR-7: the ONLY skip path is an APPROVED chairman decision"],"fullName":"TS-5/TS-6/FR-7: the ONLY skip path is an APPROVED chairman decision does NOT honor a PENDING (unapproved) skip decision — the block path fires instead","status":"passed","title":"does NOT honor a PENDING (unapproved) skip decision — the block path fires instead","duration":1.9553000000000793,"failureMessages":[],"meta":{},"tags":[]},{"ancestorTitles":["TS-7/TR-4: LLM failure → recorded block, never a fabricated fallback portfolio"],"fullName":"TS-7/TR-4: LLM failure → recorded block, never a fabricated fallback portfolio retries once, then blocks with generation_failed and persists NO portfolio","status":"passed","title":"retries once, then blocks with generation_failed and persists NO portfolio","duration":2.7100000000000364,"failureMessages":[],"meta":{},"tags":[]},{"ancestorTitles":["module invariants (FR-1/FR-5 acceptance)"],"fullName":"module invariants (FR-1/FR-5 acceptance) emits zero _skip:true anywhere in the module CODE (the silent-skip path is gone)","status":"passed","title":"emits zero _skip:true anywhere in the module CODE (the silent-skip path is gone)","duration":1.5697999999999865,"failureMessages":[],"meta":{},"tags":[]},{"ancestorTitles":["module invariants (FR-1/FR-5 acceptance)"],"fullName":"module invariants (FR-1/FR-5 acceptance) contains no fixed channel-universe validator or fallback (fixed six removed)","status":"passed","title":"contains no fixed channel-universe validator or fallback (fixed six removed)","duration":1.328800000000001,"failureMessages":[],"meta":{},"tags":[]}],"startTime":1789320908390,"endTime":1789320908484.3289,"status":"passed","message":"","name":"C:/Users/rickf/Projects/_EHG/EHG_Engineer/.worktrees/SD-LEO-INFRA-VENTURE-QUALITY-CAPA-001-A/tests/unit/eva/stage-templates/analysis-steps/stage-22-distribution-setup.test.js"},{"assertionResults":[{"ancestorTitles":["analyzeStage23DedicatedVentureUat"],"fullName":"analyzeStage23DedicatedVentureUat calls checkUatRobustnessGate with fromStage=23 and passes the venture/supabase through","status":"passed","title":"calls checkUatRobustnessGate with fromStage=23 and passes the venture/supabase through","duration":4.077299999999923,"failureMessages":[],"meta":{},"tags":[]},{"ancestorTitles":["analyzeStage23DedicatedVentureUat"],"fullName":"analyzeStage23DedicatedVentureUat wraps the gate result in a LAUNCH_UAT_REPORT artifact","status":"passed","title":"wraps the gate result in a LAUNCH_UAT_REPORT artifact","duration":2.403799999999933,"failureMessages":[],"meta":{},"tags":[]},{"ancestorTitles":["analyzeStage23DedicatedVentureUat"],"fullName":"analyzeStage23DedicatedVentureUat accepts an injected logger without throwing","status":"passed","title":"accepts an injected logger without throwing","duration":1.7562000000000353,"failureMessages":[],"meta":{},"tags":[]},{"ancestorTitles":["analyzeStage23DedicatedVentureUat FR-2: legal-doc-producer wiring"],"fullName":"analyzeStage23DedicatedVentureUat FR-2: legal-doc-producer wiring a fixture venture run through this stage produces real legal documents (terms_of_service, privacy_policy) without any manual script invocation","status":"passed","title":"a fixture venture run through this stage produces real legal documents (terms_of_service, privacy_policy) without any manual script invocation","duration":2.826400000000035,"failureMessages":[],"meta":{},"tags":[]},{"ancestorTitles":["analyzeStage23DedicatedVentureUat FR-2: legal-doc-producer wiring"],"fullName":"analyzeStage23DedicatedVentureUat FR-2: legal-doc-producer wiring does not alter the UAT gate verdict when legal docs are generated","status":"passed","title":"does not alter the UAT gate verdict when legal docs are generated","duration":1.751299999999901,"failureMessages":[],"meta":{},"tags":[]},{"ancestorTitles":["analyzeStage23DedicatedVentureUat FR-2: legal-doc-producer wiring"],"fullName":"analyzeStage23DedicatedVentureUat FR-2: legal-doc-producer wiring catches an unexpected throw from generateLegalDocsForVenture without breaking the UAT result","status":"passed","title":"catches an unexpected throw from generateLegalDocsForVenture without breaking the UAT result","duration":1.7522000000000162,"failureMessages":[],"meta":{},"tags":[]}],"startTime":1789320908406,"endTime":1789320908420.7522,"status":"passed","message":"","name":"C:/Users/rickf/Projects/_EHG/EHG_Engineer/.worktrees/SD-LEO-INFRA-VENTURE-QUALITY-CAPA-001-A/tests/unit/eva/stage-templates/analysis-steps/stage-23-dedicated-venture-uat.test.js"},{"assertionResults":[{"ancestorTitles":["readGrowthPlaybookRequiredFlag"],"fullName":"readGrowthPlaybookRequiredFlag defaults OFF when no supabase","status":"passed","title":"defaults OFF when no supabase","duration":3.441599999999994,"failureMessages":[],"meta":{},"tags":[]},{"ancestorTitles":["readGrowthPlaybookRequiredFlag"],"fullName":"readGrowthPlaybookRequiredFlag defaults OFF when the flag row is absent","status":"passed","title":"defaults OFF when the flag row is absent","duration":2.13900000000001,"failureMessages":[],"meta":{},"tags":[]},{"ancestorTitles":["FR-006 golden: default-OFF parity"],"fullName":"FR-006 golden: default-OFF parity flag OFF keeps verdict READY, REQUIRED set baseline-identical, and growth cats ABSENT","status":"passed","title":"flag OFF keeps verdict READY, REQUIRED set baseline-identical, and growth cats ABSENT","duration":4.525800000000004,"failureMessages":[],"meta":{},"tags":[]},{"ancestorTitles":["FR-006 golden: default-OFF parity"],"fullName":"FR-006 golden: default-OFF parity default-OFF readiness_pct denominator is the baseline (6), not inflated by growth categories","status":"passed","title":"default-OFF readiness_pct denominator is the baseline (6), not inflated by growth categories","duration":3.0780999999999494,"failureMessages":[],"meta":{},"tags":[]},{"ancestorTitles":["FR-006 golden: default-OFF parity"],"fullName":"FR-006 golden: default-OFF parity deploy-order safety: flag OFF + no pre-launch playbook still yields READY (in-flight not blocked)","status":"passed","title":"deploy-order safety: flag OFF + no pre-launch playbook still yields READY (in-flight not blocked)","duration":1.4003999999999905,"failureMessages":[],"meta":{},"tags":[]},{"ancestorTitles":["FR-005 flag-ON enforcement"],"fullName":"FR-005 flag-ON enforcement flag ON + playbook present => growth_playbook REQUIRED & passing, verdict READY","status":"passed","title":"flag ON + playbook present => growth_playbook REQUIRED & passing, verdict READY","duration":1.4649999999999181,"failureMessages":[],"meta":{},"tags":[]},{"ancestorTitles":["FR-005 flag-ON enforcement"],"fullName":"FR-005 flag-ON enforcement flag ON + playbook ABSENT => growth_playbook REQUIRED & pending, verdict NOT_READY","status":"passed","title":"flag ON + playbook ABSENT => growth_playbook REQUIRED & pending, verdict NOT_READY","duration":1.3374000000000024,"failureMessages":[],"meta":{},"tags":[]}],"startTime":1789320908397,"endTime":1789320908415.3374,"status":"passed","message":"","name":"C:/Users/rickf/Projects/_EHG/EHG_Engineer/.worktrees/SD-LEO-INFRA-VENTURE-QUALITY-CAPA-001-A/tests/unit/eva/stage-templates/analysis-steps/stage-23-growth-categories.test.js"},{"assertionResults":[{"ancestorTitles":["stage-26-growth-playbook — FR-5 entry-precondition refusal"],"fullName":"stage-26-growth-playbook — FR-5 entry-precondition refusal emits SKIP missing_postlaunch_artifacts when postlaunchArtifacts is undefined","status":"passed","title":"emits SKIP missing_postlaunch_artifacts when postlaunchArtifacts is undefined","duration":171.98199999999997,"failureMessages":[],"meta":{},"tags":[]},{"ancestorTitles":["stage-26-growth-playbook — FR-5 entry-precondition refusal"],"fullName":"stage-26-growth-playbook — FR-5 entry-precondition refusal emits SKIP missing_postlaunch_artifacts when both is_current=true rows absent","status":"passed","title":"emits SKIP missing_postlaunch_artifacts when both is_current=true rows absent","duration":2.510099999999966,"failureMessages":[],"meta":{},"tags":[]},{"ancestorTitles":["stage-26-growth-playbook — FR-5 entry-precondition refusal"],"fullName":"stage-26-growth-playbook — FR-5 entry-precondition refusal PROCEEDS (no SKIP) when only one of the two postlaunch artifacts is present","status":"passed","title":"PROCEEDS (no SKIP) when only one of the two postlaunch artifacts is present","duration":2.685600000000022,"failureMessages":[],"meta":{},"tags":[]},{"ancestorTitles":["stage-26-growth-playbook — FR-4 idempotency"],"fullName":"stage-26-growth-playbook — FR-4 idempotency emits SKIP already_completed when ventureWorkflowStatus=completed (even with full inputs)","status":"passed","title":"emits SKIP already_completed when ventureWorkflowStatus=completed (even with full inputs)","duration":2.3979000000000497,"failureMessages":[],"meta":{},"tags":[]},{"ancestorTitles":["stage-26-growth-playbook — FR-4 idempotency"],"fullName":"stage-26-growth-playbook — FR-4 idempotency classifyNoDataReason short-circuits on workflow_status=completed before reading artifacts","status":"passed","title":"classifyNoDataReason short-circuits on workflow_status=completed before reading artifacts","duration":1.4756999999999607,"failureMessages":[],"meta":{},"tags":[]},{"ancestorTitles":["stage-26-growth-playbook — FR-4 idempotency"],"fullName":"stage-26-growth-playbook — FR-4 idempotency POSTLAUNCH_ARTIFACT_KEYS is the canonical 2-item required set","status":"passed","title":"POSTLAUNCH_ARTIFACT_KEYS is the canonical 2-item required set","duration":1.6767999999999574,"failureMessages":[],"meta":{},"tags":[]},{"ancestorTitles":["stage-26-growth-playbook — happy path with lifecycle_terminal hint (FR-4)"],"fullName":"stage-26-growth-playbook — happy path with lifecycle_terminal hint (FR-4) returns playbook + lifecycle_terminal=request when LLM succeeds","status":"passed","title":"returns playbook + lifecycle_terminal=request when LLM succeeds","duration":1.8678999999999633,"failureMessages":[],"meta":{},"tags":[]},{"ancestorTitles":["stage-26-growth-playbook — happy path with lifecycle_terminal hint (FR-4)"],"fullName":"stage-26-growth-playbook — happy path with lifecycle_terminal hint (FR-4) returns fallback playbook + lifecycle_terminal=request when LLM throws","status":"passed","title":"returns fallback playbook + lifecycle_terminal=request when LLM throws","duration":2.104600000000005,"failureMessages":[],"meta":{},"tags":[]},{"ancestorTitles":["stage-26-growth-playbook — happy path with lifecycle_terminal hint (FR-4)"],"fullName":"stage-26-growth-playbook — happy path with lifecycle_terminal hint (FR-4) SKIP paths NEVER signal lifecycle_terminal=request (must be false)","status":"passed","title":"SKIP paths NEVER signal lifecycle_terminal=request (must be false)","duration":1.870900000000006,"failureMessages":[],"meta":{},"tags":[]},{"ancestorTitles":["stage-26-growth-playbook — exit-gate verifier dispatch (FR-6 indirect)"],"fullName":"stage-26-growth-playbook — exit-gate verifier dispatch (FR-6 indirect) produces artifact_type strings that match the gates.exit values populated by migration","status":"passed","title":"produces artifact_type strings that match the gates.exit values populated by migration","duration":1.7076000000000704,"failureMessages":[],"meta":{},"tags":[]}],"startTime":1789320907200,"endTime":1789320907390.7075,"status":"passed","message":"","name":"C:/Users/rickf/Projects/_EHG/EHG_Engineer/.worktrees/SD-LEO-INFRA-VENTURE-QUALITY-CAPA-001-A/tests/unit/eva/stage-templates/analysis-steps/stage-26-growth-playbook.test.js"},{"assertionResults":[{"ancestorTitles":["pre-launch analyzers use whole-stage REQUIRED_UPSTREAM param_keys (SD-FDBK-FIX-STAGE-LIKELY-SHARES-001)","Visual Assets (numeric stage 22, stage-21-visual-assets.js)"],"fullName":"pre-launch analyzers use whole-stage REQUIRED_UPSTREAM param_keys (SD-FDBK-FIX-STAGE-LIKELY-SHARES-001) Visual Assets (numeric stage 22, stage-21-visual-assets.js) declares at least one upstream requirement","status":"passed","title":"declares at least one upstream requirement","duration":2.9261999999999944,"failureMessages":[],"meta":{},"tags":[]},{"ancestorTitles":["pre-launch analyzers use whole-stage REQUIRED_UPSTREAM param_keys (SD-FDBK-FIX-STAGE-LIKELY-SHARES-001)","Visual Assets (numeric stage 22, stage-21-visual-assets.js)"],"fullName":"pre-launch analyzers use whole-stage REQUIRED_UPSTREAM param_keys (SD-FDBK-FIX-STAGE-LIKELY-SHARES-001) Visual Assets (numeric stage 22, stage-21-visual-assets.js) every param_key is a whole-stage `stage{N}Data` key (no granular keys that fetchUpstreamArtifacts never populates)","status":"passed","title":"every param_key is a whole-stage `stage{N}Data` key (no granular keys that fetchUpstreamArtifacts never populates)","duration":1.0965999999999667,"failureMessages":[],"meta":{},"tags":[]},{"ancestorTitles":["pre-launch analyzers use whole-stage REQUIRED_UPSTREAM param_keys (SD-FDBK-FIX-STAGE-LIKELY-SHARES-001)","Visual Assets (numeric stage 22, stage-21-visual-assets.js)"],"fullName":"pre-launch analyzers use whole-stage REQUIRED_UPSTREAM param_keys (SD-FDBK-FIX-STAGE-LIKELY-SHARES-001) Visual Assets (numeric stage 22, stage-21-visual-assets.js) each param_key stage number equals its source_stage (no producer/consumer drift)","status":"passed","title":"each param_key stage number equals its source_stage (no producer/consumer drift)","duration":0.9429000000000087,"failureMessages":[],"meta":{},"tags":[]},{"ancestorTitles":["pre-launch analyzers use whole-stage REQUIRED_UPSTREAM param_keys (SD-FDBK-FIX-STAGE-LIKELY-SHARES-001)","Visual Assets (numeric stage 22, stage-21-visual-assets.js)"],"fullName":"pre-launch analyzers use whole-stage REQUIRED_UPSTREAM param_keys (SD-FDBK-FIX-STAGE-LIKELY-SHARES-001) Visual Assets (numeric stage 22, stage-21-visual-assets.js) declares an artifact_type for every requirement","status":"passed","title":"declares an artifact_type for every requirement","duration":1.1303000000000338,"failureMessages":[],"meta":{},"tags":[]},{"ancestorTitles":["pre-launch analyzers use whole-stage REQUIRED_UPSTREAM param_keys (SD-FDBK-FIX-STAGE-LIKELY-SHARES-001)","Distribution Setup (numeric stage 21, stage-22-distribution-setup.js)"],"fullName":"pre-launch analyzers use whole-stage REQUIRED_UPSTREAM param_keys (SD-FDBK-FIX-STAGE-LIKELY-SHARES-001) Distribution Setup (numeric stage 21, stage-22-distribution-setup.js) declares at least one upstream requirement","status":"passed","title":"declares at least one upstream requirement","duration":0.91050000000007,"failureMessages":[],"meta":{},"tags":[]},{"ancestorTitles":["pre-launch analyzers use whole-stage REQUIRED_UPSTREAM param_keys (SD-FDBK-FIX-STAGE-LIKELY-SHARES-001)","Distribution Setup (numeric stage 21, stage-22-distribution-setup.js)"],"fullName":"pre-launch analyzers use whole-stage REQUIRED_UPSTREAM param_keys (SD-FDBK-FIX-STAGE-LIKELY-SHARES-001) Distribution Setup (numeric stage 21, stage-22-distribution-setup.js) every param_key is a whole-stage `stage{N}Data` key (no granular keys that fetchUpstreamArtifacts never populates)","status":"passed","title":"every param_key is a whole-stage `stage{N}Data` key (no granular keys that fetchUpstreamArtifacts never populates)","duration":0.8417000000000598,"failureMessages":[],"meta":{},"tags":[]},{"ancestorTitles":["pre-launch analyzers use whole-stage REQUIRED_UPSTREAM param_keys (SD-FDBK-FIX-STAGE-LIKELY-SHARES-001)","Distribution Setup (numeric stage 21, stage-22-distribution-setup.js)"],"fullName":"pre-launch analyzers use whole-stage REQUIRED_UPSTREAM param_keys (SD-FDBK-FIX-STAGE-LIKELY-SHARES-001) Distribution Setup (numeric stage 21, stage-22-distribution-setup.js) each param_key stage number equals its source_stage (no producer/consumer drift)","status":"passed","title":"each param_key stage number equals its source_stage (no producer/consumer drift)","duration":1.6779000000000224,"failureMessages":[],"meta":{},"tags":[]},{"ancestorTitles":["pre-launch analyzers use whole-stage REQUIRED_UPSTREAM param_keys (SD-FDBK-FIX-STAGE-LIKELY-SHARES-001)","Distribution Setup (numeric stage 21, stage-22-distribution-setup.js)"],"fullName":"pre-launch analyzers use whole-stage REQUIRED_UPSTREAM param_keys (SD-FDBK-FIX-STAGE-LIKELY-SHARES-001) Distribution Setup (numeric stage 21, stage-22-distribution-setup.js) declares an artifact_type for every requirement","status":"passed","title":"declares an artifact_type for every requirement","duration":2.46670000000006,"failureMessages":[],"meta":{},"tags":[]}],"startTime":1789320908583,"endTime":1789320908595.4668,"status":"passed","message":"","name":"C:/Users/rickf/Projects/_EHG/EHG_Engineer/.worktrees/SD-LEO-INFRA-VENTURE-QUALITY-CAPA-001-A/tests/unit/eva/stage-templates/analysis-steps/stage-precondition-whole-stage-key-invariant.test.js"}]}