{"numTotalTestSuites":11,"numPassedTestSuites":11,"numFailedTestSuites":0,"numPendingTestSuites":0,"numTotalTests":38,"numPassedTests":38,"numFailedTests":0,"numPendingTests":0,"numTodoTests":0,"snapshot":{"added":0,"failure":false,"filesAdded":0,"filesRemoved":0,"filesRemovedList":[],"filesUnmatched":0,"filesUpdated":0,"matched":0,"total":0,"unchecked":0,"uncheckedKeysByFile":[],"unmatched":0,"updated":0,"didUpdate":false},"startTime":1788702515212,"success":true,"testResults":[{"assertionResults":[{"ancestorTitles":["GET /:id"],"fullName":"GET /:id returns 404 when the session does not exist","status":"passed","title":"returns 404 when the session does not exist","duration":2.365700000000004,"failureMessages":[],"meta":{},"tags":[]},{"ancestorTitles":["GET /:id"],"fullName":"GET /:id returns the view-model + paused + browserMcpEnabled for an existing session","status":"passed","title":"returns the view-model + paused + browserMcpEnabled for an existing session","duration":1.910599999999988,"failureMessages":[],"meta":{},"tags":[]},{"ancestorTitles":["GET /:id"],"fullName":"GET /:id SD-LEO-INFRA-LEO-APP-RENDERED-001-B TR-1: includes additive badge/model/effort/role/callsign fields","status":"passed","title":"SD-LEO-INFRA-LEO-APP-RENDERED-001-B TR-1: includes additive badge/model/effort/role/callsign fields","duration":0.6014000000000124,"failureMessages":[],"meta":{},"tags":[]},{"ancestorTitles":["GET /:id"],"fullName":"GET /:id SD-LEO-INFRA-LEO-APP-RENDERED-001-B TR-1: additive fields degrade to null/safe defaults when metadata is empty","status":"passed","title":"SD-LEO-INFRA-LEO-APP-RENDERED-001-B TR-1: additive fields degrade to null/safe defaults when metadata is empty","duration":0.5832000000000335,"failureMessages":[],"meta":{},"tags":[]},{"ancestorTitles":["GET /:id/browser-log"],"fullName":"GET /:id/browser-log FR-5: returns the take-over/hand-back audit trail for this session, newest first","status":"passed","title":"FR-5: returns the take-over/hand-back audit trail for this session, newest first","duration":0.65949999999998,"failureMessages":[],"meta":{},"tags":[]},{"ancestorTitles":["GET /:id/browser-log"],"fullName":"GET /:id/browser-log surfaces a query error as 500 rather than a false empty list","status":"passed","title":"surfaces a query error as 500 rather than a false empty list","duration":0.521000000000015,"failureMessages":[],"meta":{},"tags":[]},{"ancestorTitles":["POST /:id/open"],"fullName":"POST /:id/open TS-1: attach() ok:true is returned as the non-degraded ok state","status":"passed","title":"TS-1: attach() ok:true is returned as the non-degraded ok state","duration":0.6134000000000128,"failureMessages":[],"meta":{},"tags":[]},{"ancestorTitles":["POST /:id/open"],"fullName":"POST /:id/open TS-2: attach() ok:false reason=not_found returns a distinct degraded state, not a generic failure","status":"passed","title":"TS-2: attach() ok:false reason=not_found returns a distinct degraded state, not a generic failure","duration":0.5228999999999928,"failureMessages":[],"meta":{},"tags":[]},{"ancestorTitles":["POST /:id/open"],"fullName":"POST /:id/open resolves the URL :id as a session_id (by=session_id), not a callsign","status":"passed","title":"resolves the URL :id as a session_id (by=session_id), not a callsign","duration":1.1511999999999603,"failureMessages":[],"meta":{},"tags":[]},{"ancestorTitles":["POST /:id/open"],"fullName":"POST /:id/open propagates a thrown error from attach() as 500","status":"passed","title":"propagates a thrown error from attach() as 500","duration":0.6269999999999527,"failureMessages":[],"meta":{},"tags":[]},{"ancestorTitles":["POST /:id/browser-session"],"fullName":"POST /:id/browser-session TS-3: gated off returns browser_mcp_disabled without exposing launchOptions","status":"passed","title":"TS-3: gated off returns browser_mcp_disabled without exposing launchOptions","duration":0.5710000000000264,"failureMessages":[],"meta":{},"tags":[]},{"ancestorTitles":["POST /:id/browser-session"],"fullName":"POST /:id/browser-session TS-4: gated on returns launchOptions verbatim","status":"passed","title":"TS-4: gated on returns launchOptions verbatim","duration":0.4966999999999757,"failureMessages":[],"meta":{},"tags":[]},{"ancestorTitles":["POST /:id/browser-session"],"fullName":"POST /:id/browser-session never forwards a client-supplied opts object (body) to requestBrowserSession (SECURITY review condition)","status":"passed","title":"never forwards a client-supplied opts object (body) to requestBrowserSession (SECURITY review condition)","duration":0.6879999999999882,"failureMessages":[],"meta":{},"tags":[]},{"ancestorTitles":["POST /:id/browser-session"],"fullName":"POST /:id/browser-session never forwards a client-supplied opts object (query string) to requestBrowserSession","status":"passed","title":"never forwards a client-supplied opts object (query string) to requestBrowserSession","duration":0.48399999999998045,"failureMessages":[],"meta":{},"tags":[]},{"ancestorTitles":["POST /:id/takeover"],"fullName":"POST /:id/takeover TS-5: propagates a signalTakeover persistence failure as 500, not a false ok:true","status":"passed","title":"TS-5: propagates a signalTakeover persistence failure as 500, not a false ok:true","duration":0.5731000000000108,"failureMessages":[],"meta":{},"tags":[]},{"ancestorTitles":["POST /:id/takeover"],"fullName":"POST /:id/takeover returns paused:true on success","status":"passed","title":"returns paused:true on success","duration":0.47069999999996526,"failureMessages":[],"meta":{},"tags":[]},{"ancestorTitles":["POST /:id/takeover"],"fullName":"POST /:id/takeover passes a valid string sdKey through to signalTakeover","status":"passed","title":"passes a valid string sdKey through to signalTakeover","duration":0.5511999999999944,"failureMessages":[],"meta":{},"tags":[]},{"ancestorTitles":["POST /:id/takeover"],"fullName":"POST /:id/takeover normalizes a malformed sdKey (object, oversized string) to null rather than passing it through","status":"passed","title":"normalizes a malformed sdKey (object, oversized string) to null rather than passing it through","duration":0.6139999999999759,"failureMessages":[],"meta":{},"tags":[]},{"ancestorTitles":["POST /:id/hand-back"],"fullName":"POST /:id/hand-back TS-7: clears pause state on success","status":"passed","title":"TS-7: clears pause state on success","duration":0.5600000000000023,"failureMessages":[],"meta":{},"tags":[]},{"ancestorTitles":["POST /:id/hand-back"],"fullName":"POST /:id/hand-back propagates a signalHandBack persistence failure as 500","status":"passed","title":"propagates a signalHandBack persistence failure as 500","duration":0.4964999999999691,"failureMessages":[],"meta":{},"tags":[]},{"ancestorTitles":["TS-6: per-session-fresh-fetch discipline"],"fullName":"TS-6: per-session-fresh-fetch discipline two sequential GET /:id calls observe a mutation made between them (no stale-read/caching)","status":"passed","title":"two sequential GET /:id calls observe a mutation made between them (no stale-read/caching)","duration":0.5756000000000085,"failureMessages":[],"meta":{},"tags":[]}],"startTime":1788702515991,"endTime":1788702516007.5757,"status":"passed","message":"","name":"C:/Users/rickf/Projects/_EHG/EHG_Engineer/.worktrees/SD-LEO-ORCH-MICHAEL-ROLE-FORMALIZATION-002-C/server/routes/fleet-sessions.test.js"},{"assertionResults":[{"ancestorTitles":["requireAdminRole"],"fullName":"requireAdminRole allows when req.isAdmin=true (internal API key path)","status":"passed","title":"allows when req.isAdmin=true (internal API key path)","duration":2.6929999999999836,"failureMessages":[],"meta":{},"tags":[]},{"ancestorTitles":["requireAdminRole"],"fullName":"requireAdminRole REFUSES a principal whose chairman role appears only in user_metadata (self-promotion)","status":"passed","title":"REFUSES a principal whose chairman role appears only in user_metadata (self-promotion)","duration":2.189199999999971,"failureMessages":[],"meta":{},"tags":[]},{"ancestorTitles":["requireAdminRole"],"fullName":"requireAdminRole allows user with app_metadata.role=chairman (service-role-written, trusted)","status":"passed","title":"allows user with app_metadata.role=chairman (service-role-written, trusted)","duration":0.7519999999999527,"failureMessages":[],"meta":{},"tags":[]},{"ancestorTitles":["requireAdminRole"],"fullName":"requireAdminRole ignores user_metadata even when app_metadata carries a non-admin role","status":"passed","title":"ignores user_metadata even when app_metadata carries a non-admin role","duration":0.6847999999999956,"failureMessages":[],"meta":{},"tags":[]},{"ancestorTitles":["requireAdminRole"],"fullName":"requireAdminRole allows user with top-level role=system_admin_ops","status":"passed","title":"allows user with top-level role=system_admin_ops","duration":0.6542999999999779,"failureMessages":[],"meta":{},"tags":[]},{"ancestorTitles":["requireAdminRole"],"fullName":"requireAdminRole rejects user with role=viewer with 403 NOT_ADMIN","status":"passed","title":"rejects user with role=viewer with 403 NOT_ADMIN","duration":0.7889000000000124,"failureMessages":[],"meta":{},"tags":[]},{"ancestorTitles":["requireAdminRole"],"fullName":"requireAdminRole rejects user with no role field","status":"passed","title":"rejects user with no role field","duration":0.6278999999999542,"failureMessages":[],"meta":{},"tags":[]},{"ancestorTitles":["requireAdminRole"],"fullName":"requireAdminRole rejects null user (requireAuth should catch first, defensive)","status":"passed","title":"rejects null user (requireAuth should catch first, defensive)","duration":0.5865999999999758,"failureMessages":[],"meta":{},"tags":[]},{"ancestorTitles":["Router behavior"],"fullName":"Router behavior GET /violations returns empty data when table is empty","status":"passed","title":"GET /violations returns empty data when table is empty","duration":1.5092000000000212,"failureMessages":[],"meta":{},"tags":[]},{"ancestorTitles":["Router behavior"],"fullName":"Router behavior GET /violations with page=-1 returns 400 BAD_PAGE","status":"passed","title":"GET /violations with page=-1 returns 400 BAD_PAGE","duration":0.7355000000000018,"failureMessages":[],"meta":{},"tags":[]},{"ancestorTitles":["Router behavior"],"fullName":"Router behavior GET /violations caps pageSize at 100","status":"passed","title":"GET /violations caps pageSize at 100","duration":0.711400000000026,"failureMessages":[],"meta":{},"tags":[]},{"ancestorTitles":["Router behavior"],"fullName":"Router behavior GET /violations propagates Supabase errors as 500 QUERY_FAILED","status":"passed","title":"GET /violations propagates Supabase errors as 500 QUERY_FAILED","duration":0.6770000000000209,"failureMessages":[],"meta":{},"tags":[]},{"ancestorTitles":["Router behavior"],"fullName":"Router behavior GET /rules flags warn-severity rule with zero recent violations as promotion_eligible","status":"passed","title":"GET /rules flags warn-severity rule with zero recent violations as promotion_eligible","duration":5.686500000000024,"failureMessages":[],"meta":{},"tags":[]},{"ancestorTitles":["Router behavior"],"fullName":"Router behavior GET /rules sets promotion_eligible=false when fewer than 2 regen runs exist","status":"passed","title":"GET /rules sets promotion_eligible=false when fewer than 2 regen runs exist","duration":0.7239000000000146,"failureMessages":[],"meta":{},"tags":[]},{"ancestorTitles":["Router behavior"],"fullName":"Router behavior GET /runs filters to 30-day window via gte(started_at, since)","status":"passed","title":"GET /runs filters to 30-day window via gte(started_at, since)","duration":1.01400000000001,"failureMessages":[],"meta":{},"tags":[]},{"ancestorTitles":["Router behavior"],"fullName":"Router behavior GET /trend returns 7 daily buckets even when no violations exist","status":"passed","title":"GET /trend returns 7 daily buckets even when no violations exist","duration":1.425799999999981,"failureMessages":[],"meta":{},"tags":[]},{"ancestorTitles":["Router behavior"],"fullName":"Router behavior GET /trend buckets violations by severity and day","status":"passed","title":"GET /trend buckets violations by severity and day","duration":0.7958000000000425,"failureMessages":[],"meta":{},"tags":[]}],"startTime":1788702515981,"endTime":1788702516003.796,"status":"passed","message":"","name":"C:/Users/rickf/Projects/_EHG/EHG_Engineer/.worktrees/SD-LEO-ORCH-MICHAEL-ROLE-FORMALIZATION-002-C/server/routes/protocol-lint.test.js"}]}