{"numTotalTestSuites":18,"numPassedTestSuites":18,"numFailedTestSuites":0,"numPendingTestSuites":0,"numTotalTests":47,"numPassedTests":47,"numFailedTests":0,"numPendingTests":0,"numTodoTests":0,"snapshot":{"added":0,"failure":false,"filesAdded":0,"filesRemoved":0,"filesRemovedList":[],"filesUnmatched":0,"filesUpdated":0,"matched":0,"total":0,"unchecked":0,"uncheckedKeysByFile":[],"unmatched":0,"updated":0,"didUpdate":false},"startTime":1789252422734,"success":true,"testResults":[{"assertionResults":[{"ancestorTitles":["computeCoupledLifecycleState (registry.js updateFlag coupling)"],"fullName":"computeCoupledLifecycleState (registry.js updateFlag coupling) enabling from ANY state lands on lifecycle enabled","status":"passed","title":"enabling from ANY state lands on lifecycle enabled","duration":2.6522999999999683,"failureMessages":[],"meta":{},"tags":[]},{"ancestorTitles":["computeCoupledLifecycleState (registry.js updateFlag coupling)"],"fullName":"computeCoupledLifecycleState (registry.js updateFlag coupling) disabling an enabled flag moves it to disabled","status":"passed","title":"disabling an enabled flag moves it to disabled","duration":0.9904000000000224,"failureMessages":[],"meta":{},"tags":[]},{"ancestorTitles":["computeCoupledLifecycleState (registry.js updateFlag coupling)"],"fullName":"computeCoupledLifecycleState (registry.js updateFlag coupling) disabling preserves an already-non-enabled state (draft/disabled/expired/archived)","status":"passed","title":"disabling preserves an already-non-enabled state (draft/disabled/expired/archived)","duration":0.9386000000000081,"failureMessages":[],"meta":{},"tags":[]},{"ancestorTitles":["computeCoupledLifecycleState (registry.js updateFlag coupling)"],"fullName":"computeCoupledLifecycleState (registry.js updateFlag coupling) EVERY (isEnabled, fromState) combination satisfies the CHECK biconditional","status":"passed","title":"EVERY (isEnabled, fromState) combination satisfies the CHECK biconditional","duration":0.9886000000000195,"failureMessages":[],"meta":{},"tags":[]},{"ancestorTitles":["source pins — uncoupled is_enabled writes are gone"],"fullName":"source pins — uncoupled is_enabled writes are gone registry.js updateFlag co-sets lifecycle_state with isEnabled","status":"passed","title":"registry.js updateFlag co-sets lifecycle_state with isEnabled","duration":1.1353000000000293,"failureMessages":[],"meta":{},"tags":[]},{"ancestorTitles":["source pins — uncoupled is_enabled writes are gone"],"fullName":"source pins — uncoupled is_enabled writes are gone activate-rubric-v2 setFlagEnabled co-sets lifecycle_state","status":"passed","title":"activate-rubric-v2 setFlagEnabled co-sets lifecycle_state","duration":0.9918999999999869,"failureMessages":[],"meta":{},"tags":[]},{"ancestorTitles":["source pins — uncoupled is_enabled writes are gone"],"fullName":"source pins — uncoupled is_enabled writes are gone migration excludes row_version from the review-aware delta (firing-order independence)","status":"passed","title":"migration excludes row_version from the review-aware delta (firing-order independence)","duration":1.1146999999999707,"failureMessages":[],"meta":{},"tags":[]}],"startTime":1789252423766,"endTime":1789252423775.1147,"status":"passed","message":"","name":"C:/Users/rickf/Projects/_EHG/EHG_Engineer/.worktrees/SD-LEO-FIX-CHAIRMAN-APPROVED-ARMING-001/tests/unit/flag-lifecycle-coupling.test.js"},{"assertionResults":[{"ancestorTitles":["QF-20260705-395: --from-qf route honors --migration-reviewed"],"fullName":"QF-20260705-395: --from-qf route honors --migration-reviewed TS-1: the --from-qf CLI branch parses --migration-reviewed and passes migrationReviewed to createFromQF","status":"passed","title":"TS-1: the --from-qf CLI branch parses --migration-reviewed and passes migrationReviewed to createFromQF","duration":3.2006000000000085,"failureMessages":[],"meta":{},"tags":[]},{"ancestorTitles":["QF-20260705-395: --from-qf route honors --migration-reviewed"],"fullName":"QF-20260705-395: --from-qf route honors --migration-reviewed TS-2: createFromQF's metadata builder spreads migration_reviewed=true when opts.migrationReviewed is set","status":"passed","title":"TS-2: createFromQF's metadata builder spreads migration_reviewed=true when opts.migrationReviewed is set","duration":1.220499999999987,"failureMessages":[],"meta":{},"tags":[]}],"startTime":1789252423679,"endTime":1789252423683.2205,"status":"passed","message":"","name":"C:/Users/rickf/Projects/_EHG/EHG_Engineer/.worktrees/SD-LEO-FIX-CHAIRMAN-APPROVED-ARMING-001/tests/unit/leo-create-sd-from-qf-migration-reviewed.test.js"},{"assertionResults":[{"ancestorTitles":["resolveQfRoadmapLinkReason (QF-20260911-484)"],"fullName":"resolveQfRoadmapLinkReason (QF-20260911-484) a caller-supplied non-blank --roadmap-link-reason always wins over the QF default","status":"passed","title":"a caller-supplied non-blank --roadmap-link-reason always wins over the QF default","duration":2.5881999999999152,"failureMessages":[],"meta":{},"tags":[]},{"ancestorTitles":["resolveQfRoadmapLinkReason (QF-20260911-484)"],"fullName":"resolveQfRoadmapLinkReason (QF-20260911-484) a blank/whitespace-only --roadmap-link-reason is treated as omitted, not as a supplied reason","status":"passed","title":"a blank/whitespace-only --roadmap-link-reason is treated as omitted, not as a supplied reason","duration":1.0407999999999902,"failureMessages":[],"meta":{},"tags":[]},{"ancestorTitles":["resolveQfRoadmapLinkReason (QF-20260911-484)"],"fullName":"resolveQfRoadmapLinkReason (QF-20260911-484) omitted opts defaults to \"escalated from <QF-id>: <escalation_reason>\" using the QF's own tier-3 routing rationale","status":"passed","title":"omitted opts defaults to \"escalated from <QF-id>: <escalation_reason>\" using the QF's own tier-3 routing rationale","duration":0.926200000000108,"failureMessages":[],"meta":{},"tags":[]},{"ancestorTitles":["resolveQfRoadmapLinkReason (QF-20260911-484)"],"fullName":"resolveQfRoadmapLinkReason (QF-20260911-484) a QF with no opts argument at all still defaults (opts defaults to {})","status":"passed","title":"a QF with no opts argument at all still defaults (opts defaults to {})","duration":0.9009000000000924,"failureMessages":[],"meta":{},"tags":[]},{"ancestorTitles":["resolveQfRoadmapLinkReason (QF-20260911-484)"],"fullName":"resolveQfRoadmapLinkReason (QF-20260911-484) a QF with no escalation_reason (null/blank) still yields a non-empty default reason -- never unreasoned","status":"passed","title":"a QF with no escalation_reason (null/blank) still yields a non-empty default reason -- never unreasoned","duration":0.936200000000099,"failureMessages":[],"meta":{},"tags":[]},{"ancestorTitles":["resolveQfRoadmapLinkReason (QF-20260911-484)"],"fullName":"resolveQfRoadmapLinkReason (QF-20260911-484) the resolved value is always a non-empty, non-whitespace string (buildRoadmapLinkException's reason_supplied check would otherwise flip false)","status":"passed","title":"the resolved value is always a non-empty, non-whitespace string (buildRoadmapLinkException's reason_supplied check would otherwise flip false)","duration":1.1041000000000167,"failureMessages":[],"meta":{},"tags":[]}],"startTime":1789252424766,"endTime":1789252424773.104,"status":"passed","message":"","name":"C:/Users/rickf/Projects/_EHG/EHG_Engineer/.worktrees/SD-LEO-FIX-CHAIRMAN-APPROVED-ARMING-001/tests/unit/leo-create-sd-from-qf-roadmap-link-reason.test.js"},{"assertionResults":[{"ancestorTitles":["buildMeasuredSuccessCriteria (QF-20260902-866)"],"fullName":"buildMeasuredSuccessCriteria (QF-20260902-866) derives criteria from expected_behavior, actual_behavior, and steps_to_reproduce","status":"passed","title":"derives criteria from expected_behavior, actual_behavior, and steps_to_reproduce","duration":3.1462000000000216,"failureMessages":[],"meta":{},"tags":[]},{"ancestorTitles":["buildMeasuredSuccessCriteria (QF-20260902-866)"],"fullName":"buildMeasuredSuccessCriteria (QF-20260902-866) never returns the generic pipeline.js template (\"Code passes lint and type checks\", etc.)","status":"passed","title":"never returns the generic pipeline.js template (\"Code passes lint and type checks\", etc.)","duration":1.1731000000000336,"failureMessages":[],"meta":{},"tags":[]},{"ancestorTitles":["buildMeasuredSuccessCriteria (QF-20260902-866)"],"fullName":"buildMeasuredSuccessCriteria (QF-20260902-866) falls back to the QF title (its own content, not a generated template) when no behavior fields exist","status":"passed","title":"falls back to the QF title (its own content, not a generated template) when no behavior fields exist","duration":0.9100999999999999,"failureMessages":[],"meta":{},"tags":[]},{"ancestorTitles":["buildMeasuredSuccessCriteria (QF-20260902-866)"],"fullName":"buildMeasuredSuccessCriteria (QF-20260902-866) falls back to a generic phrase only when even the title is missing","status":"passed","title":"falls back to a generic phrase only when even the title is missing","duration":0.8102000000000089,"failureMessages":[],"meta":{},"tags":[]},{"ancestorTitles":["buildMeasuredSuccessCriteria (QF-20260902-866)"],"fullName":"buildMeasuredSuccessCriteria (QF-20260902-866) includes only the fields the QF actually measured (partial fixture)","status":"passed","title":"includes only the fields the QF actually measured (partial fixture)","duration":0.8455999999999904,"failureMessages":[],"meta":{},"tags":[]},{"ancestorTitles":["createFromQF carries the QF measured criteria verbatim into createSD (QF-20260902-866)"],"fullName":"createFromQF carries the QF measured criteria verbatim into createSD (QF-20260902-866) a QF with a measured premise yields success_criteria from that premise, not the generic template","status":"passed","title":"a QF with a measured premise yields success_criteria from that premise, not the generic template","duration":2.5985999999999763,"failureMessages":[],"meta":{},"tags":[]},{"ancestorTitles":["createFromQF carries the QF measured criteria verbatim into createSD (QF-20260902-866)"],"fullName":"createFromQF carries the QF measured criteria verbatim into createSD (QF-20260902-866) a QF with no behavior fields still carries its own title, never a fabricated template","status":"passed","title":"a QF with no behavior fields still carries its own title, never a fabricated template","duration":1.040200000000027,"failureMessages":[],"meta":{},"tags":[]}],"startTime":1789252423741,"endTime":1789252423752.0403,"status":"passed","message":"","name":"C:/Users/rickf/Projects/_EHG/EHG_Engineer/.worktrees/SD-LEO-FIX-CHAIRMAN-APPROVED-ARMING-001/tests/unit/leo-create-sd-from-qf-success-criteria.test.js"},{"assertionResults":[{"ancestorTitles":["resolveExplicitTargetApplication (FR-1)"],"fullName":"resolveExplicitTargetApplication (FR-1) TS-1: a venture-targeted QF spreads an explicit target_application","status":"passed","title":"TS-1: a venture-targeted QF spreads an explicit target_application","duration":2.7264000000000124,"failureMessages":[],"meta":{},"tags":[]},{"ancestorTitles":["resolveExplicitTargetApplication (FR-1)"],"fullName":"resolveExplicitTargetApplication (FR-1) TS-2: a platform-targeted QF (EHG_Engineer) spreads nothing -- call-argument proof, not resolved-output","status":"passed","title":"TS-2: a platform-targeted QF (EHG_Engineer) spreads nothing -- call-argument proof, not resolved-output","duration":1.026299999999992,"failureMessages":[],"meta":{},"tags":[]},{"ancestorTitles":["resolveExplicitTargetApplication (FR-1)"],"fullName":"resolveExplicitTargetApplication (FR-1) a platform-targeted QF (EHG) spreads nothing","status":"passed","title":"a platform-targeted QF (EHG) spreads nothing","duration":0.9048999999999978,"failureMessages":[],"meta":{},"tags":[]},{"ancestorTitles":["resolveExplicitTargetApplication (FR-1)"],"fullName":"resolveExplicitTargetApplication (FR-1) case-insensitive platform match (ehg_engineer) spreads nothing","status":"passed","title":"case-insensitive platform match (ehg_engineer) spreads nothing","duration":0.8622000000000298,"failureMessages":[],"meta":{},"tags":[]},{"ancestorTitles":["resolveExplicitTargetApplication (FR-1)"],"fullName":"resolveExplicitTargetApplication (FR-1) null/absent target_application spreads nothing (isVentureRepo(null) is false)","status":"passed","title":"null/absent target_application spreads nothing (isVentureRepo(null) is false)","duration":0.899599999999964,"failureMessages":[],"meta":{},"tags":[]}],"startTime":1789252424765,"endTime":1789252424771.8997,"status":"passed","message":"","name":"C:/Users/rickf/Projects/_EHG/EHG_Engineer/.worktrees/SD-LEO-FIX-CHAIRMAN-APPROVED-ARMING-001/tests/unit/leo-create-sd-from-qf-target-application.test.js"},{"assertionResults":[{"ancestorTitles":["FR-2: branch-continuity seed"],"fullName":"FR-2: branch-continuity seed TS-3: createFromQF seeds metadata.escalated_from_branch = qf/<qf-id>","status":"passed","title":"TS-3: createFromQF seeds metadata.escalated_from_branch = qf/<qf-id>","duration":4.751100000000008,"failureMessages":[],"meta":{},"tags":[]},{"ancestorTitles":["FR-1: born-claim via claim_sd"],"fullName":"FR-1: born-claim via claim_sd TS-1: born-claims the SD for a live session that still holds the QF","status":"passed","title":"TS-1: born-claims the SD for a live session that still holds the QF","duration":3.282600000000002,"failureMessages":[],"meta":{},"tags":[]},{"ancestorTitles":["FR-1: born-claim via claim_sd"],"fullName":"FR-1: born-claim via claim_sd TS-2a: no born-claim when the QF has no claiming session (unclaimed — no regression)","status":"passed","title":"TS-2a: no born-claim when the QF has no claiming session (unclaimed — no regression)","duration":1.2830000000000155,"failureMessages":[],"meta":{},"tags":[]},{"ancestorTitles":["FR-1: born-claim via claim_sd"],"fullName":"FR-1: born-claim via claim_sd TS-2b: no born-claim when the captured session is not live","status":"passed","title":"TS-2b: no born-claim when the captured session is not live","duration":0.9551999999999907,"failureMessages":[],"meta":{},"tags":[]},{"ancestorTitles":["FR-1: born-claim via claim_sd"],"fullName":"FR-1: born-claim via claim_sd TS-2c: no born-claim (no claim theft) when the live session has moved to other work","status":"passed","title":"TS-2c: no born-claim (no claim theft) when the live session has moved to other work","duration":0.9347000000000207,"failureMessages":[],"meta":{},"tags":[]},{"ancestorTitles":["Description/scope inheritance (QF-20260729-534 option C)"],"fullName":"Description/scope inheritance (QF-20260729-534 option C) prefers expected/actual behavior over the free-form description when both are present","status":"passed","title":"prefers expected/actual behavior over the free-form description when both are present","duration":1.3389999999999418,"failureMessages":[],"meta":{},"tags":[]},{"ancestorTitles":["Description/scope inheritance (QF-20260729-534 option C)"],"fullName":"Description/scope inheritance (QF-20260729-534 option C) falls back to the free-form description when expected/actual are both empty","status":"passed","title":"falls back to the free-form description when expected/actual are both empty","duration":0.8822000000000116,"failureMessages":[],"meta":{},"tags":[]},{"ancestorTitles":["Description/scope inheritance (QF-20260729-534 option C)"],"fullName":"Description/scope inheritance (QF-20260729-534 option C) falls back to the title when description and behavior fields are all empty","status":"passed","title":"falls back to the title when description and behavior fields are all empty","duration":0.9254999999999427,"failureMessages":[],"meta":{},"tags":[]},{"ancestorTitles":["Description/scope inheritance (QF-20260729-534 option C)"],"fullName":"Description/scope inheritance (QF-20260729-534 option C) truncates a description exceeding MAX_CONTENT_CHARS at the exact 8000-char boundary","status":"passed","title":"truncates a description exceeding MAX_CONTENT_CHARS at the exact 8000-char boundary","duration":2.074799999999982,"failureMessages":[],"meta":{},"tags":[]},{"ancestorTitles":["Description/scope inheritance (QF-20260729-534 option C)"],"fullName":"Description/scope inheritance (QF-20260729-534 option C) truncates an oversized behavior summary too -- the cap is not bypassed on the preferred path","status":"passed","title":"truncates an oversized behavior summary too -- the cap is not bypassed on the preferred path","duration":1.3858000000000175,"failureMessages":[],"meta":{},"tags":[]},{"ancestorTitles":["Description/scope inheritance (QF-20260729-534 option C)"],"fullName":"Description/scope inheritance (QF-20260729-534 option C) does not truncate a description within the cap","status":"passed","title":"does not truncate a description within the cap","duration":0.998299999999972,"failureMessages":[],"meta":{},"tags":[]},{"ancestorTitles":["Description/scope inheritance (QF-20260729-534 option C)"],"fullName":"Description/scope inheritance (QF-20260729-534 option C) does not truncate a description at exactly MAX_CONTENT_CHARS (boundary, not over it)","status":"passed","title":"does not truncate a description at exactly MAX_CONTENT_CHARS (boundary, not over it)","duration":0.9375999999999749,"failureMessages":[],"meta":{},"tags":[]},{"ancestorTitles":["Description/scope inheritance (QF-20260729-534 option C)","title truncation (varchar(500) protection)"],"fullName":"Description/scope inheritance (QF-20260729-534 option C) title truncation (varchar(500) protection) truncates a title exceeding MAX_TITLE_CHARS (440) with a marker, and preserves the full original in qf_origin_body","status":"passed","title":"truncates a title exceeding MAX_TITLE_CHARS (440) with a marker, and preserves the full original in qf_origin_body","duration":1.0709999999999127,"failureMessages":[],"meta":{},"tags":[]},{"ancestorTitles":["Description/scope inheritance (QF-20260729-534 option C)","title truncation (varchar(500) protection)"],"fullName":"Description/scope inheritance (QF-20260729-534 option C) title truncation (varchar(500) protection) does not truncate a title within the cap","status":"passed","title":"does not truncate a title within the cap","duration":0.814200000000028,"failureMessages":[],"meta":{},"tags":[]},{"ancestorTitles":["Description/scope inheritance (QF-20260729-534 option C)","title truncation (varchar(500) protection)"],"fullName":"Description/scope inheritance (QF-20260729-534 option C) title truncation (varchar(500) protection) does not truncate a title at exactly MAX_TITLE_CHARS (boundary, not over it)","status":"passed","title":"does not truncate a title at exactly MAX_TITLE_CHARS (boundary, not over it)","duration":0.9128000000000611,"failureMessages":[],"meta":{},"tags":[]},{"ancestorTitles":["Description/scope inheritance (QF-20260729-534 option C)","title truncation (varchar(500) protection)"],"fullName":"Description/scope inheritance (QF-20260729-534 option C) title truncation (varchar(500) protection) falls back to a generic label when the QF has no title at all","status":"passed","title":"falls back to a generic label when the QF has no title at all","duration":1.0168999999999642,"failureMessages":[],"meta":{},"tags":[]},{"ancestorTitles":["Description/scope inheritance (QF-20260729-534 option C)"],"fullName":"Description/scope inheritance (QF-20260729-534 option C) preserves the full, untruncated original in metadata.qf_origin_body regardless of length","status":"passed","title":"preserves the full, untruncated original in metadata.qf_origin_body regardless of length","duration":1.4624000000000024,"failureMessages":[],"meta":{},"tags":[]},{"ancestorTitles":["FR-3: resolveEscalatedBaseRef — local-ref base resolution"],"fullName":"FR-3: resolveEscalatedBaseRef — local-ref base resolution TS-4: returns the local QF ref when seeded and the branch exists","status":"passed","title":"TS-4: returns the local QF ref when seeded and the branch exists","duration":392.4202,"failureMessages":[],"meta":{},"tags":[]},{"ancestorTitles":["FR-3: resolveEscalatedBaseRef — local-ref base resolution"],"fullName":"FR-3: resolveEscalatedBaseRef — local-ref base resolution TS-5a: falls back (null) when seeded but the ref is absent locally","status":"passed","title":"TS-5a: falls back (null) when seeded but the ref is absent locally","duration":542.1178000000001,"failureMessages":[],"meta":{},"tags":[]},{"ancestorTitles":["FR-3: resolveEscalatedBaseRef — local-ref base resolution"],"fullName":"FR-3: resolveEscalatedBaseRef — local-ref base resolution TS-5b: falls back (null) when the SD carries no escalated_from_branch seed","status":"passed","title":"TS-5b: falls back (null) when the SD carries no escalated_from_branch seed","duration":261.80140000000006,"failureMessages":[],"meta":{},"tags":[]}],"startTime":1789252423916,"endTime":1789252425137.8015,"status":"passed","message":"","name":"C:/Users/rickf/Projects/_EHG/EHG_Engineer/.worktrees/SD-LEO-FIX-CHAIRMAN-APPROVED-ARMING-001/tests/unit/qf-escalation-continuity.test.js"}]}