{"numTotalTestSuites":47,"numPassedTestSuites":47,"numFailedTestSuites":0,"numPendingTestSuites":0,"numTotalTests":152,"numPassedTests":152,"numFailedTests":0,"numPendingTests":0,"numTodoTests":0,"snapshot":{"added":0,"failure":false,"filesAdded":0,"filesRemoved":0,"filesRemovedList":[],"filesUnmatched":0,"filesUpdated":0,"matched":0,"total":0,"unchecked":0,"uncheckedKeysByFile":[],"unmatched":0,"updated":0,"didUpdate":false},"startTime":1789162196965,"success":true,"testResults":[{"assertionResults":[{"ancestorTitles":[],"fullName":"SOURCING_FLAGS lists ONLY the flags something actually reads (FR-5)","status":"passed","title":"SOURCING_FLAGS lists ONLY the flags something actually reads (FR-5)","duration":3.0079999999999814,"failureMessages":[],"meta":{},"tags":[]},{"ancestorTitles":[],"fullName":"FR-5 TS-9 ENV-VAR-ALONE CONTROL — setting the retired flags changes NOTHING","status":"passed","title":"FR-5 TS-9 ENV-VAR-ALONE CONTROL — setting the retired flags changes NOTHING","duration":1.2816000000000258,"failureMessages":[],"meta":{},"tags":[]},{"ancestorTitles":[],"fullName":"FR-5: the retired flags are recorded, not silently dropped","status":"passed","title":"FR-5: the retired flags are recorded, not silently dropped","duration":0.8179000000000087,"failureMessages":[],"meta":{},"tags":[]},{"ancestorTitles":[],"fullName":"isSourcingFlagOn: on|1|true => true; everything else (incl. undefined) => false","status":"passed","title":"isSourcingFlagOn: on|1|true => true; everything else (incl. undefined) => false","duration":0.7995000000000232,"failureMessages":[],"meta":{},"tags":[]},{"ancestorTitles":[],"fullName":"readSourcingFlags reports per-flag state from env","status":"passed","title":"readSourcingFlags reports per-flag state from env","duration":0.726600000000019,"failureMessages":[],"meta":{},"tags":[]},{"ancestorTitles":[],"fullName":"summarizeUnpromotedByWave counts only null promoted_to_sd_key, grouped + ordered by wave rank","status":"passed","title":"summarizeUnpromotedByWave counts only null promoted_to_sd_key, grouped + ordered by wave rank","duration":0.8247000000000071,"failureMessages":[],"meta":{},"tags":[]},{"ancestorTitles":[],"fullName":"summarizeUnpromotedByWave: unknown wave id degrades to a labelled bucket, not a crash","status":"passed","title":"summarizeUnpromotedByWave: unknown wave id degrades to a labelled bucket, not a crash","duration":0.9493999999999687,"failureMessages":[],"meta":{},"tags":[]},{"ancestorTitles":[],"fullName":"summarizeBacklogDisposition computes pct and is divide-by-zero safe","status":"passed","title":"summarizeBacklogDisposition computes pct and is divide-by-zero safe","duration":0.9796999999999798,"failureMessages":[],"meta":{},"tags":[]},{"ancestorTitles":[],"fullName":"renderSourcingStateLines warns ALL OFF when no flag is on, and lists the SSOT layers","status":"passed","title":"renderSourcingStateLines warns ALL OFF when no flag is on, and lists the SSOT layers","duration":0.9943000000000097,"failureMessages":[],"meta":{},"tags":[]},{"ancestorTitles":[],"fullName":"renderSourcingStateLines does NOT warn ALL OFF when a flag is on","status":"passed","title":"renderSourcingStateLines does NOT warn ALL OFF when a flag is on","duration":0.9386000000000081,"failureMessages":[],"meta":{},"tags":[]},{"ancestorTitles":[],"fullName":"fetchSourcingState wires the injected client into the pure summaries","status":"passed","title":"fetchSourcingState wires the injected client into the pure summaries","duration":33.732399999999984,"failureMessages":[],"meta":{},"tags":[]},{"ancestorTitles":[],"fullName":"fetchSourcingState fail-open: no creds + no client => nulls (never throws)","status":"passed","title":"fetchSourcingState fail-open: no creds + no client => nulls (never throws)","duration":0.790300000000002,"failureMessages":[],"meta":{},"tags":[]},{"ancestorTitles":[],"fullName":"renderSourcingState is fail-open and always returns a string section","status":"passed","title":"renderSourcingState is fail-open and always returns a string section","duration":0.9070000000000391,"failureMessages":[],"meta":{},"tags":[]},{"ancestorTitles":[],"fullName":"C2: an UNREADABLE arm table must not render as \"off\" on the line labelled OPERATIVE","status":"passed","title":"C2: an UNREADABLE arm table must not render as \"off\" on the line labelled OPERATIVE","duration":1.0520999999999958,"failureMessages":[],"meta":{},"tags":[]},{"ancestorTitles":[],"fullName":"C4: a DB fault yields UNMEASURABLE per engine — never a silent NEVER RAN","status":"passed","title":"C4: a DB fault yields UNMEASURABLE per engine — never a silent NEVER RAN","duration":0.9690000000000509,"failureMessages":[],"meta":{},"tags":[]},{"ancestorTitles":[],"fullName":"C4: no credentials renders UNMEASURABLE, not NEVER RAN (the synthetic payload is load-bearing)","status":"passed","title":"C4: no credentials renders UNMEASURABLE, not NEVER RAN (the synthetic payload is load-bearing)","duration":0.7556000000000154,"failureMessages":[],"meta":{},"tags":[]},{"ancestorTitles":[],"fullName":"C4: the demand section is rendered by the composed path, not only by the pure renderer","status":"passed","title":"C4: the demand section is rendered by the composed path, not only by the pure renderer","duration":0.8589999999999804,"failureMessages":[],"meta":{},"tags":[]},{"ancestorTitles":[],"fullName":"TS-8: renderSourcingStateLines renders mocked mismatch data in its output","status":"passed","title":"TS-8: renderSourcingStateLines renders mocked mismatch data in its output","duration":0.7720999999999663,"failureMessages":[],"meta":{},"tags":[]},{"ancestorTitles":[],"fullName":"TS-8: an unresolved (unknown) mismatch entry is rendered distinctly, never as a silent match","status":"passed","title":"TS-8: an unresolved (unknown) mismatch entry is rendered distinctly, never as a silent match","duration":0.7882999999999925,"failureMessages":[],"meta":{},"tags":[]},{"ancestorTitles":[],"fullName":"mismatches: null (probe skipped/unreadable) renders nothing extra — distinct from \"checked, 0 found\"","status":"passed","title":"mismatches: null (probe skipped/unreadable) renders nothing extra — distinct from \"checked, 0 found\"","duration":0.6875,"failureMessages":[],"meta":{},"tags":[]},{"ancestorTitles":[],"fullName":"TS-8: fetchSourcingState -> renderSourcingState composition actually calls the diff (not a dead import)","status":"passed","title":"TS-8: fetchSourcingState -> renderSourcingState composition actually calls the diff (not a dead import)","duration":1.0848000000000297,"failureMessages":[],"meta":{},"tags":[]}],"startTime":1789162197786,"endTime":1789162197840.0847,"status":"passed","message":"","name":"C:/Users/rickf/Projects/_EHG/EHG_Engineer/.worktrees/SD-LEO-FIX-ADAM-DURABLE-DUTY-001/tests/unit/adam-sourcing-state-probe.test.js"},{"assertionResults":[{"ancestorTitles":["FR-3: DIRECTIVE_KINDS allowlist"],"fullName":"FR-3: DIRECTIVE_KINDS allowlist exports the exact frozen directive-kind list","status":"passed","title":"exports the exact frozen directive-kind list","duration":2.598700000000008,"failureMessages":[],"meta":{},"tags":[]},{"ancestorTitles":["FR-3: DIRECTIVE_KINDS allowlist"],"fullName":"FR-3: DIRECTIVE_KINDS allowlist SOURCE PIN: every consumer IMPORTS the list — never duplicates it","status":"passed","title":"SOURCE PIN: every consumer IMPORTS the list — never duplicates it","duration":2.451599999999985,"failureMessages":[],"meta":{},"tags":[]},{"ancestorTitles":["FR-3: DIRECTIVE_KINDS allowlist"],"fullName":"FR-3: DIRECTIVE_KINDS allowlist kinds × roles matrix: NO directive kind ever gets markAck from the poll classifier","status":"passed","title":"kinds × roles matrix: NO directive kind ever gets markAck from the poll classifier","duration":11.627700000000004,"failureMessages":[],"meta":{},"tags":[]},{"ancestorTitles":["FR-3: DIRECTIVE_KINDS allowlist"],"fullName":"FR-3: DIRECTIVE_KINDS allowlist directive kinds stamp delivered_at (transport receipt) for non-Adam sessions — read_at stays NULL, never markAck","status":"passed","title":"directive kinds stamp delivered_at (transport receipt) for non-Adam sessions — read_at stays NULL, never markAck","duration":1.0394999999999754,"failureMessages":[],"meta":{},"tags":[]},{"ancestorTitles":["FR-3: DIRECTIVE_KINDS allowlist"],"fullName":"FR-3: DIRECTIVE_KINDS allowlist roll_call keeps the legacy read+ack drain; plain coordinator INFO is now read-only (ack withheld for /checkin)","status":"passed","title":"roll_call keeps the legacy read+ack drain; plain coordinator INFO is now read-only (ack withheld for /checkin)","duration":0.9071999999999889,"failureMessages":[],"meta":{},"tags":[]},{"ancestorTitles":["FR-3: worker-checkin ackMessage Adam-role guard"],"fullName":"FR-3: worker-checkin ackMessage Adam-role guard adam role + directive kind → read_at ONLY (no acknowledged_at)","status":"passed","title":"adam role + directive kind → read_at ONLY (no acknowledged_at)","duration":1.5250999999999522,"failureMessages":[],"meta":{},"tags":[]},{"ancestorTitles":["FR-3: worker-checkin ackMessage Adam-role guard"],"fullName":"FR-3: worker-checkin ackMessage Adam-role guard adam role + WORK_ASSIGNMENT message_type (no payload.kind) → read_at ONLY","status":"passed","title":"adam role + WORK_ASSIGNMENT message_type (no payload.kind) → read_at ONLY","duration":0.8877999999999702,"failureMessages":[],"meta":{},"tags":[]},{"ancestorTitles":["FR-3: worker-checkin ackMessage Adam-role guard"],"fullName":"FR-3: worker-checkin ackMessage Adam-role guard worker (role null) genuine claim still stamps BOTH (legacy behavior)","status":"passed","title":"worker (role null) genuine claim still stamps BOTH (legacy behavior)","duration":0.7953000000000543,"failureMessages":[],"meta":{},"tags":[]},{"ancestorTitles":["FR-3: worker-checkin ackMessage Adam-role guard"],"fullName":"FR-3: worker-checkin ackMessage Adam-role guard adam role + NON-directive kind still stamps both","status":"passed","title":"adam role + NON-directive kind still stamps both","duration":0.7766999999999484,"failureMessages":[],"meta":{},"tags":[]},{"ancestorTitles":["FR-3: worker-checkin ackMessage Adam-role guard"],"fullName":"FR-3: worker-checkin ackMessage Adam-role guard no opts (legacy call shape) stamps both — backward compatible","status":"passed","title":"no opts (legacy call shape) stamps both — backward compatible","duration":0.8192999999999984,"failureMessages":[],"meta":{},"tags":[]},{"ancestorTitles":["FR-1: dual-key reply payload + forgiving await matcher"],"fullName":"FR-1: dual-key reply payload + forgiving await matcher buildReplyPayload echoes the correlation under BOTH reply_to and correlation_id","status":"passed","title":"buildReplyPayload echoes the correlation under BOTH reply_to and correlation_id","duration":1.0978000000000065,"failureMessages":[],"meta":{},"tags":[]},{"ancestorTitles":["FR-1: dual-key reply payload + forgiving await matcher"],"fullName":"FR-1: dual-key reply payload + forgiving await matcher awaitCoordinatorReply matches on EITHER reply_to OR correlation_id, kind-filtered","status":"passed","title":"awaitCoordinatorReply matches on EITHER reply_to OR correlation_id, kind-filtered","duration":1.047399999999982,"failureMessages":[],"meta":{},"tags":[]},{"ancestorTitles":["FR-1: dual-key reply payload + forgiving await matcher"],"fullName":"FR-1: dual-key reply payload + forgiving await matcher awaitCoordinatorReply times out cleanly when nothing matches","status":"passed","title":"awaitCoordinatorReply times out cleanly when nothing matches","duration":5.232200000000034,"failureMessages":[],"meta":{},"tags":[]},{"ancestorTitles":["FR-1: dual-key reply payload + forgiving await matcher"],"fullName":"FR-1: dual-key reply payload + forgiving await matcher request payload still carries correlation_id + expects_reply (unchanged contract)","status":"passed","title":"request payload still carries correlation_id + expects_reply (unchanged contract)","duration":0.8565000000000964,"failureMessages":[],"meta":{},"tags":[]},{"ancestorTitles":["FR-1: adam-advisory --reply-to echo"],"fullName":"FR-1: adam-advisory --reply-to echo buildAdvisoryPayload({replyTo}) echoes under BOTH keys, overriding the fresh correlation","status":"passed","title":"buildAdvisoryPayload({replyTo}) echoes under BOTH keys, overriding the fresh correlation","duration":0.8264000000000351,"failureMessages":[],"meta":{},"tags":[]},{"ancestorTitles":["FR-1: adam-advisory --reply-to echo"],"fullName":"FR-1: adam-advisory --reply-to echo without replyTo the payload is unchanged (fresh correlation, no reply_to)","status":"passed","title":"without replyTo the payload is unchanged (fresh correlation, no reply_to)","duration":0.6701000000000477,"failureMessages":[],"meta":{},"tags":[]},{"ancestorTitles":["FR-1: adam-advisory --reply-to echo"],"fullName":"FR-1: adam-advisory --reply-to echo resolveReplyToCorrelation: row id → echoes the ROW's correlation_id","status":"passed","title":"resolveReplyToCorrelation: row id → echoes the ROW's correlation_id","duration":0.8057000000000016,"failureMessages":[],"meta":{},"tags":[]},{"ancestorTitles":["FR-1: adam-advisory --reply-to echo"],"fullName":"FR-1: adam-advisory --reply-to echo resolveReplyToCorrelation: no matching row, value IS a UUID → treated as the bare correlation","status":"passed","title":"resolveReplyToCorrelation: no matching row, value IS a UUID → treated as the bare correlation","duration":0.9207999999999856,"failureMessages":[],"meta":{},"tags":[]},{"ancestorTitles":["FR-1: adam-advisory --reply-to echo"],"fullName":"FR-1: adam-advisory --reply-to echo resolveReplyToCorrelation: matching row WITHOUT correlation_id → throws REPLY_TO_NOT_REPLYABLE","status":"passed","title":"resolveReplyToCorrelation: matching row WITHOUT correlation_id → throws REPLY_TO_NOT_REPLYABLE","duration":1.4787999999999784,"failureMessages":[],"meta":{},"tags":[]},{"ancestorTitles":["FR-1: adam-advisory --reply-to echo"],"fullName":"FR-1: adam-advisory --reply-to echo resolveReplyToCorrelation: no matching row, value is NOT a UUID → throws REPLY_TO_UNRESOLVABLE","status":"passed","title":"resolveReplyToCorrelation: no matching row, value is NOT a UUID → throws REPLY_TO_UNRESOLVABLE","duration":0.8677000000000135,"failureMessages":[],"meta":{},"tags":[]},{"ancestorTitles":["FR-4: planDeadLetters (pure)"],"fullName":"FR-4: planDeadLetters (pure) eligible row (uuid target, gone, NULL expires) → dead-letter update, never a delete","status":"passed","title":"eligible row (uuid target, gone, NULL expires) → dead-letter update, never a delete","duration":0.9868000000000166,"failureMessages":[],"meta":{},"tags":[]},{"ancestorTitles":["FR-4: planDeadLetters (pure)"],"fullName":"FR-4: planDeadLetters (pure) SKIPS a promotion-marked row — it never stamps read_at, which would arm cleanup","status":"passed","title":"SKIPS a promotion-marked row — it never stamps read_at, which would arm cleanup","duration":0.7510999999999513,"failureMessages":[],"meta":{},"tags":[]},{"ancestorTitles":["FR-4: planDeadLetters (pure)"],"fullName":"FR-4: planDeadLetters (pure) DISCRIMINATES — an identical row WITHOUT the marker is still dead-lettered","status":"passed","title":"DISCRIMINATES — an identical row WITHOUT the marker is still dead-lettered","duration":0.73599999999999,"failureMessages":[],"meta":{},"tags":[]},{"ancestorTitles":["FR-4: planDeadLetters (pure)"],"fullName":"FR-4: planDeadLetters (pure) requires the marker to be strictly true, matching isPromotionAcked","status":"passed","title":"requires the marker to be strictly true, matching isPromotionAcked","duration":0.9767000000000507,"failureMessages":[],"meta":{},"tags":[]},{"ancestorTitles":["FR-4: planDeadLetters (pure)"],"fullName":"FR-4: planDeadLetters (pure) row with a PAST expires_at keeps it (no backfill — only NULL is backfilled)","status":"passed","title":"row with a PAST expires_at keeps it (no backfill — only NULL is backfilled)","duration":0.8263000000000602,"failureMessages":[],"meta":{},"tags":[]},{"ancestorTitles":["FR-4: planDeadLetters (pure)"],"fullName":"FR-4: planDeadLetters (pure) exclusions: future-expiry, non-uuid target, LIVE target, already dead-lettered","status":"passed","title":"exclusions: future-expiry, non-uuid target, LIVE target, already dead-lettered","duration":0.7824000000000524,"failureMessages":[],"meta":{},"tags":[]},{"ancestorTitles":["FR-4: planDeadLetters (pure)"],"fullName":"FR-4: planDeadLetters (pure) a DEAD (classified) target IS dead-lettered even though it is in the classified set","status":"passed","title":"a DEAD (classified) target IS dead-lettered even though it is in the classified set","duration":0.7222999999999047,"failureMessages":[],"meta":{},"tags":[]},{"ancestorTitles":["FR-4: planDeadLetters (pure)"],"fullName":"FR-4: planDeadLetters (pure) SOURCE PIN: the dead/gone-session cleanup section contains NO .delete() on session_coordination","status":"passed","title":"SOURCE PIN: the dead/gone-session cleanup section contains NO .delete() on session_coordination","duration":1.9368999999999232,"failureMessages":[],"meta":{},"tags":[]},{"ancestorTitles":["FR-2: findUndelivered (pure)"],"fullName":"FR-2: findUndelivered (pure) flags an unread 30m-old row at a LIVE target, annotated with ageMs","status":"passed","title":"flags an unread 30m-old row at a LIVE target, annotated with ageMs","duration":0.8957000000000335,"failureMessages":[],"meta":{},"tags":[]},{"ancestorTitles":["FR-2: findUndelivered (pure)"],"fullName":"FR-2: findUndelivered (pure) exclusions: already read, young, dead/stale target, unknown target, dead-lettered","status":"passed","title":"exclusions: already read, young, dead/stale target, unknown target, dead-lettered","duration":0.7460999999999558,"failureMessages":[],"meta":{},"tags":[]},{"ancestorTitles":["FR-2: findUndelivered (pure)"],"fullName":"FR-2: findUndelivered (pure) sorts oldest (largest age) first","status":"passed","title":"sorts oldest (largest age) first","duration":0.7710999999999331,"failureMessages":[],"meta":{},"tags":[]},{"ancestorTitles":["FR-2: findUndelivered (pure)"],"fullName":"FR-2: findUndelivered (pure) thresholds are injectable (ageMs / heartbeatFreshMs)","status":"passed","title":"thresholds are injectable (ageMs / heartbeatFreshMs)","duration":0.8477000000000317,"failureMessages":[],"meta":{},"tags":[]},{"ancestorTitles":["FR-2: selectRecentDeadLetters (pure)"],"fullName":"FR-2: selectRecentDeadLetters (pure) keeps rows dead-lettered within the 24h window, newest first; drops older + non-dead-letter rows","status":"passed","title":"keeps rows dead-lettered within the 24h window, newest first; drops older + non-dead-letter rows","duration":0.8168999999999187,"failureMessages":[],"meta":{},"tags":[]},{"ancestorTitles":["FR-2: selectRecentDeadLetters (pure)"],"fullName":"FR-2: selectRecentDeadLetters (pure) QF-20260830-482: drops a dead-lettered row the target already read (read_at set) — delivered, not gone","status":"passed","title":"QF-20260830-482: drops a dead-lettered row the target already read (read_at set) — delivered, not gone","duration":0.7875999999999976,"failureMessages":[],"meta":{},"tags":[]},{"ancestorTitles":["full-lane: isDirectiveRow / isReplyRow lane classification"],"fullName":"full-lane: isDirectiveRow / isReplyRow lane classification isDirectiveRow matches the IMPORTED DIRECTIVE_KINDS (incl. coordinator_directive), not replies/unknowns","status":"passed","title":"isDirectiveRow matches the IMPORTED DIRECTIVE_KINDS (incl. coordinator_directive), not replies/unknowns","duration":0.8158999999999423,"failureMessages":[],"meta":{},"tags":[]},{"ancestorTitles":["full-lane: isDirectiveRow / isReplyRow lane classification"],"fullName":"full-lane: isDirectiveRow / isReplyRow lane classification isReplyRow matches coordinator_reply OR a payload.reply_to correlation","status":"passed","title":"isReplyRow matches coordinator_reply OR a payload.reply_to correlation","duration":0.7034999999999627,"failureMessages":[],"meta":{},"tags":[]},{"ancestorTitles":["full-lane: drainInbox surfaces BOTH lanes + two-stage ACK"],"fullName":"full-lane: drainInbox surfaces BOTH lanes + two-stage ACK surfaces a coordinator_directive AND a coordinator_reply; stamps read_at (DELIVERED), withholds acknowledged_at/actioned_at","status":"passed","title":"surfaces a coordinator_directive AND a coordinator_reply; stamps read_at (DELIVERED), withholds acknowledged_at/actioned_at","duration":3.5300999999999476,"failureMessages":[],"meta":{},"tags":[]},{"ancestorTitles":["full-lane: drainInbox surfaces BOTH lanes + two-stage ACK"],"fullName":"full-lane: drainInbox surfaces BOTH lanes + two-stage ACK no surfaced rows (only non-lane noise) → no DB update (idempotent / quiet)","status":"passed","title":"no surfaced rows (only non-lane noise) → no DB update (idempotent / quiet)","duration":1.0149000000000115,"failureMessages":[],"meta":{},"tags":[]},{"ancestorTitles":["full-lane parity: ADAM_LOOPS inbox-monitor drains the full lane"],"fullName":"full-lane parity: ADAM_LOOPS inbox-monitor drains the full lane inbox-monitor prompt is the full-lane verb (not reply-only) — re-wiring drift guard","status":"passed","title":"inbox-monitor prompt is the full-lane verb (not reply-only) — re-wiring drift guard","duration":0.8567999999999074,"failureMessages":[],"meta":{},"tags":[]},{"ancestorTitles":["full-lane safety net: read-adam-directives covers EVERY directive sender"],"fullName":"full-lane safety net: read-adam-directives covers EVERY directive sender DIRECTIVE_SENDERS includes chairman (a DELIVERED-but-unacked chairman directive stays recoverable)","status":"passed","title":"DIRECTIVE_SENDERS includes chairman (a DELIVERED-but-unacked chairman directive stays recoverable)","duration":1.2153000000000702,"failureMessages":[],"meta":{},"tags":[]},{"ancestorTitles":["QF-20260726-253: the live-session set is existence-based, not claim-based"],"fullName":"QF-20260726-253: the live-session set is existence-based, not claim-based includes a live session that holds NO sd_key — the whole point of the fix","status":"passed","title":"includes a live session that holds NO sd_key — the whole point of the fix","duration":1.7349000000000387,"failureMessages":[],"meta":{},"tags":[]},{"ancestorTitles":["QF-20260726-253: the live-session set is existence-based, not claim-based"],"fullName":"QF-20260726-253: the live-session set is existence-based, not claim-based an alive-but-unclaimed session keeps its mail (the 146-of-162 regression)","status":"passed","title":"an alive-but-unclaimed session keeps its mail (the 146-of-162 regression)","duration":0.842899999999986,"failureMessages":[],"meta":{},"tags":[]},{"ancestorTitles":["QF-20260726-253: the live-session set is existence-based, not claim-based"],"fullName":"QF-20260726-253: the live-session set is existence-based, not claim-based a STALE target is still dead-lettered — FR-4 preserved, not relaxed into never firing","status":"passed","title":"a STALE target is still dead-lettered — FR-4 preserved, not relaxed into never firing","duration":0.814200000000028,"failureMessages":[],"meta":{},"tags":[]},{"ancestorTitles":["QF-20260726-253: the live-session set is existence-based, not claim-based"],"fullName":"QF-20260726-253: the live-session set is existence-based, not claim-based filters by EXCLUDING the dead status, so an unknown/NULL status keeps its mail","status":"passed","title":"filters by EXCLUDING the dead status, so an unknown/NULL status keeps its mail","duration":0.7666000000000395,"failureMessages":[],"meta":{},"tags":[]},{"ancestorTitles":["QF-20260726-253: the live-session set is existence-based, not claim-based"],"fullName":"QF-20260726-253: the live-session set is existence-based, not claim-based returns null when the view cannot be read — callers skip rather than guess","status":"passed","title":"returns null when the view cannot be read — callers skip rather than guess","duration":0.9669000000000096,"failureMessages":[],"meta":{},"tags":[]}],"startTime":1789162197880,"endTime":1789162197943.9668,"status":"passed","message":"","name":"C:/Users/rickf/Projects/_EHG/EHG_Engineer/.worktrees/SD-LEO-FIX-ADAM-DURABLE-DUTY-001/tests/unit/coord-adam-comms-resilient.test.js"},{"assertionResults":[{"ancestorTitles":["the contract's category claims are extracted"],"fullName":"the contract's category claims are extracted pairs each script with the category the contract mandates","status":"passed","title":"pairs each script with the category the contract mandates","duration":3.358600000000024,"failureMessages":[],"meta":{},"tags":[]},{"ancestorTitles":["the contract's category claims are extracted"],"fullName":"the contract's category claims are extracted abstains rather than guesses when a line is ambiguous","status":"passed","title":"abstains rather than guesses when a line is ambiguous","duration":1.7385999999999626,"failureMessages":[],"meta":{},"tags":[]},{"ancestorTitles":["TS-7: parity catches a category disagreement"],"fullName":"TS-7: parity catches a category disagreement PASSES when every script writes what the contract mandates","status":"passed","title":"PASSES when every script writes what the contract mandates","duration":1.4593999999999596,"failureMessages":[],"meta":{},"tags":[]},{"ancestorTitles":["TS-7: parity catches a category disagreement"],"fullName":"TS-7: parity catches a category disagreement FAILS and names BOTH values when the mismatch is reintroduced","status":"passed","title":"FAILS and names BOTH values when the mismatch is reintroduced","duration":1.0503999999999678,"failureMessages":[],"meta":{},"tags":[]},{"ancestorTitles":["TS-7: parity catches a category disagreement"],"fullName":"TS-7: parity catches a category disagreement an unreadable script is reported unverified, NEVER as passing","status":"passed","title":"an unreadable script is reported unverified, NEVER as passing","duration":0.8427000000000362,"failureMessages":[],"meta":{},"tags":[]},{"ancestorTitles":["documentation cannot vote on whether the code it documents is correct"],"fullName":"documentation cannot vote on whether the code it documents is correct strips comments before reading declarations","status":"passed","title":"strips comments before reading declarations","duration":0.7950999999999908,"failureMessages":[],"meta":{},"tags":[]},{"ancestorTitles":["documentation cannot vote on whether the code it documents is correct"],"fullName":"documentation cannot vote on whether the code it documents is correct flags a drifted file even when its comments name the correct category","status":"passed","title":"flags a drifted file even when its comments name the correct category","duration":0.9816000000000145,"failureMessages":[],"meta":{},"tags":[]},{"ancestorTitles":["documentation cannot vote on whether the code it documents is correct"],"fullName":"documentation cannot vote on whether the code it documents is correct a file with no CATEGORY declaration is unverified, not passing","status":"passed","title":"a file with no CATEGORY declaration is unverified, not passing","duration":0.7798999999999978,"failureMessages":[],"meta":{},"tags":[]},{"ancestorTitles":["the real contract and the real scripts agree after FR-4"],"fullName":"the real contract and the real scripts agree after FR-4 no mismatch against the live repo","status":"passed","title":"no mismatch against the live repo","duration":2.17470000000003,"failureMessages":[],"meta":{},"tags":[]}],"startTime":1789162197776,"endTime":1789162197789.1748,"status":"passed","message":"","name":"C:/Users/rickf/Projects/_EHG/EHG_Engineer/.worktrees/SD-LEO-FIX-ADAM-DURABLE-DUTY-001/tests/unit/solomon-category-parity.test.js"},{"assertionResults":[{"ancestorTitles":["SOLOMON_CONFIG scorers"],"fullName":"SOLOMON_CONFIG scorers D1 scores 5 with no red-flag when Solomon has zero claims","status":"passed","title":"D1 scores 5 with no red-flag when Solomon has zero claims","duration":2.8473999999999933,"failureMessages":[],"meta":{},"tags":[]},{"ancestorTitles":["SOLOMON_CONFIG scorers"],"fullName":"SOLOMON_CONFIG scorers D1 scores 1 with a red-flag the moment Solomon holds any claim","status":"passed","title":"D1 scores 1 with a red-flag the moment Solomon holds any claim","duration":1.2019999999999982,"failureMessages":[],"meta":{},"tags":[]},{"ancestorTitles":["SOLOMON_CONFIG scorers"],"fullName":"SOLOMON_CONFIG scorers D2/D4/D5 are always inconclusive (no signal source), D3 inconclusive without a quota signal","status":"passed","title":"D2/D4/D5 are always inconclusive (no signal source), D3 inconclusive without a quota signal","duration":1.6451999999999884,"failureMessages":[],"meta":{},"tags":[]},{"ancestorTitles":["assembleScore via the shared core (role=solomon)"],"fullName":"assembleScore via the shared core (role=solomon) produces a solomon-prefixed review_key and the common tri-party score schema","status":"passed","title":"produces a solomon-prefixed review_key and the common tri-party score schema","duration":1.3003999999999678,"failureMessages":[],"meta":{},"tags":[]},{"ancestorTitles":["isFlagEnabled (SOLOMON_SELF_SCORE_CADENCE)"],"fullName":"isFlagEnabled (SOLOMON_SELF_SCORE_CADENCE) is OFF for unset/off/garbage, ON only for on/1/true","status":"passed","title":"is OFF for unset/off/garbage, ON only for on/1/true","duration":0.9222000000000321,"failureMessages":[],"meta":{},"tags":[]},{"ancestorTitles":["duty-parity stays clean after wiring the new self-assessment duty"],"fullName":"duty-parity stays clean after wiring the new self-assessment duty the deep-sweep loop covers the self-assessment duty slug","status":"passed","title":"the deep-sweep loop covers the self-assessment duty slug","duration":1.33359999999999,"failureMessages":[],"meta":{},"tags":[]},{"ancestorTitles":["duty-parity stays clean after wiring the new self-assessment duty"],"fullName":"duty-parity stays clean after wiring the new self-assessment duty a contract markdown declaring \"**SELF-ASSESSMENT DUTY (durable)**\" reconciles via the cover (no drift)","status":"passed","title":"a contract markdown declaring \"**SELF-ASSESSMENT DUTY (durable)**\" reconciles via the cover (no drift)","duration":1.1970000000000027,"failureMessages":[],"meta":{},"tags":[]},{"ancestorTitles":["duty-parity stays clean after wiring the new self-assessment duty"],"fullName":"duty-parity stays clean after wiring the new self-assessment duty the live CLAUDE_SOLOMON.md reports no drift (buildSelfAdherenceVerdict)","status":"passed","title":"the live CLAUDE_SOLOMON.md reports no drift (buildSelfAdherenceVerdict)","duration":1.4864999999999782,"failureMessages":[],"meta":{},"tags":[]}],"startTime":1789162197807,"endTime":1789162197819.4866,"status":"passed","message":"","name":"C:/Users/rickf/Projects/_EHG/EHG_Engineer/.worktrees/SD-LEO-FIX-ADAM-DURABLE-DUTY-001/tests/unit/solomon-self-assessment.test.js"},{"assertionResults":[{"ancestorTitles":["SOLOMON_LOOPS shape"],"fullName":"SOLOMON_LOOPS shape declares inbox-monitor (solomon-advisory.cjs inbox, 5min) + self-adherence (*/12h) + deep-sweep","status":"passed","title":"declares inbox-monitor (solomon-advisory.cjs inbox, 5min) + self-adherence (*/12h) + deep-sweep","duration":3.448699999999974,"failureMessages":[],"meta":{},"tags":[]},{"ancestorTitles":["contract↔tooling parity (fails loud on a missing durable duty)"],"fullName":"contract↔tooling parity (fails loud on a missing durable duty) parseDurableDutyMarkers slugs **<NAME> DUTY (durable)** markers","status":"passed","title":"parseDurableDutyMarkers slugs **<NAME> DUTY (durable)** markers","duration":1.408900000000017,"failureMessages":[],"meta":{},"tags":[]},{"ancestorTitles":["contract↔tooling parity (fails loud on a missing durable duty)"],"fullName":"contract↔tooling parity (fails loud on a missing durable duty) missingDurableDuties reports a contract duty absent from SOLOMON_LOOPS","status":"passed","title":"missingDurableDuties reports a contract duty absent from SOLOMON_LOOPS","duration":0.973199999999963,"failureMessages":[],"meta":{},"tags":[]},{"ancestorTitles":["contract↔tooling parity (fails loud on a missing durable duty)"],"fullName":"contract↔tooling parity (fails loud on a missing durable duty) renderContractParity fails LOUD when a durable duty is missing (against a synthetic contract)","status":"passed","title":"renderContractParity fails LOUD when a durable duty is missing (against a synthetic contract)","duration":1.3981999999999744,"failureMessages":[],"meta":{},"tags":[]},{"ancestorTitles":["SD-LEO-INFRA-SOLOMON-STARTUP-PARITY-RECALIBRATE-001: recalibrated parity (no cry-wolf, no blindness)"],"fullName":"SD-LEO-INFRA-SOLOMON-STARTUP-PARITY-RECALIBRATE-001: recalibrated parity (no cry-wolf, no blindness) broadened regex parses qualified/punctuated markers the old regex was BLIND to","status":"passed","title":"broadened regex parses qualified/punctuated markers the old regex was BLIND to","duration":0.8906999999999812,"failureMessages":[],"meta":{},"tags":[]},{"ancestorTitles":["SD-LEO-INFRA-SOLOMON-STARTUP-PARITY-RECALIBRATE-001: recalibrated parity (no cry-wolf, no blindness)"],"fullName":"SD-LEO-INFRA-SOLOMON-STARTUP-PARITY-RECALIBRATE-001: recalibrated parity (no cry-wolf, no blindness) slugifyDuty collapses non-alphanumerics to single hyphens","status":"passed","title":"slugifyDuty collapses non-alphanumerics to single hyphens","duration":0.8143000000000029,"failureMessages":[],"meta":{},"tags":[]},{"ancestorTitles":["SD-LEO-INFRA-SOLOMON-STARTUP-PARITY-RECALIBRATE-001: recalibrated parity (no cry-wolf, no blindness)"],"fullName":"SD-LEO-INFRA-SOLOMON-STARTUP-PARITY-RECALIBRATE-001: recalibrated parity (no cry-wolf, no blindness) covers[]: a Mode-B duty the deep-sweep tick SUBSUMES is wired (not cry-wolf)","status":"passed","title":"covers[]: a Mode-B duty the deep-sweep tick SUBSUMES is wired (not cry-wolf)","duration":0.8036999999999921,"failureMessages":[],"meta":{},"tags":[]},{"ancestorTitles":["SD-LEO-INFRA-SOLOMON-STARTUP-PARITY-RECALIBRATE-001: recalibrated parity (no cry-wolf, no blindness)"],"fullName":"SD-LEO-INFRA-SOLOMON-STARTUP-PARITY-RECALIBRATE-001: recalibrated parity (no cry-wolf, no blindness) alias: the \"SOLOMON SELF-ADHERENCE\" marker reconciles with loop key self-adherence (the 1 false positive)","status":"passed","title":"alias: the \"SOLOMON SELF-ADHERENCE\" marker reconciles with loop key self-adherence (the 1 false positive)","duration":0.7695000000000505,"failureMessages":[],"meta":{},"tags":[]},{"ancestorTitles":["SD-LEO-INFRA-SOLOMON-STARTUP-PARITY-RECALIBRATE-001: recalibrated parity (no cry-wolf, no blindness)"],"fullName":"SD-LEO-INFRA-SOLOMON-STARTUP-PARITY-RECALIBRATE-001: recalibrated parity (no cry-wolf, no blindness) parity HOLDS against the full real contract marker set (0 missing)","status":"passed","title":"parity HOLDS against the full real contract marker set (0 missing)","duration":1.1570999999999572,"failureMessages":[],"meta":{},"tags":[]},{"ancestorTitles":["SD-LEO-INFRA-SOLOMON-STARTUP-PARITY-RECALIBRATE-001: recalibrated parity (no cry-wolf, no blindness)"],"fullName":"SD-LEO-INFRA-SOLOMON-STARTUP-PARITY-RECALIBRATE-001: recalibrated parity (no cry-wolf, no blindness) a genuinely-unwired NEW duty IS still reported (the guard is not defanged)","status":"passed","title":"a genuinely-unwired NEW duty IS still reported (the guard is not defanged)","duration":0.8754999999999882,"failureMessages":[],"meta":{},"tags":[]},{"ancestorTitles":["self-adherence verdict (propose-only drift report)"],"fullName":"self-adherence verdict (propose-only drift report) fails open (ok:true) when CLAUDE_SOLOMON.md is not present yet (Phase E-B seeds it)","status":"passed","title":"fails open (ok:true) when CLAUDE_SOLOMON.md is not present yet (Phase E-B seeds it)","duration":0.9821000000000026,"failureMessages":[],"meta":{},"tags":[]},{"ancestorTitles":["armed-set parsing + loop status"],"fullName":"armed-set parsing + loop status parses --armed and reports armed|MISSING by key","status":"passed","title":"parses --armed and reports armed|MISSING by key","duration":0.8831000000000131,"failureMessages":[],"meta":{},"tags":[]},{"ancestorTitles":["armed-set parsing + loop status"],"fullName":"armed-set parsing + loop status reports unverified when no armed-set supplied","status":"passed","title":"reports unverified when no armed-set supplied","duration":0.6983999999999924,"failureMessages":[],"meta":{},"tags":[]},{"ancestorTitles":["retry-state-manager EXEMPT_PATTERNS includes the solomon inbox command"],"fullName":"retry-state-manager EXEMPT_PATTERNS includes the solomon inbox command isExempt matches \"node scripts/solomon-advisory.cjs inbox --quiet\"","status":"passed","title":"isExempt matches \"node scripts/solomon-advisory.cjs inbox --quiet\"","duration":3.372000000000014,"failureMessages":[],"meta":{},"tags":[]},{"ancestorTitles":["SD-LEO-INFRA-SOLOMON-MODEB-FABLE-PIN-TRIGGER-001: solomonSweepMode Fable-pin trigger"],"fullName":"SD-LEO-INFRA-SOLOMON-MODEB-FABLE-PIN-TRIGGER-001: solomonSweepMode Fable-pin trigger a Fable pin flips the deep-sweep tick to proactive-sweep mode","status":"passed","title":"a Fable pin flips the deep-sweep tick to proactive-sweep mode","duration":0.7933000000000447,"failureMessages":[],"meta":{},"tags":[]},{"ancestorTitles":["SD-LEO-INFRA-SOLOMON-MODEB-FABLE-PIN-TRIGGER-001: solomonSweepMode Fable-pin trigger"],"fullName":"SD-LEO-INFRA-SOLOMON-MODEB-FABLE-PIN-TRIGGER-001: solomonSweepMode Fable-pin trigger the Opus 4.8 pin (and any non-Fable id) stays consult-only","status":"passed","title":"the Opus 4.8 pin (and any non-Fable id) stays consult-only","duration":0.716700000000003,"failureMessages":[],"meta":{},"tags":[]},{"ancestorTitles":["SD-LEO-INFRA-SOLOMON-MODEB-FABLE-PIN-TRIGGER-001: solomonSweepMode Fable-pin trigger"],"fullName":"SD-LEO-INFRA-SOLOMON-MODEB-FABLE-PIN-TRIGGER-001: solomonSweepMode Fable-pin trigger an empty/undefined pin fails safe to consult (Mode-B off)","status":"passed","title":"an empty/undefined pin fails safe to consult (Mode-B off)","duration":0.6603000000000065,"failureMessages":[],"meta":{},"tags":[]},{"ancestorTitles":["SD-LEO-INFRA-SOLOMON-MODEB-FABLE-PIN-TRIGGER-001: solomonSweepMode Fable-pin trigger"],"fullName":"SD-LEO-INFRA-SOLOMON-MODEB-FABLE-PIN-TRIGGER-001: solomonSweepMode Fable-pin trigger SOLOMON_SWEEP_MODE overrides the pin-derived result in BOTH directions","status":"passed","title":"SOLOMON_SWEEP_MODE overrides the pin-derived result in BOTH directions","duration":0.6607999999999947,"failureMessages":[],"meta":{},"tags":[]},{"ancestorTitles":["SD-LEO-INFRA-ALWAYS-SWEEP-DESIGN-OF-RECORD-001: resolveSolomonSweepMode (design-of-record authoritative)"],"fullName":"SD-LEO-INFRA-ALWAYS-SWEEP-DESIGN-OF-RECORD-001: resolveSolomonSweepMode (design-of-record authoritative) TS-1 (core fix): policy=always → proactive EVEN with the opus pin + empty env (pin no longer forces consult)","status":"passed","title":"TS-1 (core fix): policy=always → proactive EVEN with the opus pin + empty env (pin no longer forces consult)","duration":0.8749000000000251,"failureMessages":[],"meta":{},"tags":[]},{"ancestorTitles":["SD-LEO-INFRA-ALWAYS-SWEEP-DESIGN-OF-RECORD-001: resolveSolomonSweepMode (design-of-record authoritative)"],"fullName":"SD-LEO-INFRA-ALWAYS-SWEEP-DESIGN-OF-RECORD-001: resolveSolomonSweepMode (design-of-record authoritative) TS-2: a /model switch / different pin does NOT flip it away from always-sweep when policy=always","status":"passed","title":"TS-2: a /model switch / different pin does NOT flip it away from always-sweep when policy=always","duration":0.7355999999999767,"failureMessages":[],"meta":{},"tags":[]},{"ancestorTitles":["SD-LEO-INFRA-ALWAYS-SWEEP-DESIGN-OF-RECORD-001: resolveSolomonSweepMode (design-of-record authoritative)"],"fullName":"SD-LEO-INFRA-ALWAYS-SWEEP-DESIGN-OF-RECORD-001: resolveSolomonSweepMode (design-of-record authoritative) TS-5: SOLOMON_SWEEP_MODE env override still wins (precedence 1) even when policy=always","status":"passed","title":"TS-5: SOLOMON_SWEEP_MODE env override still wins (precedence 1) even when policy=always","duration":0.6831999999999994,"failureMessages":[],"meta":{},"tags":[]},{"ancestorTitles":["SD-LEO-INFRA-ALWAYS-SWEEP-DESIGN-OF-RECORD-001: resolveSolomonSweepMode (design-of-record authoritative)"],"fullName":"SD-LEO-INFRA-ALWAYS-SWEEP-DESIGN-OF-RECORD-001: resolveSolomonSweepMode (design-of-record authoritative) TS-3: policy UNSET (null) → falls back to legacy pin-derivation (fable→proactive, opus→consult)","status":"passed","title":"TS-3: policy UNSET (null) → falls back to legacy pin-derivation (fable→proactive, opus→consult)","duration":0.7241999999999962,"failureMessages":[],"meta":{},"tags":[]},{"ancestorTitles":["SD-LEO-INFRA-ALWAYS-SWEEP-DESIGN-OF-RECORD-001: resolveSolomonSweepMode (design-of-record authoritative)"],"fullName":"SD-LEO-INFRA-ALWAYS-SWEEP-DESIGN-OF-RECORD-001: resolveSolomonSweepMode (design-of-record authoritative) TS-4 (fail-safe): DB-read failure (client throws) → falls back to legacy, never throws","status":"passed","title":"TS-4 (fail-safe): DB-read failure (client throws) → falls back to legacy, never throws","duration":1.266399999999976,"failureMessages":[],"meta":{},"tags":[]},{"ancestorTitles":["SD-LEO-INFRA-ALWAYS-SWEEP-DESIGN-OF-RECORD-001: resolveSolomonSweepMode (design-of-record authoritative)"],"fullName":"SD-LEO-INFRA-ALWAYS-SWEEP-DESIGN-OF-RECORD-001: resolveSolomonSweepMode (design-of-record authoritative) getSolomonSweepPolicy returns the policy string from row 611 metadata","status":"passed","title":"getSolomonSweepPolicy returns the policy string from row 611 metadata","duration":0.7495000000000118,"failureMessages":[],"meta":{},"tags":[]},{"ancestorTitles":["SD-LEO-INFRA-ALWAYS-SWEEP-DESIGN-OF-RECORD-001: resolveSolomonSweepMode (design-of-record authoritative)"],"fullName":"SD-LEO-INFRA-ALWAYS-SWEEP-DESIGN-OF-RECORD-001: resolveSolomonSweepMode (design-of-record authoritative) TS-6: the legacy sync solomonSweepMode is UNCHANGED (pin-derivation preserved)","status":"passed","title":"TS-6: the legacy sync solomonSweepMode is UNCHANGED (pin-derivation preserved)","duration":0.6965000000000146,"failureMessages":[],"meta":{},"tags":[]},{"ancestorTitles":["SD-LEO-INFRA-SINGLETON-STALE-TREE-STALENESS-GAUGE-001: checkout freshness (Solomon gains parity)"],"fullName":"SD-LEO-INFRA-SINGLETON-STALE-TREE-STALENESS-GAUGE-001: checkout freshness (Solomon gains parity) SOLOMON_CRITICAL_PATHS extends the base protocol files with CLAUDE_SOLOMON.md","status":"passed","title":"SOLOMON_CRITICAL_PATHS extends the base protocol files with CLAUDE_SOLOMON.md","duration":0.9322999999999979,"failureMessages":[],"meta":{},"tags":[]},{"ancestorTitles":["SD-LEO-INFRA-SINGLETON-STALE-TREE-STALENESS-GAUGE-001: checkout freshness (Solomon gains parity)"],"fullName":"SD-LEO-INFRA-SINGLETON-STALE-TREE-STALENESS-GAUGE-001: checkout freshness (Solomon gains parity) renderFreshness is fail-open and reports a CHECKOUT FRESHNESS section","status":"passed","title":"renderFreshness is fail-open and reports a CHECKOUT FRESHNESS section","duration":209.7067,"failureMessages":[],"meta":{},"tags":[]},{"ancestorTitles":["SD-LEO-INFRA-SINGLETON-STALE-TREE-STALENESS-GAUGE-001: checkout freshness (Solomon gains parity)"],"fullName":"SD-LEO-INFRA-SINGLETON-STALE-TREE-STALENESS-GAUGE-001: checkout freshness (Solomon gains parity) buildReport now includes the freshness section (previously absent)","status":"passed","title":"buildReport now includes the freshness section (previously absent)","duration":198.8691,"failureMessages":[],"meta":{},"tags":[]},{"ancestorTitles":["QF-20260719-072 — weekly-program + forecast-triggers durability entries"],"fullName":"QF-20260719-072 — weekly-program + forecast-triggers durability entries registers both new agent-judgment loops with the ratified crons","status":"passed","title":"registers both new agent-judgment loops with the ratified crons","duration":0.8865000000000691,"failureMessages":[],"meta":{},"tags":[]},{"ancestorTitles":["QF-20260719-072 — weekly-program + forecast-triggers durability entries"],"fullName":"QF-20260719-072 — weekly-program + forecast-triggers durability entries pre-wires the posture/accuracy/forecast duty slugs so parity binds when markers land","status":"passed","title":"pre-wires the posture/accuracy/forecast duty slugs so parity binds when markers land","duration":0.7097999999999729,"failureMessages":[],"meta":{},"tags":[]},{"ancestorTitles":["QF-20260719-072 — weekly-program + forecast-triggers durability entries"],"fullName":"QF-20260719-072 — weekly-program + forecast-triggers durability entries removing either entry makes the parity check red once its marker exists (fails-loud witness)","status":"passed","title":"removing either entry makes the parity check red once its marker exists (fails-loud witness)","duration":0.7167000000000598,"failureMessages":[],"meta":{},"tags":[]},{"ancestorTitles":["QF-20260719-072 — weekly-program + forecast-triggers durability entries"],"fullName":"QF-20260719-072 — weekly-program + forecast-triggers durability entries parseDurableDutyMarkers tolerates trailing punctuation inside the bold — the live \"(durable).**\" marker","status":"passed","title":"parseDurableDutyMarkers tolerates trailing punctuation inside the bold — the live \"(durable).**\" marker","duration":0.6703999999999724,"failureMessages":[],"meta":{},"tags":[]},{"ancestorTitles":["QF-20260720-072 — plan-alignment review durability entry"],"fullName":"QF-20260720-072 — plan-alignment review durability entry registers the agent-judgment loop with the ratified 24-48h daily-baseline cron","status":"passed","title":"registers the agent-judgment loop with the ratified 24-48h daily-baseline cron","duration":0.7300000000000182,"failureMessages":[],"meta":{},"tags":[]},{"ancestorTitles":["QF-20260720-072 — plan-alignment review durability entry"],"fullName":"QF-20260720-072 — plan-alignment review durability entry pre-wires the plan-alignment-review duty slug so parity binds against the id=611 contract marker","status":"passed","title":"pre-wires the plan-alignment-review duty slug so parity binds against the id=611 contract marker","duration":0.7321000000000595,"failureMessages":[],"meta":{},"tags":[]},{"ancestorTitles":["QF-20260720-072 — plan-alignment review durability entry"],"fullName":"QF-20260720-072 — plan-alignment review durability entry matches the exact slug produced from the scribed contract marker (live-format regression guard)","status":"passed","title":"matches the exact slug produced from the scribed contract marker (live-format regression guard)","duration":0.8519000000000005,"failureMessages":[],"meta":{},"tags":[]},{"ancestorTitles":["QF-20260720-072 — plan-alignment review durability entry"],"fullName":"QF-20260720-072 — plan-alignment review durability entry removing the entry makes the parity check red once its marker exists (fails-loud witness)","status":"passed","title":"removing the entry makes the parity check red once its marker exists (fails-loud witness)","duration":0.7232000000000198,"failureMessages":[],"meta":{},"tags":[]},{"ancestorTitles":["PROTOCOL_FILES tracking prerequisite (SD-LEO-INFRA-SOLOMON-ROLE-CONTRACT-001)"],"fullName":"PROTOCOL_FILES tracking prerequisite (SD-LEO-INFRA-SOLOMON-ROLE-CONTRACT-001) the tracker knows about the solomon manual + provenance companions","status":"passed","title":"the tracker knows about the solomon manual + provenance companions","duration":1.07650000000001,"failureMessages":[],"meta":{},"tags":[]}],"startTime":1789162197778,"endTime":1789162198222.0764,"status":"passed","message":"","name":"C:/Users/rickf/Projects/_EHG/EHG_Engineer/.worktrees/SD-LEO-FIX-ADAM-DURABLE-DUTY-001/tests/unit/solomon-startup-check.test.js"},{"assertionResults":[{"ancestorTitles":["coordinator quiet-tick — folded-core accounting"],"fullName":"coordinator quiet-tick — folded-core accounting every composed core maps to a real STANDARD_LOOPS script (nothing invented)","status":"passed","title":"every composed core maps to a real STANDARD_LOOPS script (nothing invented)","duration":2.1537000000000717,"failureMessages":[],"meta":{},"tags":[]},{"ancestorTitles":["coordinator quiet-tick — folded-core accounting"],"fullName":"coordinator quiet-tick — folded-core accounting expensive cores are quiescent-skipped; safety + backlog-rank always run","status":"passed","title":"expensive cores are quiescent-skipped; safety + backlog-rank always run","duration":0.8882000000000971,"failureMessages":[],"meta":{},"tags":[]},{"ancestorTitles":["coordinator quiet-tick — folded-core accounting"],"fullName":"coordinator quiet-tick — folded-core accounting buildCores(quiescent=true) skips the expensive cores but keeps backlog-rank running","status":"passed","title":"buildCores(quiescent=true) skips the expensive cores but keeps backlog-rank running","duration":1.252999999999929,"failureMessages":[],"meta":{},"tags":[]},{"ancestorTitles":["coordinator quiet-tick — folded-core accounting"],"fullName":"coordinator quiet-tick — folded-core accounting buildCores(quiescent=false) runs the full set (no skips)","status":"passed","title":"buildCores(quiescent=false) runs the full set (no skips)","duration":0.7403000000001612,"failureMessages":[],"meta":{},"tags":[]},{"ancestorTitles":["adam quiet-tick — folded-loop accounting"],"fullName":"adam quiet-tick — folded-loop accounting inbox-monitor core maps to a real ADAM_LOOPS script","status":"passed","title":"inbox-monitor core maps to a real ADAM_LOOPS script","duration":0.7947000000001481,"failureMessages":[],"meta":{},"tags":[]},{"ancestorTitles":["adam quiet-tick — folded-loop accounting"],"fullName":"adam quiet-tick — folded-loop accounting belt-countdown + offer-help are explicitly delta-gated, not dropped","status":"passed","title":"belt-countdown + offer-help are explicitly delta-gated, not dropped","duration":0.7235999999998057,"failureMessages":[],"meta":{},"tags":[]}],"startTime":1789162198486,"endTime":1789162198492.7236,"status":"passed","message":"","name":"C:/Users/rickf/Projects/_EHG/EHG_Engineer/.worktrees/SD-LEO-FIX-ADAM-DURABLE-DUTY-001/tests/unit/coordinator/quiet-tick-loop-parity.test.js"},{"assertionResults":[{"ancestorTitles":["FR-3 DIFFERENTIAL — the badge changes when the emission exists"],"fullName":"FR-3 DIFFERENTIAL — the badge changes when the emission exists present vs absent produce different output","status":"passed","title":"present vs absent produce different output","duration":2.71429999999998,"failureMessages":[],"meta":{},"tags":[]},{"ancestorTitles":["FR-3 DIFFERENTIAL — the badge changes when the emission exists"],"fullName":"FR-3 DIFFERENTIAL — the badge changes when the emission exists the three states are mutually distinguishable in the rendered badge","status":"passed","title":"the three states are mutually distinguishable in the rendered badge","duration":0.8983000000000061,"failureMessages":[],"meta":{},"tags":[]},{"ancestorTitles":["FR-3 DIFFERENTIAL — the badge changes when the emission exists"],"fullName":"FR-3 DIFFERENTIAL — the badge changes when the emission exists a withheld run reports the NUMBERS, so the operator can see why it stayed quiet","status":"passed","title":"a withheld run reports the NUMBERS, so the operator can see why it stayed quiet","duration":0.8113999999999919,"failureMessages":[],"meta":{},"tags":[]},{"ancestorTitles":["FR-3 DIFFERENTIAL — the badge changes when the emission exists"],"fullName":"FR-3 DIFFERENTIAL — the badge changes when the emission exists gauge=0 prints as a measured zero, not as a missing value","status":"passed","title":"gauge=0 prints as a measured zero, not as a missing value","duration":0.7215999999999667,"failureMessages":[],"meta":{},"tags":[]},{"ancestorTitles":["FR-3 the badge names WHICH engine never ran"],"fullName":"FR-3 the badge names WHICH engine never ran per-engine entries render one line each, naming the silent one","status":"passed","title":"per-engine entries render one line each, naming the silent one","duration":0.7613000000000056,"failureMessages":[],"meta":{},"tags":[]},{"ancestorTitles":["FR-3 the badge names WHICH engine never ran"],"fullName":"FR-3 the badge names WHICH engine never ran SHAPE AMBIGUITY — a bare decision object inside the array does not throw or mis-render","status":"passed","title":"SHAPE AMBIGUITY — a bare decision object inside the array does not throw or mis-render","duration":0.7220000000000368,"failureMessages":[],"meta":{},"tags":[]},{"ancestorTitles":["measureDemand — an unreadable gauge is never a licence to produce"],"fullName":"measureDemand — an unreadable gauge is never a licence to produce a THROWING gauge yields unmeasurable, not a zero belt","status":"passed","title":"a THROWING gauge yields unmeasurable, not a zero belt","duration":1.7604000000000042,"failureMessages":[],"meta":{},"tags":[]},{"ancestorTitles":["measureDemand — an unreadable gauge is never a licence to produce"],"fullName":"measureDemand — an unreadable gauge is never a licence to produce a healthy gauge below the floor sources — the positive control","status":"passed","title":"a healthy gauge below the floor sources — the positive control","duration":0.8488000000000397,"failureMessages":[],"meta":{},"tags":[]},{"ancestorTitles":["measureDemand — an unreadable gauge is never a licence to produce"],"fullName":"measureDemand — an unreadable gauge is never a licence to produce a healthy gauge above the floor withholds","status":"passed","title":"a healthy gauge above the floor withholds","duration":0.8006000000000313,"failureMessages":[],"meta":{},"tags":[]},{"ancestorTitles":["resolveDemandFloor — misconfiguration must not silently become the default"],"fullName":"resolveDemandFloor — misconfiguration must not silently become the default absent -> default","status":"passed","title":"absent -> default","duration":0.817799999999977,"failureMessages":[],"meta":{},"tags":[]},{"ancestorTitles":["resolveDemandFloor — misconfiguration must not silently become the default"],"fullName":"resolveDemandFloor — misconfiguration must not silently become the default a valid override wins","status":"passed","title":"a valid override wins","duration":0.7987999999999715,"failureMessages":[],"meta":{},"tags":[]},{"ancestorTitles":["resolveDemandFloor — misconfiguration must not silently become the default"],"fullName":"resolveDemandFloor — misconfiguration must not silently become the default GARBAGE yields NaN -> unmeasurable, never a silent fallback to the default","status":"passed","title":"GARBAGE yields NaN -> unmeasurable, never a silent fallback to the default","duration":0.7555999999999585,"failureMessages":[],"meta":{},"tags":[]},{"ancestorTitles":["record/read round trip against a fake client"],"fullName":"record/read round trip against a fake client a recorded decision reads back as the same decision, from the right table and filters","status":"passed","title":"a recorded decision reads back as the same decision, from the right table and filters","duration":1.2437999999999647,"failureMessages":[],"meta":{},"tags":[]},{"ancestorTitles":["record/read round trip against a fake client"],"fullName":"record/read round trip against a fake client THE SORT DIRECTION IS LOAD-BEARING — the LATEST verdict wins, not the first","status":"passed","title":"THE SORT DIRECTION IS LOAD-BEARING — the LATEST verdict wins, not the first","duration":0.7391999999999825,"failureMessages":[],"meta":{},"tags":[]},{"ancestorTitles":["record/read round trip against a fake client"],"fullName":"record/read round trip against a fake client engines do not read each other's verdicts","status":"passed","title":"engines do not read each other's verdicts","duration":0.7508000000000266,"failureMessages":[],"meta":{},"tags":[]},{"ancestorTitles":["record/read round trip against a fake client"],"fullName":"record/read round trip against a fake client an insert that returns ZERO rows is reported as NOT recorded","status":"passed","title":"an insert that returns ZERO rows is reported as NOT recorded","duration":0.7395999999999958,"failureMessages":[],"meta":{},"tags":[]},{"ancestorTitles":["record/read round trip against a fake client"],"fullName":"record/read round trip against a fake client a recording failure does NOT throw — observability never gates production","status":"passed","title":"a recording failure does NOT throw — observability never gates production","duration":0.7872000000000412,"failureMessages":[],"meta":{},"tags":[]},{"ancestorTitles":["record/read round trip against a fake client"],"fullName":"record/read round trip against a fake client NOTHING recorded reads as null (NEVER RAN), a READ FAULT reads as unmeasurable","status":"passed","title":"NOTHING recorded reads as null (NEVER RAN), a READ FAULT reads as unmeasurable","duration":0.7775000000000318,"failureMessages":[],"meta":{},"tags":[]},{"ancestorTitles":["record/read round trip against a fake client"],"fullName":"record/read round trip against a fake client a row with an UNREADABLE payload is unmeasurable, not never-ran","status":"passed","title":"a row with an UNREADABLE payload is unmeasurable, not never-ran","duration":0.7271999999999821,"failureMessages":[],"meta":{},"tags":[]},{"ancestorTitles":["QF-20260817-340 — a SOURCED verdict that mints nothing must not read as healthy"],"fullName":"QF-20260817-340 — a SOURCED verdict that mints nothing must not read as healthy records the outcome under its own event type, distinct from the decision","status":"passed","title":"records the outcome under its own event type, distinct from the decision","duration":1.0260999999999854,"failureMessages":[],"meta":{},"tags":[]},{"ancestorTitles":["QF-20260817-340 — a SOURCED verdict that mints nothing must not read as healthy"],"fullName":"QF-20260817-340 — a SOURCED verdict that mints nothing must not read as healthy a sourced-but-zero-mint outcome is severity=warning, not info","status":"passed","title":"a sourced-but-zero-mint outcome is severity=warning, not info","duration":0.724899999999991,"failureMessages":[],"meta":{},"tags":[]},{"ancestorTitles":["QF-20260817-340 — a SOURCED verdict that mints nothing must not read as healthy"],"fullName":"QF-20260817-340 — a SOURCED verdict that mints nothing must not read as healthy a sourced verdict that DID mint is severity=info","status":"passed","title":"a sourced verdict that DID mint is severity=info","duration":0.6890000000000214,"failureMessages":[],"meta":{},"tags":[]},{"ancestorTitles":["QF-20260817-340 — a SOURCED verdict that mints nothing must not read as healthy"],"fullName":"QF-20260817-340 — a SOURCED verdict that mints nothing must not read as healthy no outcome ever recorded reads as null, not a synthetic zero","status":"passed","title":"no outcome ever recorded reads as null, not a synthetic zero","duration":1.38149999999996,"failureMessages":[],"meta":{},"tags":[]},{"ancestorTitles":["QF-20260817-340 — a SOURCED verdict that mints nothing must not read as healthy"],"fullName":"QF-20260817-340 — a SOURCED verdict that mints nothing must not read as healthy the badge prints the sourced-but-zero-mint warning line when the outcome is wired in","status":"passed","title":"the badge prints the sourced-but-zero-mint warning line when the outcome is wired in","duration":0.8582999999999856,"failureMessages":[],"meta":{},"tags":[]},{"ancestorTitles":["QF-20260817-340 — a SOURCED verdict that mints nothing must not read as healthy"],"fullName":"QF-20260817-340 — a SOURCED verdict that mints nothing must not read as healthy the badge stays unchanged when no outcome is recorded (pre-QF shape, backward compatible)","status":"passed","title":"the badge stays unchanged when no outcome is recorded (pre-QF shape, backward compatible)","duration":0.7385999999999626,"failureMessages":[],"meta":{},"tags":[]},{"ancestorTitles":["QF-20260817-340 — a SOURCED verdict that mints nothing must not read as healthy"],"fullName":"QF-20260817-340 — a SOURCED verdict that mints nothing must not read as healthy the badge does not warn when the outcome shows a real mint","status":"passed","title":"the badge does not warn when the outcome shows a real mint","duration":0.8204000000000065,"failureMessages":[],"meta":{},"tags":[]}],"startTime":1789162197791,"endTime":1789162197815.8203,"status":"passed","message":"","name":"C:/Users/rickf/Projects/_EHG/EHG_Engineer/.worktrees/SD-LEO-FIX-ADAM-DURABLE-DUTY-001/tests/unit/governance/demand-gate-emit.test.js"}]}