{"numTotalTestSuites":9,"numPassedTestSuites":9,"numFailedTestSuites":0,"numPendingTestSuites":0,"numTotalTests":28,"numPassedTests":28,"numFailedTests":0,"numPendingTests":0,"numTodoTests":0,"snapshot":{"added":0,"failure":false,"filesAdded":0,"filesRemoved":0,"filesRemovedList":[],"filesUnmatched":0,"filesUpdated":0,"matched":0,"total":0,"unchecked":0,"uncheckedKeysByFile":[],"unmatched":0,"updated":0,"didUpdate":false},"startTime":1788673592767,"success":true,"testResults":[{"assertionResults":[{"ancestorTitles":["SD-LEO-INFRA-PHASE-SCOPED-FENCE-001 FR-3/TS-4: WAIT-ceiling exemption"],"fullName":"SD-LEO-INFRA-PHASE-SCOPED-FENCE-001 FR-3/TS-4: WAIT-ceiling exemption an exempt gate stays WAIT even after 11 simulated prior attempts (ceiling would normally trip at 10)","status":"passed","title":"an exempt gate stays WAIT even after 11 simulated prior attempts (ceiling would normally trip at 10)","duration":3.711900000000014,"failureMessages":[],"meta":{},"tags":[]},{"ancestorTitles":["SD-LEO-INFRA-PHASE-SCOPED-FENCE-001 FR-3/TS-4: WAIT-ceiling exemption"],"fullName":"SD-LEO-INFRA-PHASE-SCOPED-FENCE-001 FR-3/TS-4: WAIT-ceiling exemption an exempt gate stays WAIT even after >24h simulated elapsed wall-clock","status":"passed","title":"an exempt gate stays WAIT even after >24h simulated elapsed wall-clock","duration":0.8516999999999371,"failureMessages":[],"meta":{},"tags":[]},{"ancestorTitles":["SD-LEO-INFRA-PHASE-SCOPED-FENCE-001 FR-3/TS-4: WAIT-ceiling exemption"],"fullName":"SD-LEO-INFRA-PHASE-SCOPED-FENCE-001 FR-3/TS-4: WAIT-ceiling exemption CONTROL: a non-exempt gate DOES escalate to FAIL past the same ceiling (no global regression)","status":"passed","title":"CONTROL: a non-exempt gate DOES escalate to FAIL past the same ceiling (no global regression)","duration":0.9302999999999884,"failureMessages":[],"meta":{},"tags":[]},{"ancestorTitles":["SD-LEO-INFRA-PHASE-SCOPED-FENCE-001 FR-3/TS-4: WAIT-ceiling exemption"],"fullName":"SD-LEO-INFRA-PHASE-SCOPED-FENCE-001 FR-3/TS-4: WAIT-ceiling exemption CONTROL: a non-exempt gate stays WAIT below the ceiling (baseline, byte-identical to pre-SD behavior)","status":"passed","title":"CONTROL: a non-exempt gate stays WAIT below the ceiling (baseline, byte-identical to pre-SD behavior)","duration":1.0700999999999112,"failureMessages":[],"meta":{},"tags":[]},{"ancestorTitles":["SD-LEO-INFRA-FIX-JOURNEY-WALK-001 FR-3: per-wait-REASON exemption (buildWaitResult's own flag)"],"fullName":"SD-LEO-INFRA-FIX-JOURNEY-WALK-001 FR-3: per-wait-REASON exemption (buildWaitResult's own flag) a WAIT result carrying exemptFromWaitCeiling=true is exempt even past the ceiling (25h old, attempts=1)","status":"passed","title":"a WAIT result carrying exemptFromWaitCeiling=true is exempt even past the ceiling (25h old, attempts=1)","duration":0.940599999999904,"failureMessages":[],"meta":{},"tags":[]},{"ancestorTitles":["SD-LEO-INFRA-FIX-JOURNEY-WALK-001 FR-3: per-wait-REASON exemption (buildWaitResult's own flag)"],"fullName":"SD-LEO-INFRA-FIX-JOURNEY-WALK-001 FR-3: per-wait-REASON exemption (buildWaitResult's own flag) NEGATIVE CONTROL: a WAIT result WITHOUT the exemption (e.g. a crashed walk, status=error) still escalates to FAIL at the same ceiling","status":"passed","title":"NEGATIVE CONTROL: a WAIT result WITHOUT the exemption (e.g. a crashed walk, status=error) still escalates to FAIL at the same ceiling","duration":0.8682000000001153,"failureMessages":[],"meta":{},"tags":[]},{"ancestorTitles":["SD-LEO-INFRA-FIX-JOURNEY-WALK-001 FR-3: per-wait-REASON exemption (buildWaitResult's own flag)"],"fullName":"SD-LEO-INFRA-FIX-JOURNEY-WALK-001 FR-3: per-wait-REASON exemption (buildWaitResult's own flag) EXEC TESTING finding: an exempt wait must NOT advance wait_attempts -- a frozen counter, not an accumulating one","status":"passed","title":"EXEC TESTING finding: an exempt wait must NOT advance wait_attempts -- a frozen counter, not an accumulating one","duration":0.764699999999948,"failureMessages":[],"meta":{},"tags":[]},{"ancestorTitles":["SD-LEO-INFRA-FIX-JOURNEY-WALK-001 FR-3: per-wait-REASON exemption (buildWaitResult's own flag)"],"fullName":"SD-LEO-INFRA-FIX-JOURNEY-WALK-001 FR-3: per-wait-REASON exemption (buildWaitResult's own flag) EXEC TESTING finding (regression, the bug this freeze fixes): a wait_attempts count accumulated ONLY during exempt waits must not later trip WAIT_LIMIT_EXCEEDED on a non-exempt wait from the same gate","status":"passed","title":"EXEC TESTING finding (regression, the bug this freeze fixes): a wait_attempts count accumulated ONLY during exempt waits must not later trip WAIT_LIMIT_EXCEEDED on a non-exempt wait from the same gate","duration":0.8185000000000855,"failureMessages":[],"meta":{},"tags":[]},{"ancestorTitles":["SD-LEO-INFRA-FIX-JOURNEY-WALK-001 FR-3: per-wait-REASON exemption (buildWaitResult's own flag)"],"fullName":"SD-LEO-INFRA-FIX-JOURNEY-WALK-001 FR-3: per-wait-REASON exemption (buildWaitResult's own flag) NEGATIVE CONTROL: a DIFFERENT wait reason from the same gate name is NOT exempted just because this gate can sometimes emit an exempt result","status":"passed","title":"NEGATIVE CONTROL: a DIFFERENT wait reason from the same gate name is NOT exempted just because this gate can sometimes emit an exempt result","duration":0.9400000000000546,"failureMessages":[],"meta":{},"tags":[]}],"startTime":1788673594241,"endTime":1788673594251.94,"status":"passed","message":"","name":"C:/Users/rickf/Projects/_EHG/EHG_Engineer/.worktrees/SD-LEO-INFRA-LEAD-FINAL-APPROVAL-001-A/scripts/modules/handoff/validation/exec-boundary-hold-wait-ceiling.test.js"},{"assertionResults":[{"ancestorTitles":["buildGatesFromRules — gate 4 (strategic-value) skip guard"],"fullName":"buildGatesFromRules — gate 4 (strategic-value) skip guard unbound (default): gate 4 is still SKIPPED for an infrastructure SD, byte-identical to before the fix","status":"passed","title":"unbound (default): gate 4 is still SKIPPED for an infrastructure SD, byte-identical to before the fix","duration":3.0265999999999167,"failureMessages":[],"meta":{},"tags":[]},{"ancestorTitles":["buildGatesFromRules — gate 4 (strategic-value) skip guard"],"fullName":"buildGatesFromRules — gate 4 (strategic-value) skip guard bound (SD_TYPE_SKIP_GUARD_BINDING=true): gate 4 is exempted and falls through to the real validator","status":"passed","title":"bound (SD_TYPE_SKIP_GUARD_BINDING=true): gate 4 is exempted and falls through to the real validator","duration":0.7088999999998578,"failureMessages":[],"meta":{},"tags":[]},{"ancestorTitles":["buildGatesFromRules — gate 4 (strategic-value) skip guard"],"fullName":"buildGatesFromRules — gate 4 (strategic-value) skip guard a genuinely code-specific gate (not gate 4) is still correctly skipped for a non-code sd_type, UNBOUND","status":"passed","title":"a genuinely code-specific gate (not gate 4) is still correctly skipped for a non-code sd_type, UNBOUND","duration":0.3101000000001477,"failureMessages":[],"meta":{},"tags":[]},{"ancestorTitles":["buildGatesFromRules — gate 4 (strategic-value) skip guard"],"fullName":"buildGatesFromRules — gate 4 (strategic-value) skip guard a genuinely code-specific gate (not gate 4) is still correctly skipped for a non-code sd_type, BOUND -- the fix narrows only gate 4, nothing else","status":"passed","title":"a genuinely code-specific gate (not gate 4) is still correctly skipped for a non-code sd_type, BOUND -- the fix narrows only gate 4, nothing else","duration":0.24759999999992033,"failureMessages":[],"meta":{},"tags":[]},{"ancestorTitles":["buildGatesFromRules — gate 4 (strategic-value) skip guard"],"fullName":"buildGatesFromRules — gate 4 (strategic-value) skip guard a code-type SD (e.g. feature) never hits shouldSkipCodeValidation at all -- gate 4 runs normally regardless of binding","status":"passed","title":"a code-type SD (e.g. feature) never hits shouldSkipCodeValidation at all -- gate 4 runs normally regardless of binding","duration":0.2545000000000073,"failureMessages":[],"meta":{},"tags":[]}],"startTime":1788673594241,"endTime":1788673594245.31,"status":"passed","message":"","name":"C:/Users/rickf/Projects/_EHG/EHG_Engineer/.worktrees/SD-LEO-INFRA-LEAD-FINAL-APPROVAL-001-A/scripts/modules/handoff/validation/ValidationOrchestrator.gate4-skip-guard.test.js"},{"assertionResults":[{"ancestorTitles":["buildGatesFromRules — orchestrator-child guard parity with the executor predicate"],"fullName":"buildGatesFromRules — orchestrator-child guard parity with the executor predicate skips DB-driven gates for a child identified by metadata.parent_orchestrator (existing behaviour, unchanged)","status":"passed","title":"skips DB-driven gates for a child identified by metadata.parent_orchestrator (existing behaviour, unchanged)","duration":2.4510999999999967,"failureMessages":[],"meta":{},"tags":[]},{"ancestorTitles":["buildGatesFromRules — orchestrator-child guard parity with the executor predicate"],"fullName":"buildGatesFromRules — orchestrator-child guard parity with the executor predicate skips DB-driven gates for a child identified by metadata.auto_generated (existing behaviour, unchanged)","status":"passed","title":"skips DB-driven gates for a child identified by metadata.auto_generated (existing behaviour, unchanged)","duration":0.8542999999999665,"failureMessages":[],"meta":{},"tags":[]},{"ancestorTitles":["buildGatesFromRules — orchestrator-child guard parity with the executor predicate"],"fullName":"buildGatesFromRules — orchestrator-child guard parity with the executor predicate QF-20260905-678: skips DB-driven gates for a child identified ONLY by a bare parent_sd_id (no metadata flags) -- matches the executor predicate","status":"passed","title":"QF-20260905-678: skips DB-driven gates for a child identified ONLY by a bare parent_sd_id (no metadata flags) -- matches the executor predicate","duration":0.7299000000000433,"failureMessages":[],"meta":{},"tags":[]},{"ancestorTitles":["buildGatesFromRules — orchestrator-child guard parity with the executor predicate"],"fullName":"buildGatesFromRules — orchestrator-child guard parity with the executor predicate a standalone SD (no parent_orchestrator, no auto_generated, no parent_sd_id) does NOT short-circuit -- reaches the DB-rule loading call","status":"passed","title":"a standalone SD (no parent_orchestrator, no auto_generated, no parent_sd_id) does NOT short-circuit -- reaches the DB-rule loading call","duration":0.7146999999999935,"failureMessages":[],"meta":{},"tags":[]}],"startTime":1788673594239,"endTime":1788673594243.7146,"status":"passed","message":"","name":"C:/Users/rickf/Projects/_EHG/EHG_Engineer/.worktrees/SD-LEO-INFRA-LEAD-FINAL-APPROVAL-001-A/scripts/modules/handoff/validation/ValidationOrchestrator.orchestrator-child-parent-sd-id.test.js"},{"assertionResults":[{"ancestorTitles":["ValidationOrchestrator.validateGates — FR-D1 required-flag persistence"],"fullName":"ValidationOrchestrator.validateGates — FR-D1 required-flag persistence merges the gate's static required:true onto a validator result that never sets it (the real-world shape)","status":"passed","title":"merges the gate's static required:true onto a validator result that never sets it (the real-world shape)","duration":3.1907000000001062,"failureMessages":[],"meta":{},"tags":[]},{"ancestorTitles":["ValidationOrchestrator.validateGates — FR-D1 required-flag persistence"],"fullName":"ValidationOrchestrator.validateGates — FR-D1 required-flag persistence merges required:false for a gate declared required:false in source","status":"passed","title":"merges required:false for a gate declared required:false in source","duration":0.9294999999999618,"failureMessages":[],"meta":{},"tags":[]},{"ancestorTitles":["ValidationOrchestrator.validateGates — FR-D1 required-flag persistence"],"fullName":"ValidationOrchestrator.validateGates — FR-D1 required-flag persistence a gate with no `required` key on its definition defaults to required:true (matches the live blocking predicate, gate.required !== false)","status":"passed","title":"a gate with no `required` key on its definition defaults to required:true (matches the live blocking predicate, gate.required !== false)","duration":0.8052000000000135,"failureMessages":[],"meta":{},"tags":[]},{"ancestorTitles":["ValidationOrchestrator.validateGates — FR-D1 required-flag persistence"],"fullName":"ValidationOrchestrator.validateGates — FR-D1 required-flag persistence preserves a validator-set dynamic required as required_effective without overwriting the static required:true (FR_DELIVERY_VERIFICATION shape)","status":"passed","title":"preserves a validator-set dynamic required as required_effective without overwriting the static required:true (FR_DELIVERY_VERIFICATION shape)","duration":0.8750999999999749,"failureMessages":[],"meta":{},"tags":[]},{"ancestorTitles":["ValidationOrchestrator.validateGates — FR-D1 required-flag persistence"],"fullName":"ValidationOrchestrator.validateGates — FR-D1 required-flag persistence threads status (PASS/FAIL) and does not fabricate skip_reason for a normal (non-skipped) result","status":"passed","title":"threads status (PASS/FAIL) and does not fabricate skip_reason for a normal (non-skipped) result","duration":0.9080999999998767,"failureMessages":[],"meta":{},"tags":[]},{"ancestorTitles":["ValidationOrchestrator.validateGates — FR-D1 required-flag persistence"],"fullName":"ValidationOrchestrator.validateGates — FR-D1 required-flag persistence threads status:SKIPPED and skip_reason for a type-skipped gate, distinguishing it from a real pass","status":"passed","title":"threads status:SKIPPED and skip_reason for a type-skipped gate, distinguishing it from a real pass","duration":0.8718000000001211,"failureMessages":[],"meta":{},"tags":[]},{"ancestorTitles":["ValidationOrchestrator.validateGates — FR-D1 required-flag persistence"],"fullName":"ValidationOrchestrator.validateGates — FR-D1 required-flag persistence does not change the live blocking verdict for a failing required gate (results.passed stays false)","status":"passed","title":"does not change the live blocking verdict for a failing required gate (results.passed stays false)","duration":0.807399999999916,"failureMessages":[],"meta":{},"tags":[]},{"ancestorTitles":["ValidationOrchestrator.validateGates — FR-D1 required-flag persistence"],"fullName":"ValidationOrchestrator.validateGates — FR-D1 required-flag persistence the FULL live LEAD-FINAL-APPROVAL roster (getRequiredGates(), not a hardcoded list of 9) persists its real static required value for every gate","status":"passed","title":"the FULL live LEAD-FINAL-APPROVAL roster (getRequiredGates(), not a hardcoded list of 9) persists its real static required value for every gate","duration":2.9732000000001335,"failureMessages":[],"meta":{},"tags":[]},{"ancestorTitles":["ValidationOrchestrator.validateGates — FR-D1 required-flag persistence"],"fullName":"ValidationOrchestrator.validateGates — FR-D1 required-flag persistence SECURITY finding L5: a replayed cache-hit verdict does NOT fabricate required_effective from the prior run's injected static `required`","status":"passed","title":"SECURITY finding L5: a replayed cache-hit verdict does NOT fabricate required_effective from the prior run's injected static `required`","duration":1.1441999999999553,"failureMessages":[],"meta":{},"tags":[]},{"ancestorTitles":["ValidationOrchestrator.validateGates — FR-D1 required-flag persistence"],"fullName":"ValidationOrchestrator.validateGates — FR-D1 required-flag persistence a replayed cache-hit verdict DOES preserve a genuinely-cached required_effective from a real prior validator override","status":"passed","title":"a replayed cache-hit verdict DOES preserve a genuinely-cached required_effective from a real prior validator override","duration":0.822400000000016,"failureMessages":[],"meta":{},"tags":[]}],"startTime":1788673594795,"endTime":1788673594807.8225,"status":"passed","message":"","name":"C:/Users/rickf/Projects/_EHG/EHG_Engineer/.worktrees/SD-LEO-INFRA-LEAD-FINAL-APPROVAL-001-A/scripts/modules/handoff/validation/ValidationOrchestrator.required-persistence.test.js"}]}