{"numTotalTestSuites":49,"numPassedTestSuites":49,"numFailedTestSuites":0,"numPendingTestSuites":0,"numTotalTests":159,"numPassedTests":159,"numFailedTests":0,"numPendingTests":0,"numTodoTests":0,"snapshot":{"added":0,"failure":false,"filesAdded":0,"filesRemoved":0,"filesRemovedList":[],"filesUnmatched":0,"filesUpdated":0,"matched":0,"total":0,"unchecked":0,"uncheckedKeysByFile":[],"unmatched":0,"updated":0,"didUpdate":false},"startTime":1788697495601,"success":true,"testResults":[{"assertionResults":[{"ancestorTitles":["isMissingRelation"],"fullName":"isMissingRelation recognises 42P01, PGRST205 and the COUNT_UNMEASURABLE throw, and the PostgREST message","status":"passed","title":"recognises 42P01, PGRST205 and the COUNT_UNMEASURABLE throw, and the PostgREST message","duration":2.378900000000044,"failureMessages":[],"meta":{},"tags":[]},{"ancestorTitles":["readRows"],"fullName":"readRows returns rows with a bounded select","status":"passed","title":"returns rows with a bounded select","duration":1.3123000000000502,"failureMessages":[],"meta":{},"tags":[]},{"ancestorTitles":["readRows"],"fullName":"readRows missing relation => empty rows, tables_absent=true, NO error field","status":"passed","title":"missing relation => empty rows, tables_absent=true, NO error field","duration":0.7163999999999078,"failureMessages":[],"meta":{},"tags":[]},{"ancestorTitles":["readRows"],"fullName":"readRows a thrown COUNT_UNMEASURABLE is a missing relation too","status":"passed","title":"a thrown COUNT_UNMEASURABLE is a missing relation too","duration":0.8881999999999834,"failureMessages":[],"meta":{},"tags":[]},{"ancestorTitles":["readRows"],"fullName":"readRows a genuine error is surfaced distinctly","status":"passed","title":"a genuine error is surfaced distinctly","duration":0.905399999999986,"failureMessages":[],"meta":{},"tags":[]},{"ancestorTitles":["writeRows"],"fullName":"writeRows missing relation => ok:false with the TABLES_ABSENT refusal, never a throw","status":"passed","title":"missing relation => ok:false with the TABLES_ABSENT refusal, never a throw","duration":0.8169000000000324,"failureMessages":[],"meta":{},"tags":[]},{"ancestorTitles":["writeRows"],"fullName":"writeRows success returns the data","status":"passed","title":"success returns the data","duration":0.625,"failureMessages":[],"meta":{},"tags":[]},{"ancestorTitles":["writeRows"],"fullName":"writeRows another failure is WRITE_FAILED with the message","status":"passed","title":"another failure is WRITE_FAILED with the message","duration":0.5584999999999809,"failureMessages":[],"meta":{},"tags":[]},{"ancestorTitles":["canonicalJson / sha256Hex"],"fullName":"canonicalJson / sha256Hex is key-order independent at every level (the hash subject must be canonical)","status":"passed","title":"is key-order independent at every level (the hash subject must be canonical)","duration":1.1848999999999705,"failureMessages":[],"meta":{},"tags":[]},{"ancestorTitles":["parseArgs / refusal"],"fullName":"parseArgs / refusal parses --flag, --key value and --key=value, positionals in _","status":"passed","title":"parses --flag, --key value and --key=value, positionals in _","duration":0.6828000000000429,"failureMessages":[],"meta":{},"tags":[]},{"ancestorTitles":["parseArgs / refusal"],"fullName":"parseArgs / refusal refusal envelopes carry ok:false and the code","status":"passed","title":"refusal envelopes carry ok:false and the code","duration":0.5412000000000035,"failureMessages":[],"meta":{},"tags":[]}],"startTime":1788697497401,"endTime":1788697497411.6829,"status":"passed","message":"","name":"C:/Users/rickf/Projects/_EHG/EHG_Engineer/.worktrees/SD-LEO-ORCH-MICHAEL-ROLE-FORMALIZATION-002-C/lib/michael/db.test.js"},{"assertionResults":[{"ancestorTitles":["isMissingRelation"],"fullName":"isMissingRelation recognises 42P01, PGRST205 and the COUNT_UNMEASURABLE throw, and the PostgREST message","status":"passed","title":"recognises 42P01, PGRST205 and the COUNT_UNMEASURABLE throw, and the PostgREST message","duration":2.1522999999999683,"failureMessages":[],"meta":{},"tags":[]},{"ancestorTitles":["readRows"],"fullName":"readRows returns rows with a bounded select","status":"passed","title":"returns rows with a bounded select","duration":1.3011999999999944,"failureMessages":[],"meta":{},"tags":[]},{"ancestorTitles":["readRows"],"fullName":"readRows missing relation => empty rows, tables_absent=true, NO error field","status":"passed","title":"missing relation => empty rows, tables_absent=true, NO error field","duration":0.6517999999999802,"failureMessages":[],"meta":{},"tags":[]},{"ancestorTitles":["readRows"],"fullName":"readRows a thrown COUNT_UNMEASURABLE is a missing relation too","status":"passed","title":"a thrown COUNT_UNMEASURABLE is a missing relation too","duration":0.6034000000000788,"failureMessages":[],"meta":{},"tags":[]},{"ancestorTitles":["readRows"],"fullName":"readRows a genuine error is surfaced distinctly","status":"passed","title":"a genuine error is surfaced distinctly","duration":0.6059000000000196,"failureMessages":[],"meta":{},"tags":[]},{"ancestorTitles":["writeRows"],"fullName":"writeRows missing relation => ok:false with the TABLES_ABSENT refusal, never a throw","status":"passed","title":"missing relation => ok:false with the TABLES_ABSENT refusal, never a throw","duration":0.6391000000000986,"failureMessages":[],"meta":{},"tags":[]},{"ancestorTitles":["writeRows"],"fullName":"writeRows success returns the data","status":"passed","title":"success returns the data","duration":0.5530999999999722,"failureMessages":[],"meta":{},"tags":[]},{"ancestorTitles":["writeRows"],"fullName":"writeRows another failure is WRITE_FAILED with the message","status":"passed","title":"another failure is WRITE_FAILED with the message","duration":0.5524999999998954,"failureMessages":[],"meta":{},"tags":[]},{"ancestorTitles":["canonicalJson / sha256Hex"],"fullName":"canonicalJson / sha256Hex is key-order independent at every level (the hash subject must be canonical)","status":"passed","title":"is key-order independent at every level (the hash subject must be canonical)","duration":1.0703999999999496,"failureMessages":[],"meta":{},"tags":[]},{"ancestorTitles":["parseArgs / refusal"],"fullName":"parseArgs / refusal parses --flag, --key value and --key=value, positionals in _","status":"passed","title":"parses --flag, --key value and --key=value, positionals in _","duration":0.6341999999999643,"failureMessages":[],"meta":{},"tags":[]},{"ancestorTitles":["parseArgs / refusal"],"fullName":"parseArgs / refusal refusal envelopes carry ok:false and the code","status":"passed","title":"refusal envelopes carry ok:false and the code","duration":0.5191999999999553,"failureMessages":[],"meta":{},"tags":[]},{"ancestorTitles":["loadRulesAndClosures"],"fullName":"loadRulesAndClosures returns active rules and only unexpired closures, with the filters applied to the query","status":"passed","title":"returns active rules and only unexpired closures, with the filters applied to the query","duration":1.4076000000000022,"failureMessages":[],"meta":{},"tags":[]},{"ancestorTitles":["loadRulesAndClosures"],"fullName":"loadRulesAndClosures includeSuperseded drops the status filter","status":"passed","title":"includeSuperseded drops the status filter","duration":0.5638000000000147,"failureMessages":[],"meta":{},"tags":[]},{"ancestorTitles":["loadRulesAndClosures"],"fullName":"loadRulesAndClosures tables absent => empty rows, tables_absent=true, no errors","status":"passed","title":"tables absent => empty rows, tables_absent=true, no errors","duration":0.4942999999999529,"failureMessages":[],"meta":{},"tags":[]},{"ancestorTitles":["renderers (pure)"],"fullName":"renderers (pure) RULES.md carries the six-field frontmatter, groups by domain, escapes pipes, shows provenance","status":"passed","title":"RULES.md carries the six-field frontmatter, groups by domain, escapes pipes, shows provenance","duration":0.8437000000000126,"failureMessages":[],"meta":{},"tags":[]},{"ancestorTitles":["renderers (pure)"],"fullName":"renderers (pure) CLOSURES.md lists closures with keywords joined","status":"passed","title":"CLOSURES.md lists closures with keywords joined","duration":0.5131000000000085,"failureMessages":[],"meta":{},"tags":[]},{"ancestorTitles":["renderers (pure)"],"fullName":"renderers (pure) tables-absent stubs say so and render no table","status":"passed","title":"tables-absent stubs say so and render no table","duration":0.5023000000001048,"failureMessages":[],"meta":{},"tags":[]},{"ancestorTitles":["scripts: rules-load and rules-render runners"],"fullName":"scripts: rules-load and rules-render runners rules-load returns rows and renders one line per rule/closure","status":"passed","title":"rules-load returns rows and renders one line per rule/closure","duration":0.7536000000000058,"failureMessages":[],"meta":{},"tags":[]},{"ancestorTitles":["scripts: rules-load and rules-render runners"],"fullName":"scripts: rules-load and rules-render runners rules-load is inert on absent tables (ok, empty, tables_absent=true)","status":"passed","title":"rules-load is inert on absent tables (ok, empty, tables_absent=true)","duration":0.9227999999999383,"failureMessages":[],"meta":{},"tags":[]},{"ancestorTitles":["scripts: rules-load and rules-render runners"],"fullName":"scripts: rules-load and rules-render runners rules-render writes both files through the injected writer","status":"passed","title":"rules-render writes both files through the injected writer","duration":0.7477999999999838,"failureMessages":[],"meta":{},"tags":[]},{"ancestorTitles":["scripts: rules-load and rules-render runners"],"fullName":"scripts: rules-load and rules-render runners the generated folder is gitignored (the chairman's review copies never enter the tree)","status":"passed","title":"the generated folder is gitignored (the chairman's review copies never enter the tree)","duration":479.62789999999995,"failureMessages":[],"meta":{},"tags":[]}],"startTime":1788697497464,"endTime":1788697497960.628,"status":"passed","message":"","name":"C:/Users/rickf/Projects/_EHG/EHG_Engineer/.worktrees/SD-LEO-ORCH-MICHAEL-ROLE-FORMALIZATION-002-C/lib/michael/rules.test.js"},{"assertionResults":[{"ancestorTitles":["requireAuth"],"fullName":"requireAuth returns 401 with NO_AUTH_HEADER when no Authorization header","status":"passed","title":"returns 401 with NO_AUTH_HEADER when no Authorization header","duration":5.057000000000016,"failureMessages":[],"meta":{},"tags":[]},{"ancestorTitles":["requireAuth"],"fullName":"requireAuth returns 401 when Authorization header does not start with Bearer","status":"passed","title":"returns 401 when Authorization header does not start with Bearer","duration":1.248899999999935,"failureMessages":[],"meta":{},"tags":[]},{"ancestorTitles":["requireAuth"],"fullName":"requireAuth calls next with user when valid JWT token","status":"passed","title":"calls next with user when valid JWT token","duration":60.90659999999991,"failureMessages":[],"meta":{},"tags":[]},{"ancestorTitles":["requireAuth"],"fullName":"requireAuth returns 401 with INVALID_TOKEN when token verification fails","status":"passed","title":"returns 401 with INVALID_TOKEN when token verification fails","duration":64.89110000000005,"failureMessages":[],"meta":{},"tags":[]},{"ancestorTitles":["requireAuth"],"fullName":"requireAuth returns 401 with TOKEN_ERROR when verifyToken throws","status":"passed","title":"returns 401 with TOKEN_ERROR when verifyToken throws","duration":60.46730000000002,"failureMessages":[],"meta":{},"tags":[]},{"ancestorTitles":["requireAuth"],"fullName":"requireAuth allows internal API key as alternative auth","status":"passed","title":"allows internal API key as alternative auth","duration":1.1852999999999838,"failureMessages":[],"meta":{},"tags":[]},{"ancestorTitles":["requireAuth"],"fullName":"requireAuth rejects invalid internal API key and requires JWT","status":"passed","title":"rejects invalid internal API key and requires JWT","duration":1.1365999999999303,"failureMessages":[],"meta":{},"tags":[]},{"ancestorTitles":["optionalAuth"],"fullName":"optionalAuth calls next without user when no Authorization header","status":"passed","title":"calls next without user when no Authorization header","duration":0.9413999999999305,"failureMessages":[],"meta":{},"tags":[]},{"ancestorTitles":["optionalAuth"],"fullName":"optionalAuth enriches request with user when valid token","status":"passed","title":"enriches request with user when valid token","duration":56.47589999999991,"failureMessages":[],"meta":{},"tags":[]},{"ancestorTitles":["optionalAuth"],"fullName":"optionalAuth calls next without user when token is invalid (no 401)","status":"passed","title":"calls next without user when token is invalid (no 401)","duration":61.75609999999995,"failureMessages":[],"meta":{},"tags":[]},{"ancestorTitles":["optionalAuth"],"fullName":"optionalAuth calls next without user when verifyToken throws (no 401)","status":"passed","title":"calls next without user when verifyToken throws (no 401)","duration":60.61740000000009,"failureMessages":[],"meta":{},"tags":[]},{"ancestorTitles":["optionalAuth"],"fullName":"optionalAuth allows internal API key","status":"passed","title":"allows internal API key","duration":0.7140999999999167,"failureMessages":[],"meta":{},"tags":[]},{"ancestorTitles":["requireAdminAuth"],"fullName":"requireAdminAuth returns 500 CONFIG_ERROR when INTERNAL_API_KEY not configured","status":"passed","title":"returns 500 CONFIG_ERROR when INTERNAL_API_KEY not configured","duration":0.9687000000000126,"failureMessages":[],"meta":{},"tags":[]},{"ancestorTitles":["requireAdminAuth"],"fullName":"requireAdminAuth returns 401 INVALID_API_KEY when no key provided","status":"passed","title":"returns 401 INVALID_API_KEY when no key provided","duration":0.5874000000000024,"failureMessages":[],"meta":{},"tags":[]},{"ancestorTitles":["requireAdminAuth"],"fullName":"requireAdminAuth returns 401 INVALID_API_KEY when wrong key provided","status":"passed","title":"returns 401 INVALID_API_KEY when wrong key provided","duration":0.5593999999999824,"failureMessages":[],"meta":{},"tags":[]},{"ancestorTitles":["requireAdminAuth"],"fullName":"requireAdminAuth sets isAdmin and calls next with valid key","status":"passed","title":"sets isAdmin and calls next with valid key","duration":0.5047000000000708,"failureMessages":[],"meta":{},"tags":[]},{"ancestorTitles":["verifyWebSocketToken"],"fullName":"verifyWebSocketToken returns null when no token in query or header","status":"passed","title":"returns null when no token in query or header","duration":0.6271000000000413,"failureMessages":[],"meta":{},"tags":[]},{"ancestorTitles":["verifyWebSocketToken"],"fullName":"verifyWebSocketToken extracts token from query parameter","status":"passed","title":"extracts token from query parameter","duration":0.5650000000000546,"failureMessages":[],"meta":{},"tags":[]},{"ancestorTitles":["verifyWebSocketToken"],"fullName":"verifyWebSocketToken extracts token from Authorization header","status":"passed","title":"extracts token from Authorization header","duration":0.5054999999999836,"failureMessages":[],"meta":{},"tags":[]},{"ancestorTitles":["verifyWebSocketToken"],"fullName":"verifyWebSocketToken returns null when token verification fails","status":"passed","title":"returns null when token verification fails","duration":0.49660000000005766,"failureMessages":[],"meta":{},"tags":[]}],"startTime":1788697497148,"endTime":1788697497528.5056,"status":"passed","message":"","name":"C:/Users/rickf/Projects/_EHG/EHG_Engineer/.worktrees/SD-LEO-ORCH-MICHAEL-ROLE-FORMALIZATION-002-C/server/middleware/auth.test.js"},{"assertionResults":[{"ancestorTitles":["GET /:id"],"fullName":"GET /:id returns 404 when the session does not exist","status":"passed","title":"returns 404 when the session does not exist","duration":3.1622999999999593,"failureMessages":[],"meta":{},"tags":[]},{"ancestorTitles":["GET /:id"],"fullName":"GET /:id returns the view-model + paused + browserMcpEnabled for an existing session","status":"passed","title":"returns the view-model + paused + browserMcpEnabled for an existing session","duration":2.602700000000027,"failureMessages":[],"meta":{},"tags":[]},{"ancestorTitles":["GET /:id"],"fullName":"GET /:id SD-LEO-INFRA-LEO-APP-RENDERED-001-B TR-1: includes additive badge/model/effort/role/callsign fields","status":"passed","title":"SD-LEO-INFRA-LEO-APP-RENDERED-001-B TR-1: includes additive badge/model/effort/role/callsign fields","duration":0.8682000000000016,"failureMessages":[],"meta":{},"tags":[]},{"ancestorTitles":["GET /:id"],"fullName":"GET /:id SD-LEO-INFRA-LEO-APP-RENDERED-001-B TR-1: additive fields degrade to null/safe defaults when metadata is empty","status":"passed","title":"SD-LEO-INFRA-LEO-APP-RENDERED-001-B TR-1: additive fields degrade to null/safe defaults when metadata is empty","duration":0.7798999999999978,"failureMessages":[],"meta":{},"tags":[]},{"ancestorTitles":["GET /:id/browser-log"],"fullName":"GET /:id/browser-log FR-5: returns the take-over/hand-back audit trail for this session, newest first","status":"passed","title":"FR-5: returns the take-over/hand-back audit trail for this session, newest first","duration":0.8497999999999593,"failureMessages":[],"meta":{},"tags":[]},{"ancestorTitles":["GET /:id/browser-log"],"fullName":"GET /:id/browser-log surfaces a query error as 500 rather than a false empty list","status":"passed","title":"surfaces a query error as 500 rather than a false empty list","duration":0.6702000000000226,"failureMessages":[],"meta":{},"tags":[]},{"ancestorTitles":["POST /:id/open"],"fullName":"POST /:id/open TS-1: attach() ok:true is returned as the non-degraded ok state","status":"passed","title":"TS-1: attach() ok:true is returned as the non-degraded ok state","duration":0.8444000000000642,"failureMessages":[],"meta":{},"tags":[]},{"ancestorTitles":["POST /:id/open"],"fullName":"POST /:id/open TS-2: attach() ok:false reason=not_found returns a distinct degraded state, not a generic failure","status":"passed","title":"TS-2: attach() ok:false reason=not_found returns a distinct degraded state, not a generic failure","duration":0.6974999999999909,"failureMessages":[],"meta":{},"tags":[]},{"ancestorTitles":["POST /:id/open"],"fullName":"POST /:id/open resolves the URL :id as a session_id (by=session_id), not a callsign","status":"passed","title":"resolves the URL :id as a session_id (by=session_id), not a callsign","duration":1.6358999999999924,"failureMessages":[],"meta":{},"tags":[]},{"ancestorTitles":["POST /:id/open"],"fullName":"POST /:id/open propagates a thrown error from attach() as 500","status":"passed","title":"propagates a thrown error from attach() as 500","duration":0.8868999999999687,"failureMessages":[],"meta":{},"tags":[]},{"ancestorTitles":["POST /:id/browser-session"],"fullName":"POST /:id/browser-session TS-3: gated off returns browser_mcp_disabled without exposing launchOptions","status":"passed","title":"TS-3: gated off returns browser_mcp_disabled without exposing launchOptions","duration":0.7316999999999325,"failureMessages":[],"meta":{},"tags":[]},{"ancestorTitles":["POST /:id/browser-session"],"fullName":"POST /:id/browser-session TS-4: gated on returns launchOptions verbatim","status":"passed","title":"TS-4: gated on returns launchOptions verbatim","duration":0.6245999999999867,"failureMessages":[],"meta":{},"tags":[]},{"ancestorTitles":["POST /:id/browser-session"],"fullName":"POST /:id/browser-session never forwards a client-supplied opts object (body) to requestBrowserSession (SECURITY review condition)","status":"passed","title":"never forwards a client-supplied opts object (body) to requestBrowserSession (SECURITY review condition)","duration":0.9141000000000759,"failureMessages":[],"meta":{},"tags":[]},{"ancestorTitles":["POST /:id/browser-session"],"fullName":"POST /:id/browser-session never forwards a client-supplied opts object (query string) to requestBrowserSession","status":"passed","title":"never forwards a client-supplied opts object (query string) to requestBrowserSession","duration":0.6462999999999965,"failureMessages":[],"meta":{},"tags":[]},{"ancestorTitles":["POST /:id/takeover"],"fullName":"POST /:id/takeover TS-5: propagates a signalTakeover persistence failure as 500, not a false ok:true","status":"passed","title":"TS-5: propagates a signalTakeover persistence failure as 500, not a false ok:true","duration":0.743099999999913,"failureMessages":[],"meta":{},"tags":[]},{"ancestorTitles":["POST /:id/takeover"],"fullName":"POST /:id/takeover returns paused:true on success","status":"passed","title":"returns paused:true on success","duration":0.5688999999999851,"failureMessages":[],"meta":{},"tags":[]},{"ancestorTitles":["POST /:id/takeover"],"fullName":"POST /:id/takeover passes a valid string sdKey through to signalTakeover","status":"passed","title":"passes a valid string sdKey through to signalTakeover","duration":0.6736999999999398,"failureMessages":[],"meta":{},"tags":[]},{"ancestorTitles":["POST /:id/takeover"],"fullName":"POST /:id/takeover normalizes a malformed sdKey (object, oversized string) to null rather than passing it through","status":"passed","title":"normalizes a malformed sdKey (object, oversized string) to null rather than passing it through","duration":0.7436999999999898,"failureMessages":[],"meta":{},"tags":[]},{"ancestorTitles":["POST /:id/hand-back"],"fullName":"POST /:id/hand-back TS-7: clears pause state on success","status":"passed","title":"TS-7: clears pause state on success","duration":0.6299999999999955,"failureMessages":[],"meta":{},"tags":[]},{"ancestorTitles":["POST /:id/hand-back"],"fullName":"POST /:id/hand-back propagates a signalHandBack persistence failure as 500","status":"passed","title":"propagates a signalHandBack persistence failure as 500","duration":0.6582999999999402,"failureMessages":[],"meta":{},"tags":[]},{"ancestorTitles":["TS-6: per-session-fresh-fetch discipline"],"fullName":"TS-6: per-session-fresh-fetch discipline two sequential GET /:id calls observe a mutation made between them (no stale-read/caching)","status":"passed","title":"two sequential GET /:id calls observe a mutation made between them (no stale-read/caching)","duration":0.7092999999999847,"failureMessages":[],"meta":{},"tags":[]}],"startTime":1788697497403,"endTime":1788697497424.7092,"status":"passed","message":"","name":"C:/Users/rickf/Projects/_EHG/EHG_Engineer/.worktrees/SD-LEO-ORCH-MICHAEL-ROLE-FORMALIZATION-002-C/server/routes/fleet-sessions.test.js"},{"assertionResults":[{"ancestorTitles":["requireAdminRole"],"fullName":"requireAdminRole allows when req.isAdmin=true (internal API key path)","status":"passed","title":"allows when req.isAdmin=true (internal API key path)","duration":3.682700000000068,"failureMessages":[],"meta":{},"tags":[]},{"ancestorTitles":["requireAdminRole"],"fullName":"requireAdminRole REFUSES a principal whose chairman role appears only in user_metadata (self-promotion)","status":"passed","title":"REFUSES a principal whose chairman role appears only in user_metadata (self-promotion)","duration":6.960699999999974,"failureMessages":[],"meta":{},"tags":[]},{"ancestorTitles":["requireAdminRole"],"fullName":"requireAdminRole allows user with app_metadata.role=chairman (service-role-written, trusted)","status":"passed","title":"allows user with app_metadata.role=chairman (service-role-written, trusted)","duration":0.9778999999999769,"failureMessages":[],"meta":{},"tags":[]},{"ancestorTitles":["requireAdminRole"],"fullName":"requireAdminRole ignores user_metadata even when app_metadata carries a non-admin role","status":"passed","title":"ignores user_metadata even when app_metadata carries a non-admin role","duration":0.8654000000000224,"failureMessages":[],"meta":{},"tags":[]},{"ancestorTitles":["requireAdminRole"],"fullName":"requireAdminRole allows user with top-level role=system_admin_ops","status":"passed","title":"allows user with top-level role=system_admin_ops","duration":0.7898000000000138,"failureMessages":[],"meta":{},"tags":[]},{"ancestorTitles":["requireAdminRole"],"fullName":"requireAdminRole rejects user with role=viewer with 403 NOT_ADMIN","status":"passed","title":"rejects user with role=viewer with 403 NOT_ADMIN","duration":1.020399999999995,"failureMessages":[],"meta":{},"tags":[]},{"ancestorTitles":["requireAdminRole"],"fullName":"requireAdminRole rejects user with no role field","status":"passed","title":"rejects user with no role field","duration":0.8713999999999942,"failureMessages":[],"meta":{},"tags":[]},{"ancestorTitles":["requireAdminRole"],"fullName":"requireAdminRole rejects null user (requireAuth should catch first, defensive)","status":"passed","title":"rejects null user (requireAuth should catch first, defensive)","duration":0.7587999999999511,"failureMessages":[],"meta":{},"tags":[]},{"ancestorTitles":["Router behavior"],"fullName":"Router behavior GET /violations returns empty data when table is empty","status":"passed","title":"GET /violations returns empty data when table is empty","duration":2.020999999999958,"failureMessages":[],"meta":{},"tags":[]},{"ancestorTitles":["Router behavior"],"fullName":"Router behavior GET /violations with page=-1 returns 400 BAD_PAGE","status":"passed","title":"GET /violations with page=-1 returns 400 BAD_PAGE","duration":1.0243000000000393,"failureMessages":[],"meta":{},"tags":[]},{"ancestorTitles":["Router behavior"],"fullName":"Router behavior GET /violations caps pageSize at 100","status":"passed","title":"GET /violations caps pageSize at 100","duration":0.9112999999999829,"failureMessages":[],"meta":{},"tags":[]},{"ancestorTitles":["Router behavior"],"fullName":"Router behavior GET /violations propagates Supabase errors as 500 QUERY_FAILED","status":"passed","title":"GET /violations propagates Supabase errors as 500 QUERY_FAILED","duration":0.9030999999999949,"failureMessages":[],"meta":{},"tags":[]},{"ancestorTitles":["Router behavior"],"fullName":"Router behavior GET /rules flags warn-severity rule with zero recent violations as promotion_eligible","status":"passed","title":"GET /rules flags warn-severity rule with zero recent violations as promotion_eligible","duration":8.672200000000089,"failureMessages":[],"meta":{},"tags":[]},{"ancestorTitles":["Router behavior"],"fullName":"Router behavior GET /rules sets promotion_eligible=false when fewer than 2 regen runs exist","status":"passed","title":"GET /rules sets promotion_eligible=false when fewer than 2 regen runs exist","duration":1.4916000000000622,"failureMessages":[],"meta":{},"tags":[]},{"ancestorTitles":["Router behavior"],"fullName":"Router behavior GET /runs filters to 30-day window via gte(started_at, since)","status":"passed","title":"GET /runs filters to 30-day window via gte(started_at, since)","duration":2.232699999999909,"failureMessages":[],"meta":{},"tags":[]},{"ancestorTitles":["Router behavior"],"fullName":"Router behavior GET /trend returns 7 daily buckets even when no violations exist","status":"passed","title":"GET /trend returns 7 daily buckets even when no violations exist","duration":3.4086999999999534,"failureMessages":[],"meta":{},"tags":[]},{"ancestorTitles":["Router behavior"],"fullName":"Router behavior GET /trend buckets violations by severity and day","status":"passed","title":"GET /trend buckets violations by severity and day","duration":1.1280000000000427,"failureMessages":[],"meta":{},"tags":[]}],"startTime":1788697497398,"endTime":1788697497436.128,"status":"passed","message":"","name":"C:/Users/rickf/Projects/_EHG/EHG_Engineer/.worktrees/SD-LEO-ORCH-MICHAEL-ROLE-FORMALIZATION-002-C/server/routes/protocol-lint.test.js"},{"assertionResults":[{"ancestorTitles":["gmail-act (TS-9)"],"fullName":"gmail-act (TS-9) planModify: label adds, archive removes INBOX, unarchive adds INBOX","status":"passed","title":"planModify: label adds, archive removes INBOX, unarchive adds INBOX","duration":2.3448000000000775,"failureMessages":[],"meta":{},"tags":[]},{"ancestorTitles":["gmail-act (TS-9)"],"fullName":"gmail-act (TS-9) A14: absent seam => exit-2 refusal GMAIL_CLIENT_ABSENT naming child C, ZERO from() calls, nothing written","status":"passed","title":"A14: absent seam => exit-2 refusal GMAIL_CLIENT_ABSENT naming child C, ZERO from() calls, nothing written","duration":12.632099999999923,"failureMessages":[],"meta":{},"tags":[]},{"ancestorTitles":["gmail-act (TS-9)"],"fullName":"gmail-act (TS-9) present seam: --unarchive calls modifyThread and stamps reopened_at on the triage row (upsert by et_date,thread_id)","status":"passed","title":"present seam: --unarchive calls modifyThread and stamps reopened_at on the triage row (upsert by et_date,thread_id)","duration":1.766300000000001,"failureMessages":[],"meta":{},"tags":[]},{"ancestorTitles":["gmail-act (TS-9)"],"fullName":"gmail-act (TS-9) present seam: --archive does NOT stamp reopened_at; a failed modify writes nothing","status":"passed","title":"present seam: --archive does NOT stamp reopened_at; a failed modify writes nothing","duration":1.4701000000000022,"failureMessages":[],"meta":{},"tags":[]},{"ancestorTitles":["gmail-act (TS-9)"],"fullName":"gmail-act (TS-9) argument refusals and --dry-run (no API call, no write)","status":"passed","title":"argument refusals and --dry-run (no API call, no write)","duration":0.8693000000000666,"failureMessages":[],"meta":{},"tags":[]},{"ancestorTitles":["gmail-act (TS-9)"],"fullName":"gmail-act (TS-9) SEC-L1: absent tables refuse BEFORE the Gmail call — modifyThread is never invoked","status":"passed","title":"SEC-L1: absent tables refuse BEFORE the Gmail call — modifyThread is never invoked","duration":0.7391000000000076,"failureMessages":[],"meta":{},"tags":[]},{"ancestorTitles":["gmail-act (TS-9)"],"fullName":"gmail-act (TS-9) SEC-L4: a throwing modifyThread is GMAIL_MODIFY_FAILED, not an uncaught throw","status":"passed","title":"SEC-L4: a throwing modifyThread is GMAIL_MODIFY_FAILED, not an uncaught throw","duration":0.8126000000000886,"failureMessages":[],"meta":{},"tags":[]},{"ancestorTitles":["todoist-act (TS-8)"],"fullName":"todoist-act (TS-8) reversesProposal: only when a proposed_date exists and differs","status":"passed","title":"reversesProposal: only when a proposed_date exists and differs","duration":0.5465000000000373,"failureMessages":[],"meta":{},"tags":[]},{"ancestorTitles":["todoist-act (TS-8)"],"fullName":"todoist-act (TS-8) reschedule to a DIFFERENT date than proposed stamps moved_back_at and appends the mutation","status":"passed","title":"reschedule to a DIFFERENT date than proposed stamps moved_back_at and appends the mutation","duration":1.4066000000000258,"failureMessages":[],"meta":{},"tags":[]},{"ancestorTitles":["todoist-act (TS-8)"],"fullName":"todoist-act (TS-8) A13: reschedule to the SAME date as proposed does NOT stamp moved_back_at","status":"passed","title":"A13: reschedule to the SAME date as proposed does NOT stamp moved_back_at","duration":0.8582999999999856,"failureMessages":[],"meta":{},"tags":[]},{"ancestorTitles":["todoist-act (TS-8)"],"fullName":"todoist-act (TS-8) complete, add and comment call the right client methods and record the row","status":"passed","title":"complete, add and comment call the right client methods and record the row","duration":1.88149999999996,"failureMessages":[],"meta":{},"tags":[]},{"ancestorTitles":["todoist-act (TS-8)"],"fullName":"todoist-act (TS-8) refusals: unknown verb, missing args, bad dates; --dry-run never loads the client","status":"passed","title":"refusals: unknown verb, missing args, bad dates; --dry-run never loads the client","duration":0.9270000000000209,"failureMessages":[],"meta":{},"tags":[]},{"ancestorTitles":["todoist-act (TS-8)"],"fullName":"todoist-act (TS-8) SEC-L1: absent tables refuse BEFORE the Todoist call — the client is never loaded","status":"passed","title":"SEC-L1: absent tables refuse BEFORE the Todoist call — the client is never loaded","duration":0.6984999999999673,"failureMessages":[],"meta":{},"tags":[]},{"ancestorTitles":["todoist-act (TS-8)"],"fullName":"todoist-act (TS-8) a client failure is TODOIST_CALL_FAILED with nothing written; a missing token is TODOIST_CLIENT_UNAVAILABLE","status":"passed","title":"a client failure is TODOIST_CALL_FAILED with nothing written; a missing token is TODOIST_CLIENT_UNAVAILABLE","duration":0.9016000000000304,"failureMessages":[],"meta":{},"tags":[]}],"startTime":1788697497465,"endTime":1788697497492.9016,"status":"passed","message":"","name":"C:/Users/rickf/Projects/_EHG/EHG_Engineer/.worktrees/SD-LEO-ORCH-MICHAEL-ROLE-FORMALIZATION-002-C/scripts/michael/act.test.js"},{"assertionResults":[{"ancestorTitles":["computeStreaks"],"fullName":"computeStreaks counts the trailing consecutive approves per rule, in et_date order regardless of row order","status":"passed","title":"counts the trailing consecutive approves per rule, in et_date order regardless of row order","duration":8.42349999999999,"failureMessages":[],"meta":{},"tags":[]},{"ancestorTitles":["computeStreaks"],"fullName":"computeStreaks override, skip and auto each reset the streak; gap days are ignored","status":"passed","title":"override, skip and auto each reset the streak; gap days are ignored","duration":0.8414000000000215,"failureMessages":[],"meta":{},"tags":[]},{"ancestorTitles":["computeStreaks"],"fullName":"computeStreaks dispositions without a rule_key are ignored","status":"passed","title":"dispositions without a rule_key are ignored","duration":0.56899999999996,"failureMessages":[],"meta":{},"tags":[]},{"ancestorTitles":["resolveThreshold precedence (A6)"],"fullName":"resolveThreshold precedence (A6) --threshold beats the brief rule beats the default 7","status":"passed","title":"--threshold beats the brief rule beats the default 7","duration":0.7152999999999565,"failureMessages":[],"meta":{},"tags":[]},{"ancestorTitles":["resolveThreshold precedence (A6)"],"fullName":"resolveThreshold precedence (A6) a seeded threshold of 3 yields a proposal at streak 3 (kills a hard-coded 7)","status":"passed","title":"a seeded threshold of 3 yields a proposal at streak 3 (kills a hard-coded 7)","duration":0.7782000000000835,"failureMessages":[],"meta":{},"tags":[]},{"ancestorTitles":["TS-5: proposals"],"fullName":"TS-5: proposals seven consecutive approves on a label/archive/reschedule rule yields exactly one proposal","status":"passed","title":"seven consecutive approves on a label/archive/reschedule rule yields exactly one proposal","duration":1.2641999999999598,"failureMessages":[],"meta":{},"tags":[]},{"ancestorTitles":["TS-5: proposals"],"fullName":"TS-5: proposals six approves then an override yields no proposal","status":"passed","title":"six approves then an override yields no proposal","duration":0.58299999999997,"failureMessages":[],"meta":{},"tags":[]},{"ancestorTitles":["TS-5: proposals"],"fullName":"TS-5: proposals complete and delete never propose, whatever the streak","status":"passed","title":"complete and delete never propose, whatever the streak","duration":0.546799999999962,"failureMessages":[],"meta":{},"tags":[]},{"ancestorTitles":["TS-5: proposals"],"fullName":"TS-5: proposals A7 mixed-rule ledger: seven approves on A and seven overrides on B on the same days => one proposal, for A","status":"passed","title":"A7 mixed-rule ledger: seven approves on A and seven overrides on B on the same days => one proposal, for A","duration":0.6275999999999158,"failureMessages":[],"meta":{},"tags":[]},{"ancestorTitles":["TS-5: proposals"],"fullName":"TS-5: proposals an already auto-applied rule is not re-proposed","status":"passed","title":"an already auto-applied rule is not re-proposed","duration":0.5158000000000129,"failureMessages":[],"meta":{},"tags":[]},{"ancestorTitles":["TS-6: revocations fire first"],"fullName":"TS-6: revocations fire first a reopened_at on a thread the rule archived revokes immediately","status":"passed","title":"a reopened_at on a thread the rule archived revokes immediately","duration":0.5458000000000993,"failureMessages":[],"meta":{},"tags":[]},{"ancestorTitles":["TS-6: revocations fire first"],"fullName":"TS-6: revocations fire first A11: a reopened_at EARLIER than action_taken_at is not a revoke; a moved_back_at on a rescheduled task is","status":"passed","title":"A11: a reopened_at EARLIER than action_taken_at is not a revoke; a moved_back_at on a rescheduled task is","duration":0.5348999999999933,"failureMessages":[],"meta":{},"tags":[]},{"ancestorTitles":["TS-6: revocations fire first"],"fullName":"TS-6: revocations fire first three consecutive overrides revoke; two do not","status":"passed","title":"three consecutive overrides revoke; two do not","duration":0.5096999999999525,"failureMessages":[],"meta":{},"tags":[]},{"ancestorTitles":["TS-6: revocations fire first"],"fullName":"TS-6: revocations fire first A10 ordering: a rule at threshold that also has a reopened_at is in revocations and NOT in proposals","status":"passed","title":"A10 ordering: a rule at threshold that also has a reopened_at is in revocations and NOT in proposals","duration":0.47199999999998,"failureMessages":[],"meta":{},"tags":[]},{"ancestorTitles":["TS-6: revocations fire first"],"fullName":"TS-6: revocations fire first signals on another rule do not touch this one (rule_key equality, never substring)","status":"passed","title":"signals on another rule do not touch this one (rule_key equality, never substring)","duration":0.4354000000000724,"failureMessages":[],"meta":{},"tags":[]},{"ancestorTitles":["runAutonomyRead against injected clients"],"fullName":"runAutonomyRead against injected clients absent tables => inert: ok, empty arrays, tables_absent=true, default threshold","status":"passed","title":"absent tables => inert: ok, empty arrays, tables_absent=true, default threshold","duration":0.8201999999999998,"failureMessages":[],"meta":{},"tags":[]},{"ancestorTitles":["runAutonomyRead against injected clients"],"fullName":"runAutonomyRead against injected clients --stage writes one rule_edit staged item per revocation and skips an existing open duplicate","status":"passed","title":"--stage writes one rule_edit staged item per revocation and skips an existing open duplicate","duration":1.539600000000064,"failureMessages":[],"meta":{},"tags":[]},{"ancestorTitles":["runAutonomyRead against injected clients"],"fullName":"runAutonomyRead against injected clients --rule filters to one rule and --threshold overrides","status":"passed","title":"--rule filters to one rule and --threshold overrides","duration":0.5984999999999445,"failureMessages":[],"meta":{},"tags":[]}],"startTime":1788697497405,"endTime":1788697497425.5984,"status":"passed","message":"","name":"C:/Users/rickf/Projects/_EHG/EHG_Engineer/.worktrees/SD-LEO-ORCH-MICHAEL-ROLE-FORMALIZATION-002-C/scripts/michael/autonomy-read.test.js"},{"assertionResults":[{"ancestorTitles":["cutoffEtDate"],"fullName":"cutoffEtDate is today-ET minus N days, on the ET calendar (05:00 ET on 09-06 -> 08-07 at 30 days)","status":"passed","title":"is today-ET minus N days, on the ET calendar (05:00 ET on 09-06 -> 08-07 at 30 days)","duration":16.934600000000046,"failureMessages":[],"meta":{},"tags":[]},{"ancestorTitles":["runRetention"],"fullName":"runRetention dry run: counts eligible rows per target with a STRICT lt(cutoff), writes no table, and still stamps feeder_runs (venue gha)","status":"passed","title":"dry run: counts eligible rows per target with a STRICT lt(cutoff), writes no table, and still stamps feeder_runs (venue gha)","duration":3.5118999999999687,"failureMessages":[],"meta":{},"tags":[]},{"ancestorTitles":["runRetention"],"fullName":"runRetention apply: nulls exactly the prose columns and deletes calendar rows, both strictly older than the cutoff (boundary row at cutoff untouched)","status":"passed","title":"apply: nulls exactly the prose columns and deletes calendar rows, both strictly older than the cutoff (boundary row at cutoff untouched)","duration":1.9832000000000107,"failureMessages":[],"meta":{},"tags":[]},{"ancestorTitles":["runRetention"],"fullName":"runRetention never touches rules, closures, the ledger, snapshots, labels, credentials or staged items","status":"passed","title":"never touches rules, closures, the ledger, snapshots, labels, credentials or staged items","duration":1.4055000000000746,"failureMessages":[],"meta":{},"tags":[]},{"ancestorTitles":["runRetention"],"fullName":"runRetention the stamp attempt increments from the newest retention row of the same ET day","status":"passed","title":"the stamp attempt increments from the newest retention row of the same ET day","duration":1.1217000000000326,"failureMessages":[],"meta":{},"tags":[]},{"ancestorTitles":["runRetention"],"fullName":"runRetention absent tables: inert (ok, tables_absent=true), no writes, no stamp attempted","status":"passed","title":"absent tables: inert (ok, tables_absent=true), no writes, no stamp attempted","duration":1.6953000000000884,"failureMessages":[],"meta":{},"tags":[]},{"ancestorTitles":["runRetention"],"fullName":"runRetention --days validates; a failed stamp makes the run not ok","status":"passed","title":"--days validates; a failed stamp makes the run not ok","duration":1.302599999999984,"failureMessages":[],"meta":{},"tags":[]}],"startTime":1788697497440,"endTime":1788697497468.3025,"status":"passed","message":"","name":"C:/Users/rickf/Projects/_EHG/EHG_Engineer/.worktrees/SD-LEO-ORCH-MICHAEL-ROLE-FORMALIZATION-002-C/scripts/michael/retention.test.js"},{"assertionResults":[{"ancestorTitles":["rule-encode: the Opus verifier gate"],"fullName":"rule-encode: the Opus verifier gate TS-2: a flip without --verifier-verdict refuses, names the verdict, and writes nothing","status":"passed","title":"TS-2: a flip without --verifier-verdict refuses, names the verdict, and writes nothing","duration":4.000800000000027,"failureMessages":[],"meta":{},"tags":[]},{"ancestorTitles":["rule-encode: the Opus verifier gate"],"fullName":"rule-encode: the Opus verifier gate scoped gate: a plain new rule (no flip, no prior) needs NO verdict and writes one row","status":"passed","title":"scoped gate: a plain new rule (no flip, no prior) needs NO verdict and writes one row","duration":1.7771000000000186,"failureMessages":[],"meta":{},"tags":[]},{"ancestorTitles":["rule-encode: the Opus verifier gate"],"fullName":"rule-encode: the Opus verifier gate TS-3: a flip with an opus approve verdict writes the row with the verdict verbatim in provenance","status":"passed","title":"TS-3: a flip with an opus approve verdict writes the row with the verdict verbatim in provenance","duration":1.0476000000001022,"failureMessages":[],"meta":{},"tags":[]},{"ancestorTitles":["rule-encode: the Opus verifier gate"],"fullName":"rule-encode: the Opus verifier gate TS-3/TR-4: superseding an active rule flips the prior FIRST (guarded on status) then inserts with supersedes","status":"passed","title":"TS-3/TR-4: superseding an active rule flips the prior FIRST (guarded on status) then inserts with supersedes","duration":1.0511999999999944,"failureMessages":[],"meta":{},"tags":[]},{"ancestorTitles":["rule-encode: the Opus verifier gate"],"fullName":"rule-encode: the Opus verifier gate TR-4: when the guarded flip touches zero rows (another writer superseded it) the insert is refused","status":"passed","title":"TR-4: when the guarded flip touches zero rows (another writer superseded it) the insert is refused","duration":0.7521000000000413,"failureMessages":[],"meta":{},"tags":[]},{"ancestorTitles":["rule-encode: the Opus verifier gate"],"fullName":"rule-encode: the Opus verifier gate TS-4: every verdict refusal has a DISTINCT code (producer, model, hash, reject, stale, invalid)","status":"passed","title":"TS-4: every verdict refusal has a DISTINCT code (producer, model, hash, reject, stale, invalid)","duration":0.7220999999999549,"failureMessages":[],"meta":{},"tags":[]},{"ancestorTitles":["rule-encode: the Opus verifier gate"],"fullName":"rule-encode: the Opus verifier gate TS-15: the subject hash is key-order independent (canonical JSON), and the seat cannot pass a hand-typed hash of a different subject","status":"passed","title":"TS-15: the subject hash is key-order independent (canonical JSON), and the seat cannot pass a hand-typed hash of a different subject","duration":0.7889000000000124,"failureMessages":[],"meta":{},"tags":[]},{"ancestorTitles":["rule-encode: the Opus verifier gate"],"fullName":"rule-encode: the Opus verifier gate needsVerifier: flip, verb change, or active prior => true; plain new rule => false","status":"passed","title":"needsVerifier: flip, verb change, or active prior => true; plain new rule => false","duration":0.5593999999999824,"failureMessages":[],"meta":{},"tags":[]},{"ancestorTitles":["rule-encode: the Opus verifier gate"],"fullName":"rule-encode: the Opus verifier gate argument refusals: domain, verb (complete never auto-applies), source shape, rule-json","status":"passed","title":"argument refusals: domain, verb (complete never auto-applies), source shape, rule-json","duration":0.7488999999999351,"failureMessages":[],"meta":{},"tags":[]},{"ancestorTitles":["rule-encode: the Opus verifier gate"],"fullName":"rule-encode: the Opus verifier gate absent tables: refuses TABLES_ABSENT before any write","status":"passed","title":"absent tables: refuses TABLES_ABSENT before any write","duration":0.6474999999999227,"failureMessages":[],"meta":{},"tags":[]},{"ancestorTitles":["rule-encode: the Opus verifier gate"],"fullName":"rule-encode: the Opus verifier gate --dry-run computes the hash and the gate but writes nothing","status":"passed","title":"--dry-run computes the hash and the gate but writes nothing","duration":0.6487999999999374,"failureMessages":[],"meta":{},"tags":[]},{"ancestorTitles":["closure-add / capture"],"fullName":"closure-add / capture closure-add upserts by closure_key with keywords split and provenance","status":"passed","title":"closure-add upserts by closure_key with keywords split and provenance","duration":0.8073000000000548,"failureMessages":[],"meta":{},"tags":[]},{"ancestorTitles":["closure-add / capture"],"fullName":"closure-add / capture closure-add refuses a bad expiry and absent tables","status":"passed","title":"closure-add refuses a bad expiry and absent tables","duration":0.5765999999999849,"failureMessages":[],"meta":{},"tags":[]},{"ancestorTitles":["closure-add / capture"],"fullName":"closure-add / capture capture stages a michael_staged_items row with kind and payload text","status":"passed","title":"capture stages a michael_staged_items row with kind and payload text","duration":1.164700000000039,"failureMessages":[],"meta":{},"tags":[]},{"ancestorTitles":["feedback-append: the disposition grain (TS-7)"],"fullName":"feedback-append: the disposition grain (TS-7) normalizes a disposition and rejects an unknown chosen","status":"passed","title":"normalizes a disposition and rejects an unknown chosen","duration":1.9103999999999814,"failureMessages":[],"meta":{},"tags":[]},{"ancestorTitles":["feedback-append: the disposition grain (TS-7)"],"fullName":"feedback-append: the disposition grain (TS-7) same-day append: existing dispositions are kept and the new one is appended; upsert by et_date","status":"passed","title":"same-day append: existing dispositions are kept and the new one is appended; upsert by et_date","duration":1.219699999999989,"failureMessages":[],"meta":{},"tags":[]},{"ancestorTitles":["feedback-append: the disposition grain (TS-7)"],"fullName":"feedback-append: the disposition grain (TS-7) defaults the date to today (ET) and refuses with nothing to write or a bad date","status":"passed","title":"defaults the date to today (ET) and refuses with nothing to write or a bad date","duration":13.438699999999926,"failureMessages":[],"meta":{},"tags":[]},{"ancestorTitles":["feedback-append: the disposition grain (TS-7)"],"fullName":"feedback-append: the disposition grain (TS-7) absent tables: refuses TABLES_ABSENT before any write","status":"passed","title":"absent tables: refuses TABLES_ABSENT before any write","duration":0.8223999999999023,"failureMessages":[],"meta":{},"tags":[]}],"startTime":1788697497472,"endTime":1788697497504.8225,"status":"passed","message":"","name":"C:/Users/rickf/Projects/_EHG/EHG_Engineer/.worktrees/SD-LEO-ORCH-MICHAEL-ROLE-FORMALIZATION-002-C/scripts/michael/verbs.test.js"},{"assertionResults":[{"ancestorTitles":["oauth-manager encrypt-at-rest"],"fullName":"oauth-manager encrypt-at-rest storeTokens never writes a plaintext token-shaped string to source_metadata","status":"passed","title":"storeTokens never writes a plaintext token-shaped string to source_metadata","duration":349.0837,"failureMessages":[],"meta":{},"tags":[]},{"ancestorTitles":["oauth-manager encrypt-at-rest"],"fullName":"oauth-manager encrypt-at-rest storeTokens scrubs a pre-existing legacy plaintext `tokens` key on next write","status":"passed","title":"storeTokens scrubs a pre-existing legacy plaintext `tokens` key on next write","duration":20.34190000000001,"failureMessages":[],"meta":{},"tags":[]},{"ancestorTitles":["oauth-manager encrypt-at-rest"],"fullName":"oauth-manager encrypt-at-rest getStoredTokens round-trips a token object written by storeTokens","status":"passed","title":"getStoredTokens round-trips a token object written by storeTokens","duration":37.00940000000003,"failureMessages":[],"meta":{},"tags":[]},{"ancestorTitles":["oauth-manager encrypt-at-rest"],"fullName":"oauth-manager encrypt-at-rest getStoredTokens returns null (not a throw) when no vault is present","status":"passed","title":"getStoredTokens returns null (not a throw) when no vault is present","duration":6.207599999999957,"failureMessages":[],"meta":{},"tags":[]},{"ancestorTitles":["oauth-manager encrypt-at-rest"],"fullName":"oauth-manager encrypt-at-rest getStoredTokens returns null (not a throw) on a decrypt failure -- forces re-auth rather than crashing the caller","status":"passed","title":"getStoredTokens returns null (not a throw) on a decrypt failure -- forces re-auth rather than crashing the caller","duration":41.286699999999996,"failureMessages":[],"meta":{},"tags":[]},{"ancestorTitles":["oauth-manager encrypt-at-rest"],"fullName":"oauth-manager encrypt-at-rest a row that still carries the legacy plaintext `tokens` key (pre-fix data) is NOT read as valid credentials -- getStoredTokens only trusts encrypted_tokens","status":"passed","title":"a row that still carries the legacy plaintext `tokens` key (pre-fix data) is NOT read as valid credentials -- getStoredTokens only trusts encrypted_tokens","duration":5.052200000000084,"failureMessages":[],"meta":{},"tags":[]},{"ancestorTitles":["oauth-manager encrypt-at-rest"],"fullName":"oauth-manager encrypt-at-rest two storeTokens calls with IDENTICAL token data produce DIFFERENT ciphertext (proves a fresh random salt/IV per call, not a deterministic scheme like base64/rot13)","status":"passed","title":"two storeTokens calls with IDENTICAL token data produce DIFFERENT ciphertext (proves a fresh random salt/IV per call, not a deterministic scheme like base64/rot13)","duration":125.27230000000009,"failureMessages":[],"meta":{},"tags":[]},{"ancestorTitles":["oauth-manager encrypt-at-rest"],"fullName":"oauth-manager encrypt-at-rest a single flipped byte in the stored ciphertext blob causes decryption to fail closed (null), not a silent garbage-decrypt -- a weaker corroborating check than the different-ciphertext-per-call test above, since a non-crypto scheme piping through JSON.parse would often also throw on corrupted input, but still confirms the fail-closed contract holds under tampering, not just under a missing/absent vault","status":"passed","title":"a single flipped byte in the stored ciphertext blob causes decryption to fail closed (null), not a silent garbage-decrypt -- a weaker corroborating check than the different-ciphertext-per-call test above, since a non-crypto scheme piping through JSON.parse would often also throw on corrupted input, but still confirms the fail-closed contract holds under tampering, not just under a missing/absent vault","duration":107.83560000000011,"failureMessages":[],"meta":{},"tags":[]},{"ancestorTitles":["oauth-manager encrypt-at-rest"],"fullName":"oauth-manager encrypt-at-rest storeTokens throws (does not silently return) when the DB update call reports an error","status":"passed","title":"storeTokens throws (does not silently return) when the DB update call reports an error","duration":46.484500000000025,"failureMessages":[],"meta":{},"tags":[]},{"ancestorTitles":["oauth-manager encrypt-at-rest"],"fullName":"oauth-manager encrypt-at-rest storeTokens throws (does not silently return) when the DB insert call reports an error (no pre-existing row)","status":"passed","title":"storeTokens throws (does not silently return) when the DB insert call reports an error (no pre-existing row)","duration":29.00520000000006,"failureMessages":[],"meta":{},"tags":[]},{"ancestorTitles":["oauth-manager encrypt-at-rest"],"fullName":"oauth-manager encrypt-at-rest storeTokens on a brand-new row (INSERT branch, no pre-existing row) also encrypts -- never writes plaintext on first-ever auth","status":"passed","title":"storeTokens on a brand-new row (INSERT branch, no pre-existing row) also encrypts -- never writes plaintext on first-ever auth","duration":56.36719999999991,"failureMessages":[],"meta":{},"tags":[]},{"ancestorTitles":["oauth-manager encrypt-at-rest"],"fullName":"oauth-manager encrypt-at-rest storeTokens preserves other pre-existing keys in source_metadata (does not drop sibling data)","status":"passed","title":"storeTokens preserves other pre-existing keys in source_metadata (does not drop sibling data)","duration":17.880499999999984,"failureMessages":[],"meta":{},"tags":[]}],"startTime":1788697497061,"endTime":1788697497902.8806,"status":"passed","message":"","name":"C:/Users/rickf/Projects/_EHG/EHG_Engineer/.worktrees/SD-LEO-ORCH-MICHAEL-ROLE-FORMALIZATION-002-C/lib/integrations/youtube/oauth-manager.test.js"}]}