{"numTotalTestSuites":19,"numPassedTestSuites":19,"numFailedTestSuites":0,"numPendingTestSuites":0,"numTotalTests":53,"numPassedTests":53,"numFailedTests":0,"numPendingTests":0,"numTodoTests":0,"snapshot":{"added":0,"failure":false,"filesAdded":0,"filesRemoved":0,"filesRemovedList":[],"filesUnmatched":0,"filesUpdated":0,"matched":0,"total":0,"unchecked":0,"uncheckedKeysByFile":[],"unmatched":0,"updated":0,"didUpdate":false},"startTime":1788672332419,"success":true,"testResults":[{"assertionResults":[{"ancestorTitles":["SD-Type Applicability Policy","Policy Version"],"fullName":"SD-Type Applicability Policy Policy Version should have a policy version defined","status":"passed","title":"should have a policy version defined","duration":2.0297999999999945,"failureMessages":[],"meta":{},"tags":[]},{"ancestorTitles":["SD-Type Applicability Policy","Enums"],"fullName":"SD-Type Applicability Policy Enums should define RequirementLevel correctly","status":"passed","title":"should define RequirementLevel correctly","duration":0.9144000000000005,"failureMessages":[],"meta":{},"tags":[]},{"ancestorTitles":["SD-Type Applicability Policy","Enums"],"fullName":"SD-Type Applicability Policy Enums should define ValidatorStatus correctly","status":"passed","title":"should define ValidatorStatus correctly","duration":0.813399999999973,"failureMessages":[],"meta":{},"tags":[]},{"ancestorTitles":["SD-Type Applicability Policy","Enums"],"fullName":"SD-Type Applicability Policy Enums should define SkipReasonCode correctly","status":"passed","title":"should define SkipReasonCode correctly","duration":0.7027999999999963,"failureMessages":[],"meta":{},"tags":[]},{"ancestorTitles":["SD-Type Applicability Policy","getValidatorRequirement()"],"fullName":"SD-Type Applicability Policy getValidatorRequirement() should return REQUIRED for unknown SD types (safe default)","status":"passed","title":"should return REQUIRED for unknown SD types (safe default)","duration":0.7613999999999805,"failureMessages":[],"meta":{},"tags":[]},{"ancestorTitles":["SD-Type Applicability Policy","getValidatorRequirement()"],"fullName":"SD-Type Applicability Policy getValidatorRequirement() should handle null/undefined SD type","status":"passed","title":"should handle null/undefined SD type","duration":0.661500000000018,"failureMessages":[],"meta":{},"tags":[]},{"ancestorTitles":["SD-Type Applicability Policy","getValidatorRequirement()","refactor SD type"],"fullName":"SD-Type Applicability Policy getValidatorRequirement() refactor SD type should mark TESTING as NON_APPLICABLE for refactor","status":"passed","title":"should mark TESTING as NON_APPLICABLE for refactor","duration":0.6993999999999971,"failureMessages":[],"meta":{},"tags":[]},{"ancestorTitles":["SD-Type Applicability Policy","getValidatorRequirement()","refactor SD type"],"fullName":"SD-Type Applicability Policy getValidatorRequirement() refactor SD type should mark DESIGN as NON_APPLICABLE for refactor","status":"passed","title":"should mark DESIGN as NON_APPLICABLE for refactor","duration":0.7355000000000018,"failureMessages":[],"meta":{},"tags":[]},{"ancestorTitles":["SD-Type Applicability Policy","getValidatorRequirement()","refactor SD type"],"fullName":"SD-Type Applicability Policy getValidatorRequirement() refactor SD type should mark REGRESSION as REQUIRED for refactor","status":"passed","title":"should mark REGRESSION as REQUIRED for refactor","duration":0.7608000000000175,"failureMessages":[],"meta":{},"tags":[]},{"ancestorTitles":["SD-Type Applicability Policy","getValidatorRequirement()","refactor SD type"],"fullName":"SD-Type Applicability Policy getValidatorRequirement() refactor SD type should mark GITHUB as REQUIRED for refactor","status":"passed","title":"should mark GITHUB as REQUIRED for refactor","duration":0.756699999999995,"failureMessages":[],"meta":{},"tags":[]},{"ancestorTitles":["SD-Type Applicability Policy","getValidatorRequirement()","infrastructure SD type"],"fullName":"SD-Type Applicability Policy getValidatorRequirement() infrastructure SD type should mark TESTING as NON_APPLICABLE for infrastructure","status":"passed","title":"should mark TESTING as NON_APPLICABLE for infrastructure","duration":1.448599999999999,"failureMessages":[],"meta":{},"tags":[]},{"ancestorTitles":["SD-Type Applicability Policy","getValidatorRequirement()","infrastructure SD type"],"fullName":"SD-Type Applicability Policy getValidatorRequirement() infrastructure SD type should mark DESIGN as NON_APPLICABLE for infrastructure","status":"passed","title":"should mark DESIGN as NON_APPLICABLE for infrastructure","duration":0.6633999999999958,"failureMessages":[],"meta":{},"tags":[]},{"ancestorTitles":["SD-Type Applicability Policy","getValidatorRequirement()","infrastructure SD type"],"fullName":"SD-Type Applicability Policy getValidatorRequirement() infrastructure SD type should mark GITHUB as NON_APPLICABLE for infrastructure","status":"passed","title":"should mark GITHUB as NON_APPLICABLE for infrastructure","duration":0.629400000000004,"failureMessages":[],"meta":{},"tags":[]},{"ancestorTitles":["SD-Type Applicability Policy","getValidatorRequirement()","infrastructure SD type"],"fullName":"SD-Type Applicability Policy getValidatorRequirement() infrastructure SD type should mark DOCMON as REQUIRED for infrastructure","status":"passed","title":"should mark DOCMON as REQUIRED for infrastructure","duration":0.6315999999999917,"failureMessages":[],"meta":{},"tags":[]},{"ancestorTitles":["SD-Type Applicability Policy","getValidatorRequirement()","feature SD type"],"fullName":"SD-Type Applicability Policy getValidatorRequirement() feature SD type should mark TESTING as REQUIRED for feature","status":"passed","title":"should mark TESTING as REQUIRED for feature","duration":0.6006000000000142,"failureMessages":[],"meta":{},"tags":[]},{"ancestorTitles":["SD-Type Applicability Policy","getValidatorRequirement()","feature SD type"],"fullName":"SD-Type Applicability Policy getValidatorRequirement() feature SD type should mark DESIGN as REQUIRED for feature","status":"passed","title":"should mark DESIGN as REQUIRED for feature","duration":0.7550999999999988,"failureMessages":[],"meta":{},"tags":[]},{"ancestorTitles":["SD-Type Applicability Policy","getValidatorRequirement()","feature SD type"],"fullName":"SD-Type Applicability Policy getValidatorRequirement() feature SD type should mark STORIES as REQUIRED for feature","status":"passed","title":"should mark STORIES as REQUIRED for feature","duration":0.6825000000000045,"failureMessages":[],"meta":{},"tags":[]},{"ancestorTitles":["SD-Type Applicability Policy","isValidatorRequired()"],"fullName":"SD-Type Applicability Policy isValidatorRequired() should return true for REQUIRED validators","status":"passed","title":"should return true for REQUIRED validators","duration":0.6936000000000035,"failureMessages":[],"meta":{},"tags":[]},{"ancestorTitles":["SD-Type Applicability Policy","isValidatorRequired()"],"fullName":"SD-Type Applicability Policy isValidatorRequired() should return false for NON_APPLICABLE validators","status":"passed","title":"should return false for NON_APPLICABLE validators","duration":0.6347000000000094,"failureMessages":[],"meta":{},"tags":[]},{"ancestorTitles":["SD-Type Applicability Policy","isValidatorRequired()"],"fullName":"SD-Type Applicability Policy isValidatorRequired() should return false for OPTIONAL validators","status":"passed","title":"should return false for OPTIONAL validators","duration":0.6089000000000055,"failureMessages":[],"meta":{},"tags":[]},{"ancestorTitles":["SD-Type Applicability Policy","isValidatorNonApplicable()"],"fullName":"SD-Type Applicability Policy isValidatorNonApplicable() should return true for NON_APPLICABLE validators","status":"passed","title":"should return true for NON_APPLICABLE validators","duration":0.6850000000000023,"failureMessages":[],"meta":{},"tags":[]},{"ancestorTitles":["SD-Type Applicability Policy","isValidatorNonApplicable()"],"fullName":"SD-Type Applicability Policy isValidatorNonApplicable() should return false for REQUIRED validators","status":"passed","title":"should return false for REQUIRED validators","duration":0.698599999999999,"failureMessages":[],"meta":{},"tags":[]},{"ancestorTitles":["SD-Type Applicability Policy","getRequiredValidators()"],"fullName":"SD-Type Applicability Policy getRequiredValidators() should return only REQUIRED validators for refactor","status":"passed","title":"should return only REQUIRED validators for refactor","duration":1.3485000000000014,"failureMessages":[],"meta":{},"tags":[]},{"ancestorTitles":["SD-Type Applicability Policy","getRequiredValidators()"],"fullName":"SD-Type Applicability Policy getRequiredValidators() should return multiple REQUIRED validators for feature","status":"passed","title":"should return multiple REQUIRED validators for feature","duration":0.7907999999999902,"failureMessages":[],"meta":{},"tags":[]},{"ancestorTitles":["SD-Type Applicability Policy","getRequiredValidators()"],"fullName":"SD-Type Applicability Policy getRequiredValidators() should return empty array for unknown SD type","status":"passed","title":"should return empty array for unknown SD type","duration":0.9150999999999954,"failureMessages":[],"meta":{},"tags":[]},{"ancestorTitles":["SD-Type Applicability Policy","getNonApplicableValidators()"],"fullName":"SD-Type Applicability Policy getNonApplicableValidators() should return NON_APPLICABLE validators for refactor","status":"passed","title":"should return NON_APPLICABLE validators for refactor","duration":0.8317000000000121,"failureMessages":[],"meta":{},"tags":[]},{"ancestorTitles":["SD-Type Applicability Policy","getNonApplicableValidators()"],"fullName":"SD-Type Applicability Policy getNonApplicableValidators() should return many NON_APPLICABLE validators for documentation","status":"passed","title":"should return many NON_APPLICABLE validators for documentation","duration":0.6992000000000189,"failureMessages":[],"meta":{},"tags":[]},{"ancestorTitles":["SD-Type Applicability Policy","createSkippedResult()"],"fullName":"SD-Type Applicability Policy createSkippedResult() should create a properly structured SKIPPED result","status":"passed","title":"should create a properly structured SKIPPED result","duration":1.0336999999999819,"failureMessages":[],"meta":{},"tags":[]},{"ancestorTitles":["SD-Type Applicability Policy","createSkippedResult()"],"fullName":"SD-Type Applicability Policy createSkippedResult() should include skip details for traceability","status":"passed","title":"should include skip details for traceability","duration":0.6981000000000108,"failureMessages":[],"meta":{},"tags":[]},{"ancestorTitles":["SD-Type Applicability Policy","createSkippedResult()"],"fullName":"SD-Type Applicability Policy createSkippedResult() should accept custom reason codes","status":"passed","title":"should accept custom reason codes","duration":0.6469999999999914,"failureMessages":[],"meta":{},"tags":[]},{"ancestorTitles":["SD-Type Applicability Policy","isSkippedResult()"],"fullName":"SD-Type Applicability Policy isSkippedResult() should return true for SKIPPED status","status":"passed","title":"should return true for SKIPPED status","duration":0.6887999999999863,"failureMessages":[],"meta":{},"tags":[]},{"ancestorTitles":["SD-Type Applicability Policy","isSkippedResult()"],"fullName":"SD-Type Applicability Policy isSkippedResult() should return true for skipped=true flag","status":"passed","title":"should return true for skipped=true flag","duration":0.6157000000000039,"failureMessages":[],"meta":{},"tags":[]},{"ancestorTitles":["SD-Type Applicability Policy","isSkippedResult()"],"fullName":"SD-Type Applicability Policy isSkippedResult() should return true for skipReason present","status":"passed","title":"should return true for skipReason present","duration":0.597200000000015,"failureMessages":[],"meta":{},"tags":[]},{"ancestorTitles":["SD-Type Applicability Policy","isSkippedResult()"],"fullName":"SD-Type Applicability Policy isSkippedResult() should return true for createSkippedResult() output","status":"passed","title":"should return true for createSkippedResult() output","duration":0.5928000000000111,"failureMessages":[],"meta":{},"tags":[]},{"ancestorTitles":["SD-Type Applicability Policy","isSkippedResult()"],"fullName":"SD-Type Applicability Policy isSkippedResult() should return false for PASS result","status":"passed","title":"should return false for PASS result","duration":0.6100000000000136,"failureMessages":[],"meta":{},"tags":[]},{"ancestorTitles":["SD-Type Applicability Policy","isSkippedResult()"],"fullName":"SD-Type Applicability Policy isSkippedResult() should return false for FAIL result","status":"passed","title":"should return false for FAIL result","duration":0.6090000000000089,"failureMessages":[],"meta":{},"tags":[]},{"ancestorTitles":["SD-Type Applicability Policy","isSkippedResult()"],"fullName":"SD-Type Applicability Policy isSkippedResult() should return false for null/undefined","status":"passed","title":"should return false for null/undefined","duration":0.8454000000000121,"failureMessages":[],"meta":{},"tags":[]},{"ancestorTitles":["SD-Type Applicability Policy","getPolicySummary()"],"fullName":"SD-Type Applicability Policy getPolicySummary() should return a complete summary for refactor","status":"passed","title":"should return a complete summary for refactor","duration":0.8763999999999896,"failureMessages":[],"meta":{},"tags":[]},{"ancestorTitles":["SD-Type Applicability Policy","getPolicySummary()"],"fullName":"SD-Type Applicability Policy getPolicySummary() should correctly categorize validators for refactor","status":"passed","title":"should correctly categorize validators for refactor","duration":0.8439999999999941,"failureMessages":[],"meta":{},"tags":[]},{"ancestorTitles":["SD-Type Applicability Policy","Integration: Refactor SD Workflow"],"fullName":"SD-Type Applicability Policy Integration: Refactor SD Workflow should allow refactor SD to complete with REGRESSION only","status":"passed","title":"should allow refactor SD to complete with REGRESSION only","duration":0.9151999999999987,"failureMessages":[],"meta":{},"tags":[]},{"ancestorTitles":["SD-Type Applicability Policy","detectCodeProduction"],"fullName":"SD-Type Applicability Policy detectCodeProduction should return false for non-infrastructure SD types","status":"passed","title":"should return false for non-infrastructure SD types","duration":0.7515999999999963,"failureMessages":[],"meta":{},"tags":[]},{"ancestorTitles":["SD-Type Applicability Policy","detectCodeProduction"],"fullName":"SD-Type Applicability Policy detectCodeProduction should return false for null/undefined SD","status":"passed","title":"should return false for null/undefined SD","duration":0.6491000000000042,"failureMessages":[],"meta":{},"tags":[]},{"ancestorTitles":["SD-Type Applicability Policy","detectCodeProduction"],"fullName":"SD-Type Applicability Policy detectCodeProduction should detect code production from .js file references in key_changes","status":"passed","title":"should detect code production from .js file references in key_changes","duration":1.301400000000001,"failureMessages":[],"meta":{},"tags":[]},{"ancestorTitles":["SD-Type Applicability Policy","detectCodeProduction"],"fullName":"SD-Type Applicability Policy detectCodeProduction should detect code production from .ts file references in key_changes","status":"passed","title":"should detect code production from .ts file references in key_changes","duration":0.676400000000001,"failureMessages":[],"meta":{},"tags":[]},{"ancestorTitles":["SD-Type Applicability Policy","detectCodeProduction"],"fullName":"SD-Type Applicability Policy detectCodeProduction should detect code production from .mjs file references in scope","status":"passed","title":"should detect code production from .mjs file references in scope","duration":0.6182999999999765,"failureMessages":[],"meta":{},"tags":[]},{"ancestorTitles":["SD-Type Applicability Policy","detectCodeProduction"],"fullName":"SD-Type Applicability Policy detectCodeProduction should return false for config-only key_changes","status":"passed","title":"should return false for config-only key_changes","duration":0.7244000000000028,"failureMessages":[],"meta":{},"tags":[]},{"ancestorTitles":["SD-Type Applicability Policy","detectCodeProduction"],"fullName":"SD-Type Applicability Policy detectCodeProduction should detect code production keywords in key_changes","status":"passed","title":"should detect code production keywords in key_changes","duration":0.6347000000000094,"failureMessages":[],"meta":{},"tags":[]},{"ancestorTitles":["SD-Type Applicability Policy","detectCodeProduction"],"fullName":"SD-Type Applicability Policy detectCodeProduction should detect code production keywords in title","status":"passed","title":"should detect code production keywords in title","duration":0.6099000000000103,"failureMessages":[],"meta":{},"tags":[]},{"ancestorTitles":["SD-Type Applicability Policy","detectCodeProduction"],"fullName":"SD-Type Applicability Policy detectCodeProduction should return false for empty key_changes and generic title","status":"passed","title":"should return false for empty key_changes and generic title","duration":0.5801000000000158,"failureMessages":[],"meta":{},"tags":[]},{"ancestorTitles":["SD-Type Applicability Policy","detectCodeProduction"],"fullName":"SD-Type Applicability Policy detectCodeProduction should handle string key_changes (JSON)","status":"passed","title":"should handle string key_changes (JSON)","duration":0.5711000000000013,"failureMessages":[],"meta":{},"tags":[]},{"ancestorTitles":["SD-Type Applicability Policy","detectCodeProduction"],"fullName":"SD-Type Applicability Policy detectCodeProduction should detect .sh and .ps1 script files","status":"passed","title":"should detect .sh and .ps1 script files","duration":0.5700999999999965,"failureMessages":[],"meta":{},"tags":[]}],"startTime":1788672332843,"endTime":1788672332883.57,"status":"passed","message":"","name":"C:/Users/rickf/Projects/_EHG/EHG_Engineer/.worktrees/SD-LEO-INFRA-LEAD-FINAL-APPROVAL-001-A/tests/unit/sd-type-applicability-policy.test.js"},{"assertionResults":[{"ancestorTitles":["ValidationOrchestrator — QF-20260812-365 zero-weight SD_TYPE_THRESHOLD skip"],"fullName":"ValidationOrchestrator — QF-20260812-365 zero-weight SD_TYPE_THRESHOLD skip an empty applicable gate list (totalWeight=0) skips SD_TYPE_THRESHOLD instead of blocking on a synthetic 0%","status":"passed","title":"an empty applicable gate list (totalWeight=0) skips SD_TYPE_THRESHOLD instead of blocking on a synthetic 0%","duration":3.4824999999999875,"failureMessages":[],"meta":{},"tags":[]},{"ancestorTitles":["ValidationOrchestrator — QF-20260812-365 zero-weight SD_TYPE_THRESHOLD skip"],"fullName":"ValidationOrchestrator — QF-20260812-365 zero-weight SD_TYPE_THRESHOLD skip control: a real weighted gate scoring below threshold still blocks (fix does not disable the real check)","status":"passed","title":"control: a real weighted gate scoring below threshold still blocks (fix does not disable the real check)","duration":1.568000000000012,"failureMessages":[],"meta":{},"tags":[]}],"startTime":1788672332885,"endTime":1788672332889.568,"status":"passed","message":"","name":"C:/Users/rickf/Projects/_EHG/EHG_Engineer/.worktrees/SD-LEO-INFRA-LEAD-FINAL-APPROVAL-001-A/tests/unit/handoff/validation-orchestrator-zero-weight-threshold.test.js"}]}