{"numTotalTestSuites":330,"numPassedTestSuites":330,"numFailedTestSuites":0,"numPendingTestSuites":0,"numTotalTests":1005,"numPassedTests":1000,"numFailedTests":0,"numPendingTests":5,"numTodoTests":0,"snapshot":{"added":0,"failure":false,"filesAdded":0,"filesRemoved":0,"filesRemovedList":[],"filesUnmatched":0,"filesUpdated":0,"matched":0,"total":0,"unchecked":0,"uncheckedKeysByFile":[],"unmatched":0,"updated":0,"didUpdate":false},"startTime":1789344841576,"success":true,"testResults":[{"assertionResults":[{"ancestorTitles":["Chairman Governance Gates","Stage 10 - Brand Approval Gate"],"fullName":"Chairman Governance Gates Stage 10 - Brand Approval Gate should have chairmanGate in defaultData","status":"passed","title":"should have chairmanGate in defaultData","duration":23.65189999999984,"failureMessages":[],"meta":{},"tags":[]},{"ancestorTitles":["Chairman Governance Gates","Stage 10 - Brand Approval Gate"],"fullName":"Chairman Governance Gates Stage 10 - Brand Approval Gate should have chairmanGate in schema","status":"passed","title":"should have chairmanGate in schema","duration":2.205800000000181,"failureMessages":[],"meta":{},"tags":[]},{"ancestorTitles":["Chairman Governance Gates","Stage 10 - Brand Approval Gate"],"fullName":"Chairman Governance Gates Stage 10 - Brand Approval Gate should pass validation when chairman gate is approved","status":"passed","title":"should pass validation when chairman gate is approved","duration":3.083799999999883,"failureMessages":[],"meta":{},"tags":[]},{"ancestorTitles":["Chairman Governance Gates","Stage 10 - Brand Approval Gate"],"fullName":"Chairman Governance Gates Stage 10 - Brand Approval Gate should fail validation when chairman gate is pending","status":"passed","title":"should fail validation when chairman gate is pending","duration":12.685799999999745,"failureMessages":[],"meta":{},"tags":[]},{"ancestorTitles":["Chairman Governance Gates","Stage 10 - Brand Approval Gate"],"fullName":"Chairman Governance Gates Stage 10 - Brand Approval Gate should fail validation when chairman gate is rejected","status":"passed","title":"should fail validation when chairman gate is rejected","duration":2.210399999999936,"failureMessages":[],"meta":{},"tags":[]},{"ancestorTitles":["Chairman Governance Gates","Stage 10 - Brand Approval Gate"],"fullName":"Chairman Governance Gates Stage 10 - Brand Approval Gate should fail validation when chairmanGate is missing","status":"passed","title":"should fail validation when chairmanGate is missing","duration":2.9884000000001834,"failureMessages":[],"meta":{},"tags":[]},{"ancestorTitles":["Chairman Governance Gates","Stage 10 - Brand Approval Gate"],"fullName":"Chairman Governance Gates Stage 10 - Brand Approval Gate should have onBeforeAnalysis hook","status":"passed","title":"should have onBeforeAnalysis hook","duration":1.7381000000000313,"failureMessages":[],"meta":{},"tags":[]}],"startTime":1789344849207,"endTime":1789344849256.738,"status":"passed","message":"","name":"C:/Users/rickf/Projects/_EHG/EHG_Engineer/.worktrees/SD-LEARN-FIX-ADDRESS-PAT-LES-010/tests/unit/eva/stage-templates/chairman-gates.test.js"},{"assertionResults":[{"ancestorTitles":["stage-templates barrel — invariants"],"fullName":"stage-templates barrel — invariants discovers every stage on disk (STAGE_COUNT >= 26)","status":"passed","title":"discovers every stage on disk (STAGE_COUNT >= 26)","duration":4.564399999999296,"failureMessages":[],"meta":{},"tags":[]},{"ancestorTitles":["stage-templates barrel — invariants"],"fullName":"stage-templates barrel — invariants getAllTemplates returns STAGE_COUNT templates","status":"passed","title":"getAllTemplates returns STAGE_COUNT templates","duration":2.680000000000291,"failureMessages":[],"meta":{},"tags":[]},{"ancestorTitles":["stage-templates barrel — invariants"],"fullName":"stage-templates barrel — invariants every discovered template has a non-empty id and slug","status":"passed","title":"every discovered template has a non-empty id and slug","duration":4.1502999999993335,"failureMessages":[],"meta":{},"tags":[]},{"ancestorTitles":["stage-templates barrel — invariants"],"fullName":"stage-templates barrel — invariants getTemplate returns the matching template for stages 1..STAGE_COUNT","status":"passed","title":"getTemplate returns the matching template for stages 1..STAGE_COUNT","duration":2.722799999999552,"failureMessages":[],"meta":{},"tags":[]},{"ancestorTitles":["stage-templates barrel — invariants"],"fullName":"stage-templates barrel — invariants getTemplate returns null for out-of-range stage numbers","status":"passed","title":"getTemplate returns null for out-of-range stage numbers","duration":39.655000000000655,"failureMessages":[],"meta":{},"tags":[]},{"ancestorTitles":["stage-templates barrel — getNamedExport"],"fullName":"stage-templates barrel — getNamedExport returns null (does not throw) for missing stages","status":"passed","title":"returns null (does not throw) for missing stages","duration":1.6787999999996828,"failureMessages":[],"meta":{},"tags":[]},{"ancestorTitles":["stage-templates barrel — getNamedExport"],"fullName":"stage-templates barrel — getNamedExport returns null (does not throw) for missing exports on existing stages","status":"passed","title":"returns null (does not throw) for missing exports on existing stages","duration":1.4536000000007334,"failureMessages":[],"meta":{},"tags":[]},{"ancestorTitles":["stage-templates barrel — getNamedExport"],"fullName":"stage-templates barrel — getNamedExport returns the function when an existing named export is requested","status":"passed","title":"returns the function when an existing named export is requested","duration":2.2317000000002736,"failureMessages":[],"meta":{},"tags":[]},{"ancestorTitles":["stage-templates barrel — getNamedExport"],"fullName":"stage-templates barrel — getNamedExport does not crash if a previously-known export was deleted from a stage file","status":"passed","title":"does not crash if a previously-known export was deleted from a stage file","duration":2.1093000000000757,"failureMessages":[],"meta":{},"tags":[]},{"ancestorTitles":["stage-templates barrel — getAllNamedExports snapshot"],"fullName":"stage-templates barrel — getAllNamedExports snapshot returns a non-empty map of named exports across stages","status":"passed","title":"returns a non-empty map of named exports across stages","duration":12.284499999999753,"failureMessages":[],"meta":{},"tags":[]},{"ancestorTitles":["stage-templates barrel — getAllNamedExports snapshot"],"fullName":"stage-templates barrel — getAllNamedExports snapshot each entry maps export-name -> {stageNumber: value}","status":"passed","title":"each entry maps export-name -> {stageNumber: value}","duration":6.962400000000343,"failureMessages":[],"meta":{},"tags":[]},{"ancestorTitles":["stage-templates barrel — backward-compat default re-exports"],"fullName":"stage-templates barrel — backward-compat default re-exports exports stage01 with id stage-01","status":"passed","title":"exports stage01 with id stage-01","duration":2.317300000000614,"failureMessages":[],"meta":{},"tags":[]},{"ancestorTitles":["stage-templates barrel — backward-compat default re-exports"],"fullName":"stage-templates barrel — backward-compat default re-exports exports stage17 (Blueprint Review post-redesign) with id stage-17","status":"passed","title":"exports stage17 (Blueprint Review post-redesign) with id stage-17","duration":2.317300000000614,"failureMessages":[],"meta":{},"tags":[]},{"ancestorTitles":["stage-templates barrel — backward-compat default re-exports"],"fullName":"stage-templates barrel — backward-compat default re-exports exports stage26 with id stage-26","status":"passed","title":"exports stage26 with id stage-26","duration":1.6327000000001135,"failureMessages":[],"meta":{},"tags":[]}],"startTime":1789344852977,"endTime":1789344853065.6328,"status":"passed","message":"","name":"C:/Users/rickf/Projects/_EHG/EHG_Engineer/.worktrees/SD-LEARN-FIX-ADDRESS-PAT-LES-010/tests/unit/eva/stage-templates/index.test.js"},{"assertionResults":[{"ancestorTitles":["deriveUnitEconomics (FR-1 helper)"],"fullName":"deriveUnitEconomics (FR-1 helper) TS-1: healthy inputs yield finite ltv, cac_ltv_ratio, payback_months","status":"passed","title":"TS-1: healthy inputs yield finite ltv, cac_ltv_ratio, payback_months","duration":3.4204999999999472,"failureMessages":[],"meta":{},"tags":[]},{"ancestorTitles":["deriveUnitEconomics (FR-1 helper)"],"fullName":"deriveUnitEconomics (FR-1 helper) TS-2: zero-churn -> ltv & cac_ltv_ratio null with a true-negative warning; payback still finite (churn-independent)","status":"passed","title":"TS-2: zero-churn -> ltv & cac_ltv_ratio null with a true-negative warning; payback still finite (churn-independent)","duration":1.7993999999998778,"failureMessages":[],"meta":{},"tags":[]},{"ancestorTitles":["deriveUnitEconomics (FR-1 helper)"],"fullName":"deriveUnitEconomics (FR-1 helper) TS-2b: zero monthly profit (arpa or margin 0) -> payback null with warning","status":"passed","title":"TS-2b: zero monthly profit (arpa or margin 0) -> payback null with warning","duration":1.2588000000000648,"failureMessages":[],"meta":{},"tags":[]},{"ancestorTitles":["deriveUnitEconomics (FR-1 helper)"],"fullName":"deriveUnitEconomics (FR-1 helper) TS-3: idempotent — pure over raw inputs (two runs are deeply equal)","status":"passed","title":"TS-3: idempotent — pure over raw inputs (two runs are deeply equal)","duration":1.3057000000001153,"failureMessages":[],"meta":{},"tags":[]},{"ancestorTitles":["evaluateRealityGate (FR-2 resilient + teeth, FR-3 strings)"],"fullName":"evaluateRealityGate (FR-2 resilient + teeth, FR-3 strings) TS-4: derived fields ABSENT but raw inputs present + healthy -> resilient PASS","status":"passed","title":"TS-4: derived fields ABSENT but raw inputs present + healthy -> resilient PASS","duration":1.4226000000001022,"failureMessages":[],"meta":{},"tags":[]},{"ancestorTitles":["evaluateRealityGate (FR-2 resilient + teeth, FR-3 strings)"],"fullName":"evaluateRealityGate (FR-2 resilient + teeth, FR-3 strings) TS-4b: derived fields PRESENT + viable -> PASS (no regression)","status":"passed","title":"TS-4b: derived fields PRESENT + viable -> PASS (no regression)","duration":1.1671999999998661,"failureMessages":[],"meta":{},"tags":[]},{"ancestorTitles":["evaluateRealityGate (FR-2 resilient + teeth, FR-3 strings)"],"fullName":"evaluateRealityGate (FR-2 resilient + teeth, FR-3 strings) TS-5: TEETH — computable but LTV < CAC -> FAIL (not a rubber stamp)","status":"passed","title":"TS-5: TEETH — computable but LTV < CAC -> FAIL (not a rubber stamp)","duration":1.222400000000107,"failureMessages":[],"meta":{},"tags":[]},{"ancestorTitles":["evaluateRealityGate (FR-2 resilient + teeth, FR-3 strings)"],"fullName":"evaluateRealityGate (FR-2 resilient + teeth, FR-3 strings) TS-6: zero-churn -> FAIL with a TRUE-NEGATIVE string, not the misleading \"LTV not computed\"","status":"passed","title":"TS-6: zero-churn -> FAIL with a TRUE-NEGATIVE string, not the misleading \"LTV not computed\"","duration":1.29950000000008,"failureMessages":[],"meta":{},"tags":[]},{"ancestorTitles":["evaluateRealityGate (FR-2 resilient + teeth, FR-3 strings)"],"fullName":"evaluateRealityGate (FR-2 resilient + teeth, FR-3 strings) TS-6b: non-computable (no inputs, no derived) -> FAIL naming the missing-derived-field cause","status":"passed","title":"TS-6b: non-computable (no inputs, no derived) -> FAIL naming the missing-derived-field cause","duration":1.2462000000000444,"failureMessages":[],"meta":{},"tags":[]}],"startTime":1789344849140,"endTime":1789344849154.246,"status":"passed","message":"","name":"C:/Users/rickf/Projects/_EHG/EHG_Engineer/.worktrees/SD-LEARN-FIX-ADDRESS-PAT-LES-010/tests/unit/eva/stage-templates/s7-derived-unit-econ.test.js"},{"assertionResults":[{"ancestorTitles":["buildScreenReconciliation"],"fullName":"buildScreenReconciliation AltifyAI-shaped: writes exactly 4 rows, screen-2 built_and_walked, unreferenced screens unreachable","status":"passed","title":"AltifyAI-shaped: writes exactly 4 rows, screen-2 built_and_walked, unreferenced screens unreachable","duration":5.681699999999978,"failureMessages":[],"meta":{},"tags":[]},{"ancestorTitles":["buildScreenReconciliation"],"fullName":"buildScreenReconciliation a journey-referenced screen with no UAT run at all reads built_not_walked, never a false built_and_walked","status":"passed","title":"a journey-referenced screen with no UAT run at all reads built_not_walked, never a false built_and_walked","duration":1.2084999999999582,"failureMessages":[],"meta":{},"tags":[]},{"ancestorTitles":["buildScreenReconciliation"],"fullName":"buildScreenReconciliation a journey-referenced screen with a FAILING UAT result reads built_not_walked, not built_and_walked","status":"passed","title":"a journey-referenced screen with a FAILING UAT result reads built_not_walked, not built_and_walked","duration":1.0436999999999443,"failureMessages":[],"meta":{},"tags":[]},{"ancestorTitles":["buildScreenReconciliation"],"fullName":"buildScreenReconciliation an ENTRY_POINT disposition supplies built_surface_artifact_type and flips an unreachable screen to built_not_walked","status":"passed","title":"an ENTRY_POINT disposition supplies built_surface_artifact_type and flips an unreachable screen to built_not_walked","duration":0.9272000000000844,"failureMessages":[],"meta":{},"tags":[]},{"ancestorTitles":["buildScreenReconciliation"],"fullName":"buildScreenReconciliation does not throw when wireframe_screens is empty","status":"passed","title":"does not throw when wireframe_screens is empty","duration":0.8505000000000109,"failureMessages":[],"meta":{},"tags":[]},{"ancestorTitles":["buildScreenReconciliation"],"fullName":"buildScreenReconciliation does not throw when supabase or ventureId is missing","status":"passed","title":"does not throw when supabase or ventureId is missing","duration":1.2766000000000304,"failureMessages":[],"meta":{},"tags":[]},{"ancestorTitles":["buildScreenReconciliation"],"fullName":"buildScreenReconciliation reports upsert_failed without throwing when the write fails","status":"passed","title":"reports upsert_failed without throwing when the write fails","duration":0.8935000000000173,"failureMessages":[],"meta":{},"tags":[]},{"ancestorTitles":["readScreenReconciliation"],"fullName":"readScreenReconciliation returns rows for the sitting packet to consume","status":"passed","title":"returns rows for the sitting packet to consume","duration":0.9405000000000427,"failureMessages":[],"meta":{},"tags":[]},{"ancestorTitles":["readScreenReconciliation"],"fullName":"readScreenReconciliation returns an empty array (never throws) on missing supabase/ventureId or a DB error","status":"passed","title":"returns an empty array (never throws) on missing supabase/ventureId or a DB error","duration":1.0462999999999738,"failureMessages":[],"meta":{},"tags":[]}],"startTime":1789344847663,"endTime":1789344847677.0464,"status":"passed","message":"","name":"C:/Users/rickf/Projects/_EHG/EHG_Engineer/.worktrees/SD-LEARN-FIX-ADDRESS-PAT-LES-010/tests/unit/eva/stage-templates/screen-reconciliation-builder.test.js"},{"assertionResults":[{"ancestorTitles":["stage-01-hydration.js - analyzeStage01","Input validation"],"fullName":"stage-01-hydration.js - analyzeStage01 Input validation should throw when synthesis is missing","status":"passed","title":"should throw when synthesis is missing","duration":3.484399999999823,"failureMessages":[],"meta":{},"tags":[]},{"ancestorTitles":["stage-01-hydration.js - analyzeStage01","Input validation"],"fullName":"stage-01-hydration.js - analyzeStage01 Input validation should throw when synthesis is null","status":"passed","title":"should throw when synthesis is null","duration":1.130699999999706,"failureMessages":[],"meta":{},"tags":[]},{"ancestorTitles":["stage-01-hydration.js - analyzeStage01","LLM integration"],"fullName":"stage-01-hydration.js - analyzeStage01 LLM integration should call getLLMClient with content-generation purpose","status":"passed","title":"should call getLLMClient with content-generation purpose","duration":2.088999999999942,"failureMessages":[],"meta":{},"tags":[]},{"ancestorTitles":["stage-01-hydration.js - analyzeStage01","LLM integration"],"fullName":"stage-01-hydration.js - analyzeStage01 LLM integration should pass SYSTEM_PROMPT and user prompt to client.complete","status":"passed","title":"should pass SYSTEM_PROMPT and user prompt to client.complete","duration":1.1447000000002845,"failureMessages":[],"meta":{},"tags":[]},{"ancestorTitles":["stage-01-hydration.js - analyzeStage01","LLM integration"],"fullName":"stage-01-hydration.js - analyzeStage01 LLM integration should include template context in prompt when provided","status":"passed","title":"should include template context in prompt when provided","duration":0.9688999999998487,"failureMessages":[],"meta":{},"tags":[]},{"ancestorTitles":["stage-01-hydration.js - analyzeStage01","LLM integration"],"fullName":"stage-01-hydration.js - analyzeStage01 LLM integration should use \"Unnamed\" when ventureName is not provided","status":"passed","title":"should use \"Unnamed\" when ventureName is not provided","duration":0.8823999999999614,"failureMessages":[],"meta":{},"tags":[]},{"ancestorTitles":["stage-01-hydration.js - analyzeStage01","Output normalization"],"fullName":"stage-01-hydration.js - analyzeStage01 Output normalization should return all required fields","status":"passed","title":"should return all required fields","duration":1.2062000000000808,"failureMessages":[],"meta":{},"tags":[]},{"ancestorTitles":["stage-01-hydration.js - analyzeStage01","Output normalization"],"fullName":"stage-01-hydration.js - analyzeStage01 Output normalization should truncate long strings","status":"passed","title":"should truncate long strings","duration":1.0178999999998268,"failureMessages":[],"meta":{},"tags":[]},{"ancestorTitles":["stage-01-hydration.js - analyzeStage01","Output normalization"],"fullName":"stage-01-hydration.js - analyzeStage01 Output normalization should validate archetype against enum","status":"passed","title":"should validate archetype against enum","duration":1.5376999999998588,"failureMessages":[],"meta":{},"tags":[]},{"ancestorTitles":["stage-01-hydration.js - analyzeStage01","Output normalization"],"fullName":"stage-01-hydration.js - analyzeStage01 Output normalization should default archetype to saas when both LLM and synthesis are invalid","status":"passed","title":"should default archetype to saas when both LLM and synthesis are invalid","duration":1.2096000000001368,"failureMessages":[],"meta":{},"tags":[]},{"ancestorTitles":["stage-01-hydration.js - analyzeStage01","Output normalization"],"fullName":"stage-01-hydration.js - analyzeStage01 Output normalization should normalize keyAssumptions as array of strings","status":"passed","title":"should normalize keyAssumptions as array of strings","duration":1.1333999999997104,"failureMessages":[],"meta":{},"tags":[]},{"ancestorTitles":["stage-01-hydration.js - analyzeStage01","Output normalization"],"fullName":"stage-01-hydration.js - analyzeStage01 Output normalization should return empty array when keyAssumptions is missing","status":"passed","title":"should return empty array when keyAssumptions is missing","duration":1.1302999999998065,"failureMessages":[],"meta":{},"tags":[]},{"ancestorTitles":["stage-01-hydration.js - analyzeStage01","Output normalization"],"fullName":"stage-01-hydration.js - analyzeStage01 Output normalization should normalize successCriteria as array of strings","status":"passed","title":"should normalize successCriteria as array of strings","duration":0.9407999999998538,"failureMessages":[],"meta":{},"tags":[]},{"ancestorTitles":["stage-01-hydration.js - analyzeStage01","Output normalization"],"fullName":"stage-01-hydration.js - analyzeStage01 Output normalization should return empty string for missing moatStrategy","status":"passed","title":"should return empty string for missing moatStrategy","duration":0.9178000000001703,"failureMessages":[],"meta":{},"tags":[]},{"ancestorTitles":["stage-01-hydration.js - analyzeStage01","Source provenance tracking"],"fullName":"stage-01-hydration.js - analyzeStage01 Source provenance tracking should mark fields from synthesis as stage0","status":"passed","title":"should mark fields from synthesis as stage0","duration":0.8903000000000247,"failureMessages":[],"meta":{},"tags":[]},{"ancestorTitles":["stage-01-hydration.js - analyzeStage01","Source provenance tracking"],"fullName":"stage-01-hydration.js - analyzeStage01 Source provenance tracking should mark fields not in synthesis as llm","status":"passed","title":"should mark fields not in synthesis as llm","duration":0.8791999999998552,"failureMessages":[],"meta":{},"tags":[]},{"ancestorTitles":["stage-01-hydration.js - analyzeStage01","Source provenance tracking"],"fullName":"stage-01-hydration.js - analyzeStage01 Source provenance tracking should not include empty fields in provenance","status":"passed","title":"should not include empty fields in provenance","duration":0.8886999999999716,"failureMessages":[],"meta":{},"tags":[]},{"ancestorTitles":["stage-01-hydration.js - analyzeStage01","Fallback behavior"],"fullName":"stage-01-hydration.js - analyzeStage01 Fallback behavior should fall back to synthesis fields when LLM returns empty","status":"passed","title":"should fall back to synthesis fields when LLM returns empty","duration":0.9641999999998916,"failureMessages":[],"meta":{},"tags":[]},{"ancestorTitles":["stage-01-hydration.js - analyzeStage01","Fallback behavior"],"fullName":"stage-01-hydration.js - analyzeStage01 Fallback behavior should prefer synthesis reframedProblem for problemStatement fallback","status":"passed","title":"should prefer synthesis reframedProblem for problemStatement fallback","duration":0.9184000000000196,"failureMessages":[],"meta":{},"tags":[]},{"ancestorTitles":["stage-01-hydration.js - analyzeStage01","STAGE1_ARCHETYPES export"],"fullName":"stage-01-hydration.js - analyzeStage01 STAGE1_ARCHETYPES export should export valid archetypes list","status":"passed","title":"should export valid archetypes list","duration":1.2833000000000538,"failureMessages":[],"meta":{},"tags":[]}],"startTime":1789344844595,"endTime":1789344844620.2832,"status":"passed","message":"","name":"C:/Users/rickf/Projects/_EHG/EHG_Engineer/.worktrees/SD-LEARN-FIX-ADDRESS-PAT-LES-010/tests/unit/eva/stage-templates/stage-01-hydration.test.js"},{"assertionResults":[{"ancestorTitles":["stage-01.js - Draft Idea template","Template metadata"],"fullName":"stage-01.js - Draft Idea template Template metadata should have correct template structure","status":"passed","title":"should have correct template structure","duration":4.0142000000000735,"failureMessages":[],"meta":{},"tags":[]},{"ancestorTitles":["stage-01.js - Draft Idea template","Template metadata"],"fullName":"stage-01.js - Draft Idea template Template metadata should export ARCHETYPES enum","status":"passed","title":"should export ARCHETYPES enum","duration":2.2817999999997483,"failureMessages":[],"meta":{},"tags":[]},{"ancestorTitles":["stage-01.js - Draft Idea template","Template metadata"],"fullName":"stage-01.js - Draft Idea template Template metadata should have schema definition with new fields","status":"passed","title":"should have schema definition with new fields","duration":2.5828999999998814,"failureMessages":[],"meta":{},"tags":[]},{"ancestorTitles":["stage-01.js - Draft Idea template","Template metadata"],"fullName":"stage-01.js - Draft Idea template Template metadata should have defaultData with all fields","status":"passed","title":"should have defaultData with all fields","duration":2.0635999999999513,"failureMessages":[],"meta":{},"tags":[]},{"ancestorTitles":["stage-01.js - Draft Idea template","Template metadata"],"fullName":"stage-01.js - Draft Idea template Template metadata should have validate and computeDerived functions","status":"passed","title":"should have validate and computeDerived functions","duration":1.2986000000000786,"failureMessages":[],"meta":{},"tags":[]},{"ancestorTitles":["stage-01.js - Draft Idea template","Template metadata"],"fullName":"stage-01.js - Draft Idea template Template metadata should have analysisStep attached","status":"passed","title":"should have analysisStep attached","duration":1.409400000000005,"failureMessages":[],"meta":{},"tags":[]},{"ancestorTitles":["stage-01.js - Draft Idea template","validate() - Required fields"],"fullName":"stage-01.js - Draft Idea template validate() - Required fields should pass for valid data meeting all requirements","status":"passed","title":"should pass for valid data meeting all requirements","duration":1.942700000000059,"failureMessages":[],"meta":{},"tags":[]},{"ancestorTitles":["stage-01.js - Draft Idea template","validate() - Required fields"],"fullName":"stage-01.js - Draft Idea template validate() - Required fields should pass for data at exact minimum lengths","status":"passed","title":"should pass for data at exact minimum lengths","duration":1.3958999999999833,"failureMessages":[],"meta":{},"tags":[]},{"ancestorTitles":["stage-01.js - Draft Idea template","validate() - Required fields"],"fullName":"stage-01.js - Draft Idea template validate() - Required fields should fail for description below minimum length (50)","status":"passed","title":"should fail for description below minimum length (50)","duration":1.9574999999999818,"failureMessages":[],"meta":{},"tags":[]},{"ancestorTitles":["stage-01.js - Draft Idea template","validate() - Required fields"],"fullName":"stage-01.js - Draft Idea template validate() - Required fields should fail for problemStatement below minimum length (20)","status":"passed","title":"should fail for problemStatement below minimum length (20)","duration":1.8787999999999556,"failureMessages":[],"meta":{},"tags":[]},{"ancestorTitles":["stage-01.js - Draft Idea template","validate() - Required fields"],"fullName":"stage-01.js - Draft Idea template validate() - Required fields should fail for valueProp below minimum length (20)","status":"passed","title":"should fail for valueProp below minimum length (20)","duration":2.3384000000000924,"failureMessages":[],"meta":{},"tags":[]},{"ancestorTitles":["stage-01.js - Draft Idea template","validate() - Required fields"],"fullName":"stage-01.js - Draft Idea template validate() - Required fields should fail for targetMarket below minimum length (10)","status":"passed","title":"should fail for targetMarket below minimum length (10)","duration":1.3847000000000662,"failureMessages":[],"meta":{},"tags":[]},{"ancestorTitles":["stage-01.js - Draft Idea template","validate() - Required fields"],"fullName":"stage-01.js - Draft Idea template validate() - Required fields should fail for invalid archetype","status":"passed","title":"should fail for invalid archetype","duration":1.2894000000001142,"failureMessages":[],"meta":{},"tags":[]},{"ancestorTitles":["stage-01.js - Draft Idea template","validate() - Required fields"],"fullName":"stage-01.js - Draft Idea template validate() - Required fields should fail for missing archetype","status":"passed","title":"should fail for missing archetype","duration":1.218499999999949,"failureMessages":[],"meta":{},"tags":[]},{"ancestorTitles":["stage-01.js - Draft Idea template","validate() - Required fields"],"fullName":"stage-01.js - Draft Idea template validate() - Required fields should accept all valid archetypes","status":"passed","title":"should accept all valid archetypes","duration":21.423699999999826,"failureMessages":[],"meta":{},"tags":[]},{"ancestorTitles":["stage-01.js - Draft Idea template","validate() - Required fields"],"fullName":"stage-01.js - Draft Idea template validate() - Required fields should collect multiple validation errors","status":"passed","title":"should collect multiple validation errors","duration":1.4053000000003522,"failureMessages":[],"meta":{},"tags":[]},{"ancestorTitles":["stage-01.js - Draft Idea template","validate() - Required fields"],"fullName":"stage-01.js - Draft Idea template validate() - Required fields should fail for null data","status":"passed","title":"should fail for null data","duration":1.2445999999999913,"failureMessages":[],"meta":{},"tags":[]},{"ancestorTitles":["stage-01.js - Draft Idea template","validate() - Required fields"],"fullName":"stage-01.js - Draft Idea template validate() - Required fields should fail for undefined data","status":"passed","title":"should fail for undefined data","duration":1.1747000000000298,"failureMessages":[],"meta":{},"tags":[]},{"ancestorTitles":["stage-01.js - Draft Idea template","validate() - Optional arrays"],"fullName":"stage-01.js - Draft Idea template validate() - Optional arrays should pass when keyAssumptions is omitted","status":"passed","title":"should pass when keyAssumptions is omitted","duration":1.9583999999999833,"failureMessages":[],"meta":{},"tags":[]},{"ancestorTitles":["stage-01.js - Draft Idea template","validate() - Optional arrays"],"fullName":"stage-01.js - Draft Idea template validate() - Optional arrays should pass when keyAssumptions is a valid array","status":"passed","title":"should pass when keyAssumptions is a valid array","duration":1.2031999999999243,"failureMessages":[],"meta":{},"tags":[]},{"ancestorTitles":["stage-01.js - Draft Idea template","validate() - Optional arrays"],"fullName":"stage-01.js - Draft Idea template validate() - Optional arrays should fail when keyAssumptions is not an array","status":"passed","title":"should fail when keyAssumptions is not an array","duration":1.1657000000000153,"failureMessages":[],"meta":{},"tags":[]},{"ancestorTitles":["stage-01.js - Draft Idea template","validate() - Optional arrays"],"fullName":"stage-01.js - Draft Idea template validate() - Optional arrays should pass when successCriteria is a valid array","status":"passed","title":"should pass when successCriteria is a valid array","duration":1.0349999999998545,"failureMessages":[],"meta":{},"tags":[]},{"ancestorTitles":["stage-01.js - Draft Idea template","validate() - Optional arrays"],"fullName":"stage-01.js - Draft Idea template validate() - Optional arrays should fail when successCriteria is not an array","status":"passed","title":"should fail when successCriteria is not an array","duration":2.225500000000011,"failureMessages":[],"meta":{},"tags":[]},{"ancestorTitles":["stage-01.js - Draft Idea template","computeDerived() - Source provenance tracking"],"fullName":"stage-01.js - Draft Idea template computeDerived() - Source provenance tracking should mark all fields as user when no stage0Output","status":"passed","title":"should mark all fields as user when no stage0Output","duration":1.47629999999981,"failureMessages":[],"meta":{},"tags":[]},{"ancestorTitles":["stage-01.js - Draft Idea template","computeDerived() - Source provenance tracking"],"fullName":"stage-01.js - Draft Idea template computeDerived() - Source provenance tracking should mark fields as stage0 when present in stage0Output","status":"passed","title":"should mark fields as stage0 when present in stage0Output","duration":2.0486000000000786,"failureMessages":[],"meta":{},"tags":[]},{"ancestorTitles":["stage-01.js - Draft Idea template","computeDerived() - Source provenance tracking"],"fullName":"stage-01.js - Draft Idea template computeDerived() - Source provenance tracking should not include empty fields in provenance","status":"passed","title":"should not include empty fields in provenance","duration":1.141700000000128,"failureMessages":[],"meta":{},"tags":[]},{"ancestorTitles":["stage-01.js - Draft Idea template","computeDerived() - Source provenance tracking"],"fullName":"stage-01.js - Draft Idea template computeDerived() - Source provenance tracking should not mutate original data","status":"passed","title":"should not mutate original data","duration":1.0880999999999403,"failureMessages":[],"meta":{},"tags":[]},{"ancestorTitles":["stage-01.js - Draft Idea template","computeDerived() - Source provenance tracking"],"fullName":"stage-01.js - Draft Idea template computeDerived() - Source provenance tracking should preserve all input fields","status":"passed","title":"should preserve all input fields","duration":1.1884000000000015,"failureMessages":[],"meta":{},"tags":[]},{"ancestorTitles":["stage-01.js - Draft Idea template","Integration: validate + computeDerived workflow"],"fullName":"stage-01.js - Draft Idea template Integration: validate + computeDerived workflow should work together for valid data","status":"passed","title":"should work together for valid data","duration":1.0763999999999214,"failureMessages":[],"meta":{},"tags":[]}],"startTime":1789344845921,"endTime":1789344845989.0764,"status":"passed","message":"","name":"C:/Users/rickf/Projects/_EHG/EHG_Engineer/.worktrees/SD-LEARN-FIX-ADDRESS-PAT-LES-010/tests/unit/eva/stage-templates/stage-01.test.js"},{"assertionResults":[{"ancestorTitles":["stage-02 — Idea Analysis"],"fullName":"stage-02 — Idea Analysis has correct id, slug, title, version","status":"passed","title":"has correct id, slug, title, version","duration":2.6047999999999547,"failureMessages":[],"meta":{},"tags":[]},{"ancestorTitles":["stage-02 — Idea Analysis"],"fullName":"stage-02 — Idea Analysis defaultData has expected shape","status":"passed","title":"defaultData has expected shape","duration":1.1233999999999469,"failureMessages":[],"meta":{},"tags":[]},{"ancestorTitles":["stage-02 — Idea Analysis"],"fullName":"stage-02 — Idea Analysis validate() returns invalid when data is empty","status":"passed","title":"validate() returns invalid when data is empty","duration":1.1012000000000626,"failureMessages":[],"meta":{},"tags":[]},{"ancestorTitles":["stage-02 — Idea Analysis"],"fullName":"stage-02 — Idea Analysis exports METRIC_NAMES as a non-empty array","status":"passed","title":"exports METRIC_NAMES as a non-empty array","duration":0.8676000000000386,"failureMessages":[],"meta":{},"tags":[]},{"ancestorTitles":["stage-02 — Idea Analysis"],"fullName":"stage-02 — Idea Analysis METRIC_NAMES contains expected keys","status":"passed","title":"METRIC_NAMES contains expected keys","duration":1.3508000000000493,"failureMessages":[],"meta":{},"tags":[]}],"startTime":1789344850615,"endTime":1789344850622.3508,"status":"passed","message":"","name":"C:/Users/rickf/Projects/_EHG/EHG_Engineer/.worktrees/SD-LEARN-FIX-ADDRESS-PAT-LES-010/tests/unit/eva/stage-templates/stage-02.test.js"},{"assertionResults":[{"ancestorTitles":["stage-03 executionFeasibility reuse credit (FR-4)"],"fullName":"stage-03 executionFeasibility reuse credit (FR-4) no reuse signal -> unchanged","status":"passed","title":"no reuse signal -> unchanged","duration":2.7409000000000106,"failureMessages":[],"meta":{},"tags":[]},{"ancestorTitles":["stage-03 executionFeasibility reuse credit (FR-4)"],"fullName":"stage-03 executionFeasibility reuse credit (FR-4) reuse=true scores higher than reuse=false (bounded credit)","status":"passed","title":"reuse=true scores higher than reuse=false (bounded credit)","duration":1.1756000000000313,"failureMessages":[],"meta":{},"tags":[]},{"ancestorTitles":["stage-03 executionFeasibility reuse credit (FR-4)"],"fullName":"stage-03 executionFeasibility reuse credit (FR-4) reuse intensity (0..1) scales the credit; intensity clamps to 1","status":"passed","title":"reuse intensity (0..1) scales the credit; intensity clamps to 1","duration":1.0027000000000044,"failureMessages":[],"meta":{},"tags":[]},{"ancestorTitles":["stage-03 executionFeasibility reuse credit (FR-4)"],"fullName":"stage-03 executionFeasibility reuse credit (FR-4) clamps the credited score to [0,100]","status":"passed","title":"clamps the credited score to [0,100]","duration":0.8980000000000246,"failureMessages":[],"meta":{},"tags":[]},{"ancestorTitles":["stage-03 executionFeasibility reuse credit (FR-4)"],"fullName":"stage-03 executionFeasibility reuse credit (FR-4) bounded: reuse does NOT rescue an otherwise-failing venture","status":"passed","title":"bounded: reuse does NOT rescue an otherwise-failing venture","duration":0.9259999999999309,"failureMessages":[],"meta":{},"tags":[]}],"startTime":1789344851410,"endTime":1789344851416.926,"status":"passed","message":"","name":"C:/Users/rickf/Projects/_EHG/EHG_Engineer/.worktrees/SD-LEARN-FIX-ADDRESS-PAT-LES-010/tests/unit/eva/stage-templates/stage-03-reuse-credit.test.js"},{"assertionResults":[{"ancestorTitles":["stage-03 — Kill Gate"],"fullName":"stage-03 — Kill Gate has correct id, slug, title, version","status":"passed","title":"has correct id, slug, title, version","duration":2.6340999999999894,"failureMessages":[],"meta":{},"tags":[]},{"ancestorTitles":["stage-03 — Kill Gate"],"fullName":"stage-03 — Kill Gate defaultData has expected shape","status":"passed","title":"defaultData has expected shape","duration":1.1975999999999658,"failureMessages":[],"meta":{},"tags":[]},{"ancestorTitles":["stage-03 — Kill Gate"],"fullName":"stage-03 — Kill Gate validate() returns invalid when data is empty","status":"passed","title":"validate() returns invalid when data is empty","duration":1.2269000000001142,"failureMessages":[],"meta":{},"tags":[]},{"ancestorTitles":["stage-03 — Kill Gate"],"fullName":"stage-03 — Kill Gate exports METRICS as a non-empty array","status":"passed","title":"exports METRICS as a non-empty array","duration":0.8947000000000571,"failureMessages":[],"meta":{},"tags":[]},{"ancestorTitles":["stage-03 — Kill Gate"],"fullName":"stage-03 — Kill Gate exports numeric thresholds","status":"passed","title":"exports numeric thresholds","duration":0.9642999999998665,"failureMessages":[],"meta":{},"tags":[]},{"ancestorTitles":["stage-03 — Kill Gate"],"fullName":"stage-03 — Kill Gate exports THREAT_LEVELS array","status":"passed","title":"exports THREAT_LEVELS array","duration":1.4691000000000258,"failureMessages":[],"meta":{},"tags":[]},{"ancestorTitles":["stage-03 — Kill Gate"],"fullName":"stage-03 — Kill Gate exports evaluateKillGate as a function","status":"passed","title":"exports evaluateKillGate as a function","duration":0.855600000000095,"failureMessages":[],"meta":{},"tags":[]},{"ancestorTitles":["stage-03 — evaluateKillGate soft-gate redesign (SD-LEO-INFRA-S3-SOFT-GATE-REDESIGN-001)"],"fullName":"stage-03 — evaluateKillGate soft-gate redesign (SD-LEO-INFRA-S3-SOFT-GATE-REDESIGN-001) FR-1: a single weak metric no longer forces a kill (compensated by strong others) -> REVISE","status":"passed","title":"FR-1: a single weak metric no longer forces a kill (compensated by strong others) -> REVISE","duration":1.0664999999999054,"failureMessages":[],"meta":{},"tags":[]},{"ancestorTitles":["stage-03 — evaluateKillGate soft-gate redesign (SD-LEO-INFRA-S3-SOFT-GATE-REDESIGN-001)"],"fullName":"stage-03 — evaluateKillGate soft-gate redesign (SD-LEO-INFRA-S3-SOFT-GATE-REDESIGN-001) FR-2: catastrophic — overall < 35 AND no metric >= 55 -> KILL","status":"passed","title":"FR-2: catastrophic — overall < 35 AND no metric >= 55 -> KILL","duration":0.9074999999997999,"failureMessages":[],"meta":{},"tags":[]},{"ancestorTitles":["stage-03 — evaluateKillGate soft-gate redesign (SD-LEO-INFRA-S3-SOFT-GATE-REDESIGN-001)"],"fullName":"stage-03 — evaluateKillGate soft-gate redesign (SD-LEO-INFRA-S3-SOFT-GATE-REDESIGN-001) FR-2: low overall but a redeeming dimension (>=55) is NOT catastrophic -> REVISE","status":"passed","title":"FR-2: low overall but a redeeming dimension (>=55) is NOT catastrophic -> REVISE","duration":1.215099999999893,"failureMessages":[],"meta":{},"tags":[]},{"ancestorTitles":["stage-03 — evaluateKillGate soft-gate redesign (SD-LEO-INFRA-S3-SOFT-GATE-REDESIGN-001)"],"fullName":"stage-03 — evaluateKillGate soft-gate redesign (SD-LEO-INFRA-S3-SOFT-GATE-REDESIGN-001) FR-2: borderline overall (35-69) with a weak metric -> REVISE, not kill","status":"passed","title":"FR-2: borderline overall (35-69) with a weak metric -> REVISE, not kill","duration":1.0802000000001044,"failureMessages":[],"meta":{},"tags":[]},{"ancestorTitles":["stage-03 — evaluateKillGate soft-gate redesign (SD-LEO-INFRA-S3-SOFT-GATE-REDESIGN-001)"],"fullName":"stage-03 — evaluateKillGate soft-gate redesign (SD-LEO-INFRA-S3-SOFT-GATE-REDESIGN-001) PASS: strong composite (overall >= 70) -> PASS even with one weak metric","status":"passed","title":"PASS: strong composite (overall >= 70) -> PASS even with one weak metric","duration":1.0371999999999844,"failureMessages":[],"meta":{},"tags":[]},{"ancestorTitles":["stage-03 — evaluateKillGate soft-gate redesign (SD-LEO-INFRA-S3-SOFT-GATE-REDESIGN-001)"],"fullName":"stage-03 — evaluateKillGate soft-gate redesign (SD-LEO-INFRA-S3-SOFT-GATE-REDESIGN-001) REVISE surfaces sub-threshold metrics as ADVISORY (not kill) reasons","status":"passed","title":"REVISE surfaces sub-threshold metrics as ADVISORY (not kill) reasons","duration":1.0851000000000113,"failureMessages":[],"meta":{},"tags":[]},{"ancestorTitles":["stage-03 — evaluateKillGate soft-gate redesign (SD-LEO-INFRA-S3-SOFT-GATE-REDESIGN-001)"],"fullName":"stage-03 — evaluateKillGate soft-gate redesign (SD-LEO-INFRA-S3-SOFT-GATE-REDESIGN-001) catastrophic constants are exported and match research Option B","status":"passed","title":"catastrophic constants are exported and match research Option B","duration":1.0010999999999513,"failureMessages":[],"meta":{},"tags":[]}],"startTime":1789344846199,"endTime":1789344846216.0012,"status":"passed","message":"","name":"C:/Users/rickf/Projects/_EHG/EHG_Engineer/.worktrees/SD-LEARN-FIX-ADDRESS-PAT-LES-010/tests/unit/eva/stage-templates/stage-03.test.js"},{"assertionResults":[{"ancestorTitles":["stage-04 — Competitive Landscape"],"fullName":"stage-04 — Competitive Landscape has correct id, slug, title, version","status":"passed","title":"has correct id, slug, title, version","duration":2.726099999999974,"failureMessages":[],"meta":{},"tags":[]},{"ancestorTitles":["stage-04 — Competitive Landscape"],"fullName":"stage-04 — Competitive Landscape defaultData has expected shape","status":"passed","title":"defaultData has expected shape","duration":1.1911000000000058,"failureMessages":[],"meta":{},"tags":[]},{"ancestorTitles":["stage-04 — Competitive Landscape"],"fullName":"stage-04 — Competitive Landscape validate() returns invalid when data is empty","status":"passed","title":"validate() returns invalid when data is empty","duration":1.1520000000000437,"failureMessages":[],"meta":{},"tags":[]},{"ancestorTitles":["stage-04 — Competitive Landscape"],"fullName":"stage-04 — Competitive Landscape exports THREAT_LEVELS array","status":"passed","title":"exports THREAT_LEVELS array","duration":1.4852999999999383,"failureMessages":[],"meta":{},"tags":[]},{"ancestorTitles":["stage-04 — Competitive Landscape"],"fullName":"stage-04 — Competitive Landscape exports PRICING_MODELS array","status":"passed","title":"exports PRICING_MODELS array","duration":0.9241000000000668,"failureMessages":[],"meta":{},"tags":[]}],"startTime":1789344851480,"endTime":1789344851487.924,"status":"passed","message":"","name":"C:/Users/rickf/Projects/_EHG/EHG_Engineer/.worktrees/SD-LEARN-FIX-ADDRESS-PAT-LES-010/tests/unit/eva/stage-templates/stage-04.test.js"},{"assertionResults":[{"ancestorTitles":["stage-05 — Kill Gate (Financial)"],"fullName":"stage-05 — Kill Gate (Financial) has correct id, slug, title, version","status":"passed","title":"has correct id, slug, title, version","duration":2.7280000000000655,"failureMessages":[],"meta":{},"tags":[]},{"ancestorTitles":["stage-05 — Kill Gate (Financial)"],"fullName":"stage-05 — Kill Gate (Financial) defaultData has expected shape","status":"passed","title":"defaultData has expected shape","duration":1.2222999999999047,"failureMessages":[],"meta":{},"tags":[]},{"ancestorTitles":["stage-05 — Kill Gate (Financial)"],"fullName":"stage-05 — Kill Gate (Financial) validate() returns invalid when data is empty","status":"passed","title":"validate() returns invalid when data is empty","duration":1.1818000000000666,"failureMessages":[],"meta":{},"tags":[]},{"ancestorTitles":["stage-05 — Kill Gate (Financial)"],"fullName":"stage-05 — Kill Gate (Financial) exports numeric thresholds","status":"passed","title":"exports numeric thresholds","duration":1.018000000000029,"failureMessages":[],"meta":{},"tags":[]},{"ancestorTitles":["stage-05 — Kill Gate (Financial)"],"fullName":"stage-05 — Kill Gate (Financial) exports evaluateKillGate as a function","status":"passed","title":"exports evaluateKillGate as a function","duration":0.8398999999999432,"failureMessages":[],"meta":{},"tags":[]},{"ancestorTitles":["stage-05 — Demand/acquisition-feasibility dimension"],"fullName":"stage-05 — Demand/acquisition-feasibility dimension exports the demand thresholds as numbers","status":"passed","title":"exports the demand thresholds as numbers","duration":0.8992000000000644,"failureMessages":[],"meta":{},"tags":[]},{"ancestorTitles":["stage-05 — Demand/acquisition-feasibility dimension"],"fullName":"stage-05 — Demand/acquisition-feasibility dimension downgrades a cost-only pass with no demand evidence and a weak CAC stress to conditional_pass","status":"passed","title":"downgrades a cost-only pass with no demand evidence and a weak CAC stress to conditional_pass","duration":1.0931000000000495,"failureMessages":[],"meta":{},"tags":[]},{"ancestorTitles":["stage-05 — Demand/acquisition-feasibility dimension"],"fullName":"stage-05 — Demand/acquisition-feasibility dimension grants a full pass when the CAC sensitivity band survives the stress","status":"passed","title":"grants a full pass when the CAC sensitivity band survives the stress","duration":0.8705999999999676,"failureMessages":[],"meta":{},"tags":[]},{"ancestorTitles":["stage-05 — Demand/acquisition-feasibility dimension"],"fullName":"stage-05 — Demand/acquisition-feasibility dimension grants a full pass when demand evidence is present even if the stressed band is weak","status":"passed","title":"grants a full pass when demand evidence is present even if the stressed band is weak","duration":0.8876999999999953,"failureMessages":[],"meta":{},"tags":[]},{"ancestorTitles":["stage-05 — Demand/acquisition-feasibility dimension"],"fullName":"stage-05 — Demand/acquisition-feasibility dimension is backward-compatible: omitting demandFeasibility preserves the prior full pass","status":"passed","title":"is backward-compatible: omitting demandFeasibility preserves the prior full pass","duration":1.293999999999869,"failureMessages":[],"meta":{},"tags":[]},{"ancestorTitles":["stage-05 — Demand/acquisition-feasibility dimension"],"fullName":"stage-05 — Demand/acquisition-feasibility dimension a genuine cost KILL still kills regardless of strong demand","status":"passed","title":"a genuine cost KILL still kills regardless of strong demand","duration":0.8628999999998541,"failureMessages":[],"meta":{},"tags":[]},{"ancestorTitles":["stage-05 — Demand/acquisition-feasibility dimension"],"fullName":"stage-05 — Demand/acquisition-feasibility dimension reproduces the clone S5 false-pass scenario routing to demand review (cac fallback 100, ltv 500)","status":"passed","title":"reproduces the clone S5 false-pass scenario routing to demand review (cac fallback 100, ltv 500)","duration":0.9003999999999905,"failureMessages":[],"meta":{},"tags":[]}],"startTime":1789344847681,"endTime":1789344847694.9004,"status":"passed","message":"","name":"C:/Users/rickf/Projects/_EHG/EHG_Engineer/.worktrees/SD-LEARN-FIX-ADDRESS-PAT-LES-010/tests/unit/eva/stage-templates/stage-05.test.js"},{"assertionResults":[{"ancestorTitles":["stage-06 — Risk Assessment"],"fullName":"stage-06 — Risk Assessment has correct id, slug, title, version","status":"passed","title":"has correct id, slug, title, version","duration":2.6798,"failureMessages":[],"meta":{},"tags":[]},{"ancestorTitles":["stage-06 — Risk Assessment"],"fullName":"stage-06 — Risk Assessment defaultData has expected shape","status":"passed","title":"defaultData has expected shape","duration":1.213700000000017,"failureMessages":[],"meta":{},"tags":[]},{"ancestorTitles":["stage-06 — Risk Assessment"],"fullName":"stage-06 — Risk Assessment validate() returns invalid when data is empty","status":"passed","title":"validate() returns invalid when data is empty","duration":1.1361000000000558,"failureMessages":[],"meta":{},"tags":[]},{"ancestorTitles":["stage-06 — Risk Assessment"],"fullName":"stage-06 — Risk Assessment exports RISK_CATEGORIES as a non-empty array","status":"passed","title":"exports RISK_CATEGORIES as a non-empty array","duration":0.8908000000000129,"failureMessages":[],"meta":{},"tags":[]},{"ancestorTitles":["stage-06 — Risk Assessment"],"fullName":"stage-06 — Risk Assessment exports RISK_STATUSES containing open and mitigated","status":"passed","title":"exports RISK_STATUSES containing open and mitigated","duration":1.370900000000006,"failureMessages":[],"meta":{},"tags":[]}],"startTime":1789344851406,"endTime":1789344851413.3708,"status":"passed","message":"","name":"C:/Users/rickf/Projects/_EHG/EHG_Engineer/.worktrees/SD-LEARN-FIX-ADDRESS-PAT-LES-010/tests/unit/eva/stage-templates/stage-06.test.js"},{"assertionResults":[{"ancestorTitles":["stage-07 — Revenue Architecture"],"fullName":"stage-07 — Revenue Architecture has correct id, slug, title, version","status":"passed","title":"has correct id, slug, title, version","duration":2.735400000000027,"failureMessages":[],"meta":{},"tags":[]},{"ancestorTitles":["stage-07 — Revenue Architecture"],"fullName":"stage-07 — Revenue Architecture defaultData has expected shape","status":"passed","title":"defaultData has expected shape","duration":1.2192999999999756,"failureMessages":[],"meta":{},"tags":[]},{"ancestorTitles":["stage-07 — Revenue Architecture"],"fullName":"stage-07 — Revenue Architecture validate() returns invalid when pricing_model is missing","status":"passed","title":"validate() returns invalid when pricing_model is missing","duration":1.2540000000001328,"failureMessages":[],"meta":{},"tags":[]},{"ancestorTitles":["stage-07 — Revenue Architecture"],"fullName":"stage-07 — Revenue Architecture exports BILLING_PERIODS array","status":"passed","title":"exports BILLING_PERIODS array","duration":1.4261999999998807,"failureMessages":[],"meta":{},"tags":[]},{"ancestorTitles":["stage-07 — Revenue Architecture"],"fullName":"stage-07 — Revenue Architecture exports PRICING_MODELS array","status":"passed","title":"exports PRICING_MODELS array","duration":1.144900000000007,"failureMessages":[],"meta":{},"tags":[]}],"startTime":1789344850519,"endTime":1789344850526.145,"status":"passed","message":"","name":"C:/Users/rickf/Projects/_EHG/EHG_Engineer/.worktrees/SD-LEARN-FIX-ADDRESS-PAT-LES-010/tests/unit/eva/stage-templates/stage-07.test.js"},{"assertionResults":[{"ancestorTitles":["stage-08 — Business Model Canvas"],"fullName":"stage-08 — Business Model Canvas has correct id, slug, title, version","status":"passed","title":"has correct id, slug, title, version","duration":2.572999999999979,"failureMessages":[],"meta":{},"tags":[]},{"ancestorTitles":["stage-08 — Business Model Canvas"],"fullName":"stage-08 — Business Model Canvas defaultData has blocks matching BMC_BLOCKS","status":"passed","title":"defaultData has blocks matching BMC_BLOCKS","duration":1.361099999999965,"failureMessages":[],"meta":{},"tags":[]},{"ancestorTitles":["stage-08 — Business Model Canvas"],"fullName":"stage-08 — Business Model Canvas validate() returns invalid when data is empty","status":"passed","title":"validate() returns invalid when data is empty","duration":1.1747000000000298,"failureMessages":[],"meta":{},"tags":[]},{"ancestorTitles":["stage-08 — Business Model Canvas"],"fullName":"stage-08 — Business Model Canvas exports BMC_BLOCKS as a non-empty array","status":"passed","title":"exports BMC_BLOCKS as a non-empty array","duration":0.8517000000000507,"failureMessages":[],"meta":{},"tags":[]},{"ancestorTitles":["stage-08 — Business Model Canvas"],"fullName":"stage-08 — Business Model Canvas exports MIN_ITEMS as an object and DEFAULT_MIN_ITEMS as a number","status":"passed","title":"exports MIN_ITEMS as an object and DEFAULT_MIN_ITEMS as a number","duration":0.8546999999999798,"failureMessages":[],"meta":{},"tags":[]}],"startTime":1789344851331,"endTime":1789344851337.8547,"status":"passed","message":"","name":"C:/Users/rickf/Projects/_EHG/EHG_Engineer/.worktrees/SD-LEARN-FIX-ADDRESS-PAT-LES-010/tests/unit/eva/stage-templates/stage-08.test.js"},{"assertionResults":[{"ancestorTitles":["stage-09 — Exit Strategy"],"fullName":"stage-09 — Exit Strategy has correct id, slug, title, version","status":"passed","title":"has correct id, slug, title, version","duration":2.629000000000019,"failureMessages":[],"meta":{},"tags":[]},{"ancestorTitles":["stage-09 — Exit Strategy"],"fullName":"stage-09 — Exit Strategy defaultData has expected shape","status":"passed","title":"defaultData has expected shape","duration":1.1744999999999663,"failureMessages":[],"meta":{},"tags":[]},{"ancestorTitles":["stage-09 — Exit Strategy"],"fullName":"stage-09 — Exit Strategy validate() returns invalid when data is empty","status":"passed","title":"validate() returns invalid when data is empty","duration":1.2343999999999369,"failureMessages":[],"meta":{},"tags":[]},{"ancestorTitles":["stage-09 — Exit Strategy"],"fullName":"stage-09 — Exit Strategy exports MIN_RISKS and MIN_ACQUIRERS as positive numbers","status":"passed","title":"exports MIN_RISKS and MIN_ACQUIRERS as positive numbers","duration":2.905300000000011,"failureMessages":[],"meta":{},"tags":[]},{"ancestorTitles":["stage-09 — Exit Strategy"],"fullName":"stage-09 — Exit Strategy exports evaluateRealityGate as a function","status":"passed","title":"exports evaluateRealityGate as a function","duration":1.1990999999999303,"failureMessages":[],"meta":{},"tags":[]}],"startTime":1789344850895,"endTime":1789344850904.1992,"status":"passed","message":"","name":"C:/Users/rickf/Projects/_EHG/EHG_Engineer/.worktrees/SD-LEARN-FIX-ADDRESS-PAT-LES-010/tests/unit/eva/stage-templates/stage-09.test.js"},{"assertionResults":[{"ancestorTitles":["stage-10 — Customer & Brand Foundation"],"fullName":"stage-10 — Customer & Brand Foundation has correct id, slug, title, version","status":"passed","title":"has correct id, slug, title, version","duration":2.7693999999996777,"failureMessages":[],"meta":{},"tags":[]},{"ancestorTitles":["stage-10 — Customer & Brand Foundation"],"fullName":"stage-10 — Customer & Brand Foundation defaultData has expected shape","status":"passed","title":"defaultData has expected shape","duration":21.921700000000328,"failureMessages":[],"meta":{},"tags":[]},{"ancestorTitles":["stage-10 — Customer & Brand Foundation"],"fullName":"stage-10 — Customer & Brand Foundation validate() returns invalid when required fields are missing","status":"passed","title":"validate() returns invalid when required fields are missing","duration":1.9807000000000698,"failureMessages":[],"meta":{},"tags":[]},{"ancestorTitles":["stage-10 — Customer & Brand Foundation"],"fullName":"stage-10 — Customer & Brand Foundation exports MIN_PERSONAS as a number >= 1","status":"passed","title":"exports MIN_PERSONAS as a number >= 1","duration":1.2752999999997883,"failureMessages":[],"meta":{},"tags":[]},{"ancestorTitles":["stage-10 — Customer & Brand Foundation"],"fullName":"stage-10 — Customer & Brand Foundation exports MIN_CANDIDATES as a number >= 1","status":"passed","title":"exports MIN_CANDIDATES as a number >= 1","duration":1.5784000000003289,"failureMessages":[],"meta":{},"tags":[]},{"ancestorTitles":["stage-10 — Customer & Brand Foundation"],"fullName":"stage-10 — Customer & Brand Foundation exports WEIGHT_SUM as 100","status":"passed","title":"exports WEIGHT_SUM as 100","duration":1.6565999999997985,"failureMessages":[],"meta":{},"tags":[]},{"ancestorTitles":["stage-10 — Customer & Brand Foundation"],"fullName":"stage-10 — Customer & Brand Foundation exports BRAND_GENOME_KEYS array","status":"passed","title":"exports BRAND_GENOME_KEYS array","duration":2.7743000000000393,"failureMessages":[],"meta":{},"tags":[]},{"ancestorTitles":["stage-10 — Customer & Brand Foundation"],"fullName":"stage-10 — Customer & Brand Foundation exports NAMING_STRATEGIES array","status":"passed","title":"exports NAMING_STRATEGIES array","duration":2.4825999999998203,"failureMessages":[],"meta":{},"tags":[]},{"ancestorTitles":["stage-10 — Customer & Brand Foundation"],"fullName":"stage-10 — Customer & Brand Foundation exports ARCHETYPES array","status":"passed","title":"exports ARCHETYPES array","duration":2.2993000000001302,"failureMessages":[],"meta":{},"tags":[]}],"startTime":1789344849207,"endTime":1789344849246.2993,"status":"passed","message":"","name":"C:/Users/rickf/Projects/_EHG/EHG_Engineer/.worktrees/SD-LEARN-FIX-ADDRESS-PAT-LES-010/tests/unit/eva/stage-templates/stage-10.test.js"},{"assertionResults":[{"ancestorTitles":["Stage 11 logoSpec validation"],"fullName":"Stage 11 logoSpec validation should pass when logoSpec is null (optional)","status":"passed","title":"should pass when logoSpec is null (optional)","duration":2.5090999999999894,"failureMessages":[],"meta":{},"tags":[]},{"ancestorTitles":["Stage 11 logoSpec validation"],"fullName":"Stage 11 logoSpec validation should pass when logoSpec is undefined","status":"passed","title":"should pass when logoSpec is undefined","duration":0.9911999999999352,"failureMessages":[],"meta":{},"tags":[]},{"ancestorTitles":["Stage 11 logoSpec validation"],"fullName":"Stage 11 logoSpec validation should pass with valid full logoSpec","status":"passed","title":"should pass with valid full logoSpec","duration":1.036299999999983,"failureMessages":[],"meta":{},"tags":[]},{"ancestorTitles":["Stage 11 logoSpec validation"],"fullName":"Stage 11 logoSpec validation should pass with partial logoSpec","status":"passed","title":"should pass with partial logoSpec","duration":0.8548999999999296,"failureMessages":[],"meta":{},"tags":[]},{"ancestorTitles":["Stage 11 logoSpec validation"],"fullName":"Stage 11 logoSpec validation should fail when logoSpec is not an object","status":"passed","title":"should fail when logoSpec is not an object","duration":1.3860999999999422,"failureMessages":[],"meta":{},"tags":[]},{"ancestorTitles":["Stage 11 logoSpec validation"],"fullName":"Stage 11 logoSpec validation should fail with invalid primaryColor hex","status":"passed","title":"should fail with invalid primaryColor hex","duration":0.893100000000004,"failureMessages":[],"meta":{},"tags":[]},{"ancestorTitles":["Stage 11 logoSpec validation"],"fullName":"Stage 11 logoSpec validation should fail with invalid accentColor hex","status":"passed","title":"should fail with invalid accentColor hex","duration":0.9174000000000433,"failureMessages":[],"meta":{},"tags":[]},{"ancestorTitles":["Stage 11 logoSpec validation"],"fullName":"Stage 11 logoSpec validation should accept valid 6-digit hex colors","status":"passed","title":"should accept valid 6-digit hex colors","duration":0.9479000000000042,"failureMessages":[],"meta":{},"tags":[]},{"ancestorTitles":["Stage 11 logoSpec validation"],"fullName":"Stage 11 logoSpec validation should reject 3-digit hex shorthand","status":"passed","title":"should reject 3-digit hex shorthand","duration":0.9099999999999682,"failureMessages":[],"meta":{},"tags":[]},{"ancestorTitles":["Stage 11 logoSpec validation"],"fullName":"Stage 11 logoSpec validation should reject empty string fields","status":"passed","title":"should reject empty string fields","duration":0.9293999999999869,"failureMessages":[],"meta":{},"tags":[]}],"startTime":1789344848871,"endTime":1789344848881.9294,"status":"passed","message":"","name":"C:/Users/rickf/Projects/_EHG/EHG_Engineer/.worktrees/SD-LEARN-FIX-ADDRESS-PAT-LES-010/tests/unit/eva/stage-templates/stage-11-logo-spec.test.js"},{"assertionResults":[{"ancestorTitles":["stage-11 — Naming & Visual Identity"],"fullName":"stage-11 — Naming & Visual Identity has correct id, slug, title, version","status":"passed","title":"has correct id, slug, title, version","duration":2.6423999999999523,"failureMessages":[],"meta":{},"tags":[]},{"ancestorTitles":["stage-11 — Naming & Visual Identity"],"fullName":"stage-11 — Naming & Visual Identity defaultData has expected shape","status":"passed","title":"defaultData has expected shape","duration":1.1817000000000917,"failureMessages":[],"meta":{},"tags":[]},{"ancestorTitles":["stage-11 — Naming & Visual Identity"],"fullName":"stage-11 — Naming & Visual Identity validate() returns invalid when required fields are missing","status":"passed","title":"validate() returns invalid when required fields are missing","duration":1.1737000000000535,"failureMessages":[],"meta":{},"tags":[]},{"ancestorTitles":["stage-11 — Naming & Visual Identity"],"fullName":"stage-11 — Naming & Visual Identity validate() rejects fewer than MIN_CANDIDATES candidates","status":"passed","title":"validate() rejects fewer than MIN_CANDIDATES candidates","duration":1.003400000000056,"failureMessages":[],"meta":{},"tags":[]},{"ancestorTitles":["stage-11 — Naming & Visual Identity"],"fullName":"stage-11 — Naming & Visual Identity exports MIN_CANDIDATES as a number >= 1","status":"passed","title":"exports MIN_CANDIDATES as a number >= 1","duration":0.8563999999998941,"failureMessages":[],"meta":{},"tags":[]},{"ancestorTitles":["stage-11 — Naming & Visual Identity"],"fullName":"stage-11 — Naming & Visual Identity exports WEIGHT_SUM as 100","status":"passed","title":"exports WEIGHT_SUM as 100","duration":0.8104999999998199,"failureMessages":[],"meta":{},"tags":[]},{"ancestorTitles":["stage-11 — Naming & Visual Identity"],"fullName":"stage-11 — Naming & Visual Identity exports NAMING_STRATEGIES array","status":"passed","title":"exports NAMING_STRATEGIES array","duration":1.3532000000000153,"failureMessages":[],"meta":{},"tags":[]}],"startTime":1789344850529,"endTime":1789344850537.3533,"status":"passed","message":"","name":"C:/Users/rickf/Projects/_EHG/EHG_Engineer/.worktrees/SD-LEARN-FIX-ADDRESS-PAT-LES-010/tests/unit/eva/stage-templates/stage-11.test.js"},{"assertionResults":[{"ancestorTitles":["stage-12 — GTM & Sales Strategy"],"fullName":"stage-12 — GTM & Sales Strategy has correct id, slug, title, version","status":"passed","title":"has correct id, slug, title, version","duration":3.9461999999998625,"failureMessages":[],"meta":{},"tags":[]},{"ancestorTitles":["stage-12 — GTM & Sales Strategy"],"fullName":"stage-12 — GTM & Sales Strategy defaultData has expected shape","status":"passed","title":"defaultData has expected shape","duration":2.9784999999997126,"failureMessages":[],"meta":{},"tags":[]},{"ancestorTitles":["stage-12 — GTM & Sales Strategy"],"fullName":"stage-12 — GTM & Sales Strategy validate() returns invalid when required fields are missing","status":"passed","title":"validate() returns invalid when required fields are missing","duration":2.68349999999964,"failureMessages":[],"meta":{},"tags":[]},{"ancestorTitles":["stage-12 — GTM & Sales Strategy"],"fullName":"stage-12 — GTM & Sales Strategy exports SALES_MODELS array","status":"passed","title":"exports SALES_MODELS array","duration":2.402599999999893,"failureMessages":[],"meta":{},"tags":[]},{"ancestorTitles":["stage-12 — GTM & Sales Strategy"],"fullName":"stage-12 — GTM & Sales Strategy exports CHANNEL_TYPES array","status":"passed","title":"exports CHANNEL_TYPES array","duration":1.856000000000222,"failureMessages":[],"meta":{},"tags":[]},{"ancestorTitles":["stage-12 — GTM & Sales Strategy"],"fullName":"stage-12 — GTM & Sales Strategy exports REQUIRED_TIERS as 3","status":"passed","title":"exports REQUIRED_TIERS as 3","duration":2.3006000000000313,"failureMessages":[],"meta":{},"tags":[]},{"ancestorTitles":["stage-12 — GTM & Sales Strategy"],"fullName":"stage-12 — GTM & Sales Strategy exports REQUIRED_CHANNELS as 8","status":"passed","title":"exports REQUIRED_CHANNELS as 8","duration":1.3974999999995816,"failureMessages":[],"meta":{},"tags":[]},{"ancestorTitles":["stage-12 — GTM & Sales Strategy"],"fullName":"stage-12 — GTM & Sales Strategy exports MIN_DEAL_STAGES as a positive number","status":"passed","title":"exports MIN_DEAL_STAGES as a positive number","duration":1.2548999999999069,"failureMessages":[],"meta":{},"tags":[]},{"ancestorTitles":["stage-12 — GTM & Sales Strategy"],"fullName":"stage-12 — GTM & Sales Strategy exports MIN_FUNNEL_STAGES as a positive number","status":"passed","title":"exports MIN_FUNNEL_STAGES as a positive number","duration":2.1447000000002845,"failureMessages":[],"meta":{},"tags":[]},{"ancestorTitles":["stage-12 — GTM & Sales Strategy"],"fullName":"stage-12 — GTM & Sales Strategy exports MIN_JOURNEY_STEPS as a positive number","status":"passed","title":"exports MIN_JOURNEY_STEPS as a positive number","duration":2.4666000000001986,"failureMessages":[],"meta":{},"tags":[]},{"ancestorTitles":["stage-12 — GTM & Sales Strategy"],"fullName":"stage-12 — GTM & Sales Strategy exports MIN_CANDIDATES as a positive number","status":"passed","title":"exports MIN_CANDIDATES as a positive number","duration":1.8204000000000633,"failureMessages":[],"meta":{},"tags":[]}],"startTime":1789344849207,"endTime":1789344849233.8203,"status":"passed","message":"","name":"C:/Users/rickf/Projects/_EHG/EHG_Engineer/.worktrees/SD-LEARN-FIX-ADDRESS-PAT-LES-010/tests/unit/eva/stage-templates/stage-12.test.js"},{"assertionResults":[{"ancestorTitles":["stage-13 — Product Roadmap"],"fullName":"stage-13 — Product Roadmap has correct id, slug, title, version","status":"passed","title":"has correct id, slug, title, version","duration":3.4461000000000013,"failureMessages":[],"meta":{},"tags":[]},{"ancestorTitles":["stage-13 — Product Roadmap"],"fullName":"stage-13 — Product Roadmap defaultData has expected shape","status":"passed","title":"defaultData has expected shape","duration":1.6432999999999538,"failureMessages":[],"meta":{},"tags":[]},{"ancestorTitles":["stage-13 — Product Roadmap"],"fullName":"stage-13 — Product Roadmap validate() returns invalid when vision_statement is missing","status":"passed","title":"validate() returns invalid when vision_statement is missing","duration":1.5878000000000156,"failureMessages":[],"meta":{},"tags":[]},{"ancestorTitles":["stage-13 — Product Roadmap"],"fullName":"stage-13 — Product Roadmap exports MIN_MILESTONES as a positive number","status":"passed","title":"exports MIN_MILESTONES as a positive number","duration":1.1965000000000146,"failureMessages":[],"meta":{},"tags":[]},{"ancestorTitles":["stage-13 — Product Roadmap"],"fullName":"stage-13 — Product Roadmap exports MIN_TIMELINE_MONTHS and MIN_DELIVERABLES_PER_MILESTONE","status":"passed","title":"exports MIN_TIMELINE_MONTHS and MIN_DELIVERABLES_PER_MILESTONE","duration":1.171799999999962,"failureMessages":[],"meta":{},"tags":[]},{"ancestorTitles":["stage-13 — Product Roadmap"],"fullName":"stage-13 — Product Roadmap exports evaluateKillGate as a function","status":"passed","title":"exports evaluateKillGate as a function","duration":1.0931000000000495,"failureMessages":[],"meta":{},"tags":[]}],"startTime":1789344851355,"endTime":1789344851365.093,"status":"passed","message":"","name":"C:/Users/rickf/Projects/_EHG/EHG_Engineer/.worktrees/SD-LEARN-FIX-ADDRESS-PAT-LES-010/tests/unit/eva/stage-templates/stage-13.test.js"},{"assertionResults":[{"ancestorTitles":["stage-14 — Technical Architecture"],"fullName":"stage-14 — Technical Architecture has correct id, slug, title, version","status":"passed","title":"has correct id, slug, title, version","duration":2.603399999999965,"failureMessages":[],"meta":{},"tags":[]},{"ancestorTitles":["stage-14 — Technical Architecture"],"fullName":"stage-14 — Technical Architecture defaultData has expected shape","status":"passed","title":"defaultData has expected shape","duration":1.1699999999998454,"failureMessages":[],"meta":{},"tags":[]},{"ancestorTitles":["stage-14 — Technical Architecture"],"fullName":"stage-14 — Technical Architecture validate() returns invalid when architecture_summary is missing","status":"passed","title":"validate() returns invalid when architecture_summary is missing","duration":1.2399999999997817,"failureMessages":[],"meta":{},"tags":[]},{"ancestorTitles":["stage-14 — Technical Architecture"],"fullName":"stage-14 — Technical Architecture exports REQUIRED_LAYERS containing expected layers","status":"passed","title":"exports REQUIRED_LAYERS containing expected layers","duration":1.4516999999998461,"failureMessages":[],"meta":{},"tags":[]},{"ancestorTitles":["stage-14 — Technical Architecture"],"fullName":"stage-14 — Technical Architecture exports numeric constants","status":"passed","title":"exports numeric constants","duration":0.8991000000000895,"failureMessages":[],"meta":{},"tags":[]},{"ancestorTitles":["stage-14 — Technical Architecture"],"fullName":"stage-14 — Technical Architecture exports CONSTRAINT_CATEGORIES array","status":"passed","title":"exports CONSTRAINT_CATEGORIES array","duration":1.0378000000000611,"failureMessages":[],"meta":{},"tags":[]}],"startTime":1789344850450,"endTime":1789344850459.0378,"status":"passed","message":"","name":"C:/Users/rickf/Projects/_EHG/EHG_Engineer/.worktrees/SD-LEARN-FIX-ADDRESS-PAT-LES-010/tests/unit/eva/stage-templates/stage-14.test.js"},{"assertionResults":[{"ancestorTitles":["stage-15.js - Design Studio template","Template metadata"],"fullName":"stage-15.js - Design Studio template Template metadata should have correct template structure","status":"passed","title":"should have correct template structure","duration":2.9268999999999323,"failureMessages":[],"meta":{},"tags":[]},{"ancestorTitles":["stage-15.js - Design Studio template","Template metadata"],"fullName":"stage-15.js - Design Studio template Template metadata should have schema definition for wireframes","status":"passed","title":"should have schema definition for wireframes","duration":1.112500000000182,"failureMessages":[],"meta":{},"tags":[]},{"ancestorTitles":["stage-15.js - Design Studio template","Template metadata"],"fullName":"stage-15.js - Design Studio template Template metadata should have defaultData with null wireframes","status":"passed","title":"should have defaultData with null wireframes","duration":1.451300000000174,"failureMessages":[],"meta":{},"tags":[]},{"ancestorTitles":["stage-15.js - Design Studio template","Template metadata"],"fullName":"stage-15.js - Design Studio template Template metadata should have validate function","status":"passed","title":"should have validate function","duration":0.9908000000000357,"failureMessages":[],"meta":{},"tags":[]},{"ancestorTitles":["stage-15.js - Design Studio template","Template metadata"],"fullName":"stage-15.js - Design Studio template Template metadata should have computeDerived function","status":"passed","title":"should have computeDerived function","duration":1.1273999999998523,"failureMessages":[],"meta":{},"tags":[]},{"ancestorTitles":["stage-15.js - Design Studio template","Template metadata"],"fullName":"stage-15.js - Design Studio template Template metadata should have analysisStep function","status":"passed","title":"should have analysisStep function","duration":0.977100000000064,"failureMessages":[],"meta":{},"tags":[]},{"ancestorTitles":["stage-15.js - Design Studio template","Template metadata"],"fullName":"stage-15.js - Design Studio template Template metadata should have outputSchema","status":"passed","title":"should have outputSchema","duration":1.0839999999998327,"failureMessages":[],"meta":{},"tags":[]},{"ancestorTitles":["stage-15.js - Design Studio template","validate()"],"fullName":"stage-15.js - Design Studio template validate() should pass for valid data object","status":"passed","title":"should pass for valid data object","duration":1.0765999999998712,"failureMessages":[],"meta":{},"tags":[]},{"ancestorTitles":["stage-15.js - Design Studio template","validate()"],"fullName":"stage-15.js - Design Studio template validate() should pass for empty object (wireframes optional)","status":"passed","title":"should pass for empty object (wireframes optional)","duration":1.0685000000003129,"failureMessages":[],"meta":{},"tags":[]},{"ancestorTitles":["stage-15.js - Design Studio template","validate()"],"fullName":"stage-15.js - Design Studio template validate() should fail for null data","status":"passed","title":"should fail for null data","duration":0.9437000000002627,"failureMessages":[],"meta":{},"tags":[]},{"ancestorTitles":["stage-15.js - Design Studio template","validate()"],"fullName":"stage-15.js - Design Studio template validate() should fail for undefined data","status":"passed","title":"should fail for undefined data","duration":0.872899999999845,"failureMessages":[],"meta":{},"tags":[]},{"ancestorTitles":["stage-15.js - Design Studio template","computeDerived()"],"fullName":"stage-15.js - Design Studio template computeDerived() should return data as-is","status":"passed","title":"should return data as-is","duration":1.0145000000002256,"failureMessages":[],"meta":{},"tags":[]},{"ancestorTitles":["stage-15.js - Design Studio template","computeDerived()"],"fullName":"stage-15.js - Design Studio template computeDerived() should handle empty data","status":"passed","title":"should handle empty data","duration":0.8128999999998996,"failureMessages":[],"meta":{},"tags":[]},{"ancestorTitles":["stage-15.js - Design Studio template","analysisStep sub-step ordering"],"fullName":"stage-15.js - Design Studio template analysisStep sub-step ordering executes sub-steps in correct order: UserStories → IA → Wireframes → Convergence","status":"passed","title":"executes sub-steps in correct order: UserStories → IA → Wireframes → Convergence","duration":0.9704000000001543,"failureMessages":[],"meta":{},"tags":[]},{"ancestorTitles":["stage-15.js - Design Studio template","analysisStep sub-step ordering"],"fullName":"stage-15.js - Design Studio template analysisStep sub-step ordering analysisStep is an async function","status":"passed","title":"analysisStep is an async function","duration":1.8065999999998894,"failureMessages":[],"meta":{},"tags":[]}],"startTime":1789344846937,"endTime":1789344846955.8066,"status":"passed","message":"","name":"C:/Users/rickf/Projects/_EHG/EHG_Engineer/.worktrees/SD-LEARN-FIX-ADDRESS-PAT-LES-010/tests/unit/eva/stage-templates/stage-15.test.js"},{"assertionResults":[{"ancestorTitles":["stage-16 — Financial Projections"],"fullName":"stage-16 — Financial Projections has correct id, slug, title, version","status":"passed","title":"has correct id, slug, title, version","duration":2.619000000000142,"failureMessages":[],"meta":{},"tags":[]},{"ancestorTitles":["stage-16 — Financial Projections"],"fullName":"stage-16 — Financial Projections defaultData has expected shape","status":"passed","title":"defaultData has expected shape","duration":1.1720000000000255,"failureMessages":[],"meta":{},"tags":[]},{"ancestorTitles":["stage-16 — Financial Projections"],"fullName":"stage-16 — Financial Projections validate() returns invalid when initial_capital is missing","status":"passed","title":"validate() returns invalid when initial_capital is missing","duration":1.1739999999999782,"failureMessages":[],"meta":{},"tags":[]},{"ancestorTitles":["stage-16 — Financial Projections"],"fullName":"stage-16 — Financial Projections exports MIN_PROJECTION_MONTHS as a positive number","status":"passed","title":"exports MIN_PROJECTION_MONTHS as a positive number","duration":0.9006000000001677,"failureMessages":[],"meta":{},"tags":[]},{"ancestorTitles":["stage-16 — Financial Projections"],"fullName":"stage-16 — Financial Projections exports evaluatePromotionGate as a function","status":"passed","title":"exports evaluatePromotionGate as a function","duration":0.8352999999999611,"failureMessages":[],"meta":{},"tags":[]},{"ancestorTitles":["stage-16 — Financial Projections"],"fullName":"stage-16 — Financial Projections evaluatePromotionGate passes with chairmanOverride","status":"passed","title":"evaluatePromotionGate passes with chairmanOverride","duration":0.9420000000000073,"failureMessages":[],"meta":{},"tags":[]}],"startTime":1789344850734,"endTime":1789344850741.942,"status":"passed","message":"","name":"C:/Users/rickf/Projects/_EHG/EHG_Engineer/.worktrees/SD-LEARN-FIX-ADDRESS-PAT-LES-010/tests/unit/eva/stage-templates/stage-16.test.js"},{"assertionResults":[{"ancestorTitles":["analyzeStage17 chairman_decisions write path"],"fullName":"analyzeStage17 chairman_decisions write path never writes to chairman_decisions on a PASS recommendation","status":"passed","title":"never writes to chairman_decisions on a PASS recommendation","duration":4.706299999999942,"failureMessages":[],"meta":{},"tags":[]},{"ancestorTitles":["analyzeStage17 chairman_decisions write path"],"fullName":"analyzeStage17 chairman_decisions write path logs the same honest pending message on PASS as on non-PASS (no \"auto-approved\" claim)","status":"passed","title":"logs the same honest pending message on PASS as on non-PASS (no \"auto-approved\" claim)","duration":1.3721000000000458,"failureMessages":[],"meta":{},"tags":[]},{"ancestorTitles":["analyzeStage17 chairman_decisions write path"],"fullName":"analyzeStage17 chairman_decisions write path never writes to chairman_decisions on a non-PASS (FAIL) recommendation either","status":"passed","title":"never writes to chairman_decisions on a non-PASS (FAIL) recommendation either","duration":1.1493000000000393,"failureMessages":[],"meta":{},"tags":[]},{"ancestorTitles":["analyzeStage17 chairman_decisions write path"],"fullName":"analyzeStage17 chairman_decisions write path still creates/reuses a pending decision even when createOrReusePendingDecision is the only chairman-decision touchpoint","status":"passed","title":"still creates/reuses a pending decision even when createOrReusePendingDecision is the only chairman-decision touchpoint","duration":2.1802999999999884,"failureMessages":[],"meta":{},"tags":[]}],"startTime":1789344849132,"endTime":1789344849141.1804,"status":"passed","message":"","name":"C:/Users/rickf/Projects/_EHG/EHG_Engineer/.worktrees/SD-LEARN-FIX-ADDRESS-PAT-LES-010/tests/unit/eva/stage-templates/stage-17-blueprint-review-chairman-decision.test.js"},{"assertionResults":[{"ancestorTitles":["synthesizeBuildBrief"],"fullName":"synthesizeBuildBrief returns all 12 sections with full artifact data","status":"passed","title":"returns all 12 sections with full artifact data","duration":4.173699999999826,"failureMessages":[],"meta":{},"tags":[]},{"ancestorTitles":["synthesizeBuildBrief"],"fullName":"synthesizeBuildBrief returns empty strings for missing stages","status":"passed","title":"returns empty strings for missing stages","duration":1.2875000000001364,"failureMessages":[],"meta":{},"tags":[]},{"ancestorTitles":["synthesizeBuildBrief"],"fullName":"synthesizeBuildBrief returns all empty strings when artifactsByStage is empty","status":"passed","title":"returns all empty strings when artifactsByStage is empty","duration":2.114300000000185,"failureMessages":[],"meta":{},"tags":[]},{"ancestorTitles":["synthesizeBuildBrief"],"fullName":"synthesizeBuildBrief handles malformed artifact_data gracefully","status":"passed","title":"handles malformed artifact_data gracefully","duration":0.9096000000001823,"failureMessages":[],"meta":{},"tags":[]},{"ancestorTitles":["synthesizeBuildBrief"],"fullName":"synthesizeBuildBrief truncates long sections to stay under token budget","status":"passed","title":"truncates long sections to stay under token budget","duration":0.9569000000001324,"failureMessages":[],"meta":{},"tags":[]}],"startTime":1789344850776,"endTime":1789344850785.9568,"status":"passed","message":"","name":"C:/Users/rickf/Projects/_EHG/EHG_Engineer/.worktrees/SD-LEARN-FIX-ADDRESS-PAT-LES-010/tests/unit/eva/stage-templates/stage-17-build-brief.test.js"},{"ass
[...]
9999999963,"failureMessages":[],"meta":{},"tags":[]},{"ancestorTitles":["TS-3/FR-5: binding gate — missing thesis blocks with a recorded chairman decision"],"fullName":"TS-3/FR-5: binding gate — missing thesis blocks with a recorded chairman decision blocks with no_joinable_channels when every channel fails the persona JOIN (all COHERENCE_JOIN_GAP)","status":"passed","title":"blocks with no_joinable_channels when every channel fails the persona JOIN (all COHERENCE_JOIN_GAP)","duration":2.5783000000001266,"failureMessages":[],"meta":{},"tags":[]},{"ancestorTitles":["TS-3/FR-5: binding gate — missing thesis blocks with a recorded chairman decision"],"fullName":"TS-3/FR-5: binding gate — missing thesis blocks with a recorded chairman decision blocks with all_experiments_invalid when generation yields zero valid experiments","status":"passed","title":"blocks with all_experiments_invalid when generation yields zero valid experiments","duration":2.867699999999786,"failureMessages":[],"meta":{},"tags":[]},{"ancestorTitles":["TS-3/FR-5: binding gate — missing thesis blocks with a recorded chairman decision"],"fullName":"TS-3/FR-5: binding gate — missing thesis blocks with a recorded chairman decision returns a graceful non-persisting block without supabase (no throw)","status":"passed","title":"returns a graceful non-persisting block without supabase (no throw)","duration":2.063100000000304,"failureMessages":[],"meta":{},"tags":[]},{"ancestorTitles":["TS-6/FR-5b: block-decision dedup"],"fullName":"TS-6/FR-5b: block-decision dedup reuses an existing PENDING distribution_block decision instead of inserting a duplicate","status":"passed","title":"reuses an existing PENDING distribution_block decision instead of inserting a duplicate","duration":1.8645999999998821,"failureMessages":[],"meta":{},"tags":[]},{"ancestorTitles":["TS-5/TS-6/FR-7: the ONLY skip path is an APPROVED chairman decision"],"fullName":"TS-5/TS-6/FR-7: the ONLY skip path is an APPROVED chairman decision honors an approved skip via BUILD_DEVIATION_RECORD rows for BOTH canonical types","status":"passed","title":"honors an approved skip via BUILD_DEVIATION_RECORD rows for BOTH canonical types","duration":2.2604999999994106,"failureMessages":[],"meta":{},"tags":[]},{"ancestorTitles":["TS-5/TS-6/FR-7: the ONLY skip path is an APPROVED chairman decision"],"fullName":"TS-5/TS-6/FR-7: the ONLY skip path is an APPROVED chairman decision is idempotent on re-run: existing chairman deviation records for this decision are reused, not duplicated","status":"passed","title":"is idempotent on re-run: existing chairman deviation records for this decision are reused, not duplicated","duration":1.90099999999984,"failureMessages":[],"meta":{},"tags":[]},{"ancestorTitles":["TS-5/TS-6/FR-7: the ONLY skip path is an APPROVED chairman decision"],"fullName":"TS-5/TS-6/FR-7: the ONLY skip path is an APPROVED chairman decision does NOT honor a PENDING (unapproved) skip decision — the block path fires instead","status":"passed","title":"does NOT honor a PENDING (unapproved) skip decision — the block path fires instead","duration":2.121299999999792,"failureMessages":[],"meta":{},"tags":[]},{"ancestorTitles":["TS-7/TR-4: LLM failure → recorded block, never a fabricated fallback portfolio"],"fullName":"TS-7/TR-4: LLM failure → recorded block, never a fabricated fallback portfolio retries once, then blocks with generation_failed and persists NO portfolio","status":"passed","title":"retries once, then blocks with generation_failed and persists NO portfolio","duration":3.1748999999999796,"failureMessages":[],"meta":{},"tags":[]},{"ancestorTitles":["module invariants (FR-1/FR-5 acceptance)"],"fullName":"module invariants (FR-1/FR-5 acceptance) emits zero _skip:true anywhere in the module CODE (the silent-skip path is gone)","status":"passed","title":"emits zero _skip:true anywhere in the module CODE (the silent-skip path is gone)","duration":1.7461999999995896,"failureMessages":[],"meta":{},"tags":[]},{"ancestorTitles":["module invariants (FR-1/FR-5 acceptance)"],"fullName":"module invariants (FR-1/FR-5 acceptance) contains no fixed channel-universe validator or fallback (fixed six removed)","status":"passed","title":"contains no fixed channel-universe validator or fallback (fixed six removed)","duration":1.4454999999998108,"failureMessages":[],"meta":{},"tags":[]}],"startTime":1789344847939,"endTime":1789344848110.4456,"status":"passed","message":"","name":"C:/Users/rickf/Projects/_EHG/EHG_Engineer/.worktrees/SD-LEARN-FIX-ADDRESS-PAT-LES-010/tests/unit/eva/stage-templates/analysis-steps/stage-22-distribution-setup.test.js"},{"assertionResults":[{"ancestorTitles":["analyzeStage23DedicatedVentureUat"],"fullName":"analyzeStage23DedicatedVentureUat calls checkUatRobustnessGate with fromStage=23 and passes the venture/supabase through","status":"passed","title":"calls checkUatRobustnessGate with fromStage=23 and passes the venture/supabase through","duration":4.738999999999919,"failureMessages":[],"meta":{},"tags":[]},{"ancestorTitles":["analyzeStage23DedicatedVentureUat"],"fullName":"analyzeStage23DedicatedVentureUat wraps the gate result in a LAUNCH_UAT_REPORT artifact","status":"passed","title":"wraps the gate result in a LAUNCH_UAT_REPORT artifact","duration":2.080799999999954,"failureMessages":[],"meta":{},"tags":[]},{"ancestorTitles":["analyzeStage23DedicatedVentureUat"],"fullName":"analyzeStage23DedicatedVentureUat accepts an injected logger without throwing","status":"passed","title":"accepts an injected logger without throwing","duration":1.320699999999988,"failureMessages":[],"meta":{},"tags":[]},{"ancestorTitles":["analyzeStage23DedicatedVentureUat FR-2: legal-doc-producer wiring"],"fullName":"analyzeStage23DedicatedVentureUat FR-2: legal-doc-producer wiring a fixture venture run through this stage produces real legal documents (terms_of_service, privacy_policy) without any manual script invocation","status":"passed","title":"a fixture venture run through this stage produces real legal documents (terms_of_service, privacy_policy) without any manual script invocation","duration":2.3308999999999287,"failureMessages":[],"meta":{},"tags":[]},{"ancestorTitles":["analyzeStage23DedicatedVentureUat FR-2: legal-doc-producer wiring"],"fullName":"analyzeStage23DedicatedVentureUat FR-2: legal-doc-producer wiring does not alter the UAT gate verdict when legal docs are generated","status":"passed","title":"does not alter the UAT gate verdict when legal docs are generated","duration":1.276899999999955,"failureMessages":[],"meta":{},"tags":[]},{"ancestorTitles":["analyzeStage23DedicatedVentureUat FR-2: legal-doc-producer wiring"],"fullName":"analyzeStage23DedicatedVentureUat FR-2: legal-doc-producer wiring catches an unexpected throw from generateLegalDocsForVenture without breaking the UAT result","status":"passed","title":"catches an unexpected throw from generateLegalDocsForVenture without breaking the UAT result","duration":1.7004000000000588,"failureMessages":[],"meta":{},"tags":[]},{"ancestorTitles":["generateLegalDocsForVenture wiring — single call-site regression guard"],"fullName":"generateLegalDocsForVenture wiring — single call-site regression guard this file imports and calls generateLegalDocsForVenture exactly once","status":"passed","title":"this file imports and calls generateLegalDocsForVenture exactly once","duration":2.168700000000058,"failureMessages":[],"meta":{},"tags":[]}],"startTime":1789344847278,"endTime":1789344847294.1687,"status":"passed","message":"","name":"C:/Users/rickf/Projects/_EHG/EHG_Engineer/.worktrees/SD-LEARN-FIX-ADDRESS-PAT-LES-010/tests/unit/eva/stage-templates/analysis-steps/stage-23-dedicated-venture-uat.test.js"},{"assertionResults":[{"ancestorTitles":["readGrowthPlaybookRequiredFlag"],"fullName":"readGrowthPlaybookRequiredFlag defaults OFF when no supabase","status":"passed","title":"defaults OFF when no supabase","duration":2.519999999999982,"failureMessages":[],"meta":{},"tags":[]},{"ancestorTitles":["readGrowthPlaybookRequiredFlag"],"fullName":"readGrowthPlaybookRequiredFlag defaults OFF when the flag row is absent","status":"passed","title":"defaults OFF when the flag row is absent","duration":1.5765000000001237,"failureMessages":[],"meta":{},"tags":[]},{"ancestorTitles":["FR-006 golden: default-OFF parity"],"fullName":"FR-006 golden: default-OFF parity flag OFF keeps verdict READY, REQUIRED set baseline-identical, and growth cats ABSENT","status":"passed","title":"flag OFF keeps verdict READY, REQUIRED set baseline-identical, and growth cats ABSENT","duration":4.713399999999865,"failureMessages":[],"meta":{},"tags":[]},{"ancestorTitles":["FR-006 golden: default-OFF parity"],"fullName":"FR-006 golden: default-OFF parity default-OFF readiness_pct denominator is the baseline (6), not inflated by growth categories","status":"passed","title":"default-OFF readiness_pct denominator is the baseline (6), not inflated by growth categories","duration":1.506399999999985,"failureMessages":[],"meta":{},"tags":[]},{"ancestorTitles":["FR-006 golden: default-OFF parity"],"fullName":"FR-006 golden: default-OFF parity deploy-order safety: flag OFF + no pre-launch playbook still yields READY (in-flight not blocked)","status":"passed","title":"deploy-order safety: flag OFF + no pre-launch playbook still yields READY (in-flight not blocked)","duration":1.4174000000000433,"failureMessages":[],"meta":{},"tags":[]},{"ancestorTitles":["FR-005 flag-ON enforcement"],"fullName":"FR-005 flag-ON enforcement flag ON + playbook present => growth_playbook REQUIRED & passing, verdict READY","status":"passed","title":"flag ON + playbook present => growth_playbook REQUIRED & passing, verdict READY","duration":1.61200000000008,"failureMessages":[],"meta":{},"tags":[]},{"ancestorTitles":["FR-005 flag-ON enforcement"],"fullName":"FR-005 flag-ON enforcement flag ON + playbook ABSENT => growth_playbook REQUIRED & pending, verdict NOT_READY","status":"passed","title":"flag ON + playbook ABSENT => growth_playbook REQUIRED & pending, verdict NOT_READY","duration":1.3926000000001295,"failureMessages":[],"meta":{},"tags":[]}],"startTime":1789344845456,"endTime":1789344845470.3926,"status":"passed","message":"","name":"C:/Users/rickf/Projects/_EHG/EHG_Engineer/.worktrees/SD-LEARN-FIX-ADDRESS-PAT-LES-010/tests/unit/eva/stage-templates/analysis-steps/stage-23-growth-categories.test.js"},{"assertionResults":[{"ancestorTitles":["stage-26-growth-playbook — FR-5 entry-precondition refusal"],"fullName":"stage-26-growth-playbook — FR-5 entry-precondition refusal emits SKIP missing_postlaunch_artifacts when postlaunchArtifacts is undefined","status":"passed","title":"emits SKIP missing_postlaunch_artifacts when postlaunchArtifacts is undefined","duration":602.0807,"failureMessages":[],"meta":{},"tags":[]},{"ancestorTitles":["stage-26-growth-playbook — FR-5 entry-precondition refusal"],"fullName":"stage-26-growth-playbook — FR-5 entry-precondition refusal emits SKIP missing_postlaunch_artifacts when both is_current=true rows absent","status":"passed","title":"emits SKIP missing_postlaunch_artifacts when both is_current=true rows absent","duration":2.100200000000086,"failureMessages":[],"meta":{},"tags":[]},{"ancestorTitles":["stage-26-growth-playbook — FR-5 entry-precondition refusal"],"fullName":"stage-26-growth-playbook — FR-5 entry-precondition refusal PROCEEDS (no SKIP) when only one of the two postlaunch artifacts is present","status":"passed","title":"PROCEEDS (no SKIP) when only one of the two postlaunch artifacts is present","duration":2.4696000000001277,"failureMessages":[],"meta":{},"tags":[]},{"ancestorTitles":["stage-26-growth-playbook — FR-4 idempotency"],"fullName":"stage-26-growth-playbook — FR-4 idempotency emits SKIP already_completed when ventureWorkflowStatus=completed (even with full inputs)","status":"passed","title":"emits SKIP already_completed when ventureWorkflowStatus=completed (even with full inputs)","duration":3.270999999999958,"failureMessages":[],"meta":{},"tags":[]},{"ancestorTitles":["stage-26-growth-playbook — FR-4 idempotency"],"fullName":"stage-26-growth-playbook — FR-4 idempotency classifyNoDataReason short-circuits on workflow_status=completed before reading artifacts","status":"passed","title":"classifyNoDataReason short-circuits on workflow_status=completed before reading artifacts","duration":1.5884000000000924,"failureMessages":[],"meta":{},"tags":[]},{"ancestorTitles":["stage-26-growth-playbook — FR-4 idempotency"],"fullName":"stage-26-growth-playbook — FR-4 idempotency POSTLAUNCH_ARTIFACT_KEYS is the canonical 2-item required set","status":"passed","title":"POSTLAUNCH_ARTIFACT_KEYS is the canonical 2-item required set","duration":1.626299999999901,"failureMessages":[],"meta":{},"tags":[]},{"ancestorTitles":["stage-26-growth-playbook — happy path with lifecycle_terminal hint (FR-4)"],"fullName":"stage-26-growth-playbook — happy path with lifecycle_terminal hint (FR-4) returns playbook + lifecycle_terminal=request when LLM succeeds","status":"passed","title":"returns playbook + lifecycle_terminal=request when LLM succeeds","duration":1.7682999999999538,"failureMessages":[],"meta":{},"tags":[]},{"ancestorTitles":["stage-26-growth-playbook — happy path with lifecycle_terminal hint (FR-4)"],"fullName":"stage-26-growth-playbook — happy path with lifecycle_terminal hint (FR-4) returns fallback playbook + lifecycle_terminal=request when LLM throws","status":"passed","title":"returns fallback playbook + lifecycle_terminal=request when LLM throws","duration":2.0434999999999945,"failureMessages":[],"meta":{},"tags":[]},{"ancestorTitles":["stage-26-growth-playbook — happy path with lifecycle_terminal hint (FR-4)"],"fullName":"stage-26-growth-playbook — happy path with lifecycle_terminal hint (FR-4) SKIP paths NEVER signal lifecycle_terminal=request (must be false)","status":"passed","title":"SKIP paths NEVER signal lifecycle_terminal=request (must be false)","duration":1.8167000000000826,"failureMessages":[],"meta":{},"tags":[]},{"ancestorTitles":["stage-26-growth-playbook — exit-gate verifier dispatch (FR-6 indirect)"],"fullName":"stage-26-growth-playbook — exit-gate verifier dispatch (FR-6 indirect) produces artifact_type strings that match the gates.exit values populated by migration","status":"passed","title":"produces artifact_type strings that match the gates.exit values populated by migration","duration":1.8605999999999767,"failureMessages":[],"meta":{},"tags":[]}],"startTime":1789344843277,"endTime":1789344843897.8606,"status":"passed","message":"","name":"C:/Users/rickf/Projects/_EHG/EHG_Engineer/.worktrees/SD-LEARN-FIX-ADDRESS-PAT-LES-010/tests/unit/eva/stage-templates/analysis-steps/stage-26-growth-playbook.test.js"},{"assertionResults":[{"ancestorTitles":["pre-launch analyzers use whole-stage REQUIRED_UPSTREAM param_keys (SD-FDBK-FIX-STAGE-LIKELY-SHARES-001)","Visual Assets (numeric stage 22, stage-21-visual-assets.js)"],"fullName":"pre-launch analyzers use whole-stage REQUIRED_UPSTREAM param_keys (SD-FDBK-FIX-STAGE-LIKELY-SHARES-001) Visual Assets (numeric stage 22, stage-21-visual-assets.js) declares at least one upstream requirement","status":"passed","title":"declares at least one upstream requirement","duration":2.6997999999998683,"failureMessages":[],"meta":{},"tags":[]},{"ancestorTitles":["pre-launch analyzers use whole-stage REQUIRED_UPSTREAM param_keys (SD-FDBK-FIX-STAGE-LIKELY-SHARES-001)","Visual Assets (numeric stage 22, stage-21-visual-assets.js)"],"fullName":"pre-launch analyzers use whole-stage REQUIRED_UPSTREAM param_keys (SD-FDBK-FIX-STAGE-LIKELY-SHARES-001) Visual Assets (numeric stage 22, stage-21-visual-assets.js) every param_key is a whole-stage `stage{N}Data` key (no granular keys that fetchUpstreamArtifacts never populates)","status":"passed","title":"every param_key is a whole-stage `stage{N}Data` key (no granular keys that fetchUpstreamArtifacts never populates)","duration":1.0685000000000855,"failureMessages":[],"meta":{},"tags":[]},{"ancestorTitles":["pre-launch analyzers use whole-stage REQUIRED_UPSTREAM param_keys (SD-FDBK-FIX-STAGE-LIKELY-SHARES-001)","Visual Assets (numeric stage 22, stage-21-visual-assets.js)"],"fullName":"pre-launch analyzers use whole-stage REQUIRED_UPSTREAM param_keys (SD-FDBK-FIX-STAGE-LIKELY-SHARES-001) Visual Assets (numeric stage 22, stage-21-visual-assets.js) each param_key stage number equals its source_stage (no producer/consumer drift)","status":"passed","title":"each param_key stage number equals its source_stage (no producer/consumer drift)","duration":0.9082000000000789,"failureMessages":[],"meta":{},"tags":[]},{"ancestorTitles":["pre-launch analyzers use whole-stage REQUIRED_UPSTREAM param_keys (SD-FDBK-FIX-STAGE-LIKELY-SHARES-001)","Visual Assets (numeric stage 22, stage-21-visual-assets.js)"],"fullName":"pre-launch analyzers use whole-stage REQUIRED_UPSTREAM param_keys (SD-FDBK-FIX-STAGE-LIKELY-SHARES-001) Visual Assets (numeric stage 22, stage-21-visual-assets.js) declares an artifact_type for every requirement","status":"passed","title":"declares an artifact_type for every requirement","duration":0.8946000000000822,"failureMessages":[],"meta":{},"tags":[]},{"ancestorTitles":["pre-launch analyzers use whole-stage REQUIRED_UPSTREAM param_keys (SD-FDBK-FIX-STAGE-LIKELY-SHARES-001)","Distribution Setup (numeric stage 21, stage-22-distribution-setup.js)"],"fullName":"pre-launch analyzers use whole-stage REQUIRED_UPSTREAM param_keys (SD-FDBK-FIX-STAGE-LIKELY-SHARES-001) Distribution Setup (numeric stage 21, stage-22-distribution-setup.js) declares at least one upstream requirement","status":"passed","title":"declares at least one upstream requirement","duration":0.8377000000000407,"failureMessages":[],"meta":{},"tags":[]},{"ancestorTitles":["pre-launch analyzers use whole-stage REQUIRED_UPSTREAM param_keys (SD-FDBK-FIX-STAGE-LIKELY-SHARES-001)","Distribution Setup (numeric stage 21, stage-22-distribution-setup.js)"],"fullName":"pre-launch analyzers use whole-stage REQUIRED_UPSTREAM param_keys (SD-FDBK-FIX-STAGE-LIKELY-SHARES-001) Distribution Setup (numeric stage 21, stage-22-distribution-setup.js) every param_key is a whole-stage `stage{N}Data` key (no granular keys that fetchUpstreamArtifacts never populates)","status":"passed","title":"every param_key is a whole-stage `stage{N}Data` key (no granular keys that fetchUpstreamArtifacts never populates)","duration":0.7901999999999134,"failureMessages":[],"meta":{},"tags":[]},{"ancestorTitles":["pre-launch analyzers use whole-stage REQUIRED_UPSTREAM param_keys (SD-FDBK-FIX-STAGE-LIKELY-SHARES-001)","Distribution Setup (numeric stage 21, stage-22-distribution-setup.js)"],"fullName":"pre-launch analyzers use whole-stage REQUIRED_UPSTREAM param_keys (SD-FDBK-FIX-STAGE-LIKELY-SHARES-001) Distribution Setup (numeric stage 21, stage-22-distribution-setup.js) each param_key stage number equals its source_stage (no producer/consumer drift)","status":"passed","title":"each param_key stage number equals its source_stage (no producer/consumer drift)","duration":0.7800999999999476,"failureMessages":[],"meta":{},"tags":[]},{"ancestorTitles":["pre-launch analyzers use whole-stage REQUIRED_UPSTREAM param_keys (SD-FDBK-FIX-STAGE-LIKELY-SHARES-001)","Distribution Setup (numeric stage 21, stage-22-distribution-setup.js)"],"fullName":"pre-launch analyzers use whole-stage REQUIRED_UPSTREAM param_keys (SD-FDBK-FIX-STAGE-LIKELY-SHARES-001) Distribution Setup (numeric stage 21, stage-22-distribution-setup.js) declares an artifact_type for every requirement","status":"passed","title":"declares an artifact_type for every requirement","duration":0.8812000000000353,"failureMessages":[],"meta":{},"tags":[]}],"startTime":1789344848111,"endTime":1789344848120.881,"status":"passed","message":"","name":"C:/Users/rickf/Projects/_EHG/EHG_Engineer/.worktrees/SD-LEARN-FIX-ADDRESS-PAT-LES-010/tests/unit/eva/stage-templates/analysis-steps/stage-precondition-whole-stage-key-invariant.test.js"}]}