{"total": {"lines":{"total":688,"covered":0,"skipped":0,"pct":0},"statements":{"total":714,"covered":0,"skipped":0,"pct":0},"functions":{"total":87,"covered":0,"skipped":0,"pct":0},"branches":{"total":273,"covered":0,"skipped":0,"pct":0},"branchesTrue":{"total":0,"covered":0,"skipped":0,"pct":"Unknown"}}
,"/mnt/c/_EHG/EHG_Engineer/server.js": {"lines":{"total":688,"covered":0,"skipped":0,"pct":0},"functions":{"total":87,"covered":0,"skipped":0,"pct":0},"statements":{"total":714,"covered":0,"skipped":0,"pct":0},"branches":{"total":273,"covered":0,"skipped":0,"pct":0}}
}
