{"/mnt/c/_EHG/EHG_Engineer/lib/ai/multimodal-client.js": {"path":"/mnt/c/_EHG/EHG_Engineer/lib/ai/multimodal-client.js","statementMap":{"0":{"start":{"line":8,"column":11},"end":{"line":8,"column":33}},"1":{"start":{"line":9,"column":14},"end":{"line":9,"column":38}},"2":{"start":{"line":10,"column":0},"end":{"line":10,"column":27}},"3":{"start":{"line":14,"column":4},"end":{"line":24,"column":6}},"4":{"start":{"line":27,"column":4},"end":{"line":39,"column":6}},"5":{"start":{"line":42,"column":4},"end":{"line":53,"column":6}},"6":{"start":{"line":55,"column":4},"end":{"line":55,"column":26}},"7":{"start":{"line":59,"column":4},"end":{"line":61,"column":5}},"8":{"start":{"line":60,"column":6},"end":{"line":60,"column":80}},"9":{"start":{"line":68,"column":22},"end":{"line":68,"column":32}},"10":{"start":{"line":70,"column":4},"end":{"line":118,"column":5}},"11":{"start":{"line":72,"column":24},"end":{"line":72,"column":59}},"12":{"start":{"line":75,"column":21},"end":{"line":75,"column":46}},"13":{"start":{"line":79,"column":6},"end":{"line":91,"column":7}},"14":{"start":{"line":81,"column":10},"end":{"line":81,"column":62}},"15":{"start":{"line":82,"column":10},"end":{"line":82,"column":16}},"16":{"start":{"line":84,"column":10},"end":{"line":84,"column":65}},"17":{"start":{"line":85,"column":10},"end":{"line":85,"column":16}},"18":{"start":{"line":87,"column":10},"end":{"line":87,"column":66}},"19":{"start":{"line":88,"column":10},"end":{"line":88,"column":16}},"20":{"start":{"line":90,"column":10},"end":{"line":90,"column":75}},"21":{"start":{"line":94,"column":23},"end":{"line":94,"column":51}},"22":{"start":{"line":97,"column":6},"end":{"line":97,"column":49}},"23":{"start":{"line":98,"column":23},"end":{"line":98,"column":62}},"24":{"start":{"line":99,"column":6},"end":{"line":99,"column":37}},"25":{"start":{"line":100,"column":6},"end":{"line":100,"column":50}},"26":{"start":{"line":101,"column":6},"end":{"line":101,"column":47}},"27":{"start":{"line":102,"column":6},"end":{"line":102,"column":41}},"28":{"start":{"line":104,"column":6},"end":{"line":104,"column":22}},"29":{"start":{"line":107,"column":6},"end":{"line":107,"column":54}},"30":{"start":{"line":110,"column":6},"end":{"line":115,"column":7}},"31":{"start":{"line":111,"column":8},"end":{"line":111,"column":80}},"32":{"start":{"line":112,"column":8},"end":{"line":112,"column":49}},"33":{"start":{"line":113,"column":8},"end":{"line":113,"column":36}},"34":{"start":{"line":114,"column":8},"end":{"line":114,"column":59}},"35":{"start":{"line":117,"column":6},"end":{"line":117,"column":18}},"36":{"start":{"line":125,"column":4},"end":{"line":155,"column":3}},"37":{"start":{"line":132,"column":35},"end":{"line":132,"column":55}},"38":{"start":{"line":162,"column":21},"end":{"line":192,"column":5}},"39":{"start":{"line":194,"column":4},"end":{"line":194,"column":52}},"40":{"start":{"line":201,"column":21},"end":{"line":235,"column":5}},"41":{"start":{"line":237,"column":4},"end":{"line":237,"column":41}},"42":{"start":{"line":246,"column":4},"end":{"line":246,"column":52}},"43":{"start":{"line":248,"column":4},"end":{"line":259,"column":7}},"44":{"start":{"line":266,"column":4},"end":{"line":300,"column":5}},"45":{"start":{"line":268,"column":21},"end":{"line":268,"column":83}},"46":{"start":{"line":271,"column":6},"end":{"line":273,"column":7}},"47":{"start":{"line":272,"column":8},"end":{"line":272,"column":51}},"48":{"start":{"line":276,"column":6},"end":{"line":276,"column":56}},"49":{"start":{"line":279,"column":6},"end":{"line":279,"column":38}},"50":{"start":{"line":280,"column":6},"end":{"line":280,"column":57}},"51":{"start":{"line":282,"column":6},"end":{"line":282,"column":20}},"52":{"start":{"line":285,"column":6},"end":{"line":285,"column":59}},"53":{"start":{"line":288,"column":6},"end":{"line":299,"column":8}},"54":{"start":{"line":308,"column":4},"end":{"line":310,"column":5}},"55":{"start":{"line":309,"column":6},"end":{"line":309,"column":24}},"56":{"start":{"line":313,"column":4},"end":{"line":315,"column":5}},"57":{"start":{"line":314,"column":6},"end":{"line":314,"column":43}},"58":{"start":{"line":318,"column":4},"end":{"line":321,"column":5}},"59":{"start":{"line":319,"column":21},"end":{"line":319,"column":50}},"60":{"start":{"line":320,"column":6},"end":{"line":320,"column":39}},"61":{"start":{"line":323,"column":4},"end":{"line":323,"column":49}},"62":{"start":{"line":332,"column":27},"end":{"line":332,"column":66}},"63":{"start":{"line":334,"column":4},"end":{"line":337,"column":5}},"64":{"start":{"line":336,"column":6},"end":{"line":336,"column":16}},"65":{"start":{"line":341,"column":28},"end":{"line":341,"column":46}},"66":{"start":{"line":342,"column":27},"end":{"line":342,"column":53}},"67":{"start":{"line":343,"column":28},"end":{"line":343,"column":42}},"68":{"start":{"line":346,"column":22},"end":{"line":346,"column":53}},"69":{"start":{"line":347,"column":22},"end":{"line":347,"column":54}},"70":{"start":{"line":348,"column":23},"end":{"line":348,"column":58}},"71":{"start":{"line":351,"column":4},"end":{"line":351,"column":35}},"72":{"start":{"line":358,"column":18},"end":{"line":358,"column":35}},"73":{"start":{"line":359,"column":20},"end":{"line":359,"column":44}},"74":{"start":{"line":361,"column":4},"end":{"line":364,"column":5}},"75":{"start":{"line":362,"column":6},"end":{"line":362,"column":58}},"76":{"start":{"line":363,"column":6},"end":{"line":363,"column":18}},"77":{"start":{"line":367,"column":24},"end":{"line":367,"column":95}},"78":{"start":{"line":368,"column":25},"end":{"line":368,"column":54}},"79":{"start":{"line":369,"column":29},"end":{"line":369,"column":55}},"80":{"start":{"line":372,"column":25},"end":{"line":372,"column":44}},"81":{"start":{"line":375,"column":22},"end":{"line":375,"column":68}},"82":{"start":{"line":376,"column":23},"end":{"line":376,"column":66}},"83":{"start":{"line":378,"column":4},"end":{"line":387,"column":6}},"84":{"start":{"line":394,"column":4},"end":{"line":394,"column":59}},"85":{"start":{"line":394,"column":34},"end":{"line":394,"column":57}},"86":{"start":{"line":401,"column":19},"end":{"line":405,"column":5}},"87":{"start":{"line":407,"column":4},"end":{"line":407,"column":46}},"88":{"start":{"line":414,"column":18},"end":{"line":414,"column":35}},"89":{"start":{"line":415,"column":20},"end":{"line":415,"column":44}},"90":{"start":{"line":417,"column":4},"end":{"line":424,"column":5}},"91":{"start":{"line":418,"column":6},"end":{"line":423,"column":8}},"92":{"start":{"line":427,"column":24},"end":{"line":430,"column":5}},"93":{"start":{"line":431,"column":25},"end":{"line":431,"column":28}},"94":{"start":{"line":432,"column":27},"end":{"line":432,"column":30}},"95":{"start":{"line":435,"column":34},"end":{"line":435,"column":92}},"96":{"start":{"line":436,"column":35},"end":{"line":436,"column":80}},"97":{"start":{"line":437,"column":29},"end":{"line":437,"column":75}},"98":{"start":{"line":440,"column":27},"end":{"line":440,"column":64}},"99":{"start":{"line":442,"column":4},"end":{"line":456,"column":6}},"100":{"start":{"line":463,"column":28},"end":{"line":470,"column":5}},"101":{"start":{"line":472,"column":4},"end":{"line":472,"column":63}},"102":{"start":{"line":476,"column":0},"end":{"line":476,"column":34}}},"fnMap":{"0":{"name":"(anonymous_0)","decl":{"start":{"line":13,"column":2},"end":{"line":13,"column":3}},"loc":{"start":{"line":13,"column":27},"end":{"line":56,"column":3}},"line":13},"1":{"name":"(anonymous_1)","decl":{"start":{"line":58,"column":2},"end":{"line":58,"column":3}},"loc":{"start":{"line":58,"column":19},"end":{"line":62,"column":3}},"line":58},"2":{"name":"(anonymous_2)","decl":{"start":{"line":67,"column":2},"end":{"line":67,"column":3}},"loc":{"start":{"line":67,"column":47},"end":{"line":119,"column":3}},"line":67},"3":{"name":"(anonymous_3)","decl":{"start":{"line":124,"column":2},"end":{"line":124,"column":3}},"loc":{"start":{"line":124,"column":23},"end":{"line":156,"column":3}},"line":124},"4":{"name":"(anonymous_4)","decl":{"start":{"line":132,"column":30},"end":{"line":132,"column":31}},"loc":{"start":{"line":132,"column":35},"end":{"line":132,"column":55}},"line":132},"5":{"name":"(anonymous_5)","decl":{"start":{"line":161,"column":2},"end":{"line":161,"column":3}},"loc":{"start":{"line":161,"column":38},"end":{"line":195,"column":3}},"line":161},"6":{"name":"(anonymous_6)","decl":{"start":{"line":200,"column":2},"end":{"line":200,"column":3}},"loc":{"start":{"line":200,"column":41},"end":{"line":238,"column":3}},"line":200},"7":{"name":"(anonymous_7)","decl":{"start":{"line":243,"column":2},"end":{"line":243,"column":3}},"loc":{"start":{"line":243,"column":42},"end":{"line":260,"column":3}},"line":243},"8":{"name":"(anonymous_8)","decl":{"start":{"line":265,"column":2},"end":{"line":265,"column":3}},"loc":{"start":{"line":265,"column":26},"end":{"line":301,"column":3}},"line":265},"9":{"name":"(anonymous_9)","decl":{"start":{"line":306,"column":2},"end":{"line":306,"column":3}},"loc":{"start":{"line":306,"column":33},"end":{"line":324,"column":3}},"line":306},"10":{"name":"(anonymous_10)","decl":{"start":{"line":330,"column":2},"end":{"line":330,"column":3}},"loc":{"start":{"line":330,"column":51},"end":{"line":352,"column":3}},"line":330},"11":{"name":"(anonymous_11)","decl":{"start":{"line":357,"column":2},"end":{"line":357,"column":3}},"loc":{"start":{"line":357,"column":37},"end":{"line":388,"column":3}},"line":357},"12":{"name":"(anonymous_12)","decl":{"start":{"line":393,"column":2},"end":{"line":393,"column":3}},"loc":{"start":{"line":393,"column":12},"end":{"line":395,"column":3}},"line":393},"13":{"name":"(anonymous_13)","decl":{"start":{"line":394,"column":23},"end":{"line":394,"column":24}},"loc":{"start":{"line":394,"column":34},"end":{"line":394,"column":57}},"line":394},"14":{"name":"(anonymous_14)","decl":{"start":{"line":400,"column":2},"end":{"line":400,"column":3}},"loc":{"start":{"line":400,"column":23},"end":{"line":408,"column":3}},"line":400},"15":{"name":"(anonymous_15)","decl":{"start":{"line":413,"column":2},"end":{"line":413,"column":3}},"loc":{"start":{"line":413,"column":63},"end":{"line":457,"column":3}},"line":413},"16":{"name":"(anonymous_16)","decl":{"start":{"line":462,"column":2},"end":{"line":462,"column":3}},"loc":{"start":{"line":462,"column":43},"end":{"line":473,"column":3}},"line":462}},"branchMap":{"0":{"loc":{"start":{"line":13,"column":14},"end":{"line":13,"column":25}},"type":"default-arg","locations":[{"start":{"line":13,"column":23},"end":{"line":13,"column":25}}],"line":13},"1":{"loc":{"start":{"line":15,"column":16},"end":{"line":15,"column":70}},"type":"binary-expr","locations":[{"start":{"line":15,"column":16},"end":{"line":15,"column":31}},{"start":{"line":15,"column":35},"end":{"line":15,"column":58}},{"start":{"line":15,"column":62},"end":{"line":15,"column":70}}],"line":15},"2":{"loc":{"start":{"line":16,"column":13},"end":{"line":16,"column":60}},"type":"binary-expr","locations":[{"start":{"line":16,"column":13},"end":{"line":16,"column":25}},{"start":{"line":16,"column":29},"end":{"line":16,"column":49}},{"start":{"line":16,"column":53},"end":{"line":16,"column":60}}],"line":16},"3":{"loc":{"start":{"line":17,"column":14},"end":{"line":17,"column":90}},"type":"binary-expr","locations":[{"start":{"line":17,"column":14},"end":{"line":17,"column":27}},{"start":{"line":17,"column":31},"end":{"line":17,"column":57}},{"start":{"line":17,"column":61},"end":{"line":17,"column":90}}],"line":17},"4":{"loc":{"start":{"line":18,"column":19},"end":{"line":18,"column":42}},"type":"binary-expr","locations":[{"start":{"line":18,"column":19},"end":{"line":18,"column":37}},{"start":{"line":18,"column":41},"end":{"line":18,"column":42}}],"line":18},"5":{"loc":{"start":{"line":19,"column":17},"end":{"line":19,"column":41}},"type":"binary-expr","locations":[{"start":{"line":19,"column":17},"end":{"line":19,"column":33}},{"start":{"line":19,"column":37},"end":{"line":19,"column":41}}],"line":19},"6":{"loc":{"start":{"line":20,"column":15},"end":{"line":20,"column":38}},"type":"binary-expr","locations":[{"start":{"line":20,"column":15},"end":{"line":20,"column":29}},{"start":{"line":20,"column":33},"end":{"line":20,"column":38}}],"line":20},"7":{"loc":{"start":{"line":21,"column":21},"end":{"line":21,"column":46}},"type":"binary-expr","locations":[{"start":{"line":21,"column":21},"end":{"line":21,"column":41}},{"start":{"line":21,"column":45},"end":{"line":21,"column":46}}],"line":21},"8":{"loc":{"start":{"line":22,"column":18},"end":{"line":22,"column":43}},"type":"binary-expr","locations":[{"start":{"line":22,"column":18},"end":{"line":22,"column":35}},{"start":{"line":22,"column":39},"end":{"line":22,"column":43}}],"line":22},"9":{"loc":{"start":{"line":59,"column":4},"end":{"line":61,"column":5}},"type":"if","locations":[{"start":{"line":59,"column":4},"end":{"line":61,"column":5}},{"start":{},"end":{}}],"line":59},"10":{"loc":{"start":{"line":59,"column":8},"end":{"line":59,"column":63}},"type":"binary-expr","locations":[{"start":{"line":59,"column":8},"end":{"line":59,"column":27}},{"start":{"line":59,"column":31},"end":{"line":59,"column":63}}],"line":59},"11":{"loc":{"start":{"line":79,"column":6},"end":{"line":91,"column":7}},"type":"switch","locations":[{"start":{"line":80,"column":8},"end":{"line":82,"column":16}},{"start":{"line":83,"column":8},"end":{"line":85,"column":16}},{"start":{"line":86,"column":8},"end":{"line":88,"column":16}},{"start":{"line":89,"column":8},"end":{"line":90,"column":75}}],"line":79},"12":{"loc":{"start":{"line":110,"column":6},"end":{"line":115,"column":7}},"type":"if","locations":[{"start":{"line":110,"column":6},"end":{"line":115,"column":7}},{"start":{},"end":{}}],"line":110},"13":{"loc":{"start":{"line":268,"column":21},"end":{"line":268,"column":83}},"type":"cond-expr","locations":[{"start":{"line":268,"column":52},"end":{"line":268,"column":72}},{"start":{"line":268,"column":75},"end":{"line":268,"column":83}}],"line":268},"14":{"loc":{"start":{"line":271,"column":6},"end":{"line":273,"column":7}},"type":"if","locations":[{"start":{"line":271,"column":6},"end":{"line":273,"column":7}},{"start":{},"end":{}}],"line":271},"15":{"loc":{"start":{"line":271,"column":10},"end":{"line":271,"column":50}},"type":"binary-expr","locations":[{"start":{"line":271,"column":10},"end":{"line":271,"column":28}},{"start":{"line":271,"column":32},"end":{"line":271,"column":50}}],"line":271},"16":{"loc":{"start":{"line":279,"column":20},"end":{"line":279,"column":37}},"type":"binary-expr","locations":[{"start":{"line":279,"column":20},"end":{"line":279,"column":31}},{"start":{"line":279,"column":35},"end":{"line":279,"column":37}}],"line":279},"17":{"loc":{"start":{"line":280,"column":28},"end":{"line":280,"column":56}},"type":"binary-expr","locations":[{"start":{"line":280,"column":28},"end":{"line":280,"column":47}},{"start":{"line":280,"column":51},"end":{"line":280,"column":56}}],"line":280},"18":{"loc":{"start":{"line":308,"column":4},"end":{"line":310,"column":5}},"type":"if","locations":[{"start":{"line":308,"column":4},"end":{"line":310,"column":5}},{"start":{},"end":{}}],"line":308},"19":{"loc":{"start":{"line":313,"column":4},"end":{"line":315,"column":5}},"type":"if","locations":[{"start":{"line":313,"column":4},"end":{"line":315,"column":5}},{"start":{},"end":{}}],"line":313},"20":{"loc":{"start":{"line":318,"column":4},"end":{"line":321,"column":5}},"type":"if","locations":[{"start":{"line":318,"column":4},"end":{"line":321,"column":5}},{"start":{},"end":{}}],"line":318},"21":{"loc":{"start":{"line":318,"column":8},"end":{"line":318,"column":65}},"type":"binary-expr","locations":[{"start":{"line":318,"column":8},"end":{"line":318,"column":34}},{"start":{"line":318,"column":38},"end":{"line":318,"column":65}}],"line":318},"22":{"loc":{"start":{"line":330,"column":34},"end":{"line":330,"column":49}},"type":"default-arg","locations":[{"start":{"line":330,"column":43},"end":{"line":330,"column":49}}],"line":330},"23":{"loc":{"start":{"line":334,"column":4},"end":{"line":337,"column":5}},"type":"if","locations":[{"start":{"line":334,"column":4},"end":{"line":337,"column":5}},{"start":{},"end":{}}],"line":334},"24":{"loc":{"start":{"line":361,"column":4},"end":{"line":364,"column":5}},"type":"if","locations":[{"start":{"line":361,"column":4},"end":{"line":364,"column":5}},{"start":{},"end":{}}],"line":361},"25":{"loc":{"start":{"line":367,"column":61},"end":{"line":367,"column":94}},"type":"binary-expr","locations":[{"start":{"line":367,"column":61},"end":{"line":367,"column":84}},{"start":{"line":367,"column":88},"end":{"line":367,"column":94}}],"line":367},"26":{"loc":{"start":{"line":368,"column":25},"end":{"line":368,"column":54}},"type":"binary-expr","locations":[{"start":{"line":368,"column":25},"end":{"line":368,"column":46}},{"start":{"line":368,"column":50},"end":{"line":368,"column":54}}],"line":368},"27":{"loc":{"start":{"line":407,"column":11},"end":{"line":407,"column":45}},"type":"binary-expr","locations":[{"start":{"line":407,"column":11},"end":{"line":407,"column":39}},{"start":{"line":407,"column":43},"end":{"line":407,"column":45}}],"line":407},"28":{"loc":{"start":{"line":413,"column":35},"end":{"line":413,"column":61}},"type":"default-arg","locations":[{"start":{"line":413,"column":55},"end":{"line":413,"column":61}}],"line":413},"29":{"loc":{"start":{"line":417,"column":4},"end":{"line":424,"column":5}},"type":"if","locations":[{"start":{"line":417,"column":4},"end":{"line":424,"column":5}},{"start":{},"end":{}}],"line":417},"30":{"loc":{"start":{"line":429,"column":6},"end":{"line":429,"column":39}},"type":"binary-expr","locations":[{"start":{"line":429,"column":6},"end":{"line":429,"column":29}},{"start":{"line":429,"column":33},"end":{"line":429,"column":39}}],"line":429},"31":{"loc":{"start":{"line":448,"column":17},"end":{"line":448,"column":46}},"type":"binary-expr","locations":[{"start":{"line":448,"column":17},"end":{"line":448,"column":38}},{"start":{"line":448,"column":42},"end":{"line":448,"column":46}}],"line":448},"32":{"loc":{"start":{"line":449,"column":39},"end":{"line":449,"column":68}},"type":"binary-expr","locations":[{"start":{"line":449,"column":39},"end":{"line":449,"column":60}},{"start":{"line":449,"column":64},"end":{"line":449,"column":68}}],"line":449},"33":{"loc":{"start":{"line":462,"column":22},"end":{"line":462,"column":41}},"type":"default-arg","locations":[{"start":{"line":462,"column":32},"end":{"line":462,"column":41}}],"line":462},"34":{"loc":{"start":{"line":472,"column":11},"end":{"line":472,"column":62}},"type":"binary-expr","locations":[{"start":{"line":472,"column":11},"end":{"line":472,"column":35}},{"start":{"line":472,"column":39},"end":{"line":472,"column":62}}],"line":472}},"s":{"0":0,"1":0,"2":0,"3":0,"4":0,"5":0,"6":0,"7":0,"8":0,"9":0,"10":0,"11":0,"12":0,"13":0,"14":0,"15":0,"16":0,"17":0,"18":0,"19":0,"20":0,"21":0,"22":0,"23":0,"24":0,"25":0,"26":0,"27":0,"28":0,"29":0,"30":0,"31":0,"32":0,"33":0,"34":0,"35":0,"36":0,"37":0,"38":0,"39":0,"40":0,"41":0,"42":0,"43":0,"44":0,"45":0,"46":0,"47":0,"48":0,"49":0,"50":0,"51":0,"52":0,"53":0,"54":0,"55":0,"56":0,"57":0,"58":0,"59":0,"60":0,"61":0,"62":0,"63":0,"64":0,"65":0,"66":0,"67":0,"68":0,"69":0,"70":0,"71":0,"72":0,"73":0,"74":0,"75":0,"76":0,"77":0,"78":0,"79":0,"80":0,"81":0,"82":0,"83":0,"84":0,"85":0,"86":0,"87":0,"88":0,"89":0,"90":0,"91":0,"92":0,"93":0,"94":0,"95":0,"96":0,"97":0,"98":0,"99":0,"100":0,"101":0,"102":0},"f":{"0":0,"1":0,"2":0,"3":0,"4":0,"5":0,"6":0,"7":0,"8":0,"9":0,"10":0,"11":0,"12":0,"13":0,"14":0,"15":0,"16":0},"b":{"0":[0],"1":[0,0,0],"2":[0,0,0],"3":[0,0,0],"4":[0,0],"5":[0,0],"6":[0,0],"7":[0,0],"8":[0,0],"9":[0,0],"10":[0,0],"11":[0,0,0,0],"12":[0,0],"13":[0,0],"14":[0,0],"15":[0,0],"16":[0,0],"17":[0,0],"18":[0,0],"19":[0,0],"20":[0,0],"21":[0,0],"22":[0],"23":[0,0],"24":[0,0],"25":[0,0],"26":[0,0],"27":[0,0],"28":[0],"29":[0,0],"30":[0,0],"31":[0,0],"32":[0,0],"33":[0],"34":[0,0]}}
,"/mnt/c/_EHG/EHG_Engineer/lib/dashboard/database-loader.js": {"path":"/mnt/c/_EHG/EHG_Engineer/lib/dashboard/database-loader.js","statementMap":{"0":{"start":{"line":7,"column":25},"end":{"line":7,"column":57}},"1":{"start":{"line":8,"column":13},"end":{"line":8,"column":28}},"2":{"start":{"line":9,"column":0},"end":{"line":9,"column":71}},"3":{"start":{"line":13,"column":4},"end":{"line":13,"column":25}},"4":{"start":{"line":14,"column":4},"end":{"line":14,"column":29}},"5":{"start":{"line":15,"column":4},"end":{"line":15,"column":30}},"6":{"start":{"line":19,"column":24},"end":{"line":19,"column":60}},"7":{"start":{"line":20,"column":24},"end":{"line":20,"column":65}},"8":{"start":{"line":22,"column":4},"end":{"line":28,"column":5}},"9":{"start":{"line":25,"column":6},"end":{"line":25,"column":79}},"10":{"start":{"line":26,"column":6},"end":{"line":26,"column":31}},"11":{"start":{"line":27,"column":6},"end":{"line":27,"column":13}},"12":{"start":{"line":30,"column":4},"end":{"line":37,"column":5}},"13":{"start":{"line":31,"column":6},"end":{"line":31,"column":61}},"14":{"start":{"line":32,"column":6},"end":{"line":32,"column":30}},"15":{"start":{"line":33,"column":6},"end":{"line":33,"column":55}},"16":{"start":{"line":35,"column":6},"end":{"line":35,"column":71}},"17":{"start":{"line":36,"column":6},"end":{"line":36,"column":31}},"18":{"start":{"line":44,"column":4},"end":{"line":47,"column":5}},"19":{"start":{"line":45,"column":6},"end":{"line":45,"column":66}},"20":{"start":{"line":46,"column":6},"end":{"line":46,"column":16}},"21":{"start":{"line":49,"column":4},"end":{"line":113,"column":5}},"22":{"start":{"line":50,"column":30},"end":{"line":53,"column":50}},"23":{"start":{"line":55,"column":6},"end":{"line":58,"column":7}},"24":{"start":{"line":56,"column":8},"end":{"line":56,"column":75}},"25":{"start":{"line":57,"column":8},"end":{"line":57,"column":18}},"26":{"start":{"line":61,"column":29},"end":{"line":63,"column":20}},"27":{"start":{"line":66,"column":21},"end":{"line":66,"column":23}},"28":{"start":{"line":67,"column":6},"end":{"line":71,"column":7}},"29":{"start":{"line":68,"column":8},"end":{"line":70,"column":11}},"30":{"start":{"line":69,"column":10},"end":{"line":69,"column":41}},"31":{"start":{"line":74,"column":18},"end":{"line":106,"column":9}},"32":{"start":{"line":75,"column":30},"end":{"line":75,"column":43}},"33":{"start":{"line":76,"column":25},"end":{"line":76,"column":74}},"34":{"start":{"line":78,"column":8},"end":{"line":105,"column":10}},"35":{"start":{"line":108,"column":6},"end":{"line":108,"column":80}},"36":{"start":{"line":109,"column":6},"end":{"line":109,"column":17}},"37":{"start":{"line":111,"column":6},"end":{"line":111,"column":60}},"38":{"start":{"line":112,"column":6},"end":{"line":112,"column":16}},"39":{"start":{"line":120,"column":4},"end":{"line":123,"column":5}},"40":{"start":{"line":121,"column":6},"end":{"line":121,"column":67}},"41":{"start":{"line":122,"column":6},"end":{"line":122,"column":16}},"42":{"start":{"line":125,"column":4},"end":{"line":180,"column":5}},"43":{"start":{"line":126,"column":30},"end":{"line":129,"column":50}},"44":{"start":{"line":131,"column":6},"end":{"line":134,"column":7}},"45":{"start":{"line":132,"column":8},"end":{"line":132,"column":76}},"46":{"start":{"line":133,"column":8},"end":{"line":133,"column":18}},"47":{"start":{"line":137,"column":19},"end":{"line":173,"column":9}},"48":{"start":{"line":137,"column":36},"end":{"line":173,"column":7}},"49":{"start":{"line":175,"column":6},"end":{"line":175,"column":65}},"50":{"start":{"line":176,"column":6},"end":{"line":176,"column":18}},"51":{"start":{"line":178,"column":6},"end":{"line":178,"column":61}},"52":{"start":{"line":179,"column":6},"end":{"line":179,"column":16}},"53":{"start":{"line":187,"column":4},"end":{"line":189,"column":5}},"54":{"start":{"line":188,"column":6},"end":{"line":188,"column":16}},"55":{"start":{"line":191,"column":4},"end":{"line":208,"column":5}},"56":{"start":{"line":192,"column":30},"end":{"line":196,"column":54}},"57":{"start":{"line":198,"column":6},"end":{"line":201,"column":7}},"58":{"start":{"line":199,"column":8},"end":{"line":199,"column":75}},"59":{"start":{"line":200,"column":8},"end":{"line":200,"column":18}},"60":{"start":{"line":203,"column":6},"end":{"line":203,"column":80}},"61":{"start":{"line":204,"column":6},"end":{"line":204,"column":18}},"62":{"start":{"line":206,"column":6},"end":{"line":206,"column":60}},"63":{"start":{"line":207,"column":6},"end":{"line":207,"column":16}},"64":{"start":{"line":215,"column":22},"end":{"line":215,"column":24}},"65":{"start":{"line":218,"column":4},"end":{"line":226,"column":5}},"66":{"start":{"line":219,"column":6},"end":{"line":225,"column":9}},"67":{"start":{"line":220,"column":8},"end":{"line":224,"column":11}},"68":{"start":{"line":228,"column":4},"end":{"line":228,"column":21}},"69":{"start":{"line":235,"column":22},"end":{"line":235,"column":24}},"70":{"start":{"line":238,"column":4},"end":{"line":246,"column":5}},"71":{"start":{"line":239,"column":6},"end":{"line":245,"column":9}},"72":{"start":{"line":240,"column":8},"end":{"line":244,"column":11}},"73":{"start":{"line":249,"column":4},"end":{"line":257,"column":5}},"74":{"start":{"line":250,"column":6},"end":{"line":256,"column":9}},"75":{"start":{"line":251,"column":8},"end":{"line":255,"column":11}},"76":{"start":{"line":260,"column":4},"end":{"line":268,"column":5}},"77":{"start":{"line":261,"column":6},"end":{"line":267,"column":9}},"78":{"start":{"line":262,"column":8},"end":{"line":266,"column":11}},"79":{"start":{"line":270,"column":4},"end":{"line":270,"column":21}},"80":{"start":{"line":278,"column":19},"end":{"line":284,"column":5}},"81":{"start":{"line":286,"column":24},"end":{"line":286,"column":25}},"82":{"start":{"line":289,"column":4},"end":{"line":292,"column":5}},"83":{"start":{"line":291,"column":6},"end":{"line":291,"column":44}},"84":{"start":{"line":295,"column":4},"end":{"line":321,"column":5}},"85":{"start":{"line":297,"column":24},"end":{"line":297,"column":48}},"86":{"start":{"line":298,"column":27},"end":{"line":298,"column":66}},"87":{"start":{"line":298,"column":49},"end":{"line":298,"column":58}},"88":{"start":{"line":299,"column":24},"end":{"line":299,"column":45}},"89":{"start":{"line":300,"column":27},"end":{"line":300,"column":74}},"90":{"start":{"line":301,"column":6},"end":{"line":301,"column":36}},"91":{"start":{"line":304,"column":24},"end":{"line":304,"column":48}},"92":{"start":{"line":305,"column":27},"end":{"line":305,"column":66}},"93":{"start":{"line":305,"column":49},"end":{"line":305,"column":58}},"94":{"start":{"line":306,"column":24},"end":{"line":306,"column":45}},"95":{"start":{"line":307,"column":27},"end":{"line":307,"column":82}},"96":{"start":{"line":308,"column":6},"end":{"line":308,"column":36}},"97":{"start":{"line":311,"column":30},"end":{"line":311,"column":60}},"98":{"start":{"line":312,"column":33},"end":{"line":312,"column":78}},"99":{"start":{"line":312,"column":61},"end":{"line":312,"column":70}},"100":{"start":{"line":313,"column":30},"end":{"line":313,"column":57}},"101":{"start":{"line":314,"column":33},"end":{"line":314,"column":98}},"102":{"start":{"line":315,"column":6},"end":{"line":315,"column":42}},"103":{"start":{"line":318,"column":6},"end":{"line":320,"column":7}},"104":{"start":{"line":319,"column":8},"end":{"line":319,"column":46}},"105":{"start":{"line":323,"column":4},"end":{"line":323,"column":37}},"106":{"start":{"line":330,"column":4},"end":{"line":368,"column":2}},"107":{"start":{"line":351,"column":45},"end":{"line":351,"column":55}},"108":{"start":{"line":354,"column":46},"end":{"line":354,"column":65}},"109":{"start":{"line":358,"column":2},"end":{"line":358,"column":79}},"110":{"start":{"line":362,"column":37},"end":{"line":362,"column":47}},"111":{"start":{"line":375,"column":4},"end":{"line":430,"column":2}},"112":{"start":{"line":394,"column":49},"end":{"line":394,"column":59}},"113":{"start":{"line":397,"column":53},"end":{"line":397,"column":63}},"114":{"start":{"line":400,"column":48},"end":{"line":400,"column":58}},"115":{"start":{"line":406,"column":41},"end":{"line":406,"column":52}},"116":{"start":{"line":409,"column":50},"end":{"line":409,"column":69}},"117":{"start":{"line":413,"column":2},"end":{"line":413,"column":110}},"118":{"start":{"line":418,"column":2},"end":{"line":418,"column":110}},"119":{"start":{"line":423,"column":2},"end":{"line":423,"column":110}},"120":{"start":{"line":437,"column":4},"end":{"line":440,"column":5}},"121":{"start":{"line":438,"column":6},"end":{"line":438,"column":48}},"122":{"start":{"line":439,"column":6},"end":{"line":439,"column":19}},"123":{"start":{"line":442,"column":4},"end":{"line":524,"column":5}},"124":{"start":{"line":443,"column":20},"end":{"line":443,"column":97}},"125":{"start":{"line":446,"column":47},"end":{"line":450,"column":17}},"126":{"start":{"line":452,"column":6},"end":{"line":455,"column":7}},"127":{"start":{"line":453,"column":8},"end":{"line":453,"column":72}},"128":{"start":{"line":454,"column":8},"end":{"line":454,"column":21}},"129":{"start":{"line":458,"column":27},"end":{"line":458,"column":40}},"130":{"start":{"line":459,"column":6},"end":{"line":468,"column":7}},"131":{"start":{"line":461,"column":8},"end":{"line":467,"column":9}},"132":{"start":{"line":462,"column":10},"end":{"line":462,"column":44}},"133":{"start":{"line":463,"column":15},"end":{"line":467,"column":9}},"134":{"start":{"line":464,"column":10},"end":{"line":464,"column":44}},"135":{"start":{"line":465,"column":15},"end":{"line":467,"column":9}},"136":{"start":{"line":466,"column":10},"end":{"line":466,"column":50}},"137":{"start":{"line":471,"column":29},"end":{"line":471,"column":54}},"138":{"start":{"line":472,"column":6},"end":{"line":478,"column":7}},"139":{"start":{"line":473,"column":8},"end":{"line":477,"column":9}},"140":{"start":{"line":474,"column":10},"end":{"line":474,"column":87}},"141":{"start":{"line":476,"column":10},"end":{"line":476,"column":56}},"142":{"start":{"line":481,"column":23},"end":{"line":484,"column":7}},"143":{"start":{"line":486,"column":6},"end":{"line":506,"column":7}},"144":{"start":{"line":488,"column":29},"end":{"line":488,"column":85}},"145":{"start":{"line":488,"column":68},"end":{"line":488,"column":77}},"146":{"start":{"line":489,"column":26},"end":{"line":489,"column":64}},"147":{"start":{"line":490,"column":29},"end":{"line":490,"column":85}},"148":{"start":{"line":490,"column":68},"end":{"line":490,"column":77}},"149":{"start":{"line":491,"column":26},"end":{"line":491,"column":64}},"150":{"start":{"line":492,"column":35},"end":{"line":492,"column":97}},"151":{"start":{"line":492,"column":80},"end":{"line":492,"column":89}},"152":{"start":{"line":493,"column":32},"end":{"line":493,"column":76}},"153":{"start":{"line":496,"column":8},"end":{"line":505,"column":9}},"154":{"start":{"line":497,"column":30},"end":{"line":497,"column":76}},"155":{"start":{"line":497,"column":59},"end":{"line":497,"column":68}},"156":{"start":{"line":498,"column":10},"end":{"line":498,"column":160}},"157":{"start":{"line":499,"column":15},"end":{"line":505,"column":9}},"158":{"start":{"line":500,"column":30},"end":{"line":500,"column":76}},"159":{"start":{"line":500,"column":59},"end":{"line":500,"column":68}},"160":{"start":{"line":501,"column":10},"end":{"line":501,"column":160}},"161":{"start":{"line":502,"column":15},"end":{"line":505,"column":9}},"162":{"start":{"line":503,"column":30},"end":{"line":503,"column":76}},"163":{"start":{"line":503,"column":59},"end":{"line":503,"column":68}},"164":{"start":{"line":504,"column":10},"end":{"line":504,"column":154}},"165":{"start":{"line":509,"column":37},"end":{"line":512,"column":29}},"166":{"start":{"line":514,"column":6},"end":{"line":517,"column":7}},"167":{"start":{"line":515,"column":8},"end":{"line":515,"column":74}},"168":{"start":{"line":516,"column":8},"end":{"line":516,"column":21}},"169":{"start":{"line":519,"column":6},"end":{"line":519,"column":79}},"170":{"start":{"line":520,"column":6},"end":{"line":520,"column":18}},"171":{"start":{"line":522,"column":6},"end":{"line":522,"column":68}},"172":{"start":{"line":523,"column":6},"end":{"line":523,"column":19}},"173":{"start":{"line":531,"column":4},"end":{"line":534,"column":5}},"174":{"start":{"line":532,"column":6},"end":{"line":532,"column":75}},"175":{"start":{"line":533,"column":6},"end":{"line":533,"column":18}},"176":{"start":{"line":536,"column":4},"end":{"line":536,"column":88}},"177":{"start":{"line":538,"column":4},"end":{"line":552,"column":17}},"178":{"start":{"line":539,"column":6},"end":{"line":551,"column":7}},"179":{"start":{"line":540,"column":20},"end":{"line":540,"column":56}},"180":{"start":{"line":541,"column":21},"end":{"line":541,"column":42}},"181":{"start":{"line":542,"column":20},"end":{"line":542,"column":55}},"182":{"start":{"line":544,"column":8},"end":{"line":548,"column":11}},"183":{"start":{"line":550,"column":8},"end":{"line":550,"column":66}},"184":{"start":{"line":556,"column":0},"end":{"line":556,"column":32}}},"fnMap":{"0":{"name":"(anonymous_0)","decl":{"start":{"line":12,"column":2},"end":{"line":12,"column":3}},"loc":{"start":{"line":12,"column":16},"end":{"line":16,"column":3}},"line":12},"1":{"name":"(anonymous_1)","decl":{"start":{"line":18,"column":2},"end":{"line":18,"column":3}},"loc":{"start":{"line":18,"column":23},"end":{"line":38,"column":3}},"line":18},"2":{"name":"(anonymous_2)","decl":{"start":{"line":43,"column":2},"end":{"line":43,"column":3}},"loc":{"start":{"line":43,"column":34},"end":{"line":114,"column":3}},"line":43},"3":{"name":"(anonymous_3)","decl":{"start":{"line":68,"column":21},"end":{"line":68,"column":22}},"loc":{"start":{"line":68,"column":28},"end":{"line":70,"column":9}},"line":68},"4":{"name":"(anonymous_4)","decl":{"start":{"line":74,"column":45},"end":{"line":74,"column":46}},"loc":{"start":{"line":74,"column":57},"end":{"line":106,"column":7}},"line":74},"5":{"name":"(anonymous_5)","decl":{"start":{"line":119,"column":2},"end":{"line":119,"column":3}},"loc":{"start":{"line":119,"column":19},"end":{"line":181,"column":3}},"line":119},"6":{"name":"(anonymous_6)","decl":{"start":{"line":137,"column":28},"end":{"line":137,"column":29}},"loc":{"start":{"line":137,"column":36},"end":{"line":173,"column":7}},"line":137},"7":{"name":"(anonymous_7)","decl":{"start":{"line":186,"column":2},"end":{"line":186,"column":3}},"loc":{"start":{"line":186,"column":33},"end":{"line":209,"column":3}},"line":186},"8":{"name":"(anonymous_8)","decl":{"start":{"line":214,"column":2},"end":{"line":214,"column":3}},"loc":{"start":{"line":214,"column":23},"end":{"line":229,"column":3}},"line":214},"9":{"name":"(anonymous_9)","decl":{"start":{"line":219,"column":34},"end":{"line":219,"column":35}},"loc":{"start":{"line":219,"column":46},"end":{"line":225,"column":7}},"line":219},"10":{"name":"(anonymous_10)","decl":{"start":{"line":234,"column":2},"end":{"line":234,"column":3}},"loc":{"start":{"line":234,"column":28},"end":{"line":271,"column":3}},"line":234},"11":{"name":"(anonymous_11)","decl":{"start":{"line":239,"column":33},"end":{"line":239,"column":34}},"loc":{"start":{"line":239,"column":41},"end":{"line":245,"column":7}},"line":239},"12":{"name":"(anonymous_12)","decl":{"start":{"line":250,"column":33},"end":{"line":250,"column":34}},"loc":{"start":{"line":250,"column":41},"end":{"line":256,"column":7}},"line":250},"13":{"name":"(anonymous_13)","decl":{"start":{"line":261,"column":39},"end":{"line":261,"column":40}},"loc":{"start":{"line":261,"column":47},"end":{"line":267,"column":7}},"line":261},"14":{"name":"(anonymous_14)","decl":{"start":{"line":276,"column":2},"end":{"line":276,"column":3}},"loc":{"start":{"line":276,"column":37},"end":{"line":324,"column":3}},"line":276},"15":{"name":"(anonymous_15)","decl":{"start":{"line":298,"column":44},"end":{"line":298,"column":45}},"loc":{"start":{"line":298,"column":49},"end":{"line":298,"column":58}},"line":298},"16":{"name":"(anonymous_16)","decl":{"start":{"line":305,"column":44},"end":{"line":305,"column":45}},"loc":{"start":{"line":305,"column":49},"end":{"line":305,"column":58}},"line":305},"17":{"name":"(anonymous_17)","decl":{"start":{"line":312,"column":56},"end":{"line":312,"column":57}},"loc":{"start":{"line":312,"column":61},"end":{"line":312,"column":70}},"line":312},"18":{"name":"(anonymous_18)","decl":{"start":{"line":329,"column":2},"end":{"line":329,"column":3}},"loc":{"start":{"line":329,"column":24},"end":{"line":369,"column":3}},"line":329},"19":{"name":"(anonymous_19)","decl":{"start":{"line":351,"column":38},"end":{"line":351,"column":39}},"loc":{"start":{"line":351,"column":45},"end":{"line":351,"column":55}},"line":351},"20":{"name":"(anonymous_20)","decl":{"start":{"line":354,"column":34},"end":{"line":354,"column":35}},"loc":{"start":{"line":354,"column":46},"end":{"line":354,"column":65}},"line":354},"21":{"name":"(anonymous_21)","decl":{"start":{"line":357,"column":23},"end":{"line":357,"column":24}},"loc":{"start":{"line":358,"column":2},"end":{"line":358,"column":79}},"line":358},"22":{"name":"(anonymous_22)","decl":{"start":{"line":362,"column":30},"end":{"line":362,"column":31}},"loc":{"start":{"line":362,"column":37},"end":{"line":362,"column":47}},"line":362},"23":{"name":"(anonymous_23)","decl":{"start":{"line":374,"column":2},"end":{"line":374,"column":3}},"loc":{"start":{"line":374,"column":26},"end":{"line":431,"column":3}},"line":374},"24":{"name":"(anonymous_24)","decl":{"start":{"line":394,"column":42},"end":{"line":394,"column":43}},"loc":{"start":{"line":394,"column":49},"end":{"line":394,"column":59}},"line":394},"25":{"name":"(anonymous_25)","decl":{"start":{"line":397,"column":46},"end":{"line":397,"column":47}},"loc":{"start":{"line":397,"column":53},"end":{"line":397,"column":63}},"line":397},"26":{"name":"(anonymous_26)","decl":{"start":{"line":400,"column":41},"end":{"line":400,"column":42}},"loc":{"start":{"line":400,"column":48},"end":{"line":400,"column":58}},"line":400},"27":{"name":"(anonymous_27)","decl":{"start":{"line":406,"column":33},"end":{"line":406,"column":34}},"loc":{"start":{"line":406,"column":41},"end":{"line":406,"column":52}},"line":406},"28":{"name":"(anonymous_28)","decl":{"start":{"line":409,"column":38},"end":{"line":409,"column":39}},"loc":{"start":{"line":409,"column":50},"end":{"line":409,"column":69}},"line":409},"29":{"name":"(anonymous_29)","decl":{"start":{"line":412,"column":33},"end":{"line":412,"column":34}},"loc":{"start":{"line":413,"column":2},"end":{"line":413,"column":110}},"line":413},"30":{"name":"(anonymous_30)","decl":{"start":{"line":417,"column":33},"end":{"line":417,"column":34}},"loc":{"start":{"line":418,"column":2},"end":{"line":418,"column":110}},"line":418},"31":{"name":"(anonymous_31)","decl":{"start":{"line":422,"column":39},"end":{"line":422,"column":40}},"loc":{"start":{"line":423,"column":2},"end":{"line":423,"column":110}},"line":423},"32":{"name":"(anonymous_32)","decl":{"start":{"line":436,"column":2},"end":{"line":436,"column":3}},"loc":{"start":{"line":436,"column":89},"end":{"line":525,"column":3}},"line":436},"33":{"name":"(anonymous_33)","decl":{"start":{"line":488,"column":63},"end":{"line":488,"column":64}},"loc":{"start":{"line":488,"column":68},"end":{"line":488,"column":77}},"line":488},"34":{"name":"(anonymous_34)","decl":{"start":{"line":490,"column":63},"end":{"line":490,"column":64}},"loc":{"start":{"line":490,"column":68},"end":{"line":490,"column":77}},"line":490},"35":{"name":"(anonymous_35)","decl":{"start":{"line":492,"column":75},"end":{"line":492,"column":76}},"loc":{"start":{"line":492,"column":80},"end":{"line":492,"column":89}},"line":492},"36":{"name":"(anonymous_36)","decl":{"start":{"line":497,"column":54},"end":{"line":497,"column":55}},"loc":{"start":{"line":497,"column":59},"end":{"line":497,"column":68}},"line":497},"37":{"name":"(anonymous_37)","decl":{"start":{"line":500,"column":54},"end":{"line":500,"column":55}},"loc":{"start":{"line":500,"column":59},"end":{"line":500,"column":68}},"line":500},"38":{"name":"(anonymous_38)","decl":{"start":{"line":503,"column":54},"end":{"line":503,"column":55}},"loc":{"start":{"line":503,"column":59},"end":{"line":503,"column":68}},"line":503},"39":{"name":"(anonymous_39)","decl":{"start":{"line":530,"column":2},"end":{"line":530,"column":3}},"loc":{"start":{"line":530,"column":49},"end":{"line":553,"column":3}},"line":530},"40":{"name":"(anonymous_40)","decl":{"start":{"line":538,"column":23},"end":{"line":538,"column":24}},"loc":{"start":{"line":538,"column":35},"end":{"line":552,"column":5}},"line":538}},"branchMap":{"0":{"loc":{"start":{"line":22,"column":4},"end":{"line":28,"column":5}},"type":"if","locations":[{"start":{"line":22,"column":4},"end":{"line":28,"column":5}},{"start":{},"end":{}}],"line":22},"1":{"loc":{"start":{"line":22,"column":8},"end":{"line":24,"column":53}},"type":"binary-expr","locations":[{"start":{"line":22,"column":8},"end":{"line":22,"column":20}},{"start":{"line":22,"column":24},"end":{"line":22,"column":36}},{"start":{"line":23,"column":8},"end":{"line":23,"column":48}},{"start":{"line":24,"column":8},"end":{"line":24,"column":53}}],"line":22},"2":{"loc":{"start":{"line":44,"column":4},"end":{"line":47,"column":5}},"type":"if","locations":[{"start":{"line":44,"column":4},"end":{"line":47,"column":5}},{"start":{},"end":{}}],"line":44},"3":{"loc":{"start":{"line":55,"column":6},"end":{"line":58,"column":7}},"type":"if","locations":[{"start":{"line":55,"column":6},"end":{"line":58,"column":7}},{"start":{},"end":{}}],"line":55},"4":{"loc":{"start":{"line":67,"column":6},"end":{"line":71,"column":7}},"type":"if","locations":[{"start":{"line":67,"column":6},"end":{"line":71,"column":7}},{"start":{},"end":{}}],"line":67},"5":{"loc":{"start":{"line":97,"column":19},"end":{"line":97,"column":59}},"type":"binary-expr","locations":[{"start":{"line":97,"column":19},"end":{"line":97,"column":29}},{"start":{"line":97,"column":33},"end":{"line":97,"column":59}}],"line":97},"6":{"loc":{"start":{"line":98,"column":22},"end":{"line":98,"column":51}},"type":"binary-expr","locations":[{"start":{"line":98,"column":22},"end":{"line":98,"column":45}},{"start":{"line":98,"column":49},"end":{"line":98,"column":51}}],"line":98},"7":{"loc":{"start":{"line":99,"column":27},"end":{"line":99,"column":52}},"type":"binary-expr","locations":[{"start":{"line":99,"column":27},"end":{"line":99,"column":46}},{"start":{"line":99,"column":50},"end":{"line":99,"column":52}}],"line":99},"8":{"loc":{"start":{"line":100,"column":17},"end":{"line":100,"column":31}},"type":"binary-expr","locations":[{"start":{"line":100,"column":17},"end":{"line":100,"column":25}},{"start":{"line":100,"column":29},"end":{"line":100,"column":31}}],"line":100},"9":{"loc":{"start":{"line":101,"column":24},"end":{"line":101,"column":45}},"type":"binary-expr","locations":[{"start":{"line":101,"column":24},"end":{"line":101,"column":39}},{"start":{"line":101,"column":43},"end":{"line":101,"column":45}}],"line":101},"10":{"loc":{"start":{"line":102,"column":24},"end":{"line":102,"column":45}},"type":"binary-expr","locations":[{"start":{"line":102,"column":24},"end":{"line":102,"column":39}},{"start":{"line":102,"column":43},"end":{"line":102,"column":45}}],"line":102},"11":{"loc":{"start":{"line":120,"column":4},"end":{"line":123,"column":5}},"type":"if","locations":[{"start":{"line":120,"column":4},"end":{"line":123,"column":5}},{"start":{},"end":{}}],"line":120},"12":{"loc":{"start":{"line":131,"column":6},"end":{"line":134,"column":7}},"type":"if","locations":[{"start":{"line":131,"column":6},"end":{"line":134,"column":7}},{"start":{},"end":{}}],"line":131},"13":{"loc":{"start":{"line":148,"column":18},"end":{"line":148,"column":35}},"type":"binary-expr","locations":[{"start":{"line":148,"column":18},"end":{"line":148,"column":30}},{"start":{"line":148,"column":34},"end":{"line":148,"column":35}}],"line":148},"14":{"loc":{"start":{"line":150,"column":23},"end":{"line":150,"column":47}},"type":"binary-expr","locations":[{"start":{"line":150,"column":23},"end":{"line":150,"column":41}},{"start":{"line":150,"column":45},"end":{"line":150,"column":47}}],"line":150},"15":{"loc":{"start":{"line":161,"column":17},"end":{"line":161,"column":60}},"type":"binary-expr","locations":[{"start":{"line":161,"column":17},"end":{"line":161,"column":28}},{"start":{"line":161,"column":32},"end":{"line":161,"column":60}}],"line":161},"16":{"loc":{"start":{"line":162,"column":32},"end":{"line":162,"column":65}},"type":"binary-expr","locations":[{"start":{"line":162,"column":32},"end":{"line":162,"column":59}},{"start":{"line":162,"column":63},"end":{"line":162,"column":65}}],"line":162},"17":{"loc":{"start":{"line":163,"column":35},"end":{"line":163,"column":72}},"type":"binary-expr","locations":[{"start":{"line":163,"column":35},"end":{"line":163,"column":66}},{"start":{"line":163,"column":70},"end":{"line":163,"column":72}}],"line":163},"18":{"loc":{"start":{"line":164,"column":31},"end":{"line":164,"column":63}},"type":"binary-expr","locations":[{"start":{"line":164,"column":31},"end":{"line":164,"column":57}},{"start":{"line":164,"column":61},"end":{"line":164,"column":63}}],"line":164},"19":{"loc":{"start":{"line":165,"column":23},"end":{"line":165,"column":47}},"type":"binary-expr","locations":[{"start":{"line":165,"column":23},"end":{"line":165,"column":41}},{"start":{"line":165,"column":45},"end":{"line":165,"column":47}}],"line":165},"20":{"loc":{"start":{"line":166,"column":28},"end":{"line":166,"column":57}},"type":"binary-expr","locations":[{"start":{"line":166,"column":28},"end":{"line":166,"column":51}},{"start":{"line":166,"column":55},"end":{"line":166,"column":57}}],"line":166},"21":{"loc":{"start":{"line":167,"column":15},"end":{"line":167,"column":30}},"type":"binary-expr","locations":[{"start":{"line":167,"column":15},"end":{"line":167,"column":24}},{"start":{"line":167,"column":28},"end":{"line":167,"column":30}}],"line":167},"22":{"loc":{"start":{"line":168,"column":21},"end":{"line":168,"column":42}},"type":"binary-expr","locations":[{"start":{"line":168,"column":21},"end":{"line":168,"column":36}},{"start":{"line":168,"column":40},"end":{"line":168,"column":42}}],"line":168},"23":{"loc":{"start":{"line":169,"column":21},"end":{"line":169,"column":42}},"type":"binary-expr","locations":[{"start":{"line":169,"column":21},"end":{"line":169,"column":36}},{"start":{"line":169,"column":40},"end":{"line":169,"column":42}}],"line":169},"24":{"loc":{"start":{"line":170,"column":22},"end":{"line":170,"column":44}},"type":"binary-expr","locations":[{"start":{"line":170,"column":22},"end":{"line":170,"column":38}},{"start":{"line":170,"column":42},"end":{"line":170,"column":44}}],"line":170},"25":{"loc":{"start":{"line":187,"column":4},"end":{"line":189,"column":5}},"type":"if","locations":[{"start":{"line":187,"column":4},"end":{"line":189,"column":5}},{"start":{},"end":{}}],"line":187},"26":{"loc":{"start":{"line":198,"column":6},"end":{"line":201,"column":7}},"type":"if","locations":[{"start":{"line":198,"column":6},"end":{"line":201,"column":7}},{"start":{},"end":{}}],"line":198},"27":{"loc":{"start":{"line":218,"column":4},"end":{"line":226,"column":5}},"type":"if","locations":[{"start":{"line":218,"column":4},"end":{"line":226,"column":5}},{"start":{},"end":{}}],"line":218},"28":{"loc":{"start":{"line":218,"column":8},"end":{"line":218,"column":65}},"type":"binary-expr","locations":[{"start":{"line":218,"column":8},"end":{"line":218,"column":27}},{"start":{"line":218,"column":31},"end":{"line":218,"column":65}}],"line":218},"29":{"loc":{"start":{"line":238,"column":4},"end":{"line":246,"column":5}},"type":"if","locations":[{"start":{"line":238,"column":4},"end":{"line":246,"column":5}},{"start":{},"end":{}}],"line":238},"30":{"loc":{"start":{"line":238,"column":8},"end":{"line":238,"column":63}},"type":"binary-expr","locations":[{"start":{"line":238,"column":8},"end":{"line":238,"column":26}},{"start":{"line":238,"column":30},"end":{"line":238,"column":63}}],"line":238},"31":{"loc":{"start":{"line":241,"column":16},"end":{"line":241,"column":59}},"type":"cond-expr","locations":[{"start":{"line":241,"column":43},"end":{"line":241,"column":47}},{"start":{"line":241,"column":50},"end":{"line":241,"column":59}}],"line":241},"32":{"loc":{"start":{"line":242,"column":19},"end":{"line":242,"column":66}},"type":"cond-expr","locations":[{"start":{"line":242,"column":46},"end":{"line":242,"column":58}},{"start":{"line":242,"column":61},"end":{"line":242,"column":66}}],"line":242},"33":{"loc":{"start":{"line":249,"column":4},"end":{"line":257,"column":5}},"type":"if","locations":[{"start":{"line":249,"column":4},"end":{"line":257,"column":5}},{"start":{},"end":{}}],"line":249},"34":{"loc":{"start":{"line":249,"column":8},"end":{"line":249,"column":63}},"type":"binary-expr","locations":[{"start":{"line":249,"column":8},"end":{"line":249,"column":26}},{"start":{"line":249,"column":30},"end":{"line":249,"column":63}}],"line":249},"35":{"loc":{"start":{"line":252,"column":16},"end":{"line":252,"column":59}},"type":"cond-expr","locations":[{"start":{"line":252,"column":43},"end":{"line":252,"column":47}},{"start":{"line":252,"column":50},"end":{"line":252,"column":59}}],"line":252},"36":{"loc":{"start":{"line":253,"column":19},"end":{"line":253,"column":66}},"type":"cond-expr","locations":[{"start":{"line":253,"column":46},"end":{"line":253,"column":58}},{"start":{"line":253,"column":61},"end":{"line":253,"column":66}}],"line":253},"37":{"loc":{"start":{"line":260,"column":4},"end":{"line":268,"column":5}},"type":"if","locations":[{"start":{"line":260,"column":4},"end":{"line":268,"column":5}},{"start":{},"end":{}}],"line":260},"38":{"loc":{"start":{"line":260,"column":8},"end":{"line":260,"column":75}},"type":"binary-expr","locations":[{"start":{"line":260,"column":8},"end":{"line":260,"column":32}},{"start":{"line":260,"column":36},"end":{"line":260,"column":75}}],"line":260},"39":{"loc":{"start":{"line":263,"column":16},"end":{"line":263,"column":59}},"type":"cond-expr","locations":[{"start":{"line":263,"column":43},"end":{"line":263,"column":47}},{"start":{"line":263,"column":50},"end":{"line":263,"column":59}}],"line":263},"40":{"loc":{"start":{"line":264,"column":19},"end":{"line":264,"column":66}},"type":"cond-expr","locations":[{"start":{"line":264,"column":46},"end":{"line":264,"column":58}},{"start":{"line":264,"column":61},"end":{"line":264,"column":66}}],"line":264},"41":{"loc":{"start":{"line":289,"column":4},"end":{"line":292,"column":5}},"type":"if","locations":[{"start":{"line":289,"column":4},"end":{"line":292,"column":5}},{"start":{},"end":{}}],"line":289},"42":{"loc":{"start":{"line":289,"column":8},"end":{"line":289,"column":19}},"type":"binary-expr","locations":[{"start":{"line":289,"column":8},"end":{"line":289,"column":10}},{"start":{"line":289,"column":14},"end":{"line":289,"column":19}}],"line":289},"43":{"loc":{"start":{"line":295,"column":4},"end":{"line":321,"column":5}},"type":"if","locations":[{"start":{"line":295,"column":4},"end":{"line":321,"column":5}},{"start":{},"end":{}}],"line":295},"44":{"loc":{"start":{"line":297,"column":24},"end":{"line":297,"column":48}},"type":"binary-expr","locations":[{"start":{"line":297,"column":24},"end":{"line":297,"column":42}},{"start":{"line":297,"column":46},"end":{"line":297,"column":48}}],"line":297},"45":{"loc":{"start":{"line":299,"column":24},"end":{"line":299,"column":45}},"type":"binary-expr","locations":[{"start":{"line":299,"column":24},"end":{"line":299,"column":40}},{"start":{"line":299,"column":44},"end":{"line":299,"column":45}}],"line":299},"46":{"loc":{"start":{"line":304,"column":24},"end":{"line":304,"column":48}},"type":"binary-expr","locations":[{"start":{"line":304,"column":24},"end":{"line":304,"column":42}},{"start":{"line":304,"column":46},"end":{"line":304,"column":48}}],"line":304},"47":{"loc":{"start":{"line":306,"column":24},"end":{"line":306,"column":45}},"type":"binary-expr","locations":[{"start":{"line":306,"column":24},"end":{"line":306,"column":40}},{"start":{"line":306,"column":44},"end":{"line":306,"column":45}}],"line":306},"48":{"loc":{"start":{"line":311,"column":30},"end":{"line":311,"column":60}},"type":"binary-expr","locations":[{"start":{"line":311,"column":30},"end":{"line":311,"column":54}},{"start":{"line":311,"column":58},"end":{"line":311,"column":60}}],"line":311},"49":{"loc":{"start":{"line":313,"column":30},"end":{"line":313,"column":57}},"type":"binary-expr","locations":[{"start":{"line":313,"column":30},"end":{"line":313,"column":52}},{"start":{"line":313,"column":56},"end":{"line":313,"column":57}}],"line":313},"50":{"loc":{"start":{"line":318,"column":6},"end":{"line":320,"column":7}},"type":"if","locations":[{"start":{"line":318,"column":6},"end":{"line":320,"column":7}},{"start":{},"end":{}}],"line":318},"51":{"loc":{"start":{"line":318,"column":10},"end":{"line":318,"column":57}},"type":"binary-expr","locations":[{"start":{"line":318,"column":10},"end":{"line":318,"column":36}},{"start":{"line":318,"column":40},"end":{"line":318,"column":57}}],"line":318},"52":{"loc":{"start":{"line":342,"column":2},"end":{"line":342,"column":40}},"type":"binary-expr","locations":[{"start":{"line":342,"column":2},"end":{"line":342,"column":21}},{"start":{"line":342,"column":25},"end":{"line":342,"column":40}}],"line":342},"53":{"loc":{"start":{"line":351,"column":3},"end":{"line":351,"column":32}},"type":"binary-expr","locations":[{"start":{"line":351,"column":3},"end":{"line":351,"column":26}},{"start":{"line":351,"column":30},"end":{"line":351,"column":32}}],"line":351},"54":{"loc":{"start":{"line":354,"column":3},"end":{"line":354,"column":28}},"type":"binary-expr","locations":[{"start":{"line":354,"column":3},"end":{"line":354,"column":22}},{"start":{"line":354,"column":26},"end":{"line":354,"column":28}}],"line":354},"55":{"loc":{"start":{"line":357,"column":3},"end":{"line":357,"column":17}},"type":"binary-expr","locations":[{"start":{"line":357,"column":3},"end":{"line":357,"column":11}},{"start":{"line":357,"column":15},"end":{"line":357,"column":17}}],"line":357},"56":{"loc":{"start":{"line":358,"column":9},"end":{"line":358,"column":26}},"type":"binary-expr","locations":[{"start":{"line":358,"column":9},"end":{"line":358,"column":18}},{"start":{"line":358,"column":22},"end":{"line":358,"column":26}}],"line":358},"57":{"loc":{"start":{"line":358,"column":33},"end":{"line":358,"column":50}},"type":"binary-expr","locations":[{"start":{"line":358,"column":33},"end":{"line":358,"column":44}},{"start":{"line":358,"column":48},"end":{"line":358,"column":50}}],"line":358},"58":{"loc":{"start":{"line":358,"column":56},"end":{"line":358,"column":77}},"type":"binary-expr","locations":[{"start":{"line":358,"column":56},"end":{"line":358,"column":71}},{"start":{"line":358,"column":75},"end":{"line":358,"column":77}}],"line":358},"59":{"loc":{"start":{"line":362,"column":3},"end":{"line":362,"column":24}},"type":"binary-expr","locations":[{"start":{"line":362,"column":3},"end":{"line":362,"column":18}},{"start":{"line":362,"column":22},"end":{"line":362,"column":24}}],"line":362},"60":{"loc":{"start":{"line":385,"column":2},"end":{"line":385,"column":42}},"type":"binary-expr","locations":[{"start":{"line":385,"column":2},"end":{"line":385,"column":23}},{"start":{"line":385,"column":27},"end":{"line":385,"column":42}}],"line":385},"61":{"loc":{"start":{"line":388,"column":2},"end":{"line":388,"column":41}},"type":"binary-expr","locations":[{"start":{"line":388,"column":2},"end":{"line":388,"column":22}},{"start":{"line":388,"column":26},"end":{"line":388,"column":41}}],"line":388},"62":{"loc":{"start":{"line":391,"column":2},"end":{"line":391,"column":42}},"type":"binary-expr","locations":[{"start":{"line":391,"column":2},"end":{"line":391,"column":23}},{"start":{"line":391,"column":27},"end":{"line":391,"column":42}}],"line":391},"63":{"loc":{"start":{"line":394,"column":3},"end":{"line":394,"column":36}},"type":"binary-expr","locations":[{"start":{"line":394,"column":3},"end":{"line":394,"column":30}},{"start":{"line":394,"column":34},"end":{"line":394,"column":36}}],"line":394},"64":{"loc":{"start":{"line":397,"column":3},"end":{"line":397,"column":40}},"type":"binary-expr","locations":[{"start":{"line":397,"column":3},"end":{"line":397,"column":34}},{"start":{"line":397,"column":38},"end":{"line":397,"column":40}}],"line":397},"65":{"loc":{"start":{"line":400,"column":3},"end":{"line":400,"column":35}},"type":"binary-expr","locations":[{"start":{"line":400,"column":3},"end":{"line":400,"column":29}},{"start":{"line":400,"column":33},"end":{"line":400,"column":35}}],"line":400},"66":{"loc":{"start":{"line":403,"column":2},"end":{"line":403,"column":48}},"type":"binary-expr","locations":[{"start":{"line":403,"column":2},"end":{"line":403,"column":29}},{"start":{"line":403,"column":33},"end":{"line":403,"column":48}}],"line":403},"67":{"loc":{"start":{"line":406,"column":3},"end":{"line":406,"column":27}},"type":"binary-expr","locations":[{"start":{"line":406,"column":3},"end":{"line":406,"column":21}},{"start":{"line":406,"column":25},"end":{"line":406,"column":27}}],"line":406},"68":{"loc":{"start":{"line":409,"column":3},"end":{"line":409,"column":32}},"type":"binary-expr","locations":[{"start":{"line":409,"column":3},"end":{"line":409,"column":26}},{"start":{"line":409,"column":30},"end":{"line":409,"column":32}}],"line":409},"69":{"loc":{"start":{"line":412,"column":3},"end":{"line":412,"column":27}},"type":"binary-expr","locations":[{"start":{"line":412,"column":3},"end":{"line":412,"column":21}},{"start":{"line":412,"column":25},"end":{"line":412,"column":27}}],"line":412},"70":{"loc":{"start":{"line":413,"column":8},"end":{"line":413,"column":60}},"type":"cond-expr","locations":[{"start":{"line":413,"column":51},"end":{"line":413,"column":54}},{"start":{"line":413,"column":57},"end":{"line":413,"column":60}}],"line":413},"71":{"loc":{"start":{"line":413,"column":8},"end":{"line":413,"column":48}},"type":"binary-expr","locations":[{"start":{"line":413,"column":8},"end":{"line":413,"column":32}},{"start":{"line":413,"column":36},"end":{"line":413,"column":48}}],"line":413},"72":{"loc":{"start":{"line":413,"column":65},"end":{"line":413,"column":108}},"type":"cond-expr","locations":[{"start":{"line":413,"column":92},"end":{"line":413,"column":96}},{"start":{"line":413,"column":99},"end":{"line":413,"column":108}}],"line":413},"73":{"loc":{"start":{"line":417,"column":3},"end":{"line":417,"column":27}},"type":"binary-expr","locations":[{"start":{"line":417,"column":3},"end":{"line":417,"column":21}},{"start":{"line":417,"column":25},"end":{"line":417,"column":27}}],"line":417},"74":{"loc":{"start":{"line":418,"column":8},"end":{"line":418,"column":60}},"type":"cond-expr","locations":[{"start":{"line":418,"column":51},"end":{"line":418,"column":54}},{"start":{"line":418,"column":57},"end":{"line":418,"column":60}}],"line":418},"75":{"loc":{"start":{"line":418,"column":8},"end":{"line":418,"column":48}},"type":"binary-expr","locations":[{"start":{"line":418,"column":8},"end":{"line":418,"column":32}},{"start":{"line":418,"column":36},"end":{"line":418,"column":48}}],"line":418},"76":{"loc":{"start":{"line":418,"column":65},"end":{"line":418,"column":108}},"type":"cond-expr","locations":[{"start":{"line":418,"column":92},"end":{"line":418,"column":96}},{"start":{"line":418,"column":99},"end":{"line":418,"column":108}}],"line":418},"77":{"loc":{"start":{"line":422,"column":3},"end":{"line":422,"column":33}},"type":"binary-expr","locations":[{"start":{"line":422,"column":3},"end":{"line":422,"column":27}},{"start":{"line":422,"column":31},"end":{"line":422,"column":33}}],"line":422},"78":{"loc":{"start":{"line":423,"column":8},"end":{"line":423,"column":60}},"type":"cond-expr","locations":[{"start":{"line":423,"column":51},"end":{"line":423,"column":54}},{"start":{"line":423,"column":57},"end":{"line":423,"column":60}}],"line":423},"79":{"loc":{"start":{"line":423,"column":8},"end":{"line":423,"column":48}},"type":"binary-expr","locations":[{"start":{"line":423,"column":8},"end":{"line":423,"column":32}},{"start":{"line":423,"column":36},"end":{"line":423,"column":48}}],"line":423},"80":{"loc":{"start":{"line":423,"column":65},"end":{"line":423,"column":108}},"type":"cond-expr","locations":[{"start":{"line":423,"column":92},"end":{"line":423,"column":96}},{"start":{"line":423,"column":99},"end":{"line":423,"column":108}}],"line":423},"81":{"loc":{"start":{"line":437,"column":4},"end":{"line":440,"column":5}},"type":"if","locations":[{"start":{"line":437,"column":4},"end":{"line":440,"column":5}},{"start":{},"end":{}}],"line":437},"82":{"loc":{"start":{"line":443,"column":20},"end":{"line":443,"column":97}},"type":"cond-expr","locations":[{"start":{"line":443,"column":44},"end":{"line":443,"column":69}},{"start":{"line":443,"column":72},"end":{"line":443,"column":97}}],"line":443},"83":{"loc":{"start":{"line":452,"column":6},"end":{"line":455,"column":7}},"type":"if","locations":[{"start":{"line":452,"column":6},"end":{"line":455,"column":7}},{"start":{},"end":{}}],"line":452},"84":{"loc":{"start":{"line":459,"column":6},"end":{"line":468,"column":7}},"type":"if","locations":[{"start":{"line":459,"column":6},"end":{"line":468,"column":7}},{"start":{},"end":{}}],"line":459},"85":{"loc":{"start":{"line":461,"column":8},"end":{"line":467,"column":9}},"type":"if","locations":[{"start":{"line":461,"column":8},"end":{"line":467,"column":9}},{"start":{"line":463,"column":15},"end":{"line":467,"column":9}}],"line":461},"86":{"loc":{"start":{"line":461,"column":12},"end":{"line":461,"column":79}},"type":"binary-expr","locations":[{"start":{"line":461,"column":12},"end":{"line":461,"column":41}},{"start":{"line":461,"column":45},"end":{"line":461,"column":79}}],"line":461},"87":{"loc":{"start":{"line":463,"column":15},"end":{"line":467,"column":9}},"type":"if","locations":[{"start":{"line":463,"column":15},"end":{"line":467,"column":9}},{"start":{"line":465,"column":15},"end":{"line":467,"column":9}}],"line":463},"88":{"loc":{"start":{"line":465,"column":15},"end":{"line":467,"column":9}},"type":"if","locations":[{"start":{"line":465,"column":15},"end":{"line":467,"column":9}},{"start":{},"end":{}}],"line":465},"89":{"loc":{"start":{"line":471,"column":29},"end":{"line":471,"column":54}},"type":"binary-expr","locations":[{"start":{"line":471,"column":29},"end":{"line":471,"column":48}},{"start":{"line":471,"column":52},"end":{"line":471,"column":54}}],"line":471},"90":{"loc":{"start":{"line":472,"column":6},"end":{"line":478,"column":7}},"type":"if","locations":[{"start":{"line":472,"column":6},"end":{"line":478,"column":7}},{"start":{},"end":{}}],"line":472},"91":{"loc":{"start":{"line":473,"column":8},"end":{"line":477,"column":9}},"type":"if","locations":[{"start":{"line":473,"column":8},"end":{"line":477,"column":9}},{"start":{"line":475,"column":15},"end":{"line":477,"column":9}}],"line":473},"92":{"loc":{"start":{"line":486,"column":6},"end":{"line":506,"column":7}},"type":"if","locations":[{"start":{"line":486,"column":6},"end":{"line":506,"column":7}},{"start":{},"end":{}}],"line":486},"93":{"loc":{"start":{"line":488,"column":30},"end":{"line":488,"column":54}},"type":"binary-expr","locations":[{"start":{"line":488,"column":30},"end":{"line":488,"column":48}},{"start":{"line":488,"column":52},"end":{"line":488,"column":54}}],"line":488},"94":{"loc":{"start":{"line":489,"column":26},"end":{"line":489,"column":64}},"type":"binary-expr","locations":[{"start":{"line":489,"column":26},"end":{"line":489,"column":59}},{"start":{"line":489,"column":63},"end":{"line":489,"column":64}}],"line":489},"95":{"loc":{"start":{"line":489,"column":27},"end":{"line":489,"column":51}},"type":"binary-expr","locations":[{"start":{"line":489,"column":27},"end":{"line":489,"column":45}},{"start":{"line":489,"column":49},"end":{"line":489,"column":51}}],"line":489},"96":{"loc":{"start":{"line":490,"column":30},"end":{"line":490,"column":54}},"type":"binary-expr","locations":[{"start":{"line":490,"column":30},"end":{"line":490,"column":48}},{"start":{"line":490,"column":52},"end":{"line":490,"column":54}}],"line":490},"97":{"loc":{"start":{"line":491,"column":26},"end":{"line":491,"column":64}},"type":"binary-expr","locations":[{"start":{"line":491,"column":26},"end":{"line":491,"column":59}},{"start":{"line":491,"column":63},"end":{"line":491,"column":64}}],"line":491},"98":{"loc":{"start":{"line":491,"column":27},"end":{"line":491,"column":51}},"type":"binary-expr","locations":[{"start":{"line":491,"column":27},"end":{"line":491,"column":45}},{"start":{"line":491,"column":49},"end":{"line":491,"column":51}}],"line":491},"99":{"loc":{"start":{"line":492,"column":36},"end":{"line":492,"column":66}},"type":"binary-expr","locations":[{"start":{"line":492,"column":36},"end":{"line":492,"column":60}},{"start":{"line":492,"column":64},"end":{"line":492,"column":66}}],"line":492},"100":{"loc":{"start":{"line":493,"column":32},"end":{"line":493,"column":76}},"type":"binary-expr","locations":[{"start":{"line":493,"column":32},"end":{"line":493,"column":71}},{"start":{"line":493,"column":75},"end":{"line":493,"column":76}}],"line":493},"101":{"loc":{"start":{"line":493,"column":33},"end":{"line":493,"column":63}},"type":"binary-expr","locations":[{"start":{"line":493,"column":33},"end":{"line":493,"column":57}},{"start":{"line":493,"column":61},"end":{"line":493,"column":63}}],"line":493},"102":{"loc":{"start":{"line":496,"column":8},"end":{"line":505,"column":9}},"type":"if","locations":[{"start":{"line":496,"column":8},"end":{"line":505,"column":9}},{"start":{"line":499,"column":15},"end":{"line":505,"column":9}}],"line":496},"103":{"loc":{"start":{"line":499,"column":15},"end":{"line":505,"column":9}},"type":"if","locations":[{"start":{"line":499,"column":15},"end":{"line":505,"column":9}},{"start":{"line":502,"column":15},"end":{"line":505,"column":9}}],"line":499},"104":{"loc":{"start":{"line":502,"column":15},"end":{"line":505,"column":9}},"type":"if","locations":[{"start":{"line":502,"column":15},"end":{"line":505,"column":9}},{"start":{},"end":{}}],"line":502},"105":{"loc":{"start":{"line":514,"column":6},"end":{"line":517,"column":7}},"type":"if","locations":[{"start":{"line":514,"column":6},"end":{"line":517,"column":7}},{"start":{},"end":{}}],"line":514},"106":{"loc":{"start":{"line":530,"column":31},"end":{"line":530,"column":47}},"type":"default-arg","locations":[{"start":{"line":530,"column":42},"end":{"line":530,"column":47}}],"line":530},"107":{"loc":{"start":{"line":531,"column":4},"end":{"line":534,"column":5}},"type":"if","locations":[{"start":{"line":531,"column":4},"end":{"line":534,"column":5}},{"start":{},"end":{}}],"line":531}},"s":{"0":2,"1":2,"2":2,"3":12,"4":12,"5":12,"6":12,"7":12,"8":12,"9":0,"10":0,"11":0,"12":12,"13":12,"14":12,"15":12,"16":0,"17":0,"18":3,"19":0,"20":0,"21":3,"22":3,"23":3,"24":0,"25":0,"26":3,"27":3,"28":3,"29":3,"30":5,"31":3,"32":15,"33":15,"34":15,"35":3,"36":3,"37":0,"38":0,"39":2,"40":0,"41":0,"42":2,"43":2,"44":2,"45":0,"46":0,"47":2,"48":3,"49":2,"50":2,"51":0,"52":0,"53":1,"54":0,"55":1,"56":1,"57":1,"58":0,"59":0,"60":1,"61":1,"62":0,"63":0,"64":15,"65":15,"66":15,"67":38,"68":15,"69":3,"70":3,"71":3,"72":20,"73":3,"74":3,"75":17,"76":3,"77":3,"78":11,"79":3,"80":25,"81":25,"82":25,"83":24,"84":25,"85":13,"86":13,"87":59,"88":13,"89":13,"90":13,"91":13,"92":13,"93":47,"94":13,"95":13,"96":13,"97":13,"98":13,"99":27,"100":13,"101":13,"102":13,"103":13,"104":4,"105":25,"106":15,"107":35,"108":38,"109":18,"110":9,"111":1,"112":0,"113":0,"114":0,"115":0,"116":0,"117":2,"118":1,"119":1,"120":2,"121":0,"122":0,"123":2,"124":2,"125":2,"126":2,"127":1,"128":1,"129":1,"130":1,"131":1,"132":1,"133":0,"134":0,"135":0,"136":0,"137":1,"138":1,"139":1,"140":0,"141":1,"142":1,"143":1,"144":1,"145":2,"146":1,"147":1,"148":1,"149":1,"150":1,"151":1,"152":1,"153":1,"154":1,"155":2,"156":1,"157":0,"158":0,"159":0,"160":0,"161":0,"162":0,"163":0,"164":0,"165":1,"166":1,"167":0,"168":0,"169":1,"170":1,"171":0,"172":0,"173":0,"174":0,"175":0,"176":0,"177":0,"178":0,"179":0,"180":0,"181":0,"182":0,"183":0,"184":2},"f":{"0":12,"1":12,"2":3,"3":5,"4":15,"5":2,"6":3,"7":1,"8":15,"9":38,"10":3,"11":20,"12":17,"13":11,"14":25,"15":59,"16":47,"17":27,"18":15,"19":35,"20":38,"21":18,"22":9,"23":1,"24":0,"25":0,"26":0,"27":0,"28":0,"29":2,"30":1,"31":1,"32":2,"33":2,"34":1,"35":1,"36":2,"37":0,"38":0,"39":0,"40":0},"b":{"0":[0,12],"1":[12,12,12,12],"2":[0,3],"3":[0,3],"4":[3,0],"5":[15,15],"6":[15,0],"7":[15,0],"8":[15,0],"9":[15,0],"10":[15,0],"11":[0,2],"12":[0,2],"13":[3,1],"14":[3,0],"15":[3,1],"16":[3,0],"17":[3,0],"18":[3,0],"19":[3,0],"20":[3,0],"21":[3,0],"22":[3,0],"23":[3,0],"24":[3,0],"25":[0,1],"26":[0,1],"27":[15,0],"28":[15,15],"29":[3,0],"30":[3,3],"31":[0,20],"32":[20,0],"33":[3,0],"34":[3,3],"35":[0,17],"36":[17,0],"37":[3,0],"38":[3,3],"39":[0,11],"40":[11,0],"41":[24,1],"42":[25,25],"43":[13,12],"44":[13,0],"45":[13,1],"46":[13,0],"47":[13,3],"48":[13,0],"49":[13,5],"50":[4,9],"51":[13,4],"52":[15,8],"53":[15,0],"54":[15,0],"55":[15,0],"56":[18,0],"57":[18,9],"58":[18,0],"59":[15,0],"60":[1,0],"61":[1,1],"62":[1,1],"63":[1,0],"64":[1,0],"65":[1,0],"66":[1,1],"67":[1,0],"68":[1,0],"69":[1,0],"70":[1,1],"71":[2,2],"72":[0,2],"73":[1,0],"74":[0,1],"75":[1,1],"76":[0,1],"77":[1,0],"78":[0,1],"79":[1,1],"80":[0,1],"81":[0,2],"82":[0,2],"83":[1,1],"84":[1,0],"85":[1,0],"86":[1,1],"87":[0,0],"88":[0,0],"89":[1,0],"90":[1,0],"91":[0,1],"92":[1,0],"93":[1,0],"94":[1,0],"95":[1,0],"96":[1,0],"97":[1,0],"98":[1,0],"99":[1,0],"100":[1,0],"101":[1,0],"102":[1,0],"103":[0,0],"104":[0,0],"105":[0,1],"106":[0],"107":[0,0]},"_coverageSchema":"1a1c01bbd47fc00a2c39e90264f33305004495a9","hash":"a23569e3dd559c8cd00492593bccdacb89104953"}
,"/mnt/c/_EHG/EHG_Engineer/lib/dashboard/handoff-validator.js": {"path":"/mnt/c/_EHG/EHG_Engineer/lib/dashboard/handoff-validator.js","statementMap":{"0":{"start":{"line":8,"column":4},"end":{"line":16,"column":6}},"1":{"start":{"line":18,"column":4},"end":{"line":20,"column":6}},"2":{"start":{"line":27,"column":23},"end":{"line":32,"column":5}},"3":{"start":{"line":35,"column":4},"end":{"line":42,"column":7}},"4":{"start":{"line":36,"column":6},"end":{"line":41,"column":7}},"5":{"start":{"line":37,"column":8},"end":{"line":37,"column":33}},"6":{"start":{"line":38,"column":8},"end":{"line":38,"column":71}},"7":{"start":{"line":40,"column":8},"end":{"line":40,"column":30}},"8":{"start":{"line":45,"column":4},"end":{"line":50,"column":5}},"9":{"start":{"line":46,"column":25},"end":{"line":46,"column":70}},"10":{"start":{"line":47,"column":6},"end":{"line":49,"column":7}},"11":{"start":{"line":48,"column":8},"end":{"line":48,"column":127}},"12":{"start":{"line":53,"column":4},"end":{"line":63,"column":5}},"13":{"start":{"line":54,"column":6},"end":{"line":62,"column":7}},"14":{"start":{"line":55,"column":8},"end":{"line":55,"column":94}},"15":{"start":{"line":56,"column":8},"end":{"line":56,"column":33}},"16":{"start":{"line":58,"column":31},"end":{"line":58,"column":110}},"17":{"start":{"line":59,"column":8},"end":{"line":61,"column":9}},"18":{"start":{"line":60,"column":10},"end":{"line":60,"column":94}},"19":{"start":{"line":66,"column":4},"end":{"line":71,"column":5}},"20":{"start":{"line":67,"column":6},"end":{"line":70,"column":7}},"21":{"start":{"line":68,"column":8},"end":{"line":68,"column":76}},"22":{"start":{"line":69,"column":8},"end":{"line":69,"column":33}},"23":{"start":{"line":74,"column":4},"end":{"line":74,"column":91}},"24":{"start":{"line":76,"column":4},"end":{"line":76,"column":22}},"25":{"start":{"line":84,"column":4},"end":{"line":84,"column":38}},"26":{"start":{"line":91,"column":17},"end":{"line":91,"column":50}},"27":{"start":{"line":93,"column":4},"end":{"line":93,"column":76}},"28":{"start":{"line":94,"column":4},"end":{"line":94,"column":52}},"29":{"start":{"line":96,"column":4},"end":{"line":102,"column":5}},"30":{"start":{"line":97,"column":6},"end":{"line":97,"column":32}},"31":{"start":{"line":98,"column":6},"end":{"line":100,"column":9}},"32":{"start":{"line":99,"column":8},"end":{"line":99,"column":33}},"33":{"start":{"line":101,"column":6},"end":{"line":101,"column":21}},"34":{"start":{"line":104,"column":4},"end":{"line":110,"column":5}},"35":{"start":{"line":105,"column":6},"end":{"line":105,"column":35}},"36":{"start":{"line":106,"column":6},"end":{"line":108,"column":9}},"37":{"start":{"line":107,"column":8},"end":{"line":107,"column":35}},"38":{"start":{"line":109,"column":6},"end":{"line":109,"column":21}},"39":{"start":{"line":112,"column":4},"end":{"line":119,"column":5}},"40":{"start":{"line":113,"column":6},"end":{"line":113,"column":46}},"41":{"start":{"line":114,"column":6},"end":{"line":114,"column":68}},"42":{"start":{"line":116,"column":6},"end":{"line":116,"column":43}},"43":{"start":{"line":117,"column":6},"end":{"line":117,"column":55}},"44":{"start":{"line":118,"column":6},"end":{"line":118,"column":55}},"45":{"start":{"line":121,"column":4},"end":{"line":121,"column":18}},"46":{"start":{"line":128,"column":20},"end":{"line":128,"column":22}},"47":{"start":{"line":131,"column":25},"end":{"line":131,"column":94}},"48":{"start":{"line":132,"column":4},"end":{"line":134,"column":5}},"49":{"start":{"line":133,"column":6},"end":{"line":133,"column":56}},"50":{"start":{"line":137,"column":28},"end":{"line":137,"column":116}},"51":{"start":{"line":138,"column":4},"end":{"line":143,"column":5}},"52":{"start":{"line":139,"column":6},"end":{"line":142,"column":8}},"53":{"start":{"line":146,"column":30},"end":{"line":146,"column":91}},"54":{"start":{"line":147,"column":4},"end":{"line":168,"column":5}},"55":{"start":{"line":148,"column":6},"end":{"line":151,"column":8}},"56":{"start":{"line":153,"column":20},"end":{"line":153,"column":52}},"57":{"start":{"line":154,"column":27},"end":{"line":154,"column":31}},"58":{"start":{"line":156,"column":6},"end":{"line":167,"column":9}},"59":{"start":{"line":157,"column":8},"end":{"line":166,"column":9}},"60":{"start":{"line":158,"column":10},"end":{"line":158,"column":37}},"61":{"start":{"line":159,"column":15},"end":{"line":166,"column":9}},"62":{"start":{"line":160,"column":10},"end":{"line":160,"column":40}},"63":{"start":{"line":161,"column":15},"end":{"line":166,"column":9}},"64":{"start":{"line":162,"column":23},"end":{"line":162,"column":55}},"65":{"start":{"line":163,"column":10},"end":{"line":165,"column":11}},"66":{"start":{"line":164,"column":12},"end":{"line":164,"column":68}},"67":{"start":{"line":171,"column":27},"end":{"line":171,"column":62}},"68":{"start":{"line":172,"column":4},"end":{"line":172,"column":44}},"69":{"start":{"line":175,"column":24},"end":{"line":175,"column":58}},"70":{"start":{"line":176,"column":4},"end":{"line":176,"column":40}},"71":{"start":{"line":179,"column":26},"end":{"line":179,"column":56}},"72":{"start":{"line":180,"column":4},"end":{"line":180,"column":50}},"73":{"start":{"line":183,"column":24},"end":{"line":183,"column":52}},"74":{"start":{"line":184,"column":4},"end":{"line":184,"column":40}},"75":{"start":{"line":186,"column":4},"end":{"line":186,"column":19}},"76":{"start":{"line":190,"column":0},"end":{"line":190,"column":34}}},"fnMap":{"0":{"name":"(anonymous_0)","decl":{"start":{"line":7,"column":2},"end":{"line":7,"column":3}},"loc":{"start":{"line":7,"column":16},"end":{"line":21,"column":3}},"line":7},"1":{"name":"(anonymous_1)","decl":{"start":{"line":26,"column":2},"end":{"line":26,"column":3}},"loc":{"start":{"line":26,"column":27},"end":{"line":77,"column":3}},"line":26},"2":{"name":"(anonymous_2)","decl":{"start":{"line":35,"column":34},"end":{"line":35,"column":35}},"loc":{"start":{"line":35,"column":45},"end":{"line":42,"column":5}},"line":35},"3":{"name":"(anonymous_3)","decl":{"start":{"line":82,"column":2},"end":{"line":82,"column":3}},"loc":{"start":{"line":82,"column":23},"end":{"line":85,"column":3}},"line":82},"4":{"name":"(anonymous_4)","decl":{"start":{"line":90,"column":2},"end":{"line":90,"column":3}},"loc":{"start":{"line":90,"column":27},"end":{"line":122,"column":3}},"line":90},"5":{"name":"(anonymous_5)","decl":{"start":{"line":98,"column":32},"end":{"line":98,"column":33}},"loc":{"start":{"line":98,"column":41},"end":{"line":100,"column":7}},"line":98},"6":{"name":"(anonymous_6)","decl":{"start":{"line":106,"column":34},"end":{"line":106,"column":35}},"loc":{"start":{"line":106,"column":45},"end":{"line":108,"column":7}},"line":106},"7":{"name":"(anonymous_7)","decl":{"start":{"line":127,"column":2},"end":{"line":127,"column":3}},"loc":{"start":{"line":127,"column":33},"end":{"line":187,"column":3}},"line":127},"8":{"name":"(anonymous_8)","decl":{"start":{"line":156,"column":20},"end":{"line":156,"column":21}},"loc":{"start":{"line":156,"column":28},"end":{"line":167,"column":7}},"line":156}},"branchMap":{"0":{"loc":{"start":{"line":36,"column":6},"end":{"line":41,"column":7}},"type":"if","locations":[{"start":{"line":36,"column":6},"end":{"line":41,"column":7}},{"start":{"line":39,"column":13},"end":{"line":41,"column":7}}],"line":36},"1":{"loc":{"start":{"line":45,"column":4},"end":{"line":50,"column":5}},"type":"if","locations":[{"start":{"line":45,"column":4},"end":{"line":50,"column":5}},{"start":{},"end":{}}],"line":45},"2":{"loc":{"start":{"line":47,"column":6},"end":{"line":49,"column":7}},"type":"if","locations":[{"start":{"line":47,"column":6},"end":{"line":49,"column":7}},{"start":{},"end":{}}],"line":47},"3":{"loc":{"start":{"line":53,"column":4},"end":{"line":63,"column":5}},"type":"if","locations":[{"start":{"line":53,"column":4},"end":{"line":63,"column":5}},{"start":{},"end":{}}],"line":53},"4":{"loc":{"start":{"line":54,"column":6},"end":{"line":62,"column":7}},"type":"if","locations":[{"start":{"line":54,"column":6},"end":{"line":62,"column":7}},{"start":{"line":57,"column":13},"end":{"line":62,"column":7}}],"line":54},"5":{"loc":{"start":{"line":54,"column":10},"end":{"line":54,"column":84}},"type":"binary-expr","locations":[{"start":{"line":54,"column":10},"end":{"line":54,"column":43}},{"start":{"line":54,"column":47},"end":{"line":54,"column":84}}],"line":54},"6":{"loc":{"start":{"line":59,"column":8},"end":{"line":61,"column":9}},"type":"if","locations":[{"start":{"line":59,"column":8},"end":{"line":61,"column":9}},{"start":{},"end":{}}],"line":59},"7":{"loc":{"start":{"line":66,"column":4},"end":{"line":71,"column":5}},"type":"if","locations":[{"start":{"line":66,"column":4},"end":{"line":71,"column":5}},{"start":{},"end":{}}],"line":66},"8":{"loc":{"start":{"line":67,"column":6},"end":{"line":70,"column":7}},"type":"if","locations":[{"start":{"line":67,"column":6},"end":{"line":70,"column":7}},{"start":{},"end":{}}],"line":67},"9":{"loc":{"start":{"line":67,"column":10},"end":{"line":67,"column":100}},"type":"binary-expr","locations":[{"start":{"line":67,"column":10},"end":{"line":67,"column":47}},{"start":{"line":67,"column":51},"end":{"line":67,"column":100}}],"line":67},"10":{"loc":{"start":{"line":93,"column":29},"end":{"line":93,"column":71}},"type":"cond-expr","locations":[{"start":{"line":93,"column":48},"end":{"line":93,"column":57}},{"start":{"line":93,"column":60},"end":{"line":93,"column":71}}],"line":93},"11":{"loc":{"start":{"line":96,"column":4},"end":{"line":102,"column":5}},"type":"if","locations":[{"start":{"line":96,"column":4},"end":{"line":102,"column":5}},{"start":{},"end":{}}],"line":96},"12":{"loc":{"start":{"line":104,"column":4},"end":{"line":110,"column":5}},"type":"if","locations":[{"start":{"line":104,"column":4},"end":{"line":110,"column":5}},{"st
[...]
71":{"start":{"line":315,"column":4},"end":{"line":325,"column":6}},"72":{"start":{"line":332,"column":4},"end":{"line":340,"column":6}},"73":{"start":{"line":347,"column":19},"end":{"line":347,"column":69}},"74":{"start":{"line":349,"column":4},"end":{"line":358,"column":5}},"75":{"start":{"line":350,"column":21},"end":{"line":353,"column":7}},"76":{"start":{"line":355,"column":6},"end":{"line":357,"column":35}},"77":{"start":{"line":360,"column":4},"end":{"line":361,"column":35}},"78":{"start":{"line":368,"column":15},"end":{"line":371,"column":6}},"79":{"start":{"line":373,"column":4},"end":{"line":379,"column":3}},"80":{"start":{"line":381,"column":21},"end":{"line":381,"column":85}},"81":{"start":{"line":381,"column":33},"end":{"line":381,"column":85}},"82":{"start":{"line":381,"column":56},"end":{"line":381,"column":84}},"83":{"start":{"line":384,"column":4},"end":{"line":384,"column":42}},"84":{"start":{"line":385,"column":4},"end":{"line":385,"column":33}},"85":{"start":{"line":386,"column":4},"end":{"line":386,"column":33}},"86":{"start":{"line":387,"column":4},"end":{"line":387,"column":33}},"87":{"start":{"line":389,"column":23},"end":{"line":389,"column":57}},"88":{"start":{"line":390,"column":18},"end":{"line":390,"column":42}},"89":{"start":{"line":391,"column":22},"end":{"line":391,"column":63}},"90":{"start":{"line":394,"column":4},"end":{"line":394,"column":45}},"91":{"start":{"line":395,"column":4},"end":{"line":395,"column":42}},"92":{"start":{"line":396,"column":4},"end":{"line":396,"column":31}},"93":{"start":{"line":397,"column":4},"end":{"line":397,"column":44}},"94":{"start":{"line":399,"column":23},"end":{"line":399,"column":57}},"95":{"start":{"line":402,"column":24},"end":{"line":402,"column":81}},"96":{"start":{"line":405,"column":21},"end":{"line":405,"column":57}},"97":{"start":{"line":408,"column":4},"end":{"line":408,"column":39}},"98":{"start":{"line":409,"column":4},"end":{"line":409,"column":47}},"99":{"start":{"line":410,"column":4},"end":{"line":410,"column":32}},"100":{"start":{"line":412,"column":4},"end":{"line":412,"column":42}},"101":{"start":{"line":413,"column":4},"end":{"line":413,"column":74}},"102":{"start":{"line":414,"column":4},"end":{"line":414,"column":83}},"103":{"start":{"line":415,"column":4},"end":{"line":415,"column":77}},"104":{"start":{"line":416,"column":4},"end":{"line":416,"column":95}},"105":{"start":{"line":417,"column":4},"end":{"line":417,"column":87}},"106":{"start":{"line":418,"column":4},"end":{"line":418,"column":84}},"107":{"start":{"line":419,"column":4},"end":{"line":419,"column":66}},"108":{"start":{"line":420,"column":4},"end":{"line":420,"column":59}},"109":{"start":{"line":422,"column":4},"end":{"line":422,"column":34}},"110":{"start":{"line":423,"column":4},"end":{"line":423,"column":64}},"111":{"start":{"line":424,"column":4},"end":{"line":424,"column":67}},"112":{"start":{"line":425,"column":4},"end":{"line":425,"column":48}},"113":{"start":{"line":427,"column":4},"end":{"line":430,"column":5}},"114":{"start":{"line":428,"column":6},"end":{"line":428,"column":52}},"115":{"start":{"line":429,"column":6},"end":{"line":429,"column":60}},"116":{"start":{"line":432,"column":4},"end":{"line":432,"column":60}},"117":{"start":{"line":433,"column":4},"end":{"line":433,"column":31}},"118":{"start":{"line":434,"column":4},"end":{"line":434,"column":65}},"119":{"start":{"line":435,"column":4},"end":{"line":435,"column":23}},"120":{"start":{"line":438,"column":17},"end":{"line":438,"column":71}},"121":{"start":{"line":439,"column":4},"end":{"line":442,"column":5}},"122":{"start":{"line":440,"column":6},"end":{"line":440,"column":64}},"123":{"start":{"line":441,"column":6},"end":{"line":441,"column":50}},"124":{"start":{"line":444,"column":4},"end":{"line":444,"column":15}},"125":{"start":{"line":451,"column":4},"end":{"line":470,"column":5}},"126":{"start":{"line":452,"column":24},"end":{"line":463,"column":10}},"127":{"start":{"line":465,"column":6},"end":{"line":467,"column":7}},"128":{"start":{"line":466,"column":8},"end":{"line":466,"column":57}},"129":{"start":{"line":469,"column":6},"end":{"line":469,"column":44}},"130":{"start":{"line":477,"column":20},"end":{"line":477,"column":22}},"131":{"start":{"line":479,"column":4},"end":{"line":487,"column":5}},"132":{"start":{"line":480,"column":23},"end":{"line":480,"column":72}},"133":{"start":{"line":481,"column":6},"end":{"line":486,"column":9}},"134":{"start":{"line":489,"column":4},"end":{"line":489,"column":19}},"135":{"start":{"line":494,"column":0},"end":{"line":520,"column":1}},"136":{"start":{"line":495,"column":17},"end":{"line":495,"column":45}},"137":{"start":{"line":496,"column":15},"end":{"line":496,"column":36}},"138":{"start":{"line":498,"column":2},"end":{"line":519,"column":3}},"139":{"start":{"line":500,"column":4},"end":{"line":500,"column":50}},"140":{"start":{"line":501,"column":9},"end":{"line":519,"column":3}},"141":{"start":{"line":503,"column":18},"end":{"line":503,"column":41}},"142":{"start":{"line":504,"column":21},"end":{"line":504,"column":53}},"143":{"start":{"line":505,"column":4},"end":{"line":505,"column":51}},"144":{"start":{"line":506,"column":9},"end":{"line":519,"column":3}},"145":{"start":{"line":507,"column":4},"end":{"line":518,"column":7}},"146":{"start":{"line":522,"column":0},"end":{"line":522,"column":40}}},"fnMap":{"0":{"name":"(anonymous_0)","decl":{"start":{"line":20,"column":2},"end":{"line":20,"column":3}},"loc":{"start":{"line":20,"column":16},"end":{"line":32,"column":3}},"line":20},"1":{"name":"(anonymous_1)","decl":{"start":{"line":37,"column":2},"end":{"line":37,"column":3}},"loc":{"start":{"line":37,"column":28},"end":{"line":77,"column":3}},"line":37},"2":{"name":"(anonymous_2)","decl":{"start":{"line":82,"column":2},"end":{"line":82,"column":3}},"loc":{"start":{"line":82,"column":24},"end":{"line":90,"column":3}},"line":82},"3":{"name":"(anonymous_3)","decl":{"start":{"line":89,"column":27},"end":{"line":89,"column":28}},"loc":{"start":{"line":89,"column":38},"end":{"line":89,"column":60}},"line":89},"4":{"name":"(anonymous_4)","decl":{"start":{"line":95,"column":2},"end":{"line":95,"column":3}},"loc":{"start":{"line":95,"column":25},"end":{"line":102,"column":3}},"line":95},"5":{"name":"(anonymous_5)","decl":{"start":{"line":101,"column":33},"end":{"line":101,"column":34}},"loc":{"start":{"line":101,"column":44},"end":{"line":101,"column":66}},"line":101},"6":{"name":"(anonymous_6)","decl":{"start":{"line":107,"column":2},"end":{"line":107,"column":3}},"loc":{"start":{"line":107,"column":24},"end":{"line":115,"column":3}},"line":107},"7":{"name":"(anonymous_7)","decl":{"start":{"line":114,"column":33},"end":{"line":114,"column":34}},"loc":{"start":{"line":114,"column":44},"end":{"line":114,"column":66}},"line":114},"8":{"name":"(anonymous_8)","decl":{"start":{"line":120,"column":2},"end":{"line":120,"column":3}},"loc":{"start":{"line":120,"column":30},"end":{"line":127,"column":3}},"line":120},"9":{"name":"(anonymous_9)","decl":{"start":{"line":126,"column":29},"end":{"line":126,"column":30}},"loc":{"start":{"line":126,"column":40},"end":{"line":126,"column":62}},"line":126},"10":{"name":"(anonymous_10)","decl":{"start":{"line":132,"column":2},"end":{"line":132,"column":3}},"loc":{"start":{"line":132,"column":30},"end":{"line":139,"column":3}},"line":132},"11":{"name":"(anonymous_11)","decl":{"start":{"line":138,"column":31},"end":{"line":138,"column":32}},"loc":{"start":{"line":138,"column":42},"end":{"line":138,"column":64}},"line":138},"12":{"name":"(anonymous_12)","decl":{"start":{"line":144,"column":2},"end":{"line":144,"column":3}},"loc":{"start":{"line":144,"column":23},"end":{"line":156,"column":3}},"line":144},"13":{"name":"(anonymous_13)","decl":{"start":{"line":152,"column":46},"end":{"line":152,"column":47}},"loc":{"start":{"line":152,"column":57},"end":{"line":152,"column":79}},"line":152},"14":{"name":"(anonymous_14)","decl":{"start":{"line":153,"column":46},"end":{"line":153,"column":47}},"loc":{"start":{"line":153,"column":57},"end":{"line":153,"column":79}},"line":153},"15":{"name":"(anonymous_15)","decl":{"start":{"line":161,"column":2},"end":{"line":161,"column":3}},"loc":{"start":{"line":161,"column":28},"end":{"line":181,"column":3}},"line":161},"16":{"name":"(anonymous_16)","decl":{"start":{"line":172,"column":31},"end":{"line":172,"column":32}},"loc":{"start":{"line":172,"column":42},"end":{"line":172,"column":64}},"line":172},"17":{"name":"(anonymous_17)","decl":{"start":{"line":176,"column":30},"end":{"line":176,"column":31}},"loc":{"start":{"line":176,"column":41},"end":{"line":176,"column":63}},"line":176},"18":{"name":"(anonymous_18)","decl":{"start":{"line":186,"column":2},"end":{"line":186,"column":3}},"loc":{"start":{"line":186,"column":17},"end":{"line":253,"column":3}},"line":186},"19":{"name":"(anonymous_19)","decl":{"start":{"line":258,"column":2},"end":{"line":258,"column":3}},"loc":{"start":{"line":258,"column":22},"end":{"line":272,"column":3}},"line":258},"20":{"name":"(anonymous_20)","decl":{"start":{"line":277,"column":2},"end":{"line":277,"column":3}},"loc":{"start":{"line":277,"column":27},"end":{"line":291,"column":3}},"line":277},"21":{"name":"(anonymous_21)","decl":{"start":{"line":296,"column":2},"end":{"line":296,"column":3}},"loc":{"start":{"line":296,"column":22},"end":{"line":309,"column":3}},"line":296},"22":{"name":"(anonymous_22)","decl":{"start":{"line":314,"column":2},"end":{"line":314,"column":3}},"loc":{"start":{"line":314,"column":20},"end":{"line":326,"column":3}},"line":314},"23":{"name":"(anonymous_23)","decl":{"start":{"line":331,"column":2},"end":{"line":331,"column":3}},"loc":{"start":{"line":331,"column":21},"end":{"line":341,"column":3}},"line":331},"24":{"name":"(anonymous_24)","decl":{"start":{"line":346,"column":2},"end":{"line":346,"column":3}},"loc":{"start":{"line":346,"column":54},"end":{"line":362,"column":3}},"line":346},"25":{"name":"(anonymous_25)","decl":{"start":{"line":367,"column":2},"end":{"line":367,"column":3}},"loc":{"start":{"line":367,"column":26},"end":{"line":445,"column":3}},"line":367},"26":{"name":"(anonymous_26)","decl":{"start":{"line":381,"column":21},"end":{"line":381,"column":22}},"loc":{"start":{"line":381,"column":33},"end":{"line":381,"column":85}},"line":381},"27":{"name":"(anonymous_27)","decl":{"start":{"line":381,"column":45},"end":{"line":381,"column":46}},"loc":{"start":{"line":381,"column":56},"end":{"line":381,"column":84}},"line":381},"28":{"name":"(anonymous_28)","decl":{"start":{"line":450,"column":2},"end":{"line":450,"column":3}},"loc":{"start":{"line":450,"column":49},"end":{"line":471,"column":3}},"line":450},"29":{"name":"(anonymous_29)","decl":{"start":{"line":476,"column":2},"end":{"line":476,"column":3}},"loc":{"start":{"line":476,"column":28},"end":{"line":490,"column":3}},"line":476}},"branchMap":{"0":{"loc":{"start":{"line":41,"column":4},"end":{"line":43,"column":5}},"type":"if","locations":[{"start":{"line":41,"column":4},"end":{"line":43,"column":5}},{"start":{},"end":{}}],"line":41},"1":{"loc":{"start":{"line":46,"column":4},"end":{"line":49,"column":5}},"type":"if","locations":[{"start":{"line":46,"column":4},"end":{"line":49,"column":5}},{"start":{},"end":{}}],"line":46},"2":{"loc":{"start":{"line":52,"column":4},"end":{"line":55,"column":5}},"type":"if","locations":[{"start":{"line":52,"column":4},"end":{"line":55,"column":5}},{"start":{},"end":{}}],"line":52},"3":{"loc":{"start":{"line":58,"column":4},"end":{"line":60,"column":5}},"type":"if","locations":[{"start":{"line":58,"column":4},"end":{"line":60,"column":5}},{"start":{},"end":{}}],"line":58},"4":{"loc":{"start":{"line":63,"column":4},"end":{"line":65,"column":5}},"type":"if","locations":[{"start":{"line":63,"column":4},"end":{"line":65,"column":5}},{"start":{},"end":{}}],"line":63},"5":{"loc":{"start":{"line":68,"column":4},"end":{"line":71,"column":5}},"type":"if","locations":[{"start":{"line":68,"column":4},"end":{"line":71,"column":5}},{"start":{},"end":{}}],"line":68},"6":{"loc":{"start":{"line":155,"column":11},"end":{"line":155,"column":38}},"type":"binary-expr","locations":[{"start":{"line":155,"column":11},"end":{"line":155,"column":22}},{"start":{"line":155,"column":26},"end":{"line":155,"column":38}}],"line":155},"7":{"loc":{"start":{"line":172,"column":4},"end":{"line":174,"column":5}},"type":"if","locations":[{"start":{"line":172,"column":4},"end":{"line":174,"column":5}},{"start":{},"end":{}}],"line":172},"8":{"loc":{"start":{"line":176,"column":4},"end":{"line":178,"column":5}},"type":"if","locations":[{"start":{"line":176,"column":4},"end":{"line":178,"column":5}},{"start":{},"end":{}}],"line":176},"9":{"loc":{"start":{"line":188,"column":4},"end":{"line":194,"column":5}},"type":"if","locations":[{"start":{"line":188,"column":4},"end":{"line":194,"column":5}},{"start":{},"end":{}}],"line":188},"10":{"loc":{"start":{"line":197,"column":4},"end":{"line":204,"column":5}},"type":"if","locations":[{"start":{"line":197,"column":4},"end":{"line":204,"column":5}},{"start":{},"end":{}}],"line":197},"11":{"loc":{"start":{"line":207,"column":4},"end":{"line":214,"column":5}},"type":"if","locations":[{"start":{"line":207,"column":4},"end":{"line":214,"column":5}},{"start":{},"end":{}}],"line":207},"12":{"loc":{"start":{"line":217,"column":4},"end":{"line":224,"column":5}},"type":"if","locations":[{"start":{"line":217,"column":4},"end":{"line":224,"column":5}},{"start":{},"end":{}}],"line":217},"13":{"loc":{"start":{"line":227,"column":4},"end":{"line":234,"column":5}},"type":"if","locations":[{"start":{"line":227,"column":4},"end":{"line":234,"column":5}},{"start":{},"end":{}}],"line":227},"14":{"loc":{"start":{"line":237,"column":4},"end":{"line":244,"column":5}},"type":"if","locations":[{"start":{"line":237,"column":4},"end":{"line":244,"column":5}},{"start":{},"end":{}}],"line":237},"15":{"loc":{"start":{"line":346,"column":34},"end":{"line":346,"column":52}},"type":"default-arg","locations":[{"start":{"line":346,"column":46},"end":{"line":346,"column":52}}],"line":346},"16":{"loc":{"start":{"line":349,"column":4},"end":{"line":358,"column":5}},"type":"if","locations":[{"start":{"line":349,"column":4},"end":{"line":358,"column":5}},{"start":{},"end":{}}],"line":349},"17":{"loc":{"start":{"line":391,"column":22},"end":{"line":391,"column":63}},"type":"binary-expr","locations":[{"start":{"line":391,"column":22},"end":{"line":391,"column":53}},{"start":{"line":391,"column":57},"end":{"line":391,"column":63}}],"line":391},"18":{"loc":{"start":{"line":413,"column":40},"end":{"line":413,"column":70}},"type":"cond-expr","locations":[{"start":{"line":413,"column":61},"end":{"line":413,"column":64}},{"start":{"line":413,"column":67},"end":{"line":413,"column":70}}],"line":413},"19":{"loc":{"start":{"line":414,"column":38},"end":{"line":414,"column":79}},"type":"cond-expr","locations":[{"start":{"line":414,"column":70},"end":{"line":414,"column":73}},{"start":{"line":414,"column":76},"end":{"line":414,"column":79}}],"line":414},"20":{"loc":{"start":{"line":415,"column":35},"end":{"line":415,"column":73}},"type":"cond-expr","locations":[{"start":{"line":415,"column":64},"end":{"line":415,"column":67}},{"start":{"line":415,"column":70},"end":{"line":415,"column":73}}],"line":415},"21":{"loc":{"start":{"line":416,"column":45},"end":{"line":416,"column":91}},"type":"cond-expr","locations":[{"start":{"line":416,"column":82},"end":{"line":416,"column":85}},{"start":{"line":416,"column":88},"end":{"line":416,"column":91}}],"line":416},"22":{"loc":{"start":{"line":417,"column":40},"end":{"line":417,"column":83}},"type":"cond-expr","locations":[{"start":{"line":417,"column":74},"end":{"line":417,"column":77}},{"start":{"line":417,"column":80},"end":{"line":417,"column":83}}],"line":417},"23":{"loc":{"start":{"line":418,"column":41},"end":{"line":418,"column":80}},"type":"cond-expr","locations":[{"start":{"line":418,"column":71},"end":{"line":418,"column":74}},{"start":{"line":418,"column":77},"end":{"line":418,"column":80}}],"line":418},"24":{"loc":{"start":{"line":424,"column":31},"end":{"line":424,"column":63}},"type":"cond-expr","locations":[{"start":{"line":424,"column":51},"end":{"line":424,"column":56}},{"start":{"line":424,"column":59},"end":{"line":424,"column":63}}],"line":424},"25":{"loc":{"start":{"line":427,"column":4},"end":{"line":430,"column":5}},"type":"if","locations":[{"start":{"line":427,"column":4},"end":{"line":430,"column":5}},{"start":{},"end":{}}],"line":427},"26":{"loc":{"start":{"line":439,"column":4},"end":{"line":442,"column":5}},"type":"if","locations":[{"start":{"line":439,"column":4},"end":{"line":442,"column":5}},{"start":{},"end":{}}],"line":439},"27":{"loc":{"start":{"line":465,"column":6},"end":{"line":467,"column":7}},"type":"if","locations":[{"start":{"line":465,"column":6},"end":{"line":467,"column":7}},{"start":{},"end":{}}],"line":465},"28":{"loc":{"start":{"line":480,"column":47},"end":{"line":480,"column":71}},"type":"binary-expr","locations":[{"start":{"line":480,"column":47},"end":{"line":480,"column":63}},{"start":{"line":480,"column":67},"end":{"line":480,"column":71}}],"line":480},"29":{"loc":{"start":{"line":482,"column":14},"end":{"line":482,"column":46}},"type":"binary-expr","locations":[{"start":{"line":482,"column":14},"end":{"line":482,"column":21}},{"start":{"line":482,"column":25},"end":{"line":482,"column":46}}],"line":482},"30":{"loc":{"start":{"line":494,"column":0},"end":{"line":520,"column":1}},"type":"if","locations":[{"start":{"line":494,"column":0},"end":{"line":520,"column":1}},{"start":{},"end":{}}],"line":494},"31":{"loc":{"start":{"line":498,"column":2},"end":{"line":519,"column":3}},"type":"if","locations":[{"start":{"line":498,"column":2},"end":{"line":519,"column":3}},{"start":{"line":501,"column":9},"end":{"line":519,"column":3}}],"line":498},"32":{"loc":{"start":{"line":501,"column":9},"end":{"line":519,"column":3}},"type":"if","locations":[{"start":{"line":501,"column":9},"end":{"line":519,"column":3}},{"start":{"line":506,"column":9},"end":{"line":519,"column":3}}],"line":501},"33":{"loc":{"start":{"line":506,"column":9},"end":{"line":519,"column":3}},"type":"if","locations":[{"start":{"line":506,"column":9},"end":{"line":519,"column":3}},{"start":{},"end":{}}],"line":506}},"s":{"0":0,"1":0,"2":0,"3":0,"4":0,"5":0,"6":0,"7":0,"8":0,"9":0,"10":0,"11":0,"12":0,"13":0,"14":0,"15":0,"16":0,"17":0,"18":0,"19":0,"20":0,"21":0,"22":0,"23":0,"24":0,"25":0,"26":0,"27":0,"28":0,"29":0,"30":0,"31":0,"32":0,"33":0,"34":0,"35":0,"36":0,"37":0,"38":0,"39":0,"40":0,"41":0,"42":0,"43":0,"44":0,"45":0,"46":0,"47":0,"48":0,"49":0,"50":0,"51":0,"52":0,"53":0,"54":0,"55":0,"56":0,"57":0,"58":0,"59":0,"60":0,"61":0,"62":0,"63":0,"64":0,"65":0,"66":0,"67":0,"68":0,"69":0,"70":0,"71":0,"72":0,"73":0,"74":0,"75":0,"76":0,"77":0,"78":0,"79":0,"80":0,"81":0,"82":0,"83":0,"84":0,"85":0,"86":0,"87":0,"88":0,"89":0,"90":0,"91":0,"92":0,"93":0,"94":0,"95":0,"96":0,"97":0,"98":0,"99":0,"100":0,"101":0,"102":0,"103":0,"104":0,"105":0,"106":0,"107":0,"108":0,"109":0,"110":0,"111":0,"112":0,"113":0,"114":0,"115":0,"116":0,"117":0,"118":0,"119":0,"120":0,"121":0,"122":0,"123":0,"124":0,"125":0,"126":0,"127":0,"128":0,"129":0,"130":0,"131":0,"132":0,"133":0,"134":0,"135":0,"136":0,"137":0,"138":0,"139":0,"140":0,"141":0,"142":0,"143":0,"144":0,"145":0,"146":0},"f":{"0":0,"1":0,"2":0,"3":0,"4":0,"5":0,"6":0,"7":0,"8":0,"9":0,"10":0,"11":0,"12":0,"13":0,"14":0,"15":0,"16":0,"17":0,"18":0,"19":0,"20":0,"21":0,"22":0,"23":0,"24":0,"25":0,"26":0,"27":0,"28":0,"29":0},"b":{"0":[0,0],"1":[0,0],"2":[0,0],"3":[0,0],"4":[0,0],"5":[0,0],"6":[0,0],"7":[0,0],"8":[0,0],"9":[0,0],"10":[0,0],"11":[0,0],"12":[0,0],"13":[0,0],"14":[0,0],"15":[0],"16":[0,0],"17":[0,0],"18":[0,0],"19":[0,0],"20":[0,0],"21":[0,0],"22":[0,0],"23":[0,0],"24":[0,0],"25":[0,0],"26":[0,0],"27":[0,0],"28":[0,0],"29":[0,0],"30":[0,0],"31":[0,0],"32":[0,0],"33":[0,0]}}
}
