{"total": {"lines":{"total":17812,"covered":0,"skipped":0,"pct":0},"statements":{"total":18542,"covered":0,"skipped":0,"pct":0},"functions":{"total":2275,"covered":0,"skipped":0,"pct":0},"branches":{"total":8082,"covered":0,"skipped":0,"pct":0},"branchesTrue":{"total":0,"covered":0,"skipped":0,"pct":100}}
,"/mnt/c/_EHG/EHG_Engineer/lib/agents/api-sub-agent.js": {"lines":{"total":215,"covered":0,"skipped":0,"pct":0},"functions":{"total":28,"covered":0,"skipped":0,"pct":0},"statements":{"total":228,"covered":0,"skipped":0,"pct":0},"branches":{"total":184,"covered":0,"skipped":0,"pct":0}}
,"/mnt/c/_EHG/EHG_Engineer/lib/agents/auto-fix-engine.js": {"lines":{"total":157,"covered":0,"skipped":0,"pct":0},"functions":{"total":50,"covered":0,"skipped":0,"pct":0},"statements":{"total":168,"covered":0,"skipped":0,"pct":0},"branches":{"total":97,"covered":0,"skipped":0,"pct":0}}
,"/mnt/c/_EHG/EHG_Engineer/lib/agents/base-sub-agent.js": {"lines":{"total":106,"covered":0,"skipped":0,"pct":0},"functions":{"total":23,"covered":0,"skipped":0,"pct":0},"statements":{"total":117,"covered":0,"skipped":0,"pct":0},"branches":{"total":75,"covered":0,"skipped":0,"pct":0}}
,"/mnt/c/_EHG/EHG_Engineer/lib/agents/cost-sub-agent.js": {"lines":{"total":277,"covered":0,"skipped":0,"pct":0},"functions":{"total":39,"covered":0,"skipped":0,"pct":0},"statements":{"total":290,"covered":0,"skipped":0,"pct":0},"branches":{"total":125,"covered":0,"skipped":0,"pct":0}}
,"/mnt/c/_EHG/EHG_Engineer/lib/agents/database-sub-agent.js": {"lines":{"total":389,"covered":0,"skipped":0,"pct":0},"functions":{"total":53,"covered":0,"skipped":0,"pct":0},"statements":{"total":408,"covered":0,"skipped":0,"pct":0},"branches":{"total":231,"covered":0,"skipped":0,"pct":0}}
,"/mnt/c/_EHG/EHG_Engineer/lib/agents/dependency-sub-agent.js": {"lines":{"total":261,"covered":0,"skipped":0,"pct":0},"functions":{"total":23,"covered":0,"skipped":0,"pct":0},"statements":{"total":265,"covered":0,"skipped":0,"pct":0},"branches":{"total":145,"covered":0,"skipped":0,"pct":0}}
,"/mnt/c/_EHG/EHG_Engineer/lib/agents/design-sub-agent-intelligent.js": {"lines":{"total":125,"covered":0,"skipped":0,"pct":0},"functions":{"total":18,"covered":0,"skipped":0,"pct":0},"statements":{"total":130,"covered":0,"skipped":0,"pct":0},"branches":{"total":102,"covered":0,"skipped":0,"pct":0}}
,"/mnt/c/_EHG/EHG_Engineer/lib/agents/design-sub-agent.js": {"lines":{"total":422,"covered":0,"skipped":0,"pct":0},"functions":{"total":56,"covered":0,"skipped":0,"pct":0},"statements":{"total":454,"covered":0,"skipped":0,"pct":0},"branches":{"total":321,"covered":0,"skipped":0,"pct":0}}
,"/mnt/c/_EHG/EHG_Engineer/lib/agents/documentation-sub-agent-v2.js": {"lines":{"total":184,"covered":0,"skipped":0,"pct":0},"functions":{"total":16,"covered":0,"skipped":0,"pct":0},"statements":{"total":185,"covered":0,"skipped":0,"pct":0},"branches":{"total":100,"covered":0,"skipped":0,"pct":0}}
,"/mnt/c/_EHG/EHG_Engineer/lib/agents/documentation-sub-agent.js": {"lines":{"total":372,"covered":0,"skipped":0,"pct":0},"functions":{"total":51,"covered":0,"skipped":0,"pct":0},"statements":{"total":386,"covered":0,"skipped":0,"pct":0},"branches":{"total":167,"covered":0,"skipped":0,"pct":0}}
,"/mnt/c/_EHG/EHG_Engineer/lib/agents/exec-coordination-tool.js": {"lines":{"total":194,"covered":0,"skipped":0,"pct":0},"functions":{"total":39,"covered":0,"skipped":0,"pct":0},"statements":{"total":206,"covered":0,"skipped":0,"pct":0},"branches":{"total":76,"covered":0,"skipped":0,"pct":0}}
,"/mnt/c/_EHG/EHG_Engineer/lib/agents/incremental-analyzer.js": {"lines":{"total":149,"covered":0,"skipped":0,"pct":0},"functions":{"total":26,"covered":0,"skipped":0,"pct":0},"statements":{"total":153,"covered":0,"skipped":0,"pct":0},"branches":{"total":53,"covered":0,"skipped":0,"pct":0}}
,"/mnt/c/_EHG/EHG_Engineer/lib/agents/intelligent-base-sub-agent.js": {"lines":{"total":164,"covered":0,"skipped":0,"pct":0},"functions":{"total":21,"covered":0,"skipped":0,"pct":0},"statements":{"total":211,"covered":0,"skipped":0,"pct":0},"branches":{"total":177,"covered":0,"skipped":0,"pct":0}}
,"/mnt/c/_EHG/EHG_Engineer/lib/agents/learning-database.js": {"lines":{"total":200,"covered":0,"skipped":0,"pct":0},"functions":{"total":55,"covered":0,"skipped":0,"pct":0},"statements":{"total":205,"covered":0,"skipped":0,"pct":0},"branches":{"total":102,"covered":0,"skipped":0,"pct":0}}
,"/mnt/c/_EHG/EHG_Engineer/lib/agents/performance-sub-agent-v2.js": {"lines":{"total":146,"covered":0,"skipped":0,"pct":0},"functions":{"total":16,"covered":0,"skipped":0,"pct":0},"statements":{"total":151,"covered":0,"skipped":0,"pct":0},"branches":{"total":82,"covered":0,"skipped":0,"pct":0}}
,"/mnt/c/_EHG/EHG_Engineer/lib/agents/performance-sub-agent.js": {"lines":{"total":292,"covered":0,"skipped":0,"pct":0},"functions":{"total":45,"covered":0,"skipped":0,"pct":0},"statements":{"total":307,"covered":0,"skipped":0,"pct":0},"branches":{"total":122,"covered":0,"skipped":0,"pct":0}}
,"/mnt/c/_EHG/EHG_Engineer/lib/agents/priority-engine.js": {"lines":{"total":159,"covered":0,"skipped":0,"pct":0},"functions":{"total":34,"covered":0,"skipped":0,"pct":0},"statements":{"total":175,"covered":0,"skipped":0,"pct":0},"branches":{"total":144,"covered":0,"skipped":0,"pct":0}}
,"/mnt/c/_EHG/EHG_Engineer/lib/agents/security-sub-agent-v2.js": {"lines":{"total":107,"covered":0,"skipped":0,"pct":0},"functions":{"total":23,"covered":0,"skipped":0,"pct":0},"statements":{"total":117,"covered":0,"skipped":0,"pct":0},"branches":{"total":60,"covered":0,"skipped":0,"pct":0}}
,"/mnt/c/_EHG/EHG_Engineer/lib/agents/security-sub-agent-v3.js": {"lines":{"total":182,"covered":0,"skipped":0,"pct":0},"functions":{"total":30,"covered":0,"skipped":0,"pct":0},"statements":{"total":225,"covered":0,"skipped":0,"pct":0},"branches":{"total":207,"covered":0,"skipped":0,"pct":0}}
,"/mnt/c/_EHG/EHG_Engineer/lib/agents/security-sub-agent.js": {"lines":{"total":242,"covered":0,"skipped":0,"pct":0},"functions":{"total":31,"covered":0,"skipped":0,"pct":0},"statements":{"total":251,"covered":0,"skipped":0,"pct":0},"branches":{"total":132,"covered":0,"skipped":0,"pct":0}}
,"/mnt/c/_EHG/EHG_Engineer/lib/agents/shared-intelligence-hub.js": {"lines":{"total":131,"covered":0,"skipped":0,"pct":0},"functions":{"total":23,"covered":0,"skipped":0,"pct":0},"statements":{"total":136,"covered":0,"skipped":0,"pct":0},"branches":{"total":97,"covered":0,"skipped":0,"pct":0}}
,"/mnt/c/_EHG/EHG_Engineer/lib/agents/testing-sub-agent-v2.js": {"lines":{"total":196,"covered":0,"skipped":0,"pct":0},"functions":{"total":19,"covered":0,"skipped":0,"pct":0},"statements":{"total":208,"covered":0,"skipped":0,"pct":0},"branches":{"total":145,"covered":0,"skipped":0,"pct":0}}
,"/mnt/c/_EHG/EHG_Engineer/lib/agents/type-mapping.js": {"lines":{"total":54,"covered":0,"skipped":0,"pct":0},"functions":{"total":6,"covered":0,"skipped":0,"pct":0},"statements":{"total":56,"covered":0,"skipped":0,"pct":0},"branches":{"total":33,"covered":0,"skipped":0,"pct":0}}
,"/mnt/c/_EHG/EHG_Engineer/lib/agents/enhancements/agent-behavior-system.js": {"lines":{"total":122,"covered":0,"skipped":0,"pct":0},"functions":{"total":17,"covered":0,"skipped":0,"pct":0},"statements":{"total":125,"covered":0,"skipped":0,"pct":0},"branches":{"total":47,"covered":0,"skipped":0,"pct":0}}
,"/mnt/c/_EHG/EHG_Engineer/lib/agents/enhancements/collaboration-engine.js": {"lines":{"total":167,"covered":0,"skipped":0,"pct":0},"functions":{"total":24,"covered":0,"skipped":0,"pct":0},"statements":{"total":172,"covered":0,"skipped":0,"pct":0},"branches":{"total":71,"covered":0,"skipped":0,"pct":0}}
,"/mnt/c/_EHG/EHG_Engineer/lib/ai/multimodal-client.js": {"lines":{"total":102,"covered":0,"skipped":0,"pct":0},"functions":{"total":17,"covered":0,"skipped":0,"pct":0},"statements":{"total":103,"covered":0,"skipped":0,"pct":0},"branches":{"total":71,"covered":0,"skipped":0,"pct":0}}
,"/mnt/c/_EHG/EHG_Engineer/lib/dashboard/server.js": {"lines":{"total":837,"covered":0,"skipped":0,"pct":0},"functions":{"total":146,"covered":0,"skipped":0,"pct":0},"statements":{"total":874,"covered":0,"skipped":0,"pct":0},"branches":{"total":552,"covered":0,"skipped":0,"pct":0}}
,"/mnt/c/_EHG/EHG_Engineer/lib/security/encryption.js": {"lines":{"total":105,"covered":0,"skipped":0,"pct":0},"functions":{"total":10,"covered":0,"skipped":0,"pct":0},"statements":{"total":105,"covered":0,"skipped":0,"pct":0},"branches":{"total":15,"covered":0,"skipped":0,"pct":0}}
,"/mnt/c/_EHG/EHG_Engineer/lib/sync/sync-manager.js": {"lines":{"total":154,"covered":0,"skipped":0,"pct":0},"functions":{"total":12,"covered":0,"skipped":0,"pct":0},"statements":{"total":154,"covered":0,"skipped":0,"pct":0},"branches":{"total":57,"covered":0,"skipped":0,"pct":0}}
,"/mnt/c/_EHG/EHG_Engineer/lib/testing/fix-recommendation-engine.js": {"lines":{"total":108,"covered":0,"skipped":0,"pct":0},"functions":{"total":23,"covered":0,"skipped":0,"pct":0},"statements":{"total":116,"covered":0,"skipped":0,"pct":0},"branches":{"total":65,"covered":0,"skipped":0,"pct":0}}
,"/mnt/c/_EHG/EHG_Engineer/lib/testing/playwright-bridge.js": {"lines":{"total":137,"covered":0,"skipped":0,"pct":0},"functions":{"total":27,"covered":0,"skipped":0,"pct":0},"statements":{"total":146,"covered":0,"skipped":0,"pct":0},"branches":{"total":76,"covered":0,"skipped":0,"pct":0}}
,"/mnt/c/_EHG/EHG_Engineer/lib/testing/test-reporter.js": {"lines":{"total":103,"covered":0,"skipped":0,"pct":0},"functions":{"total":48,"covered":0,"skipped":0,"pct":0},"statements":{"total":114,"covered":0,"skipped":0,"pct":0},"branches":{"total":77,"covered":0,"skipped":0,"pct":0}}
,"/mnt/c/_EHG/EHG_Engineer/lib/testing/testing-sub-agent.js": {"lines":{"total":355,"covered":0,"skipped":0,"pct":0},"functions":{"total":48,"covered":0,"skipped":0,"pct":0},"statements":{"total":367,"covered":0,"skipped":0,"pct":0},"branches":{"total":179,"covered":0,"skipped":0,"pct":0}}
,"/mnt/c/_EHG/EHG_Engineer/lib/testing/vision-analyzer.js": {"lines":{"total":100,"covered":0,"skipped":0,"pct":0},"functions":{"total":26,"covered":0,"skipped":0,"pct":0},"statements":{"total":100,"covered":0,"skipped":0,"pct":0},"branches":{"total":75,"covered":0,"skipped":0,"pct":0}}
,"/mnt/c/_EHG/EHG_Engineer/lib/testing/vision-qa-agent.js": {"lines":{"total":147,"covered":0,"skipped":0,"pct":0},"functions":{"total":18,"covered":0,"skipped":0,"pct":0},"statements":{"total":148,"covered":0,"skipped":0,"pct":0},"branches":{"total":97,"covered":0,"skipped":0,"pct":0}}
,"/mnt/c/_EHG/EHG_Engineer/scripts/activate-sub-agents.js": {"lines":{"total":151,"covered":0,"skipped":0,"pct":0},"functions":{"total":10,"covered":0,"skipped":0,"pct":0},"statements":{"total":152,"covered":0,"skipped":0,"pct":0},"branches":{"total":45,"covered":0,"skipped":0,"pct":0}}
,"/mnt/c/_EHG/EHG_Engineer/scripts/add-ees-2025-001.js": {"lines":{"total":19,"covered":0,"skipped":0,"pct":0},"functions":{"total":1,"covered":0,"skipped":0,"pct":0},"statements":{"total":19,"covered":0,"skipped":0,"pct":0},"branches":{"total":4,"covered":0,"skipped":0,"pct":0}}
,"/mnt/c/_EHG/EHG_Engineer/scripts/add-ees-to-database.js": {"lines":{"total":16,"covered":0,"skipped":0,"pct":0},"functions":{"total":1,"covered":0,"skipped":0,"pct":0},"statements":{"total":16,"covered":0,"skipped":0,"pct":0},"branches":{"total":2,"covered":0,"skipped":0,"pct":0}}
,"/mnt/c/_EHG/EHG_Engineer/scripts/add-prd-to-database.js": {"lines":{"total":44,"covered":0,"skipped":0,"pct":0},"functions":{"total":1,"covered":0,"skipped":0,"pct":0},"statements":{"total":44,"covered":0,"skipped":0,"pct":0},"branches":{"total":16,"covered":0,"skipped":0,"pct":0}}
,"/mnt/c/_EHG/EHG_Engineer/scripts/add-sd-2025-001-complete.js": {"lines":{"total":58,"covered":0,"skipped":0,"pct":0},"functions":{"total":1,"covered":0,"skipped":0,"pct":0},"statements":{"total":58,"covered":0,"skipped":0,"pct":0},"branches":{"total":14,"covered":0,"skipped":0,"pct":0}}
,"/mnt/c/_EHG/EHG_Engineer/scripts/add-sd-2025-001-simple.js": {"lines":{"total":29,"covered":0,"skipped":0,"pct":0},"functions":{"total":1,"covered":0,"skipped":0,"pct":0},"statements":{"total":29,"covered":0,"skipped":0,"pct":0},"branches":{"total":6,"covered":0,"skipped":0,"pct":0}}
,"/mnt/c/_EHG/EHG_Engineer/scripts/add-sd-to-database.js": {"lines":{"total":36,"covered":0,"skipped":0,"pct":0},"functions":{"total":1,"covered":0,"skipped":0,"pct":0},"statements":{"total":36,"covered":0,"skipped":0,"pct":0},"branches":{"total":12,"covered":0,"skipped":0,"pct":0}}
,"/mnt/c/_EHG/EHG_Engineer/scripts/auto-supersede-protocols.js": {"lines":{"total":171,"covered":0,"skipped":0,"pct":0},"functions":{"total":19,"covered":0,"skipped":0,"pct":0},"statements":{"total":182,"covered":0,"skipped":0,"pct":0},"branches":{"total":51,"covered":0,"skipped":0,"pct":0}}
,"/mnt/c/_EHG/EHG_Engineer/scripts/auto-sync-sd-to-database.js": {"lines":{"total":118,"covered":0,"skipped":0,"pct":0},"functions":{"total":16,"covered":0,"skipped":0,"pct":0},"statements":{"total":126,"covered":0,"skipped":0,"pct":0},"branches":{"total":58,"covered":0,"skipped":0,"pct":0}}
,"/mnt/c/_EHG/EHG_Engineer/scripts/boundary-check.js": {"lines":{"total":88,"covered":0,"skipped":0,"pct":0},"functions":{"total":14,"covered":0,"skipped":0,"pct":0},"statements":{"total":91,"covered":0,"skipped":0,"pct":0},"branches":{"total":46,"covered":0,"skipped":0,"pct":0}}
,"/mnt/c/_EHG/EHG_Engineer/scripts/check-database-constraints.js": {"lines":{"total":52,"covered":0,"skipped":0,"pct":0},"functions":{"total":5,"covered":0,"skipped":0,"pct":0},"statements":{"total":55,"covered":0,"skipped":0,"pct":0},"branches":{"total":26,"covered":0,"skipped":0,"pct":0}}
,"/mnt/c/_EHG/EHG_Engineer/scripts/check-directives-data.js": {"lines":{"total":43,"covered":0,"skipped":0,"pct":0},"functions":{"total":2,"covered":0,"skipped":0,"pct":0},"statements":{"total":43,"covered":0,"skipped":0,"pct":0},"branches":{"total":14,"covered":0,"skipped":0,"pct":0}}
,"/mnt/c/_EHG/EHG_Engineer/scripts/check-exec-detailed.js": {"lines":{"total":38,"covered":0,"skipped":0,"pct":0},"functions":{"total":3,"covered":0,"skipped":0,"pct":0},"statements":{"total":39,"covered":0,"skipped":0,"pct":0},"branches":{"total":6,"covered":0,"skipped":0,"pct":0}}
,"/mnt/c/_EHG/EHG_Engineer/scripts/check-exec-status.js": {"lines":{"total":43,"covered":0,"skipped":0,"pct":0},"functions":{"total":9,"covered":0,"skipped":0,"pct":0},"statements":{"total":47,"covered":0,"skipped":0,"pct":0},"branches":{"total":14,"covered":0,"skipped":0,"pct":0}}
,"/mnt/c/_EHG/EHG_Engineer/scripts/claude-code-estimation-framework.js": {"lines":{"total":114,"covered":0,"skipped":0,"pct":0},"functions":{"total":21,"covered":0,"skipped":0,"pct":0},"statements":{"total":116,"covered":0,"skipped":0,"pct":0},"branches":{"total":47,"covered":0,"skipped":0,"pct":0}}
,"/mnt/c/_EHG/EHG_Engineer/scripts/close-foundation-sd.js": {"lines":{"total":72,"covered":0,"skipped":0,"pct":0},"functions":{"total":2,"covered":0,"skipped":0,"pct":0},"statements":{"total":72,"covered":0,"skipped":0,"pct":0},"branches":{"total":8,"covered":0,"skipped":0,"pct":0}}
,"/mnt/c/_EHG/EHG_Engineer/scripts/complete-audit-sd.js": {"lines":{"total":30,"covered":0,"skipped":0,"pct":0},"functions":{"total":1,"covered":0,"skipped":0,"pct":0},"statements":{"total":30,"covered":0,"skipped":0,"pct":0},"branches":{"total":4,"covered":0,"skipped":0,"pct":0}}
,"/mnt/c/_EHG/EHG_Engineer/scripts/complete-audit-verification.js": {"lines":{"total":34,"covered":0,"skipped":0,"pct":0},"functions":{"total":1,"covered":0,"skipped":0,"pct":0},"statements":{"total":34,"covered":0,"skipped":0,"pct":0},"branches":{"total":10,"covered":0,"skipped":0,"pct":0}}
,"/mnt/c/_EHG/EHG_Engineer/scripts/complete-exec-checklist.js": {"lines":{"total":25,"covered":0,"skipped":0,"pct":0},"functions":{"total":2,"covered":0,"skipped":0,"pct":0},"statements":{"total":26,"covered":0,"skipped":0,"pct":0},"branches":{"total":2,"covered":0,"skipped":0,"pct":0}}
,"/mnt/c/_EHG/EHG_Engineer/scripts/complete-exec-phase.js": {"lines":{"total":49,"covered":0,"skipped":0,"pct":0},"functions":{"total":1,"covered":0,"skipped":0,"pct":0},"statements":{"total":49,"covered":0,"skipped":0,"pct":0},"branches":{"total":4,"covered":0,"skipped":0,"pct":0}}
,"/mnt/c/_EHG/EHG_Engineer/scripts/complete-lead-phase.js": {"lines":{"total":49,"covered":0,"skipped":0,"pct":0},"functions":{"total":1,"covered":0,"skipped":0,"pct":0},"statements":{"total":49,"covered":0,"skipped":0,"pct":0},"branches":{"total":4,"covered":0,"skipped":0,"pct":0}}
,"/mnt/c/_EHG/EHG_Engineer/scripts/complete-plan-phase.js": {"lines":{"total":53,"covered":0,"skipped":0,"pct":0},"functions":{"total":1,"covered":0,"skipped":0,"pct":0},"statements":{"total":53,"covered":0,"skipped":0,"pct":0},"branches":{"total":4,"covered":0,"skipped":0,"pct":0}}
,"/mnt/c/_EHG/EHG_Engineer/scripts/complete-plan-verification.js": {"lines":{"total":58,"covered":0,"skipped":0,"pct":0},"functions":{"total":1,"covered":0,"skipped":0,"pct":0},"statements":{"total":58,"covered":0,"skipped":0,"pct":0},"branches":{"total":2,"covered":0,"skipped":0,"pct":0}}
,"/mnt/c/_EHG/EHG_Engineer/scripts/complete-prd-validation.js": {"lines":{"total":34,"covered":0,"skipped":0,"pct":0},"functions":{"total":3,"covered":0,"skipped":0,"pct":0},"statements":{"total":35,"covered":0,"skipped":0,"pct":0},"branches":{"total":10,"covered":0,"skipped":0,"pct":0}}
,"/mnt/c/_EHG/EHG_Engineer/scripts/complete-sd-2025-001-correct.js": {"lines":{"total":53,"covered":0,"skipped":0,"pct":0},"functions":{"total":2,"covered":0,"skipped":0,"pct":0},"statements":{"total":53,"covered":0,"skipped":0,"pct":0},"branches":{"total":14,"covered":0,"skipped":0,"pct":0}}
,"/mnt/c/_EHG/EHG_Engineer/scripts/complete-sd-2025-001-final.js": {"lines":{"total":76,"covered":0,"skipped":0,"pct":0},"functions":{"total":2,"covered":0,"skipped":0,"pct":0},"statements":{"total":76,"covered":0,"skipped":0,"pct":0},"branches":{"total":6,"covered":0,"skipped":0,"pct":0}}
,"/mnt/c/_EHG/EHG_Engineer/scripts/complete-sd-2025-001-simple.js": {"lines":{"total":46,"covered":0,"skipped":0,"pct":0},"functions":{"total":3,"covered":0,"skipped":0,"pct":0},"statements":{"total":46,"covered":0,"skipped":0,"pct":0},"branches":{"total":10,"covered":0,"skipped":0,"pct":0}}
,"/mnt/c/_EHG/EHG_Engineer/scripts/complete-sd-2025-001.js": {"lines":{"total":64,"covered":0,"skipped":0,"pct":0},"functions":{"total":3,"covered":0,"skipped":0,"pct":0},"statements":{"total":64,"covered":0,"skipped":0,"pct":0},"branches":{"total":18,"covered":0,"skipped":0,"pct":0}}
,"/mnt/c/_EHG/EHG_Engineer/scripts/complete-sd-template.js": {"lines":{"total":45,"covered":0,"skipped":0,"pct":0},"functions":{"total":2,"covered":0,"skipped":0,"pct":0},"statements":{"total":45,"covered":0,"skipped":0,"pct":0},"branches":{"total":12,"covered":0,"skipped":0,"pct":0}}
,"/mnt/c/_EHG/EHG_Engineer/scripts/complete-strategic-directive.js": {"lines":{"total":94,"covered":0,"skipped":0,"pct":0},"functions":{"total":3,"covered":0,"skipped":0,"pct":0},"statements":{"total":96,"covered":0,"skipped":0,"pct":0},"branches":{"total":10,"covered":0,"skipped":0,"pct":0}}
,"/mnt/c/_EHG/EHG_Engineer/scripts/complete-validation-ees.js": {"lines":{"total":15,"covered":0,"skipped":0,"pct":0},"functions":{"total":1,"covered":0,"skipped":0,"pct":0},"statements":{"total":15,"covered":0,"skipped":0,"pct":0},"branches":{"total":2,"covered":0,"skipped":0,"pct":0}}
,"/mnt/c/_EHG/EHG_Engineer/scripts/conduct-lead-approval-assessment.js": {"lines":{"total":97,"covered":0,"skipped":0,"pct":0},"functions":{"total":1,"covered":0,"skipped":0,"pct":0},"statements":{"total":97,"covered":0,"skipped":0,"pct":0},"branches":{"total":0,"covered":0,"skipped":0,"pct":100}}
,"/mnt/c/_EHG/EHG_Engineer/scripts/context-monitor.js": {"lines":{"total":49,"covered":0,"skipped":0,"pct":0},"functions":{"total":5,"covered":0,"skipped":0,"pct":0},"statements":{"total":49,"covered":0,"skipped":0,"pct":0},"branches":{"total":19,"covered":0,"skipped":0,"pct":0}}
,"/mnt/c/_EHG/EHG_Engineer/scripts/create-exec-to-plan-handoff.js": {"lines":{"total":31,"covered":0,"skipped":0,"pct":0},"functions":{"total":3,"covered":0,"skipped":0,"pct":0},"statements":{"total":33,"covered":0,"skipped":0,"pct":0},"branches":{"total":4,"covered":0,"skipped":0,"pct":0}}
,"/mnt/c/_EHG/EHG_Engineer/scripts/create-prd-dashboard-ui.js": {"lines":{"total":42,"covered":0,"skipped":0,"pct":0},"functions":{"total":2,"covered":0,"skipped":0,"pct":0},"statements":{"total":42,"covered":0,"skipped":0,"pct":0},"branches":{"total":2,"covered":0,"skipped":0,"pct":0}}
,"/mnt/c/_EHG/EHG_Engineer/scripts/create-progress-table.js": {"lines":{"total":44,"covered":0,"skipped":0,"pct":0},"functions":{"total":2,"covered":0,"skipped":0,"pct":0},"statements":{"total":44,"covered":0,"skipped":0,"pct":0},"branches":{"total":10,"covered":0,"skipped":0,"pct":0}}
,"/mnt/c/_EHG/EHG_Engineer/scripts/create-tables-direct.js": {"lines":{"total":23,"covered":0,"skipped":0,"pct":0},"functions":{"total":1,"covered":0,"skipped":0,"pct":0},"statements":{"total":23,"covered":0,"skipped":0,"pct":0},"branches":{"total":6,"covered":0,"skipped":0,"pct":0}}
,"/mnt/c/_EHG/EHG_Engineer/scripts/debug-dashboard-progress.js": {"lines":{"total":55,"covered":0,"skipped":0,"pct":0},"functions":{"total":6,"covered":0,"skipped":0,"pct":0},"statements":{"total":58,"covered":0,"skipped":0,"pct":0},"branches":{"total":16,"covered":0,"skipped":0,"pct":0}}
,"/mnt/c/_EHG/EHG_Engineer/scripts/debug-progress-calculator.js": {"lines":{"total":42,"covered":0,"skipped":0,"pct":0},"functions":{"total":2,"covered":0,"skipped":0,"pct":0},"statements":{"total":42,"covered":0,"skipped":0,"pct":0},"branches":{"total":4,"covered":0,"skipped":0,"pct":0}}
,"/mnt/c/_EHG/EHG_Engineer/scripts/debug-subagent-detection.js": {"lines":{"total":23,"covered":0,"skipped":0,"pct":0},"functions":{"total":6,"covered":0,"skipped":0,"pct":0},"statements":{"total":28,"covered":0,"skipped":0,"pct":0},"branches":{"total":2,"covered":0,"skipped":0,"pct":0}}
,"/mnt/c/_EHG/EHG_Engineer/scripts/define-small-enhancement.js": {"lines":{"total":38,"covered":0,"skipped":0,"pct":0},"functions":{"total":2,"covered":0,"skipped":0,"pct":0},"statements":{"total":38,"covered":0,"skipped":0,"pct":0},"branches":{"total":2,"covered":0,"skipped":0,"pct":0}}
,"/mnt/c/_EHG/EHG_Engineer/scripts/dynamic-checklist-generator.js": {"lines":{"total":121,"covered":0,"skipped":0,"pct":0},"functions":{"total":14,"covered":0,"skipped":0,"pct":0},"statements":{"total":121,"covered":0,"skipped":0,"pct":0},"branches":{"total":80,"covered":0,"skipped":0,"pct":0}}
,"/mnt/c/_EHG/EHG_Engineer/scripts/exec-coordinate-subagents.js": {"lines":{"total":52,"covered":0,"skipped":0,"pct":0},"functions":{"total":1,"covered":0,"skipped":0,"pct":0},"statements":{"total":52,"covered":0,"skipped":0,"pct":0},"branches":{"total":12,"covered":0,"skipped":0,"pct":0}}
,"/mnt/c/_EHG/EHG_Engineer/scripts/execute-prd-sql.js": {"lines":{"total":27,"covered":0,"skipped":0,"pct":0},"functions":{"total":1,"covered":0,"skipped":0,"pct":0},"statements":{"total":27,"covered":0,"skipped":0,"pct":0},"branches":{"total":12,"covered":0,"skipped":0,"pct":0}}
,"/mnt/c/_EHG/EHG_Engineer/scripts/execute-verification-tests.js": {"lines":{"total":121,"covered":0,"skipped":0,"pct":0},"functions":{"total":3,"covered":0,"skipped":0,"pct":0},"statements":{"total":123,"covered":0,"skipped":0,"pct":0},"branches":{"total":2,"covered":0,"skipped":0,"pct":0}}
,"/mnt/c/_EHG/EHG_Engineer/scripts/fix-audit-metadata.js": {"lines":{"total":24,"covered":0,"skipped":0,"pct":0},"functions":{"total":1,"covered":0,"skipped":0,"pct":0},"statements":{"total":24,"covered":0,"skipped":0,"pct":0},"branches":{"total":6,"covered":0,"skipped":0,"pct":0}}
,"/mnt/c/_EHG/EHG_Engineer/scripts/fix-navigation-issues.js": {"lines":{"total":52,"covered":0,"skipped":0,"pct":0},"functions":{"total":5,"covered":0,"skipped":0,"pct":0},"statements":{"total":56,"covered":0,"skipped":0,"pct":0},"branches":{"total":2,"covered":0,"skipped":0,"pct":0}}
,"/mnt/c/_EHG/EHG_Engineer/scripts/fix-prd-and-add-ees.js": {"lines":{"total":22,"covered":0,"skipped":0,"pct":0},"functions":{"total":1,"covered":0,"skipped":0,"pct":0},"statements":{"total":22,"covered":0,"skipped":0,"pct":0},"branches":{"total":4,"covered":0,"skipped":0,"pct":0}}
,"/mnt/c/_EHG/EHG_Engineer/scripts/generate-fix-request.js": {"lines":{"total":203,"covered":0,"skipped":0,"pct":0},"functions":{"total":21,"covered":0,"skipped":0,"pct":0},"statements":{"total":207,"covered":0,"skipped":0,"pct":0},"branches":{"total":40,"covered":0,"skipped":0,"pct":0}}
,"/mnt/c/_EHG/EHG_Engineer/scripts/get-latest-leo-protocol-version.js": {"lines":{"total":69,"covered":0,"skipped":0,"pct":0},"functions":{"total":15,"covered":0,"skipped":0,"pct":0},"statements":{"total":80,"covered":0,"skipped":0,"pct":0},"branches":{"total":44,"covered":0,"skipped":0,"pct":0}}
,"/mnt/c/_EHG/EHG_Engineer/scripts/github-deployment-subagent.js": {"lines":{"total":130,"covered":0,"skipped":0,"pct":0},"functions":{"total":12,"covered":0,"skipped":0,"pct":0},"statements":{"total":131,"covered":0,"skipped":0,"pct":0},"branches":{"total":47,"covered":0,"skipped":0,"pct":0}}
,"/mnt/c/_EHG/EHG_Engineer/scripts/handoff-controller.js": {"lines":{"total":175,"covered":0,"skipped":0,"pct":0},"functions":{"total":24,"covered":0,"skipped":0,"pct":0},"statements":{"total":180,"covered":0,"skipped":0,"pct":0},"branches":{"total":53,"covered":0,"skipped":0,"pct":0}}
,"/mnt/c/_EHG/EHG_Engineer/scripts/handoff-validator.js": {"lines":{"total":185,"covered":0,"skipped":0,"pct":0},"functions":{"total":19,"covered":0,"skipped":0,"pct":0},"statements":{"total":189,"covered":0,"skipped":0,"pct":0},"branches":{"total":110,"covered":0,"skipped":0,"pct":0}}
,"/mnt/c/_EHG/EHG_Engineer/scripts/initialize-sd-003-dashboard.js": {"lines":{"total":62,"covered":0,"skipped":0,"pct":0},"functions":{"total":6,"covered":0,"skipped":0,"pct":0},"statements":{"total":62,"covered":0,"skipped":0,"pct":0},"branches":{"total":6,"covered":0,"skipped":0,"pct":0}}
,"/mnt/c/_EHG/EHG_Engineer/scripts/intelligent-checklist-system.js": {"lines":{"total":116,"covered":0,"skipped":0,"pct":0},"functions":{"total":25,"covered":0,"skipped":0,"pct":0},"statements":{"total":118,"covered":0,"skipped":0,"pct":0},"branches":{"total":30,"covered":0,"skipped":0,"pct":0}}
,"/mnt/c/_EHG/EHG_Engineer/scripts/leo-checklist.js": {"lines":{"total":67,"covered":0,"skipped":0,"pct":0},"functions":{"total":8,"covered":0,"skipped":0,"pct":0},"statements":{"total":69,"covered":0,"skipped":0,"pct":0},"branches":{"total":30,"covered":0,"skipped":0,"pct":0}}
,"/mnt/c/_EHG/EHG_Engineer/scripts/leo-ci-monitor.js": {"lines":{"total":84,"covered":0,"skipped":0,"pct":0},"functions":{"total":12,"covered":0,"skipped":0,"pct":0},"statements":{"total":92,"covered":0,"skipped":0,"pct":0},"branches":{"total":35,"covered":0,"skipped":0,"pct":0}}
,"/mnt/c/_EHG/EHG_Engineer/scripts/leo-dashboard.js": {"lines":{"total":165,"covered":0,"skipped":0,"pct":0},"functions":{"total":27,"covered":0,"skipped":0,"pct":0},"statements":{"total":170,"covered":0,"skipped":0,"pct":0},"branches":{"total":70,"covered":0,"skipped":0,"pct":0}}
,"/mnt/c/_EHG/EHG_Engineer/scripts/leo-evidence-capture.js": {"lines":{"total":130,"covered":0,"skipped":0,"pct":0},"functions":{"total":22,"covered":0,"skipped":0,"pct":0},"statements":{"total":136,"covered":0,"skipped":0,"pct":0},"branches":{"total":67,"covered":0,"skipped":0,"pct":0}}
,"/mnt/c/_EHG/EHG_Engineer/scripts/leo-prd-validator.js": {"lines":{"total":328,"covered":0,"skipped":0,"pct":0},"functions":{"total":39,"covered":0,"skipped":0,"pct":0},"statements":{"total":348,"covered":0,"skipped":0,"pct":0},"branches":{"total":198,"covered":0,"skipped":0,"pct":0}}
,"/mnt/c/_EHG/EHG_Engineer/scripts/leo-protocol-smart-qa.js": {"lines":{"total":188,"covered":0,"skipped":0,"pct":0},"functions":{"total":35,"covered":0,"skipped":0,"pct":0},"statements":{"total":209,"covered":0,"skipped":0,"pct":0},"branches":{"total":107,"covered":0,"skipped":0,"pct":0}}
,"/mnt/c/_EHG/EHG_Engineer/scripts/leo-register-from-env.js": {"lines":{"total":91,"covered":0,"skipped":0,"pct":0},"functions":{"total":12,"covered":0,"skipped":0,"pct":0},"statements":{"total":92,"covered":0,"skipped":0,"pct":0},"branches":{"total":37,"covered":0,"skipped":0,"pct":0}}
,"/mnt/c/_EHG/EHG_Engineer/scripts/leo-registration-wizard.js": {"lines":{"total":44,"covered":0,"skipped":0,"pct":0},"functions":{"total":7,"covered":0,"skipped":0,"pct":0},"statements":{"total":44,"covered":0,"skipped":0,"pct":0},"branches":{"total":6,"covered":0,"skipped":0,"pct":0}}
,"/mnt/c/_EHG/EHG_Engineer/scripts/leo-sd-validator.js": {"lines":{"total":181,"covered":0,"skipped":0,"pct":0},"functions":{"total":20,"covered":0,"skipped":0,"pct":0},"statements":{"total":189,"covered":0,"skipped":0,"pct":0},"branches":{"total":99,"covered":0,"skipped":0,"pct":0}}
,"/mnt/c/_EHG/EHG_Engineer/scripts/leo-status-line.js": {"lines":{"total":225,"covered":0,"skipped":0,"pct":0},"functions":{"total":37,"covered":0,"skipped":0,"pct":0},"statements":{"total":232,"covered":0,"skipped":0,"pct":0},"branches":{"total":135,"covered":0,"skipped":0,"pct":0}}
,"/mnt/c/_EHG/EHG_Engineer/scripts/leo.js": {"lines":{"total":144,"covered":0,"skipped":0,"pct":0},"functions":{"total":19,"covered":0,"skipped":0,"pct":0},"statements":{"total":147,"covered":0,"skipped":0,"pct":0},"branches":{"total":41,"covered":0,"skipped":0,"pct":0}}
,"/mnt/c/_EHG/EHG_Engineer/scripts/mark-sds-complete-v2.js": {"lines":{"total":36,"covered":0,"skipped":0,"pct":0},"functions":{"total":2,"covered":0,"skipped":0,"pct":0},"statements":{"total":36,"covered":0,"skipped":0,"pct":0},"branches":{"total":18,"covered":0,"skipped":0,"pct":0}}
,"/mnt/c/_EHG/EHG_Engineer/scripts/mark-sds-complete.js": {"lines":{"total":33,"covered":0,"skipped":0,"pct":0},"functions":{"total":2,"covered":0,"skipped":0,"pct":0},"statements":{"total":33,"covered":0,"skipped":0,"pct":0},"branches":{"total":12,"covered":0,"skipped":0,"pct":0}}
,"/mnt/c/_EHG/EHG_Engineer/scripts/migrate-statuses.js": {"lines":{"total":94,"covered":0,"skipped":0,"pct":0},"functions":{"total":9,"covered":0,"skipped":0,"pct":0},"statements":{"total":95,"covered":0,"skipped":0,"pct":0},"branches":{"total":48,"covered":0,"skipped":0,"pct":0}}
,"/mnt/c/_EHG/EHG_Engineer/scripts/new-strategic-directive.js": {"lines":{"total":27,"covered":0,"skipped":0,"pct":0},"functions":{"total":1,"covered":0,"skipped":0,"pct":0},"statements":{"total":27,"covered":0,"skipped":0,"pct":0},"branches":{"total":0,"covered":0,"skipped":0,"pct":100}}
,"/mnt/c/_EHG/EHG_Engineer/scripts/pareto-exec-completion.js": {"lines":{"total":33,"covered":0,"skipped":0,"pct":0},"functions":{"total":2,"covered":0,"skipped":0,"pct":0},"statements":{"total":34,"covered":0,"skipped":0,"pct":0},"branches":{"total":2,"covered":0,"skipped":0,"pct":0}}
,"/mnt/c/_EHG/EHG_Engineer/scripts/performance-benchmark-sd-2025-001.js": {"lines":{"total":220,"covered":0,"skipped":0,"pct":0},"functions":{"total":43,"covered":0,"skipped":0,"pct":0},"statements":{"total":253,"covered":0,"skipped":0,"pct":0},"branches":{"total":71,"covered":0,"skipped":0,"pct":0}}
,"/mnt/c/_EHG/EHG_Engineer/scripts/plan-verification-sd-2025-001.js": {"lines":{"total":141,"covered":0,"skipped":0,"pct":0},"functions":{"total":23,"covered":0,"skipped":0,"pct":0},"statements":{"total":142,"covered":0,"skipped":0,"pct":0},"branches":{"total":81,"covered":0,"skipped":0,"pct":0}}
,"/mnt/c/_EHG/EHG_Engineer/scripts/quick-leo-protocol-execution.js": {"lines":{"total":56,"covered":0,"skipped":0,"pct":0},"functions":{"total":1,"covered":0,"skipped":0,"pct":0},"statements":{"total":56,"covered":0,"skipped":0,"pct":0},"branches":{"total":4,"covered":0,"skipped":0,"pct":0}}
,"/mnt/c/_EHG/EHG_Engineer/scripts/quick-verify-improvements.js": {"lines":{"total":57,"covered":0,"skipped":0,"pct":0},"functions":{"total":1,"covered":0,"skipped":0,"pct":0},"statements":{"total":58,"covered":0,"skipped":0,"pct":0},"branches":{"total":15,"covered":0,"skipped":0,"pct":0}}
,"/mnt/c/_EHG/EHG_Engineer/scripts/register-app.js": {"lines":{"total":112,"covered":0,"skipped":0,"pct":0},"functions":{"total":13,"covered":0,"skipped":0,"pct":0},"statements":{"total":112,"covered":0,"skipped":0,"pct":0},"branches":{"total":16,"covered":0,"skipped":0,"pct":0}}
,"/mnt/c/_EHG/EHG_Engineer/scripts/review-sds.js": {"lines":{"total":66,"covered":0,"skipped":0,"pct":0},"functions":{"total":8,"covered":0,"skipped":0,"pct":0},"statements":{"total":70,"covered":0,"skipped":0,"pct":0},"branches":{"total":59,"covered":0,"skipped":0,"pct":0}}
,"/mnt/c/_EHG/EHG_Engineer/scripts/setup-database-supabase.js": {"lines":{"total":51,"covered":0,"skipped":0,"pct":0},"functions":{"total":2,"covered":0,"skipped":0,"pct":0},"statements":{"total":51,"covered":0,"skipped":0,"pct":0},"branches":{"total":10,"covered":0,"skipped":0,"pct":0}}
,"/mnt/c/_EHG/EHG_Engineer/scripts/setup-database.js": {"lines":{"total":40,"covered":0,"skipped":0,"pct":0},"functions":{"total":1,"covered":0,"skipped":0,"pct":0},"statements":{"total":40,"covered":0,"skipped":0,"pct":0},"branches":{"total":14,"covered":0,"skipped":0,"pct":0}}
,"/mnt/c/_EHG/EHG_Engineer/scripts/setup-prd-database.js": {"lines":{"total":33,"covered":0,"skipped":0,"pct":0},"functions":{"total":1,"covered":0,"skipped":0,"pct":0},"statements":{"total":33,"covered":0,"skipped":0,"pct":0},"branches":{"total":10,"covered":0,"skipped":0,"pct":0}}
,"/mnt/c/_EHG/EHG_Engineer/scripts/simulate-websocket-client.js": {"lines":{"total":23,"covered":0,"skipped":0,"pct":0},"functions":{"total":5,"covered":0,"skipped":0,"pct":0},"statements":{"total":23,"covered":0,"skipped":0,"pct":0},"branches":{"total":6,"covered":0,"skipped":0,"pct":0}}
,"/mnt/c/_EHG/EHG_Engineer/scripts/start-lead-approval.js": {"lines":{"total":82,"covered":0,"skipped":0,"pct":0},"functions":{"total":1,"covered":0,"skipped":0,"pct":0},"statements":{"total":82,"covered":0,"skipped":0,"pct":0},"branches":{"total":10,"covered":0,"skipped":0,"pct":0}}
,"/mnt/c/_EHG/EHG_Engineer/scripts/start-plan-verification.js": {"lines":{"total":59,"covered":0,"skipped":0,"pct":0},"functions":{"total":1,"covered":0,"skipped":0,"pct":0},"statements":{"total":59,"covered":0,"skipped":0,"pct":0},"branches":{"total":4,"covered":0,"skipped":0,"pct":0}}
,"/mnt/c/_EHG/EHG_Engineer/scripts/subagent-enforcement-system.js": {"lines":{"total":173,"covered":0,"skipped":0,"pct":0},"functions":{"total":27,"covered":0,"skipped":0,"pct":0},"statements":{"total":183,"covered":0,"skipped":0,"pct":0},"branches":{"total":145,"covered":0,"skipped":0,"pct":0}}
,"/mnt/c/_EHG/EHG_Engineer/scripts/switch-context.js": {"lines":{"total":116,"covered":0,"skipped":0,"pct":0},"functions":{"total":15,"covered":0,"skipped":0,"pct":0},"statements":{"total":116,"covered":0,"skipped":0,"pct":0},"branches":{"total":43,"covered":0,"skipped":0,"pct":0}}
,"/mnt/c/_EHG/EHG_Engineer/scripts/sync-github.js": {"lines":{"total":11,"covered":0,"skipped":0,"pct":0},"functions":{"total":1,"covered":0,"skipped":0,"pct":0},"statements":{"total":11,"covered":0,"skipped":0,"pct":0},"branches":{"total":4,"covered":0,"skipped":0,"pct":0}}
,"/mnt/c/_EHG/EHG_Engineer/scripts/sync-manager.js": {"lines":{"total":11,"covered":0,"skipped":0,"pct":0},"functions":{"total":1,"covered":0,"skipped":0,"pct":0},"statements":{"total":11,"covered":0,"skipped":0,"pct":0},"branches":{"total":4,"covered":0,"skipped":0,"pct":0}}
,"/mnt/c/_EHG/EHG_Engineer/scripts/sync-supabase.js": {"lines":{"total":11,"covered":0,"skipped":0,"pct":0},"functions":{"total":1,"covered":0,"skipped":0,"pct":0},"statements":{"total":11,"covered":0,"skipped":0,"pct":0},"branches":{"total":4,"covered":0,"skipped":0,"pct":0}}
,"/mnt/c/_EHG/EHG_Engineer/scripts/test-all-improvements.js": {"lines":{"total":122,"covered":0,"skipped":0,"pct":0},"functions":{"total":3,"covered":0,"skipped":0,"pct":0},"statements":{"total":123,"covered":0,"skipped":0,"pct":0},"branches":{"total":22,"covered":0,"skipped":0,"pct":0}}
,"/mnt/c/_EHG/EHG_Engineer/scripts/test-all-subagents.js": {"lines":{"total":120,"covered":0,"skipped":0,"pct":0},"functions":{"total":22,"covered":0,"skipped":0,"pct":0},"statements":{"total":131,"covered":0,"skipped":0,"pct":0},"branches":{"total":78,"covered":0,"skipped":0,"pct":0}}
,"/mnt/c/_EHG/EHG_Engineer/scripts/test-complete-integrated-system.js": {"lines":{"total":170,"covered":0,"skipped":0,"pct":0},"functions":{"total":23,"covered":0,"skipped":0,"pct":0},"statements":{"total":180,"covered":0,"skipped":0,"pct":0},"branches":{"total":51,"covered":0,"skipped":0,"pct":0}}
,"/mnt/c/_EHG/EHG_Engineer/scripts/test-connections.js": {"lines":{"total":79,"covered":0,"skipped":0,"pct":0},"functions":{"total":10,"covered":0,"skipped":0,"pct":0},"statements":{"total":79,"covered":0,"skipped":0,"pct":0},"branches":{"total":26,"covered":0,"skipped":0,"pct":0}}
,"/mnt/c/_EHG/EHG_Engineer/scripts/test-cost-subagent.js": {"lines":{"total":24,"covered":0,"skipped":0,"pct":0},"functions":{"total":1,"covered":0,"skipped":0,"pct":0},"statements":{"total":24,"covered":0,"skipped":0,"pct":0},"branches":{"total":8,"covered":0,"skipped":0,"pct":0}}
,"/mnt/c/_EHG/EHG_Engineer/scripts/test-dashboard-ui.js": {"lines":{"total":209,"covered":0,"skipped":0,"pct":0},"functions":{"total":30,"covered":0,"skipped":0,"pct":0},"statements":{"total":226,"covered":0,"skipped":0,"pct":0},"branches":{"total":82,"covered":0,"skipped":0,"pct":0}}
,"/mnt/c/_EHG/EHG_Engineer/scripts/test-database-subagent.js": {"lines":{"total":24,"covered":0,"skipped":0,"pct":0},"functions":{"total":1,"covered":0,"skipped":0,"pct":0},"statements":{"total":24,"covered":0,"skipped":0,"pct":0},"branches":{"total":8,"covered":0,"skipped":0,"pct":0}}
,"/mnt/c/_EHG/EHG_Engineer/scripts/test-database.js": {"lines":{"total":56,"covered":0,"skipped":0,"pct":0},"functions":{"total":1,"covered":0,"skipped":0,"pct":0},"statements":{"total":56,"covered":0,"skipped":0,"pct":0},"branches":{"total":20,"covered":0,"skipped":0,"pct":0}}
,"/mnt/c/_EHG/EHG_Engineer/scripts/test-design-subagent.js": {"lines":{"total":24,"covered":0,"skipped":0,"pct":0},"functions":{"total":1,"covered":0,"skipped":0,"pct":0},"statements":{"total":24,"covered":0,"skipped":0,"pct":0},"branches":{"total":8,"covered":0,"skipped":0,"pct":0}}
,"/mnt/c/_EHG/EHG_Engineer/scripts/test-documentation-subagent.js": {"lines":{"total":24,"covered":0,"skipped":0,"pct":0},"functions":{"total":1,"covered":0,"skipped":0,"pct":0},"statements":{"total":24,"covered":0,"skipped":0,"pct":0},"branches":{"total":8,"covered":0,"skipped":0,"pct":0}}
,"/mnt/c/_EHG/EHG_Engineer/scripts/test-ehg-connection.js": {"lines":{"total":106,"covered":0,"skipped":0,"pct":0},"functions":{"total":17,"covered":0,"skipped":0,"pct":0},"statements":{"total":108,"covered":0,"skipped":0,"pct":0},"branches":{"total":20,"covered":0,"skipped":0,"pct":0}}
,"/mnt/c/_EHG/EHG_Engineer/scripts/test-ehg-integrated-properly.js": {"lines":{"total":184,"covered":0,"skipped":0,"pct":0},"functions":{"total":16,"covered":0,"skipped":0,"pct":0},"statements":{"total":187,"covered":0,"skipped":0,"pct":0},"branches":{"total":60,"covered":0,"skipped":0,"pct":0}}
,"/mnt/c/_EHG/EHG_Engineer/scripts/test-ehg-with-all-improvements.js": {"lines":{"total":181,"covered":0,"skipped":0,"pct":0},"functions":{"total":21,"covered":0,"skipped":0,"pct":0},"statements":{"total":186,"covered":0,"skipped":0,"pct":0},"branches":{"total":44,"covered":0,"skipped":0,"pct":0}}
,"/mnt/c/_EHG/EHG_Engineer/scripts/test-exec-coordination-improved.js": {"lines":{"total":101,"covered":0,"skipped":0,"pct":0},"functions":{"total":5,"covered":0,"skipped":0,"pct":0},"statements":{"total":103,"covered":0,"skipped":0,"pct":0},"branches":{"total":18,"covered":0,"skipped":0,"pct":0}}
,"/mnt/c/_EHG/EHG_Engineer/scripts/test-improved-subagents-on-ehg.js": {"lines":{"total":211,"covered":0,"skipped":0,"pct":0},"functions":{"total":30,"covered":0,"skipped":0,"pct":0},"statements":{"total":216,"covered":0,"skipped":0,"pct":0},"branches":{"total":72,"covered":0,"skipped":0,"pct":0}}
,"/mnt/c/_EHG/EHG_Engineer/scripts/test-performance-subagent.js": {"lines":{"total":23,"covered":0,"skipped":0,"pct":0},"functions":{"total":1,"covered":0,"skipped":0,"pct":0},"statements":{"total":23,"covered":0,"skipped":0,"pct":0},"branches":{"total":2,"covered":0,"skipped":0,"pct":0}}
,"/mnt/c/_EHG/EHG_Engineer/scripts/test-progress-calculation.js": {"lines":{"total":56,"covered":0,"skipped":0,"pct":0},"functions":{"total":5,"covered":0,"skipped":0,"pct":0},"statements":{"total":59,"covered":0,"skipped":0,"pct":0},"branches":{"total":31,"covered":0,"skipped":0,"pct":0}}
,"/mnt/c/_EHG/EHG_Engineer/scripts/test-realtime-refresh.js": {"lines":{"total":46,"covered":0,"skipped":0,"pct":0},"functions":{"total":4,"covered":0,"skipped":0,"pct":0},"statements":{"total":49,"covered":0,"skipped":0,"pct":0},"branches":{"total":8,"covered":0,"skipped":0,"pct":0}}
,"/mnt/c/_EHG/EHG_Engineer/scripts/test-realtime-sync.js": {"lines":{"total":45,"covered":0,"skipped":0,"pct":0},"functions":{"total":5,"covered":0,"skipped":0,"pct":0},"statements":{"total":48,"covered":0,"skipped":0,"pct":0},"branches":{"total":18,"covered":0,"skipped":0,"pct":0}}
,"/mnt/c/_EHG/EHG_Engineer/scripts/test-realtime-update.js": {"lines":{"total":17,"covered":0,"skipped":0,"pct":0},"functions":{"total":1,"covered":0,"skipped":0,"pct":0},"statements":{"total":17,"covered":0,"skipped":0,"pct":0},"branches":{"total":2,"covered":0,"skipped":0,"pct":0}}
,"/mnt/c/_EHG/EHG_Engineer/scripts/test-realtime-updates.js": {"lines":{"total":42,"covered":0,"skipped":0,"pct":0},"functions":{"total":5,"covered":0,"skipped":0,"pct":0},"statements":{"total":45,"covered":0,"skipped":0,"pct":0},"branches":{"total":10,"covered":0,"skipped":0,"pct":0}}
,"/mnt/c/_EHG/EHG_Engineer/scripts/test-sd-api.js": {"lines":{"total":64,"covered":0,"skipped":0,"pct":0},"functions":{"total":12,"covered":0,"skipped":0,"pct":0},"statements":{"total":66,"covered":0,"skipped":0,"pct":0},"branches":{"total":18,"covered":0,"skipped":0,"pct":0}}
,"/mnt/c/_EHG/EHG_Engineer/scripts/test-sd-navigation.js": {"lines":{"total":89,"covered":0,"skipped":0,"pct":0},"functions":{"total":14,"covered":0,"skipped":0,"pct":0},"statements":{"total":92,"covered":0,"skipped":0,"pct":0},"branches":{"total":24,"covered":0,"skipped":0,"pct":0}}
,"/mnt/c/_EHG/EHG_Engineer/scripts/test-security-subagent.js": {"lines":{"total":82,"covered":0,"skipped":0,"pct":0},"functions":{"total":7,"covered":0,"skipped":0,"pct":0},"statements":{"total":83,"covered":0,"skipped":0,"pct":0},"branches":{"total":48,"covered":0,"skipped":0,"pct":0}}
,"/mnt/c/_EHG/EHG_Engineer/scripts/test-status-validation.js": {"lines":{"total":40,"covered":0,"skipped":0,"pct":0},"functions":{"total":0,"covered":0,"skipped":0,"pct":100},"statements":{"total":40,"covered":0,"skipped":0,"pct":0},"branches":{"total":14,"covered":0,"skipped":0,"pct":0}}
,"/mnt/c/_EHG/EHG_Engineer/scripts/test-supabase-db.js": {"lines":{"total":42,"covered":0,"skipped":0,"pct":0},"functions":{"total":2,"covered":0,"skipped":0,"pct":0},"statements":{"total":42,"covered":0,"skipped":0,"pct":0},"branches":{"total":8,"covered":0,"skipped":0,"pct":0}}
,"/mnt/c/_EHG/EHG_Engineer/scripts/test-ui-rendering.js": {"lines":{"total":83,"covered":0,"skipped":0,"pct":0},"functions":{"total":3,"covered":0,"skipped":0,"pct":0},"statements":{"total":83,"covered":0,"skipped":0,"pct":0},"branches":{"total":71,"covered":0,"skipped":0,"pct":0}}
,"/mnt/c/_EHG/EHG_Engineer/scripts/test-vision-qa-setup.js": {"lines":{"total":83,"covered":0,"skipped":0,"pct":0},"functions":{"total":2,"covered":0,"skipped":0,"pct":0},"statements":{"total":83,"covered":0,"skipped":0,"pct":0},"branches":{"total":24,"covered":0,"skipped":0,"pct":0}}
,"/mnt/c/_EHG/EHG_Engineer/scripts/update-audit-prd.js": {"lines":{"total":21,"covered":0,"skipped":0,"pct":0},"functions":{"total":3,"covered":0,"skipped":0,"pct":0},"statements":{"total":21,"covered":0,"skipped":0,"pct":0},"branches":{"total":4,"covered":0,"skipped":0,"pct":0}}
,"/mnt/c/_EHG/EHG_Engineer/scripts/update-claude-md-version.js": {"lines":{"total":68,"covered":0,"skipped":0,"pct":0},"functions":{"total":8,"covered":0,"skipped":0,"pct":0},"statements":{"total":68,"covered":0,"skipped":0,"pct":0},"branches":{"total":12,"covered":0,"skipped":0,"pct":0}}
,"/mnt/c/_EHG/EHG_Engineer/scripts/update-dashboard-ui-sd.js": {"lines":{"total":37,"covered":0,"skipped":0,"pct":0},"functions":{"total":1,"covered":0,"skipped":0,"pct":0},"statements":{"total":37,"covered":0,"skipped":0,"pct":0},"branches":{"total":2,"covered":0,"skipped":0,"pct":0}}
,"/mnt/c/_EHG/EHG_Engineer/scripts/update-directive-status.js": {"lines":{"total":40,"covered":0,"skipped":0,"pct":0},"functions":{"total":1,"covered":0,"skipped":0,"pct":0},"statements":{"total":40,"covered":0,"skipped":0,"pct":0},"branches":{"total":14,"covered":0,"skipped":0,"pct":0}}
,"/mnt/c/_EHG/EHG_Engineer/scripts/update-draft-sd-titles.js": {"lines":{"total":28,"covered":0,"skipped":0,"pct":0},"functions":{"total":2,"covered":0,"skipped":0,"pct":0},"statements":{"total":28,"covered":0,"skipped":0,"pct":0},"branches":{"total":8,"covered":0,"skipped":0,"pct":0}}
,"/mnt/c/_EHG/EHG_Engineer/scripts/update-exec-checklist-proper.js": {"lines":{"total":31,"covered":0,"skipped":0,"pct":0},"functions":{"total":3,"covered":0,"skipped":0,"pct":0},"statements":{"total":33,"covered":0,"skipped":0,"pct":0},"branches":{"total":4,"covered":0,"skipped":0,"pct":0}}
,"/mnt/c/_EHG/EHG_Engineer/scripts/update-exec-checklist.js": {"lines":{"total":50,"covered":0,"skipped":0,"pct":0},"functions":{"total":4,"covered":0,"skipped":0,"pct":0},"statements":{"total":53,"covered":0,"skipped":0,"pct":0},"branches":{"total":10,"covered":0,"skipped":0,"pct":0}}
,"/mnt/c/_EHG/EHG_Engineer/scripts/update-exec-complete.js": {"lines":{"total":22,"covered":0,"skipped":0,"pct":0},"functions":{"total":2,"covered":0,"skipped":0,"pct":0},"statements":{"total":23,"covered":0,"skipped":0,"pct":0},"branches":{"total":2,"covered":0,"skipped":0,"pct":0}}
,"/mnt/c/_EHG/EHG_Engineer/scripts/update-exec-progress.js": {"lines":{"total":39,"covered":0,"skipped":0,"pct":0},"functions":{"total":1,"covered":0,"skipped":0,"pct":0},"statements":{"total":39,"covered":0,"skipped":0,"pct":0},"branches":{"total":4,"covered":0,"skipped":0,"pct":0}}
,"/mnt/c/_EHG/EHG_Engineer/scripts/update-plan-verification.js": {"lines":{"total":23,"covered":0,"skipped":0,"pct":0},"functions":{"total":2,"covered":0,"skipped":0,"pct":0},"statements":{"total":24,"covered":0,"skipped":0,"pct":0},"branches":{"total":2,"covered":0,"skipped":0,"pct":0}}
,"/mnt/c/_EHG/EHG_Engineer/scripts/update-prd-checklist.js": {"lines":{"total":35,"covered":0,"skipped":0,"pct":0},"functions":{"total":4,"covered":0,"skipped":0,"pct":0},"statements":{"total":38,"covered":0,"skipped":0,"pct":0},"branches":{"total":8,"covered":0,"skipped":0,"pct":0}}
,"/mnt/c/_EHG/EHG_Engineer/scripts/update-prd-status.js": {"lines":{"total":16,"covered":0,"skipped":0,"pct":0},"functions":{"total":1,"covered":0,"skipped":0,"pct":0},"statements":{"total":16,"covered":0,"skipped":0,"pct":0},"branches":{"total":2,"covered":0,"skipped":0,"pct":0}}
,"/mnt/c/_EHG/EHG_Engineer/scripts/update-sd-completion-metadata.js": {"lines":{"total":46,"covered":0,"skipped":0,"pct":0},"functions":{"total":2,"covered":0,"skipped":0,"pct":0},"statements":{"total":46,"covered":0,"skipped":0,"pct":0},"branches":{"total":24,"covered":0,"skipped":0,"pct":0}}
,"/mnt/c/_EHG/EHG_Engineer/scripts/update-sd-content.js": {"lines":{"total":20,"covered":0,"skipped":0,"pct":0},"functions":{"total":1,"covered":0,"skipped":0,"pct":0},"statements":{"total":20,"covered":0,"skipped":0,"pct":0},"branches":{"total":2,"covered":0,"skipped":0,"pct":0}}
,"/mnt/c/_EHG/EHG_Engineer/scripts/update-sd-details.js": {"lines":{"total":16,"covered":0,"skipped":0,"pct":0},"functions":{"total":1,"covered":0,"skipped":0,"pct":0},"statements":{"total":16,"covered":0,"skipped":0,"pct":0},"branches":{"total":2,"covered":0,"skipped":0,"pct":0}}
,"/mnt/c/_EHG/EHG_Engineer/scripts/update-sd-metadata-only.js": {"lines":{"total":39,"covered":0,"skipped":0,"pct":0},"functions":{"total":2,"covered":0,"skipped":0,"pct":0},"statements":{"total":39,"covered":0,"skipped":0,"pct":0},"branches":{"total":22,"covered":0,"skipped":0,"pct":0}}
,"/mnt/c/_EHG/EHG_Engineer/scripts/validate-fixes.js": {"lines":{"total":201,"covered":0,"skipped":0,"pct":0},"functions":{"total":29,"covered":0,"skipped":0,"pct":0},"statements":{"total":211,"covered":0,"skipped":0,"pct":0},"branches":{"total":57,"covered":0,"skipped":0,"pct":0}}
,"/mnt/c/_EHG/EHG_Engineer/scripts/validate-performance-sd-2025-001.js": {"lines":{"total":110,"covered":0,"skipped":0,"pct":0},"functions":{"total":20,"covered":0,"skipped":0,"pct":0},"statements":{"total":115,"covered":0,"skipped":0,"pct":0},"branches":{"total":38,"covered":0,"skipped":0,"pct":0}}
,"/mnt/c/_EHG/EHG_Engineer/scripts/validate-sd-completion.js": {"lines":{"total":90,"covered":0,"skipped":0,"pct":0},"functions":{"total":5,"covered":0,"skipped":0,"pct":0},"statements":{"total":93,"covered":0,"skipped":0,"pct":0},"branches":{"total":43,"covered":0,"skipped":0,"pct":0}}
,"/mnt/c/_EHG/EHG_Engineer/scripts/validate-sub-agent-handoff.js": {"lines":{"total":183,"covered":0,"skipped":0,"pct":0},"functions":{"total":19,"covered":0,"skipped":0,"pct":0},"statements":{"total":186,"covered":0,"skipped":0,"pct":0},"branches":{"total":76,"covered":0,"skipped":0,"pct":0}}
,"/mnt/c/_EHG/EHG_Engineer/scripts/verify-connection.js": {"lines":{"total":21,"covered":0,"skipped":0,"pct":0},"functions":{"total":1,"covered":0,"skipped":0,"pct":0},"statements":{"total":21,"covered":0,"skipped":0,"pct":0},"branches":{"total":10,"covered":0,"skipped":0,"pct":0}}
,"/mnt/c/_EHG/EHG_Engineer/scripts/verify-database-state.js": {"lines":{"total":65,"covered":0,"skipped":0,"pct":0},"functions":{"total":4,"covered":0,"skipped":0,"pct":0},"statements":{"total":71,"covered":0,"skipped":0,"pct":0},"branches":{"total":32,"covered":0,"skipped":0,"pct":0}}
,"/mnt/c/_EHG/EHG_Engineer/scripts/verify-navigation-fixes.js": {"lines":{"total":109,"covered":0,"skipped":0,"pct":0},"functions":{"total":16,"covered":0,"skipped":0,"pct":0},"statements":{"total":110,"covered":0,"skipped":0,"pct":0},"branches":{"total":38,"covered":0,"skipped":0,"pct":0}}
,"/mnt/c/_EHG/EHG_Engineer/scripts/vision-model-selector.js": {"lines":{"total":106,"covered":0,"skipped":0,"pct":0},"functions":{"total":18,"covered":0,"skipped":0,"pct":0},"statements":{"total":106,"covered":0,"skipped":0,"pct":0},"branches":{"total":38,"covered":0,"skipped":0,"pct":0}}
,"/mnt/c/_EHG/EHG_Engineer/scripts/vision-qa-decision.js": {"lines":{"total":136,"covered":0,"skipped":0,"pct":0},"functions":{"total":30,"covered":0,"skipped":0,"pct":0},"statements":{"total":147,"covered":0,"skipped":0,"pct":0},"branches":{"total":67,"covered":0,"skipped":0,"pct":0}}
}
