TN:
SF:lib/ai/multimodal-client.js
FN:13,(anonymous_0)
FN:58,(anonymous_1)
FN:67,(anonymous_2)
FN:124,(anonymous_3)
FN:132,(anonymous_4)
FN:161,(anonymous_5)
FN:200,(anonymous_6)
FN:243,(anonymous_7)
FN:265,(anonymous_8)
FN:306,(anonymous_9)
FN:330,(anonymous_10)
FN:357,(anonymous_11)
FN:393,(anonymous_12)
FN:394,(anonymous_13)
FN:400,(anonymous_14)
FN:413,(anonymous_15)
FN:462,(anonymous_16)
FNF:17
FNH:0
FNDA:0,(anonymous_0)
FNDA:0,(anonymous_1)
FNDA:0,(anonymous_2)
FNDA:0,(anonymous_3)
FNDA:0,(anonymous_4)
FNDA:0,(anonymous_5)
FNDA:0,(anonymous_6)
FNDA:0,(anonymous_7)
FNDA:0,(anonymous_8)
FNDA:0,(anonymous_9)
FNDA:0,(anonymous_10)
FNDA:0,(anonymous_11)
FNDA:0,(anonymous_12)
FNDA:0,(anonymous_13)
FNDA:0,(anonymous_14)
FNDA:0,(anonymous_15)
FNDA:0,(anonymous_16)
DA:8,0
DA:9,0
DA:10,0
DA:14,0
DA:27,0
DA:42,0
DA:55,0
DA:59,0
DA:60,0
DA:68,0
DA:70,0
DA:72,0
DA:75,0
DA:79,0
DA:81,0
DA:82,0
DA:84,0
DA:85,0
DA:87,0
DA:88,0
DA:90,0
DA:94,0
DA:97,0
DA:98,0
DA:99,0
DA:100,0
DA:101,0
DA:102,0
DA:104,0
DA:107,0
DA:110,0
DA:111,0
DA:112,0
DA:113,0
DA:114,0
DA:117,0
DA:125,0
DA:132,0
DA:162,0
DA:194,0
DA:201,0
DA:237,0
DA:246,0
DA:248,0
DA:266,0
DA:268,0
DA:271,0
DA:272,0
DA:276,0
DA:279,0
DA:280,0
DA:282,0
DA:285,0
DA:288,0
DA:308,0
DA:309,0
DA:313,0
DA:314,0
DA:318,0
DA:319,0
DA:320,0
DA:323,0
DA:332,0
DA:334,0
DA:336,0
DA:341,0
DA:342,0
DA:343,0
DA:346,0
DA:347,0
DA:348,0
DA:351,0
DA:358,0
DA:359,0
DA:361,0
DA:362,0
DA:363,0
DA:367,0
DA:368,0
DA:369,0
DA:372,0
DA:375,0
DA:376,0
DA:378,0
DA:394,0
DA:401,0
DA:407,0
DA:414,0
DA:415,0
DA:417,0
DA:418,0
DA:427,0
DA:431,0
DA:432,0
DA:435,0
DA:436,0
DA:437,0
DA:440,0
DA:442,0
DA:463,0
DA:472,0
DA:476,0
LF:102
LH:0
BRDA:13,0,0,0
BRDA:15,1,0,0
BRDA:15,1,1,0
BRDA:15,1,2,0
BRDA:16,2,0,0
BRDA:16,2,1,0
BRDA:16,2,2,0
BRDA:17,3,0,0
BRDA:17,3,1,0
BRDA:17,3,2,0
BRDA:18,4,0,0
BRDA:18,4,1,0
BRDA:19,5,0,0
BRDA:19,5,1,0
BRDA:20,6,0,0
BRDA:20,6,1,0
BRDA:21,7,0,0
BRDA:21,7,1,0
BRDA:22,8,0,0
BRDA:22,8,1,0
BRDA:59,9,0,0
BRDA:59,9,1,0
BRDA:59,10,0,0
BRDA:59,10,1,0
BRDA:79,11,0,0
BRDA:79,11,1,0
BRDA:79,11,2,0
BRDA:79,11,3,0
BRDA:110,12,0,0
BRDA:110,12,1,0
BRDA:268,13,0,0
BRDA:268,13,1,0
BRDA:271,14,0,0
BRDA:271,14,1,0
BRDA:271,15,0,0
BRDA:271,15,1,0
BRDA:279,16,0,0
BRDA:279,16,1,0
BRDA:280,17,0,0
BRDA:280,17,1,0
BRDA:308,18,0,0
BRDA:308,18,1,0
BRDA:313,19,0,0
BRDA:313,19,1,0
BRDA:318,20,0,0
BRDA:318,20,1,0
BRDA:318,21,0,0
BRDA:318,21,1,0
BRDA:330,22,0,0
BRDA:334,23,0,0
BRDA:334,23,1,0
BRDA:361,24,0,0
BRDA:361,24,1,0
BRDA:367,25,0,0
BRDA:367,25,1,0
BRDA:368,26,0,0
BRDA:368,26,1,0
BRDA:407,27,0,0
BRDA:407,27,1,0
BRDA:413,28,0,0
BRDA:417,29,0,0
BRDA:417,29,1,0
BRDA:429,30,0,0
BRDA:429,30,1,0
BRDA:448,31,0,0
BRDA:448,31,1,0
BRDA:449,32,0,0
BRDA:449,32,1,0
BRDA:462,33,0,0
BRDA:472,34,0,0
BRDA:472,34,1,0
BRF:71
BRH:0
end_of_record
TN:
SF:lib/dashboard/database-loader.js
FN:12,(anonymous_0)
FN:18,(anonymous_1)
FN:43,(anonymous_2)
FN:68,(anonymous_3)
FN:74,(anonymous_4)
FN:119,(anonymous_5)
FN:137,(anonymous_6)
FN:186,(anonymous_7)
FN:214,(anonymous_8)
FN:219,(anonymous_9)
FN:234,(anonymous_10)
FN:239,(anonymous_11)
FN:250,(anonymous_12)
FN:261,(anonymous_13)
FN:276,(anonymous_14)
FN:298,(anonymous_15)
FN:305,(anonymous_16)
FN:312,(anonymous_17)
FN:329,(anonymous_18)
FN:351,(anonymous_19)
FN:354,(anonymous_20)
FN:357,(anonymous_21)
FN:362,(anonymous_22)
FN:374,(anonymous_23)
FN:394,(anonymous_24)
FN:397,(anonymous_25)
FN:400,(anonymous_26)
FN:406,(anonymous_27)
FN:409,(anonymous_28)
FN:412,(anonymous_29)
FN:417,(anonymous_30)
FN:422,(anonymous_31)
FN:436,(anonymous_32)
FN:488,(anonymous_33)
FN:490,(anonymous_34)
FN:492,(anonymous_35)
FN:497,(anonymous_36)
FN:500,(anonymous_37)
FN:503,(anonymous_38)
FN:530,(anonymous_39)
FN:538,(anonymous_40)
FNF:41
FNH:32
FNDA:12,(anonymous_0)
FNDA:12,(anonymous_1)
FNDA:3,(anonymous_2)
FNDA:5,(anonymous_3)
FNDA:15,(anonymous_4)
FNDA:2,(anonymous_5)
FNDA:3,(anonymous_6)
FNDA:1,(anonymous_7)
FNDA:15,(anonymous_8)
FNDA:38,(anonymous_9)
FNDA:3,(anonymous_10)
FNDA:20,(anonymous_11)
FNDA:17,(anonymous_12)
FNDA:11,(anonymous_13)
FNDA:25,(anonymous_14)
FNDA:59,(anonymous_15)
FNDA:47,(anonymous_16)
FNDA:27,(anonymous_17)
FNDA:15,(anonymous_18)
FNDA:35,(anonymous_19)
FNDA:38,(anonymous_20)
FNDA:18,(anonymous_21)
FNDA:9,(anonymous_22)
FNDA:1,(anonymous_23)
FNDA:0,(anonymous_24)
FNDA:0,(anonymous_25)
FNDA:0,(anonymous_26)
FNDA:0,(anonymous_27)
FNDA:0,(anonymous_28)
FNDA:2,(anonymous_29)
FNDA:1,(anonymous_30)
FNDA:1,(anonymous_31)
FNDA:2,(anonymous_32)
FNDA:2,(anonymous_33)
FNDA:1,(anonymous_34)
FNDA:1,(anonymous_35)
FNDA:2,(anonymous_36)
FNDA:0,(anonymous_37)
FNDA:0,(anonymous_38)
FNDA:0,(anonymous_39)
FNDA:0,(anonymous_40)
DA:7,2
DA:8,2
DA:9,2
DA:13,12
DA:14,12
DA:15,12
DA:19,12
DA:20,12
DA:22,12
DA:25,0
DA:26,0
DA:27,0
DA:30,12
DA:31,12
DA:32,12
DA:33,12
DA:35,0
DA:36,0
DA:44,3
DA:45,0
DA:46,0
DA:49,3
DA:50,3
DA:55,3
DA:56,0
DA:57,0
DA:61,3
DA:66,3
DA:67,3
DA:68,3
DA:69,5
DA:74,3
DA:75,15
DA:76,15
DA:78,15
DA:108,3
DA:109,3
DA:111,0
DA:112,0
DA:120,2
DA:121,0
DA:122,0
DA:125,2
DA:126,2
DA:131,2
DA:132,0
DA:133,0
DA:137,3
DA:175,2
DA:176,2
DA:178,0
DA:179,0
DA:187,1
DA:188,0
DA:191,1
DA:192,1
DA:198,1
DA:199,0
DA:200,0
DA:203,1
DA:204,1
DA:206,0
DA:207,0
DA:215,15
DA:218,15
DA:219,15
DA:220,38
DA:228,15
DA:235,3
DA:238,3
DA:239,3
DA:240,20
DA:249,3
DA:250,3
DA:251,17
DA:260,3
DA:261,3
DA:262,11
DA:270,3
DA:278,25
DA:286,25
DA:289,25
DA:291,24
DA:295,25
DA:297,13
DA:298,59
DA:299,13
DA:300,13
DA:301,13
DA:304,13
DA:305,47
DA:306,13
DA:307,13
DA:308,13
DA:311,13
DA:312,27
DA:313,13
DA:314,13
DA:315,13
DA:318,13
DA:319,4
DA:323,25
DA:330,15
DA:351,35
DA:354,38
DA:358,18
DA:362,9
DA:375,1
DA:394,0
DA:397,0
DA:400,0
DA:406,0
DA:409,0
DA:413,2
DA:418,1
DA:423,1
DA:437,2
DA:438,0
DA:439,0
DA:442,2
DA:443,2
DA:446,2
DA:452,2
DA:453,1
DA:454,1
DA:458,1
DA:459,1
DA:461,1
DA:462,1
DA:463,0
DA:464,0
DA:465,0
DA:466,0
DA:471,1
DA:472,1
DA:473,1
DA:474,0
DA:476,1
DA:481,1
DA:486,1
DA:488,2
DA:489,1
DA:490,1
DA:491,1
DA:492,1
DA:493,1
DA:496,1
DA:497,2
DA:498,1
DA:499,0
DA:500,0
DA:501,0
DA:502,0
DA:503,0
DA:504,0
DA:509,1
DA:514,1
DA:515,0
DA:516,0
DA:519,1
DA:520,1
DA:522,0
DA:523,0
DA:531,0
DA:532,0
DA:533,0
DA:536,0
DA:538,0
DA:539,0
DA:540,0
DA:541,0
DA:542,0
DA:544,0
DA:550,0
DA:556,2
LF:175
LH:120
BRDA:22,0,0,0
BRDA:22,0,1,12
BRDA:22,1,0,12
BRDA:22,1,1,12
BRDA:22,1,2,12
BRDA:22,1,3,12
BRDA:44,2,0,0
BRDA:44,2,1,3
BRDA:55,3,0,0
BRDA:55,3,1,3
BRDA:67,4,0,3
BRDA:67,4,1,0
BRDA:97,5,0,15
BRDA:97,5,1,15
BRDA:98,6,0,15
BRDA:98,6,1,0
BRDA:99,7,0,15
BRDA:99,7,1,0
BRDA:100,8,0,15
BRDA:100,8,1,0
BRDA:101,9,0,15
BRDA:101,9,1,0
BRDA:102,10,0,15
BRDA:102,10,1,0
BRDA:120,11,0,0
BRDA:120,11,1,2
BRDA:131,12,0,0
BRDA:131,12,1,2
BRDA:148,13,0,3
BRDA:148,13,1,1
BRDA:150,14,0,3
BRDA:150,14,1,0
BRDA:161,15,0,3
BRDA:161,15,1,1
BRDA:162,16,0,3
BRDA:162,16,1,0
BRDA:163,17,0,3
BRDA:163,17,1,0
BRDA:164,18,0,3
BRDA:164,18,1,0
BRDA:165,19,0,3
BRDA:165,19,1,0
BRDA:166,20,0,3
BRDA:166,20,1,0
BRDA:167,21,0,3
BRDA:167,21,1,0
BRDA:168,22,0,3
BRDA:168,22,1,0
BRDA:169,23,0,3
BRDA:169,23,1,0
BRDA:170,24,0,3
BRDA:170,24,1,0
BRDA:187,25,0,0
BRDA:187,25,1,1
BRDA:198,26,0,0
BRDA:198,26,1,1
BRDA:218,27,0,15
BRDA:218,27,1,0
BRDA:218,28,0,15
BRDA:218,28,1,15
BRDA:238,29,0,3
BRDA:238,29,1,0
BRDA:238,30,0,3
BRDA:238,30,1,3
BRDA:241,31,0,0
BRDA:241,31,1,20
BRDA:242,32,0,20
BRDA:242,32,1,0
BRDA:249,33,0,3
BRDA:249,33,1,0
BRDA:249,34,0,3
BRDA:249,34,1,3
BRDA:252,35,0,0
BRDA:252,35,1,17
BRDA:253,36,0,17
BRDA:253,36,1,0
BRDA:260,37,0,3
BRDA:260,37,1,0
BRDA:260,38,0,3
BRDA:260,38,1,3
BRDA:263,39,0,0
BRDA:263,39,1,11
BRDA:264,40,0,11
BRDA:264,40,1,0
BRDA:289,41,0,24
BRDA:289,41,1,1
BRDA:289,42,0,25
BRDA:289,42,1,25
BRDA:295,43,0,13
BRDA:295,43,1,12
BRDA:297,44,0,13
BRDA:297,44,1,0
BRDA:299,45,0,13
BRDA:299,45,1,1
BRDA:304,46,0,13
BRDA:304,46,1,0
BRDA:306,47,0,13
BRDA:306,47,1,3
BRDA:311,48,0,13
BRDA:311,48,1,0
BRDA:313,49,0,13
BRDA:313,49,1,5
BRDA:318,50,0,4
BRDA:318,50,1,9
BRDA:318,51,0,13
BRDA:318,51,1,4
BRDA:342,52,0,15
BRDA:342,52,1,8
BRDA:351,53,0,15
BRDA:351,53,1,0
BRDA:354,54,0,15
BRDA:354,54,1,0
BRDA:357,55,0,15
BRDA:357,55,1,0
BRDA:358,56,0,18
BRDA:358,56,1,0
BRDA:358,57,0,18
BRDA:358,57,1,9
BRDA:358,58,0,18
BRDA:358,58,1,0
BRDA:362,59,0,15
BRDA:362,59,1,0
BRDA:385,60,0,1
BRDA:385,60,1,0
BRDA:388,61,0,1
BRDA:388,61,1,1
BRDA:391,62,0,1
BRDA:391,62,1,1
BRDA:394,63,0,1
BRDA:394,63,1,0
BRDA:397,64,0,1
BRDA:397,64,1,0
BRDA:400,65,0,1
BRDA:400,65,1,0
BRDA:403,66,0,1
BRDA:403,66,1,1
BRDA:406,67,0,1
BRDA:406,67,1,0
BRDA:409,68,0,1
BRDA:409,68,1,0
BRDA:412,69,0,1
BRDA:412,69,1,0
BRDA:413,70,0,1
BRDA:413,70,1,1
BRDA:413,71,0,2
BRDA:413,71,1,2
BRDA:413,72,0,0
BRDA:413,72,1,2
BRDA:417,73,0,1
BRDA:417,73,1,0
BRDA:418,74,0,0
BRDA:418,74,1,1
BRDA:418,75,0,1
BRDA:418,75,1,1
BRDA:418,76,0,0
BRDA:418,76,1,1
BRDA:422,77,0,1
BRDA:422,77,1,0
BRDA:423,78,0,0
BRDA:423,78,1,1
BRDA:423,79,0,1
BRDA:423,79,1,1
BRDA:423,80,0,0
BRDA:423,80,1,1
BRDA:437,81,0,0
BRDA:437,81,1,2
BRDA:443,82,0,0
BRDA:443,82,1,2
BRDA:452,83,0,1
BRDA:452,83,1,1
BRDA:459,84,0,1
BRDA:459,84,1,0
BRDA:461,85,0,1
BRDA:461,85,1,0
BRDA:461,86,0,1
BRDA:461,86,1,1
BRDA:463,87,0,0
BRDA:463,87,1,0
BRDA:465,88,0,0
BRDA:465,88,1,0
BRDA:471,89,0,1
BRDA:471,89,1,0
BRDA:472,90,0,1
BRDA:472,90,1,0
BRDA:473,91,0,0
BRDA:473,91,1,1
BRDA:486,92,0,1
BRDA:486,92,1,0
BRDA:488,93,0,1
BRDA:488,93,1,0
BRDA:489,94,0,1
BRDA:489,94,1,0
BRDA:489,95,0,1
BRDA:489,95,1,0
BRDA:490,96,0,1
BRDA:490,96,1,0
BRDA:491,97,0,1
BRDA:491,97,1,0
BRDA:491,98,0,1
BRDA:491,98,1,0
BRDA:492,99,0,1
BRDA:492,99,1,0
BRDA:493,100,0,1
BRDA:493,100,1,0
BRDA:493,101,0,1
BRDA:493,101,1,0
BRDA:496,102,0,1
BRDA:496,102,1,0
BRDA:499,103,0,0
BRDA:499,103,1,0
BRDA:502,104,0,0
BRDA:502,104,1,0
BRDA:514,105,0,0
BRDA:514,105,1,1
BRDA:530,106,0,0
BRDA:531,107,0,0
BRDA:531,107,1,0
BRF:217
BRH:131
end_of_record
TN:
SF:lib/dashboard/handoff-validator.js
FN:7,(anonymous_0)
FN:26,(anonymous_1)
FN:35,(anonymous_2)
FN:82,(anonymous_3)
FN:90,(anonymous_4)
FN:98,(anonymous_5)
FN:106,(anonymous_6)
FN:127,(anonymous_7)
FN:156,(anonymous_8)
FNF:9
FNH:4
FNDA:3,(anonymous_0)
FNDA:3,(anonymous_1)
FNDA:21,(anonymous_2)
FNDA:3,(anonymous_3)
FNDA:0,(anonymous_4)
FNDA:0,(anonymous_5)
FNDA:0,(anonymous_6)
FNDA:0,(anonymous_7)
FNDA:0,(anonymous_8)
DA:8,3
DA:18,3
DA:27,3
DA:35,3
DA:36,21
DA:37,0
DA:38,0
DA:40,21
DA:45,3
DA:46,3
DA:47,3
DA:48,0
DA:53,3
DA:54,3
DA:55,0
DA:56,0
DA:58,3
DA:59,3
DA:60,0
DA:66,3
DA:67,3
DA:68,0
DA:69,0
DA:74,3
DA:76,3
DA:84,3
DA:91,0
DA:93,0
DA:94,0
DA:96,0
DA:97,0
DA:98,0
DA:99,0
DA:101,0
DA:104,0
DA:105,0
DA:106,0
DA:107,0
DA:109,0
DA:112,0
DA:113,0
DA:114,0
DA:116,0
DA:117,0
DA:118,0
DA:121,0
DA:128,0
DA:131,0
DA:132,0
DA:133,0
DA:137,0
DA:138,0
DA:139,0
DA:146,0
DA:147,0
DA:148,0
DA:153,0
DA:154,0
DA:156,0
DA:157,0
DA:158,0
DA:159,0
DA:160,0
DA:161,0
DA:162,0
DA:163,0
DA:164,0
DA:171,0
DA:172,0
DA:175,0
DA:176,0
DA:179,0
DA:180,0
DA:183,0
DA:184,0
DA:186,0
DA:190,1
LF:77
LH:19
BRDA:36,0,0,0
BRDA:36,0,1,21
BRDA:45,1,0,3
BRDA:45,1,1,0
BRDA:47,2,0,0
BRDA:47,2,1,3
BRDA:53,3,0,3
BRDA:53,3,1,0
BRDA:54,4,0,0
BRDA:54,4,1,3
BRDA:54,5,0,3
BRDA:54,5,1,3
BRDA:59,6,0,0
BRDA:59,6,1,3
BRDA:66,7,0,3
BRDA:66,7,1,0
BRDA:67,8,0,0
BRDA:67,8,1,3
BRDA:67,9,0,3
BRDA:67,9,1,3
BRDA:93,10,0,0
BRDA:93,10,1,0
BRDA:96,11,0,0
BRDA:96,11,1,0
BRDA:104,12,0,0
BRDA:104,12,1,0
BRDA:112,13,0,0
BRDA:112,13,1,0
BRDA:132,14,0,0
BRDA:132,14,1,0
BRDA:138,15,0,0
BRDA:138,15,1,0
BRDA:147,16,0,0
BRDA:147,16,1,0
BRDA:157,17,0,0
BRDA:157,17,1,0
BRDA:159,18,0,0
BRDA:159,18,1,0
BRDA:161,19,0,0
BRDA:161,19,1,0
BRDA:161,20,0,0
BRDA:161,20,1,0
BRDA:163,21,0,0
BRDA:163,21,1,0
BRF:44
BRH:12
end_of_record
TN:
SF:lib/dashboard/server.js
FN:72,loadState
FN:91,(anonymous_1)
FN:144,loadDocuments
FN:163,parseDocument
FN:205,calculateProgress
FN:216,(anonymous_5)
FN:222,(anonymous_6)
FN:223,(anonymous_7)
FN:224,(anonymous_8)
FN:229,calculateLEOProtocolProgress
FN:263,(anonymous_10)
FN:264,(anonymous_11)
FN:272,(anonymous_12)
FN:288,(anonymous_13)
FN:290,(anonymous_14)
FN:391,(anonymous_15)
FN:392,(anonymous_16)
FN:395,(anonymous_17)
FN:428,(anonymous_18)
FN:435,(anonymous_19)
FN:445,(anonymous_20)
FN:450,(anonymous_21)
FN:451,(anonymous_22)
FN:457,(anonymous_23)
FN:465,(anonymous_24)
FN:529,(anonymous_25)
FN:543,validateSDCompletion
FN:564,(anonymous_27)
FN:567,(anonymous_28)
FN:577,(anonymous_29)
FN:612,(anonymous_30)
FN:624,generateProgressAudit
FN:670,(anonymous_32)
FN:700,(anonymous_33)
FN:710,(anonymous_34)
FN:720,(anonymous_35)
FN:766,(anonymous_36)
FN:771,(anonymous_37)
FN:778,(anonymous_38)
FN:796,getRemainingTasks
FN:817,(anonymous_40)
FN:818,(anonymous_41)
FN:830,(anonymous_42)
FN:831,(anonymous_43)
FN:853,checkImplementationComplete
FN:878,(anonymous_45)
FN:959,(anonymous_46)
FN:967,(anonymous_47)
FN:973,calculatePhaseProgress
FN:975,(anonymous_49)
FN:980,(anonymous_50)
FN:989,(anonymous_51)
FN:998,(anonymous_52)
FN:1004,handleWebSocketMessage
FN:1034,broadcastState
FN:1040,(anonymous_55)
FN:1048,setActiveStrategicDirective
FN:1054,updateChecklist
FN:1058,(anonymous_58)
FN:1059,(anonymous_59)
FN:1109,updateDocumentFile
FN:1114,(anonymous_61)
FN:1133,escapeRegex
FN:1138,processHandoff
FN:1144,(anonymous_64)
FN:1160,(anonymous_65)
FN:1172,(anonymous_66)
FN:1214,updateLeoStatus
FN:1234,(anonymous_68)
FN:1257,compactContext
FN:1266,(anonymous_70)
FN:1275,(anonymous_71)
FN:1280,(anonymous_72)
FN:1284,(anonymous_73)
FN:1285,(anonymous_74)
FN:1294,(anonymous_75)
FN:1318,(anonymous_76)
FN:1323,(anonymous_77)
FN:1347,(anonymous_78)
FN:1348,(anonymous_79)
FN:1351,(anonymous_80)
FN:1352,(anonymous_81)
FN:1356,(anonymous_82)
FN:1357,(anonymous_83)
FN:1358,(anonymous_84)
FN:1359,(anonymous_85)
FN:1360,(anonymous_86)
FN:1363,(anonymous_87)
FN:1364,(anonymous_88)
FN:1365,(anonymous_89)
FN:1366,(anonymous_90)
FN:1367,(anonymous_91)
FN:1375,(anonymous_92)
FN:1379,(anonymous_93)
FN:1380,(anonymous_94)
FN:1389,(anonymous_95)
FN:1393,(anonymous_96)
FN:1400,(anonymous_97)
FN:1404,(anonymous_98)
FN:1411,(anonymous_99)
FN:1416,(anonymous_100)
FN:1421,(anonymous_101)
FN:1424,(anonymous_102)
FN:1441,(anonymous_103)
FN:1448,(anonymous_104)
FN:1477,(anonymous_105)
FN:1547,getApplicationContext
FN:1579,(anonymous_107)
FN:1615,(anonymous_108)
FN:1645,(anonymous_109)
FN:1654,(anonymous_110)
FN:1656,(anonymous_111)
FN:1661,(anonymous_112)
FN:1663,(anonymous_113)
FN:1683,(anonymous_114)
FN:1714,(anonymous_115)
FN:1716,(anonymous_116)
FN:1725,(anonymous_117)
FN:1726,(anonymous_118)
FN:1768,(anonymous_119)
FN:1790,(anonymous_120)
FN:1806,(anonymous_121)
FN:1856,(anonymous_122)
FN:1892,performFallbackAnalysis
FN:2055,(anonymous_124)
FN:2075,(anonymous_125)
FN:2076,(anonymous_126)
FN:2078,(anonymous_127)
FN:2080,(anonymous_128)
FN:2135,generateBasicRefinedPrompt
FN:2165,(anonymous_130)
FN:2182,(anonymous_131)
FN:2187,setupFileWatching
FN:2197,(anonymous_133)
FN:2204,(anonymous_134)
FN:2213,startServer
FN:2218,(anonymous_136)
FN:2232,(anonymous_137)
FN:2234,(anonymous_138)
FNF:139
FNH:0
FNDA:0,loadState
FNDA:0,(anonymous_1)
FNDA:0,loadDocuments
FNDA:0,parseDocument
FNDA:0,calculateProgress
FNDA:0,(anonymous_5)
FNDA:0,(anonymous_6)
FNDA:0,(anonymous_7)
FNDA:0,(anonymous_8)
FNDA:0,calculateLEOProtocolProgress
FNDA:0,(anonymous_10)
FNDA:0,(anonymous_11)
FNDA:0,(anonymous_12)
FNDA:0,(anonymous_13)
FNDA:0,(anonymous_14)
FNDA:0,(anonymous_15)
FNDA:0,(anonymous_16)
FNDA:0,(anonymous_17)
FNDA:0,(anonymous_18)
FNDA:0,(anonymous_19)
FNDA:0,(anonymous_20)
FNDA:0,(anonymous_21)
FNDA:0,(anonymous_22)
FNDA:0,(anonymous_23)
FNDA:0,(anonymous_24)
FNDA:0,(anonymous_25)
FNDA:0,validateSDCompletion
FNDA:0,(anonymous_27)
FNDA:0,(anonymous_28)
FNDA:0,(anonymous_29)
FNDA:0,(anonymous_30)
FNDA:0,generateProgressAudit
FNDA:0,(anonymous_32)
FNDA:0,(anonymous_33)
FNDA:0,(anonymous_34)
FNDA:0,(anonymous_35)
FNDA:0,(anonymous_36)
FNDA:0,(anonymous_37)
FNDA:0,(anonymous_38)
FNDA:0,getRemainingTasks
FNDA:0,(anonymous_40)
FNDA:0,(anonymous_41)
FNDA:0,(anonymous_42)
FNDA:0,(anonymous_43)
FNDA:0,checkImplementationComplete
FNDA:0,(anonymous_45)
FNDA:0,(anonymous_46)
FNDA:0,(anonymous_47)
FNDA:0,calculatePhaseProgress
FNDA:0,(anonymous_49)
FNDA:0,(anonymous_50)
FNDA:0,(anonymous_51)
FNDA:0,(anonymous_52)
FNDA:0,handleWebSocketMessage
FNDA:0,broadcastState
FNDA:0,(anonymous_55)
FNDA:0,setActiveStrategicDirective
FNDA:0,updateChecklist
FNDA:0,(anonymous_58)
FNDA:0,(anonymous_59)
FNDA:0,updateDocumentFile
FNDA:0,(anonymous_61)
FNDA:0,escapeRegex
FNDA:0,processHandoff
FNDA:0,(anonymous_64)
FNDA:0,(anonymous_65)
FNDA:0,(anonymous_66)
FNDA:0,updateLeoStatus
FNDA:0,(anonymous_68)
FNDA:0,compactContext
FNDA:0,(anonymous_70)
FNDA:0,(anonymous_71)
FNDA:0,(anonymous_72)
FNDA:0,(anonymous_73)
FNDA:0,(anonymous_74)
FNDA:0,(anonymous_75)
FNDA:0,(anonymous_76)
FNDA:0,(anonymous_77)
FNDA:0,(anonymous_78)
FNDA:0,(anonymous_79)
FNDA:0,(anonymous_80)
FNDA:0,(anonymous_81)
FNDA:0,(anonymous_82)
FNDA:0,(anonymous_83)
FNDA:0,(anonymous_84)
FNDA:0,(anonymous_85)
FNDA:0,(anonymous_86)
FNDA:0,(anonymous_87)
FNDA:0,(anonymous_88)
FNDA:0,(anonymous_89)
FNDA:0,(anonymous_90)
FNDA:0,(anonymous_91)
FNDA:0,(anonymous_92)
FNDA:0,(anonymous_93)
FNDA:0,(anonymous_94)
FNDA:0,(anonymous_95)
FNDA:0,(anonymous_96)
FNDA:0,(anonymous_97)
FNDA:0,(anonymous_98)
FNDA:0,(anonymous_99)
FNDA:0,(anonymous_100)
FNDA:0,(anonymous_101)
FNDA:0,(anonymous_102)
FNDA:0,(anonymous_103)
FNDA:0,(anonymous_104)
FNDA:0,(anonymous_105)
FNDA:0,getApplicationContext
FNDA:0,(anonymous_107)
FNDA:0,(anonymous_108)
FNDA:0,(anonymous_109)
FNDA:0,(anonymous_110)
FNDA:0,(anonymous_111)
FNDA:0,(anonymous_112)
FNDA:0,(anonymous_113)
FNDA:0,(anonymous_114)
FNDA:0,(anonymous_115)
FNDA:0,(anonymous_116)
FNDA:0,(anonymous_117)
FNDA:0,(anonymous_118)
FNDA:0,(anonymous_119)
FNDA:0,(anonymous_120)
FNDA:0,(anonymous_121)
FNDA:0,(anonymous_122)
FNDA:0,performFallbackAnalysis
FNDA:0,(anonymous_124)
FNDA:0,(anonymous_125)
FNDA:0,(anonymous_126)
FNDA:0,(anonymous_127)
FNDA:0,(anonymous_128)
FNDA:0,generateBasicRefinedPrompt
FNDA:0,(anonymous_130)
FNDA:0,(anonymous_131)
FNDA:0,setupFileWatching
FNDA:0,(anonymous_133)
FNDA:0,(anonymous_134)
FNDA:0,startServer
FNDA:0,(anonymous_136)
FNDA:0,(anonymous_137)
FNDA:0,(anonymous_138)
DA:8,0
DA:9,0
DA:10,0
DA:11,0
DA:12,0
DA:13,0
DA:14,0
DA:15,0
DA:16,0
DA:17,0
DA:20,0
DA:21,0
DA:22,0
DA:25,0
DA:28,0
DA:29,0
DA:32,0
DA:33,0
DA:34,0
DA:37,0
DA:39,0
DA:43,0
DA:44,0
DA:45,0
DA:48,0
DA:73,0
DA:75,0
DA:76,0
DA:77,0
DA:78,0
DA:85,0
DA:86,0
DA:87,0
DA:89,0
DA:90,0
DA:91,0
DA:92,0
DA:98,0
DA:103,0
DA:104,0
DA:105,0
DA:106,0
DA:110,0
DA:111,0
DA:114,0
DA:117,0
DA:120,0
DA:122,0
DA:124,0
DA:127,0
DA:128,0
DA:129,0
DA:132,0
DA:133,0
DA:134,0
DA:139,0
DA:145,0
DA:146,0
DA:147,0
DA:148,0
DA:149,0
DA:150,0
DA:151,0
DA:152,0
DA:153,0
DA:157,0
DA:159,0
DA:164,0
DA:165,0
DA:177,0
DA:178,0
DA:179,0
DA:183,0
DA:185,0
DA:186,0
DA:190,0
DA:191,0
DA:192,0
DA:199,0
DA:201,0
DA:206,0
DA:211,0
DA:212,0
DA:213,0
DA:216,0
DA:217,0
DA:220,0
DA:222,0
DA:223,0
DA:224,0
DA:233,0
DA:240,0
DA:241,0
DA:242,0
DA:243,0
DA:250,0
DA:253,0
DA:256,0
DA:257,0
DA:260,0
DA:261,0
DA:262,0
DA:263,0
DA:264,0
DA:265,0
DA:268,0
DA:269,0
DA:272,0
DA:277,0
DA:278,0
DA:281,0
DA:284,0
DA:285,0
DA:286,0
DA:287,0
DA:288,0
DA:290,0
DA:291,0
DA:294,0
DA:295,0
DA:297,0
DA:301,0
DA:303,0
DA:305,0
DA:306,0
DA:307,0
DA:309,0
DA:311,0
DA:312,0
DA:314,0
DA:320,0
DA:324,0
DA:325,0
DA:326,0
DA:327,0
DA:330,0
DA:331,0
DA:332,0
DA:335,0
DA:337,0
DA:371,0
DA:373,0
DA:374,0
DA:376,0
DA:379,0
DA:380,0
DA:383,0
DA:384,0
DA:385,0
DA:388,0
DA:389,0
DA:391,0
DA:392,0
DA:395,0
DA:396,0
DA:397,0
DA:428,0
DA:429,0
DA:435,0
DA:436,0
DA:437,0
DA:439,0
DA:440,0
DA:441,0
DA:442,0
DA:445,0
DA:446,0
DA:447,0
DA:450,0
DA:451,0
DA:453,0
DA:454,0
DA:457,0
DA:461,0
DA:462,0
DA:465,0
DA:470,0
DA:471,0
DA:474,0
DA:475,0
DA:478,0
DA:479,0
DA:481,0
DA:486,0
DA:490,0
DA:495,0
DA:498,0
DA:499,0
DA:500,0
DA:501,0
DA:502,0
DA:503,0
DA:504,0
DA:505,0
DA:506,0
DA:508,0
DA:509,0
DA:513,0
DA:514,0
DA:515,0
DA:516,0
DA:517,0
DA:521,0
DA:526,0
DA:527,0
DA:528,0
DA:529,0
DA:530,0
DA:531,0
DA:532,0
DA:533,0
DA:535,0
DA:539,0
DA:544,0
DA:553,0
DA:554,0
DA:555,0
DA:556,0
DA:558,0
DA:559,0
DA:563,0
DA:564,0
DA:565,0
DA:567,0
DA:568,0
DA:569,0
DA:570,0
DA:574,0
DA:575,0
DA:576,0
DA:577,0
DA:578,0
DA:579,0
DA:580,0
DA:584,0
DA:585,0
DA:586,0
DA:587,0
DA:588,0
DA:589,0
DA:591,0
DA:592,0
DA:597,0
DA:598,0
DA:599,0
DA:600,0
DA:601,0
DA:602,0
DA:603,0
DA:604,0
DA:606,0
DA:607,0
DA:612,0
DA:613,0
DA:615,0
DA:625,0
DA:669,0
DA:670,0
DA:678,0
DA:679,0
DA:681,0
DA:682,0
DA:683,0
DA:684,0
DA:686,0
DA:688,0
DA:690,0
DA:692,0
DA:693,0
DA:696,0
DA:697,0
DA:700,0
DA:701,0
DA:710,0
DA:711,0
DA:720,0
DA:722,0
DA:723,0
DA:730,0
DA:741,0
DA:744,0
DA:748,0
DA:749,0
DA:753,0
DA:754,0
DA:755,0
DA:757,0
DA:765,0
DA:766,0
DA:767,0
DA:770,0
DA:771,0
DA:772,0
DA:773,0
DA:777,0
DA:778,0
DA:779,0
DA:780,0
DA:784,0
DA:785,0
DA:788,0
DA:789,0
DA:792,0
DA:797,0
DA:799,0
DA:800,0
DA:806,0
DA:807,0
DA:813,0
DA:814,0
DA:816,0
DA:817,0
DA:818,0
DA:820,0
DA:821,0
DA:827,0
DA:829,0
DA:830,0
DA:831,0
DA:833,0
DA:834,0
DA:841,0
DA:849,0
DA:855,0
DA:863,0
DA:871,0
DA:872,0
DA:873,0
DA:874,0
DA:875,0
DA:876,0
DA:877,0
DA:878,0
DA:879,0
DA:880,0
DA:881,0
DA:882,0
DA:892,0
DA:898,0
DA:899,0
DA:900,0
DA:901,0
DA:902,0
DA:903,0
DA:905,0
DA:906,0
DA:907,0
DA:908,0
DA:910,0
DA:919,0
DA:926,0
DA:927,0
DA:928,0
DA:929,0
DA:930,0
DA:934,0
DA:935,0
DA:936,0
DA:940,0
DA:948,0
DA:949,0
DA:950,0
DA:951,0
DA:952,0
DA:953,0
DA:958,0
DA:959,0
DA:960,0
DA:962,0
DA:968,0
DA:974,0
DA:975,0
DA:976,0
DA:980,0
DA:981,0
DA:984,0
DA:989,0
DA:990,0
DA:991,0
DA:992,0
DA:994,0
DA:998,0
DA:999,0
DA:1005,0
DA:1007,0
DA:1008,0
DA:1009,0
DA:1011,0
DA:1012,0
DA:1013,0
DA:1015,0
DA:1016,0
DA:1017,0
DA:1019,0
DA:1020,0
DA:1021,0
DA:1025,0
DA:1027,0
DA:1028,0
DA:1029,0
DA:1035,0
DA:1040,0
DA:1041,0
DA:1042,0
DA:1049,0
DA:1050,0
DA:1055,0
DA:1058,0
DA:1059,0
DA:1061,0
DA:1063,0
DA:1066,0
DA:1067,0
DA:1070,0
DA:1071,0
DA:1072,0
DA:1073,0
DA:1074,0
DA:1075,0
DA:1076,0
DA:1081,0
DA:1082,0
DA:1090,0
DA:1091,0
DA:1093,0
DA:1098,0
DA:1101,0
DA:1104,0
DA:1110,0
DA:1111,0
DA:1114,0
DA:1115,0
DA:1116,0
DA:1117,0
DA:1121,0
DA:1122,0
DA:1125,0
DA:1126,0
DA:1129,0
DA:1134,0
DA:1139,0
DA:1142,0
DA:1143,0
DA:1144,0
DA:1147,0
DA:1149,0
DA:1150,0
DA:1157,0
DA:1158,0
DA:1159,0
DA:1160,0
DA:1163,0
DA:1172,0
DA:1173,0
DA:1175,0
DA:1177,0
DA:1186,0
DA:1188,0
DA:1189,0
DA:1191,0
DA:1201,0
DA:1203,0
DA:1206,0
DA:1215,0
DA:1219,0
DA:1221,0
DA:1224,0
DA:1225,0
DA:1226,0
DA:1227,0
DA:1229,0
DA:1232,0
DA:1233,0
DA:1234,0
DA:1237,0
DA:1239,0
DA:1244,0
DA:1246,0
DA:1252,0
DA:1253,0
DA:1260,0
DA:1266,0
DA:1267,0
DA:1275,0
DA:1276,0
DA:1280,0
DA:1281,0
DA:1284,0
DA:1285,0
DA:1286,0
DA:1287,0
DA:1291,0
DA:1294,0
DA:1295,0
DA:1300,0
DA:1301,0
DA:1317,0
DA:1318,0
DA:1319,0
DA:1322,0
DA:1323,0
DA:1342,0
DA:1345,0
DA:1347,0
DA:1348,0
DA:1351,0
DA:1352,0
DA:1356,0
DA:1357,0
DA:1358,0
DA:1359,0
DA:1360,0
DA:1363,0
DA:1364,0
DA:1365,0
DA:1366,0
DA:1367,0
DA:1371,0
DA:1375,0
DA:1376,0
DA:1379,0
DA:1380,0
DA:1381,0
DA:1382,0
DA:1384,0
DA:1389,0
DA:1390,0
DA:1393,0
DA:1394,0
DA:1395,0
DA:1396,0
DA:1400,0
DA:1401,0
DA:1404,0
DA:1405,0
DA:1406,0
DA:1407,0
DA:1411,0
DA:1412,0
DA:1416,0
DA:1417,0
DA:1419,0
DA:1420,0
DA:1421,0
DA:1422,0
DA:1423,0
DA:1424,0
DA:1428,0
DA:1429,0
DA:1433,0
DA:1436,0
DA:1437,0
DA:1441,0
DA:1442,0
DA:1443,0
DA:1444,0
DA:1448,0
DA:1449,0
DA:1450,0
DA:1472,0
DA:1474,0
DA:1475,0
DA:1476,0
DA:1477,0
DA:1478,0
DA:1481,0
DA:1482,0
DA:1483,0
DA:1484,0
DA:1485,0
DA:1490,0
DA:1494,0
DA:1500,0
DA:1501,0
DA:1502,0
DA:1503,0
DA:1504,0
DA:1505,0
DA:1519,0
DA:1520,0
DA:1521,0
DA:1522,0
DA:1523,0
DA:1524,0
DA:1529,0
DA:1530,0
DA:1534,0
DA:1536,0
DA:1540,0
DA:1543,0
DA:1548,0
DA:1549,0
DA:1564,0
DA:1565,0
DA:1577,0
DA:1578,0
DA:1579,0
DA:1580,0
DA:1585,0
DA:1586,0
DA:1587,0
DA:1588,0
DA:1589,0
DA:1590,0
DA:1593,0
DA:1612,0
DA:1613,0
DA:1614,0
DA:1615,0
DA:1616,0
DA:1623,0
DA:1641,0
DA:1642,0
DA:1643,0
DA:1644,0
DA:1645,0
DA:1646,0
DA:1652,0
DA:1654,0
DA:1655,0
DA:1656,0
DA:1657,0
DA:1658,0
DA:1661,0
DA:1663,0
DA:1664,0
DA:1665,0
DA:1678,0
DA:1680,0
DA:1683,0
DA:1685,0
DA:1686,0
DA:1690,0
DA:1691,0
DA:1695,0
DA:1697,0
DA:1701,0
DA:1703,0
DA:1710,0
DA:1711,0
DA:1714,0
DA:1716,0
DA:1717,0
DA:1718,0
DA:1719,0
DA:1721,0
DA:1725,0
DA:1726,0
DA:1727,0
DA:1728,0
DA:1737,0
DA:1738,0
DA:1741,0
DA:1742,0
DA:1745,0
DA:1746,0
DA:1750,0
DA:1751,0
DA:1752,0
DA:1756,0
DA:1757,0
DA:1760,0
DA:1761,0
DA:1764,0
DA:1768,0
DA:1769,0
DA:1770,0
DA:1772,0
DA:1773,0
DA:1776,0
DA:1777,0
DA:1779,0
DA:1790,0
DA:1806,0
DA:1841,0
DA:1852,0
DA:1855,0
DA:1856,0
DA:1858,0
DA:1863,0
DA:1864,0
DA:1868,0
DA:1869,0
DA:1871,0
DA:1875,0
DA:1879,0
DA:1880,0
DA:1883,0
DA:1886,0
DA:1887,0
DA:1893,0
DA:1894,0
DA:1909,0
DA:1910,0
DA:1912,0
DA:1913,0
DA:1917,0
DA:1920,0
DA:1921,0
DA:1922,0
DA:1964,0
DA:1965,0
DA:1966,0
DA:2008,0
DA:2009,0
DA:2043,0
DA:2044,0
DA:2046,0
DA:2047,0
DA:2050,0
DA:2051,0
DA:2055,0
DA:2056,0
DA:2057,0
DA:2059,0
DA:2060,0
DA:2063,0
DA:2064,0
DA:2065,0
DA:2076,0
DA:2078,0
DA:2080,0
DA:2103,0
DA:2112,0
DA:2122,0
DA:2123,0
DA:2127,0
DA:2130,0
DA:2131,0
DA:2136,0
DA:2165,0
DA:2166,0
DA:2169,0
DA:2170,0
DA:2172,0
DA:2182,0
DA:2183,0
DA:2188,0
DA:2197,0
DA:2198,0
DA:2199,0
DA:2200,0
DA:2201,0
DA:2204,0
DA:2205,0
DA:2206,0
DA:2207,0
DA:2208,0
DA:2214,0
DA:2215,0
DA:2216,0
DA:2218,0
DA:2219,0
DA:2232,0
DA:2233,0
DA:2234,0
DA:2235,0
DA:2236,0
DA:2241,0
LF:759
LH:0
BRDA:28,0,0,0
BRDA:28,0,1,0
BRDA:33,1,0,0
BRDA:33,1,1,0
BRDA:76,2,0,0
BRDA:76,2,1,0
BRDA:86,3,0,0
BRDA:86,3,1,0
BRDA:89,4,0,0
BRDA:89,4,1,0
BRDA:91,5,0,0
BRDA:91,5,1,0
BRDA:104,6,0,0
BRDA:104,6,1,0
BRDA:106,7,0,0
BRDA:106,7,1,0
BRDA:110,8,0,0
BRDA:110,8,1,0
BRDA:128,9,0,0
BRDA:128,9,1,0
BRDA:133,10,0,0
BRDA:133,10,1,0
BRDA:149,11,0,0
BRDA:149,11,1,0
BRDA:178,12,0,0
BRDA:178,12,1,0
BRDA:211,13,0,0
BRDA:211,13,1,0
BRDA:253,14,0,0
BRDA:253,14,1,0
BRDA:256,15,0,0
BRDA:256,15,1,0
BRDA:257,16,0,0
BRDA:257,16,1,0
BRDA:257,16,2,0
BRDA:260,17,0,0
BRDA:260,17,1,0
BRDA:261,18,0,0
BRDA:261,18,1,0
BRDA:262,19,0,0
BRDA:262,19,1,0
BRDA:268,20,0,0
BRDA:268,20,1,0
BRDA:284,21,0,0
BRDA:284,21,1,0
BRDA:291,22,0,0
BRDA:291,22,1,0
BRDA:294,23,0,0
BRDA:294,23,1,0
BRDA:305,24,0,0
BRDA:305,24,1,0
BRDA:324,25,0,0
BRDA:324,25,1,0
BRDA:327,26,0,0
BRDA:327,26,1,0
BRDA:335,27,0,0
BRDA:335,27,1,0
BRDA:335,28,0,0
BRDA:335,28,1,0
BRDA:376,29,0,0
BRDA:376,29,1,0
BRDA:380,30,0,0
BRDA:380,30,1,0
BRDA:398,31,0,0
BRDA:398,31,1,0
BRDA:398,31,2,0
BRDA:398,31,3,0
BRDA:398,31,4,0
BRDA:398,31,5,0
BRDA:398,31,6,0
BRDA:398,31,7,0
BRDA:398,31,8,0
BRDA:398,31,9,0
BRDA:398,31,10,0
BRDA:398,31,11,0
BRDA:398,31,12,0
BRDA:398,31,13,0
BRDA:398,31,14,0
BRDA:398,31,15,0
BRDA:398,31,16,0
BRDA:398,31,17,0
BRDA:398,31,18,0
BRDA:398,31,19,0
BRDA:398,31,20,0
BRDA:398,31,21,0
BRDA:398,31,22,0
BRDA:398,31,23,0
BRDA:398,31,24,0
BRDA:398,31,25,0
BRDA:398,31,26,0
BRDA:437,32,0,0
BRDA:437,32,1,0
BRDA:447,33,0,0
BRDA:447,33,1,0
BRDA:453,34,0,0
BRDA:453,34,1,0
BRDA:461,35,0,0
BRDA:461,35,1,0
BRDA:479,36,0,0
BRDA:479,36,1,0
BRDA:481,37,0,0
BRDA:481,37,1,0
BRDA:481,37,2,0
BRDA:481,37,3,0
BRDA:493,38,0,0
BRDA:493,38,1,0
BRDA:495,39,0,0
BRDA:495,39,1,0
BRDA:498,40,0,0
BRDA:498,40,1,0
BRDA:501,41,0,0
BRDA:501,41,1,0
BRDA:504,42,0,0
BRDA:504,42,1,0
BRDA:526,43,0,0
BRDA:526,43,1,0
BRDA:526,44,0,0
BRDA:526,44,1,0
BRDA:527,45,0,0
BRDA:527,45,1,0
BRDA:528,46,0,0
BRDA:528,46,1,0
BRDA:553,47,0,0
BRDA:553,47,1,0
BRDA:553,48,0,0
BRDA:553,48,1,0
BRDA:563,49,0,0
BRDA:563,49,1,0
BRDA:568,50,0,0
BRDA:568,50,1,0
BRDA:575,51,0,0
BRDA:575,51,1,0
BRDA:584,52,0,0
BRDA:584,52,1,0
BRDA:586,53,0,0
BRDA:586,53,1,0
BRDA:586,54,0,0
BRDA:586,54,1,0
BRDA:592,55,0,0
BRDA:592,55,1,0
BRDA:598,56,0,0
BRDA:598,56,1,0
BRDA:601,57,0,0
BRDA:601,57,1,0
BRDA:619,58,0,0
BRDA:619,58,1,0
BRDA:631,59,0,0
BRDA:631,59,1,0
BRDA:632,60,0,0
BRDA:632,60,1,0
BRDA:633,61,0,0
BRDA:633,61,1,0
BRDA:638,62,0,0
BRDA:638,62,1,0
BRDA:639,63,0,0
BRDA:639,63,1,0
BRDA:644,64,0,0
BRDA:644,64,1,0
BRDA:645,65,0,0
BRDA:645,65,1,0
BRDA:650,66,0,0
BRDA:650,66,1,0
BRDA:651,67,0,0
BRDA:651,67,1,0
BRDA:657,68,0,0
BRDA:657,68,1,0
BRDA:658,69,0,0
BRDA:658,69,1,0
BRDA:659,70,0,0
BRDA:659,70,1,0
BRDA:669,71,0,0
BRDA:669,71,1,0
BRDA:678,72,0,0
BRDA:678,72,1,0
BRDA:681,73,0,0
BRDA:681,73,1,0
BRDA:686,74,0,0
BRDA:686,74,1,0
BRDA:690,75,0,0
BRDA:690,75,1,0
BRDA:693,76,0,0
BRDA:693,76,1,0
BRDA:722,77,0,0
BRDA:722,77,1,0
BRDA:748,78,0,0
BRDA:748,78,1,0
BRDA:765,79,0,0
BRDA:765,79,1,0
BRDA:770,80,0,0
BRDA:770,80,1,0
BRDA:770,81,0,0
BRDA:770,81,1,0
BRDA:772,82,0,0
BRDA:772,82,1,0
BRDA:777,83,0,0
BRDA:777,83,1,0
BRDA:777,84,0,0
BRDA:777,84,1,0
BRDA:779,85,0,0
BRDA:779,85,1,0
BRDA:784,86,0,0
BRDA:784,86,1,0
BRDA:788,87,0,0
BRDA:788,87,1,0
BRDA:788,88,0,0
BRDA:788,88,1,0
BRDA:799,89,0,0
BRDA:799,89,1,0
BRDA:806,90,0,0
BRDA:806,90,1,0
BRDA:813,91,0,0
BRDA:813,91,1,0
BRDA:814,92,0,0
BRDA:814,92,1,0
BRDA:814,93,0,0
BRDA:814,93,1,0
BRDA:820,94,0,0
BRDA:820,94,1,0
BRDA:827,95,0,0
BRDA:827,95,1,0
BRDA:831,96,0,0
BRDA:831,96,1,0
BRDA:833,97,0,0
BRDA:833,97,1,0
BRDA:873,98,0,0
BRDA:873,98,1,0
BRDA:876,99,0,0
BRDA:876,99,1,0
BRDA:878,100,0,0
BRDA:878,100,1,0
BRDA:879,101,0,0
BRDA:879,101,1,0
BRDA:900,102,0,0
BRDA:900,102,1,0
BRDA:905,103,0,0
BRDA:905,103,1,0
BRDA:929,104,0,0
BRDA:929,104,1,0
BRDA:934,105,0,0
BRDA:934,105,1,0
BRDA:950,106,0,0
BRDA:950,106,1,0
BRDA:968,107,0,0
BRDA:968,107,1,0
BRDA:974,108,0,0
BRDA:974,108,1,0
BRDA:1005,109,0,0
BRDA:1005,109,1,0
BRDA:1005,109,2,0
BRDA:1005,109,3,0
BRDA:1005,109,4,0
BRDA:1041,110,0,0
BRDA:1041,110,1,0
BRDA:1058,111,0,0
BRDA:1058,111,1,0
BRDA:1061,112,0,0
BRDA:1061,112,1,0
BRDA:1061,113,0,0
BRDA:1061,113,1,0
BRDA:1066,114,0,0
BRDA:1066,114,1,0
BRDA:1070,115,0,0
BRDA:1070,115,1,0
BRDA:1070,116,0,0
BRDA:1070,116,1,0
BRDA:1071,117,0,0
BRDA:1071,117,1,0
BRDA:1073,118,0,0
BRDA:1073,118,1,0
BRDA:1075,119,0,0
BRDA:1075,119,1,0
BRDA:1081,120,0,0
BRDA:1081,120,1,0
BRDA:1081,121,0,0
BRDA:1081,121,1,0
BRDA:1090,122,0,0
BRDA:1090,122,1,0
BRDA:1116,123,0,0
BRDA:1116,123,1,0
BRDA:1121,124,0,0
BRDA:1121,124,1,0
BRDA:1142,125,0,0
BRDA:1142,125,1,0
BRDA:1142,126,0,0
BRDA:1142,126,1,0
BRDA:1147,127,0,0
BRDA:1147,127,1,0
BRDA:1149,128,0,0
BRDA:1149,128,1,0
BRDA:1157,129,0,0
BRDA:1157,129,1,0
BRDA:1175,130,0,0
BRDA:1175,130,1,0
BRDA:1189,131,0,0
BRDA:1189,131,1,0
BRDA:1221,132,0,0
BRDA:1221,132,1,0
BRDA:1227,133,0,0
BRDA:1227,133,1,0
BRDA:1232,134,0,0
BRDA:1232,134,1,0
BRDA:1237,135,0,0
BRDA:1237,135,1,0
BRDA:1237,136,0,0
BRDA:1237,136,1,0
BRDA:1239,137,0,0
BRDA:1239,137,1,0
BRDA:1286,138,0,0
BRDA:1286,138,1,0
BRDA:1295,139,0,0
BRDA:1295,139,1,0
BRDA:1295,139,2,0
BRDA:1300,140,0,0
BRDA:1300,140,1,0
BRDA:1317,141,0,0
BRDA:1317,141,1,0
BRDA:1322,142,0,0
BRDA:1322,142,1,0
BRDA:1342,143,0,0
BRDA:1342,143,1,0
BRDA:1348,144,0,0
BRDA:1348,144,1,0
BRDA:1350,145,0,0
BRDA:1350,145,1,0
BRDA:1351,146,0,0
BRDA:1351,146,1,0
BRDA:1353,147,0,0
BRDA:1353,147,1,0
BRDA:1355,148,0,0
BRDA:1355,148,1,0
BRDA:1356,149,0,0
BRDA:1356,149,1,0
BRDA:1358,150,0,0
BRDA:1358,150,1,0
BRDA:1359,151,0,0
BRDA:1359,151,1,0
BRDA:1362,152,0,0
BRDA:1362,152,1,0
BRDA:1363,153,0,0
BRDA:1363,153,1,0
BRDA:1365,154,0,0
BRDA:1365,154,1,0
BRDA:1366,155,0,0
BRDA:1366,155,1,0
BRDA:1381,156,0,0
BRDA:1381,156,1,0
BRDA:1396,157,0,0
BRDA:1396,157,1,0
BRDA:1420,158,0,0
BRDA:1420,158,1,0
BRDA:1422,159,0,0
BRDA:1422,159,1,0
BRDA:1428,160,0,0
BRDA:1428,160,1,0
BRDA:1483,161,0,0
BRDA:1483,161,1,0
BRDA:1485,162,0,0
BRDA:1485,162,1,0
BRDA:1501,163,0,0
BRDA:1501,163,1,0
BRDA:1504,164,0,0
BRDA:1504,164,1,0
BRDA:1506,165,0,0
BRDA:1506,165,1,0
BRDA:1507,166,0,0
BRDA:1507,166,1,0
BRDA:1508,167,0,0
BRDA:1508,167,1,0
BRDA:1509,168,0,0
BRDA:1509,168,1,0
BRDA:1520,169,0,0
BRDA:1520,169,1,0
BRDA:1522,170,0,0
BRDA:1522,170,1,0
BRDA:1522,171,0,0
BRDA:1522,171,1,0
BRDA:1534,172,0,0
BRDA:1534,172,1,0
BRDA:1547,173,0,0
BRDA:1579,174,0,0
BRDA:1579,174,1,0
BRDA:1586,175,0,0
BRDA:1586,175,1,0
BRDA:1588,176,0,0
BRDA:1588,176,1,0
BRDA:1589,177,0,0
BRDA:1589,177,1,0
BRDA:1590,178,0,0
BRDA:1590,178,1,0
BRDA:1613,179,0,0
BRDA:1613,179,1,0
BRDA:1613,180,0,0
BRDA:1613,180,1,0
BRDA:1615,181,0,0
BRDA:1615,181,1,0
BRDA:1643,182,0,0
BRDA:1643,182,1,0
BRDA:1645,183,0,0
BRDA:1645,183,1,0
BRDA:1655,184,0,0
BRDA:1655,184,1,0
BRDA:1664,185,0,0
BRDA:1664,185,1,0
BRDA:1685,186,0,0
BRDA:1685,186,1,0
BRDA:1690,187,0,0
BRDA:1690,187,1,0
BRDA:1695,188,0,0
BRDA:1695,188,1,0
BRDA:1695,189,0,0
BRDA:1695,189,1,0
BRDA:1701,190,0,0
BRDA:1701,190,1,0
BRDA:1701,191,0,0
BRDA:1701,191,1,0
BRDA:1718,192,0,0
BRDA:1718,192,1,0
BRDA:1727,193,0,0
BRDA:1727,193,1,0
BRDA:1737,194,0,0
BRDA:1737,194,1,0
BRDA:1737,195,0,0
BRDA:1737,195,1,0
BRDA:1741,196,0,0
BRDA:1741,196,1,0
BRDA:1741,197,0,0
BRDA:1741,197,1,0
BRDA:1745,198,0,0
BRDA:1745,198,1,0
BRDA:1745,199,0,0
BRDA:1745,199,1,0
BRDA:1750,200,0,0
BRDA:1750,200,1,0
BRDA:1756,201,0,0
BRDA:1756,201,1,0
BRDA:1756,202,0,0
BRDA:1756,202,1,0
BRDA:1760,203,0,0
BRDA:1760,203,1,0
BRDA:1760,204,0,0
BRDA:1760,204,1,0
BRDA:1760,204,2,0
BRDA:1769,205,0,0
BRDA:1772,206,0,0
BRDA:1772,206,1,0
BRDA:1777,207,0,0
BRDA:1777,207,1,0
BRDA:1791,208,0,0
BRDA:1791,208,1,0
BRDA:1842,209,0,0
BRDA:1842,209,1,0
BRDA:1855,210,0,0
BRDA:1855,210,1,0
BRDA:1858,211,0,0
BRDA:1858,211,1,0
BRDA:1858,212,0,0
BRDA:1858,212,1,0
BRDA:1858,212,2,0
BRDA:1858,212,3,0
BRDA:1858,212,4,0
BRDA:1858,212,5,0
BRDA:1858,212,6,0
BRDA:1868,213,0,0
BRDA:1868,213,1,0
BRDA:1869,214,0,0
BRDA:1869,214,1,0
BRDA:1909,215,0,0
BRDA:1909,215,1,0
BRDA:1912,216,0,0
BRDA:1912,216,1,0
BRDA:1912,217,0,0
BRDA:1912,217,1,0
BRDA:1920,218,0,0
BRDA:1920,218,1,0
BRDA:1920,219,0,0
BRDA:1920,219,1,0
BRDA:1920,219,2,0
BRDA:1964,220,0,0
BRDA:1964,220,1,0
BRDA:1964,221,0,0
BRDA:1964,221,1,0
BRDA:1964,221,2,0
BRDA:2008,222,0,0
BRDA:2008,222,1,0
BRDA:2008,223,0,0
BRDA:2008,223,1,0
BRDA:2008,223,2,0
BRDA:2043,224,0,0
BRDA:2043,224,1,0
BRDA:2046,225,0,0
BRDA:2046,225,1,0
BRDA:2046,226,0,0
BRDA:2046,226,1,0
BRDA:2056,227,0,0
BRDA:2059,228,0,0
BRDA:2059,228,1,0
BRDA:2064,229,0,0
BRDA:2064,229,1,0
BRDA:2079,230,0,0
BRDA:2079,230,1,0
BRDA:2080,231,0,0
BRDA:2080,231,1,0
BRDA:2113,232,0,0
BRDA:2113,232,1,0
BRDA:2172,233,0,0
BRDA:2172,233,1,0
BRDA:2174,234,0,0
BRDA:2174,234,1,0
BRDA:2175,235,0,0
BRDA:2175,235,1,0
BRDA:2176,236,0,0
BRDA:2176,236,1,0
BRF:512
BRH:0
end_of_record
TN:
SF:lib/security/encryption.js
FN:14,(anonymous_0)
FN:26,(anonymous_1)
FN:60,(anonymous_2)
FN:67,(anonymous_3)
FN:116,(anonymous_4)
FN:154,(anonymous_5)
FN:170,(anonymous_6)
FN:185,(anonymous_7)
FN:226,(anonymous_8)
FN:253,cli
FNF:10
FNH:0
FNDA:0,(anonymous_0)
FNDA:0,(anonymous_1)
FNDA:0,(anonymous_2)
FNDA:0,(anonymous_3)
FNDA:0,(anonymous_4)
FNDA:0,(anonymous_5)
FNDA:0,(anonymous_6)
FNDA:0,(anonymous_7)
FNDA:0,(anonymous_8)
FNDA:0,cli
DA:9,0
DA:10,0
DA:11,0
DA:15,0
DA:16,0
DA:17,0
DA:18,0
DA:19,0
DA:20,0
DA:27,0
DA:29,0
DA:30,0
DA:31,0
DA:32,0
DA:35,0
DA:36,0
DA:37,0
DA:44,0
DA:50,0
DA:51,0
DA:53,0
DA:61,0
DA:68,0
DA:69,0
DA:72,0
DA:73,0
DA:76,0
DA:79,0
DA:82,0
DA:88,0
DA:91,0
DA:99,0
DA:109,0
DA:117,0
DA:118,0
DA:121,0
DA:124,0
DA:125,0
DA:126,0
DA:130,0
DA:133,0
DA:136,0
DA:137,0
DA:140,0
DA:145,0
DA:147,0
DA:155,0
DA:156,0
DA:159,0
DA:162,0
DA:164,0
DA:171,0
DA:173,0
DA:174,0
DA:175,0
DA:176,0
DA:178,0
DA:186,0
DA:189,0
DA:190,0
DA:193,0
DA:194,0
DA:195,0
DA:196,0
DA:197,0
DA:199,0
DA:203,0
DA:211,0
DA:217,0
DA:218,0
DA:220,0
DA:227,0
DA:229,0
DA:230,0
DA:231,0
DA:233,0
DA:234,0
DA:237,0
DA:238,0
DA:240,0
DA:241,0
DA:247,0
DA:250,0
DA:251,0
DA:254,0
DA:256,0
DA:258,0
DA:259,0
DA:262,0
DA:263,0
DA:266,0
DA:267,0
DA:268,0
DA:270,0
DA:271,0
DA:272,0
DA:273,0
DA:276,0
DA:277,0
DA:278,0
DA:280,0
DA:281,0
DA:282,0
DA:285,0
DA:305,0
LF:105
LH:0
BRDA:67,0,0,0
BRDA:116,1,0,0
BRDA:233,2,0,0
BRDA:233,2,1,0
BRDA:250,3,0,0
BRDA:250,3,1,0
BRDA:256,4,0,0
BRDA:256,4,1,0
BRDA:256,4,2,0
BRDA:256,4,3,0
BRDA:256,4,4,0
BRDA:266,5,0,0
BRDA:266,5,1,0
BRDA:276,6,0,0
BRDA:276,6,1,0
BRF:15
BRH:0
end_of_record
TN:
SF:lib/sync/sync-manager.js
FN:19,(anonymous_0)
FN:29,(anonymous_1)
FN:38,(anonymous_2)
FN:44,(anonymous_3)
FN:64,(anonymous_4)
FN:174,(anonymous_5)
FN:262,(anonymous_6)
FN:314,(anonymous_7)
FN:319,(anonymous_8)
FN:320,(anonymous_9)
FN:343,(anonymous_10)
FN:353,run
FNF:12
FNH:0
FNDA:0,(anonymous_0)
FNDA:0,(anonymous_1)
FNDA:0,(anonymous_2)
FNDA:0,(anonymous_3)
FNDA:0,(anonymous_4)
FNDA:0,(anonymous_5)
FNDA:0,(anonymous_6)
FNDA:0,(anonymous_7)
FNDA:0,(anonymous_8)
FNDA:0,(anonymous_9)
FNDA:0,(anonymous_10)
FNDA:0,run
DA:9,0
DA:10,0
DA:11,0
DA:12,0
DA:13,0
DA:14,0
DA:16,0
DA:20,0
DA:21,0
DA:22,0
DA:23,0
DA:30,0
DA:31,0
DA:32,0
DA:34,0
DA:39,0
DA:40,0
DA:41,0
DA:45,0
DA:46,0
DA:57,0
DA:65,0
DA:66,0
DA:68,0
DA:69,0
DA:71,0
DA:73,0
DA:75,0
DA:76,0
DA:79,0
DA:81,0
DA:82,0
DA:84,0
DA:85,0
DA:88,0
DA:90,0
DA:92,0
DA:93,0
DA:98,0
DA:100,0
DA:102,0
DA:108,0
DA:111,0
DA:113,0
DA:115,0
DA:117,0
DA:118,0
DA:121,0
DA:122,0
DA:125,0
DA:126,0
DA:128,0
DA:131,0
DA:132,0
DA:133,0
DA:136,0
DA:139,0
DA:144,0
DA:149,0
DA:150,0
DA:151,0
DA:154,0
DA:156,0
DA:159,0
DA:162,0
DA:163,0
DA:167,0
DA:175,0
DA:177,0
DA:178,0
DA:180,0
DA:182,0
DA:184,0
DA:186,0
DA:187,0
DA:190,0
DA:191,0
DA:193,0
DA:195,0
DA:198,0
DA:199,0
DA:205,0
DA:210,0
DA:211,0
DA:213,0
DA:215,0
DA:220,0
DA:222,0
DA:225,0
DA:227,0
DA:228,0
DA:229,0
DA:231,0
DA:232,0
DA:233,0
DA:235,0
DA:238,0
DA:241,0
DA:247,0
DA:250,0
DA:251,0
DA:255,0
DA:263,0
DA:270,0
DA:272,0
DA:273,0
DA:274,0
DA:276,0
DA:277,0
DA:280,0
DA:283,0
DA:286,0
DA:300,0
DA:308,0
DA:315,0
DA:316,0
DA:318,0
DA:319,0
DA:320,0
DA:322,0
DA:323,0
DA:324,0
DA:327,0
DA:329,0
DA:331,0
DA:332,0
DA:333,0
DA:337,0
DA:343,0
DA:344,0
DA:350,0
DA:351,0
DA:354,0
DA:355,0
DA:357,0
DA:358,0
DA:360,0
DA:361,0
DA:364,0
DA:365,0
DA:368,0
DA:369,0
DA:372,0
DA:373,0
DA:376,0
DA:377,0
DA:380,0
DA:382,0
DA:385,0
DA:386,0
DA:390,0
DA:391,0
DA:395,0
DA:398,0
LF:154
LH:0
BRDA:44,0,0,0
BRDA:53,1,0,0
BRDA:53,1,1,0
BRDA:64,2,0,0
BRDA:82,3,0,0
BRDA:82,3,1,0
BRDA:90,4,0,0
BRDA:90,4,1,0
BRDA:98,5,0,0
BRDA:98,5,1,0
BRDA:111,6,0,0
BRDA:111,6,1,0
BRDA:115,7,0,0
BRDA:115,7,1,0
BRDA:131,8,0,0
BRDA:131,8,1,0
BRDA:131,9,0,0
BRDA:131,9,1,0
BRDA:174,10,0,0
BRDA:193,11,0,0
BRDA:193,11,1,0
BRDA:220,12,0,0
BRDA:220,12,1,0
BRDA:229,13,0,0
BRDA:229,13,1,0
BRDA:291,14,0,0
BRDA:291,14,1,0
BRDA:292,15,0,0
BRDA:292,15,1,0
BRDA:301,16,0,0
BRDA:301,16,1,0
BRDA:301,17,0,0
BRDA:301,17,1,0
BRDA:308,18,0,0
BRDA:308,18,1,0
BRDA:322,19,0,0
BRDA:322,19,1,0
BRDA:344,20,0,0
BRDA:344,20,1,0
BRDA:350,21,0,0
BRDA:350,21,1,0
BRDA:358,22,0,0
BRDA:358,22,1,0
BRDA:358,22,2,0
BRDA:358,22,3,0
BRDA:358,22,4,0
BRDA:358,22,5,0
BRDA:360,23,0,0
BRDA:360,23,1,0
BRDA:364,24,0,0
BRDA:364,24,1,0
BRDA:368,25,0,0
BRDA:368,25,1,0
BRDA:372,26,0,0
BRDA:372,26,1,0
BRDA:380,27,0,0
BRDA:380,27,1,0
BRF:57
BRH:0
end_of_record
TN:
SF:lib/testing/playwright-bridge.js
FN:9,(anonymous_0)
FN:36,(anonymous_1)
FN:63,(anonymous_2)
FN:75,(anonymous_3)
FN:99,(anonymous_4)
FN:141,(anonymous_5)
FN:173,(anonymous_6)
FN:182,(anonymous_7)
FN:184,(anonymous_8)
FN:190,(anonymous_9)
FN:202,(anonymous_10)
FN:216,(anonymous_11)
FN:228,(anonymous_12)
FN:244,(anonymous_13)
FN:257,(anonymous_14)
FN:269,(anonymous_15)
FN:280,(anonymous_16)
FN:294,(anonymous_17)
FN:326,(anonymous_18)
FN:348,(anonymous_19)
FN:359,(anonymous_20)
FN:369,(anonymous_21)
FN:384,(anonymous_22)
FN:390,(anonymous_23)
FN:414,(anonymous_24)
FN:438,(anonymous_25)
FN:448,(anonymous_26)
FNF:27
FNH:0
FNDA:0,(anonymous_0)
FNDA:0,(anonymous_1)
FNDA:0,(anonymous_2)
FNDA:0,(anonymous_3)
FNDA:0,(anonymous_4)
FNDA:0,(anonymous_5)
FNDA:0,(anonymous_6)
FNDA:0,(anonymous_7)
FNDA:0,(anonymous_8)
FNDA:0,(anonymous_9)
FNDA:0,(anonymous_10)
FNDA:0,(anonymous_11)
FNDA:0,(anonymous_12)
FNDA:0,(anonymous_13)
FNDA:0,(anonymous_14)
FNDA:0,(anonymous_15)
FNDA:0,(anonymous_16)
FNDA:0,(anonymous_17)
FNDA:0,(anonymous_18)
FNDA:0,(anonymous_19)
FNDA:0,(anonymous_20)
FNDA:0,(anonymous_21)
FNDA:0,(anonymous_22)
FNDA:0,(anonymous_23)
FNDA:0,(anonymous_24)
FNDA:0,(anonymous_25)
FNDA:0,(anonymous_26)
DA:10,0
DA:19,0
DA:37,0
DA:39,0
DA:40,0
DA:44,0
DA:52,0
DA:55,0
DA:56,0
DA:64,0
DA:66,0
DA:68,0
DA:69,0
DA:70,0
DA:74,0
DA:75,0
DA:79,0
DA:86,0
DA:88,0
DA:100,0
DA:103,0
DA:105,0
DA:110,0
DA:114,0
DA:115,0
DA:117,0
DA:118,0
DA:122,0
DA:126,0
DA:127,0
DA:128,0
DA:129,0
DA:134,0
DA:142,0
DA:144,0
DA:146,0
DA:147,0
DA:151,0
DA:156,0
DA:160,0
DA:161,0
DA:162,0
DA:163,0
DA:166,0
DA:174,0
DA:176,0
DA:181,0
DA:182,0
DA:183,0
DA:184,0
DA:185,0
DA:187,0
DA:190,0
DA:194,0
DA:196,0
DA:203,0
DA:205,0
DA:210,0
DA:217,0
DA:218,0
DA:220,0
DA:222,0
DA:229,0
DA:231,0
DA:236,0
DA:238,0
DA:245,0
DA:247,0
DA:251,0
DA:258,0
DA:260,0
DA:261,0
DA:263,0
DA:270,0
DA:272,0
DA:274,0
DA:281,0
DA:283,0
DA:288,0
DA:296,0
DA:297,0
DA:301,0
DA:303,0
DA:304,0
DA:305,0
DA:306,0
DA:310,0
DA:311,0
DA:312,0
DA:313,0
DA:317,0
DA:320,0
DA:327,0
DA:332,0
DA:333,0
DA:334,0
DA:335,0
DA:338,0
DA:339,0
DA:342,0
DA:351,0
DA:352,0
DA:353,0
DA:355,0
DA:356,0
DA:359,0
DA:363,0
DA:370,0
DA:371,0
DA:375,0
DA:384,0
DA:391,0
DA:393,0
DA:402,0
DA:403,0
DA:404,0
DA:408,0
DA:415,0
DA:417,0
DA:419,0
DA:422,0
DA:423,0
DA:424,0
DA:428,0
DA:431,0
DA:439,0
DA:440,0
DA:441,0
DA:442,0
DA:445,0
DA:446,0
DA:447,0
DA:448,0
DA:449,0
DA:451,0
DA:461,0
DA:466,0
LF:137
LH:0
BRDA:9,0,0,0
BRDA:11,1,0,0
BRDA:11,1,1,0
BRDA:12,2,0,0
BRDA:12,2,1,0
BRDA:14,3,0,0
BRDA:14,3,1,0
BRDA:39,4,0,0
BRDA:39,4,1,0
BRDA:48,5,0,0
BRDA:48,5,1,0
BRDA:69,6,0,0
BRDA:69,6,1,0
BRDA:114,7,0,0
BRDA:114,7,1,0
BRDA:114,8,0,0
BRDA:114,8,1,0
BRDA:115,9,0,0
BRDA:115,9,1,0
BRDA:127,10,0,0
BRDA:127,10,1,0
BRDA:146,11,0,0
BRDA:146,11,1,0
BRDA:152,12,0,0
BRDA:152,12,1,0
BRDA:161,13,0,0
BRDA:161,13,1,0
BRDA:174,14,0,0
BRDA:174,14,1,0
BRDA:181,15,0,0
BRDA:181,15,1,0
BRDA:183,16,0,0
BRDA:183,16,1,0
BRDA:185,17,0,0
BRDA:185,17,1,0
BRDA:196,18,0,0
BRDA:196,18,1,0
BRDA:217,19,0,0
BRDA:217,19,1,0
BRDA:284,20,0,0
BRDA:284,20,1,0
BRDA:296,21,0,0
BRDA:296,21,1,0
BRDA:301,22,0,0
BRDA:301,22,1,0
BRDA:305,23,0,0
BRDA:305,23,1,0
BRDA:312,24,0,0
BRDA:312,24,1,0
BRDA:332,25,0,0
BRDA:332,25,1,0
BRDA:333,26,0,0
BRDA:333,26,1,0
BRDA:334,27,0,0
BRDA:334,27,1,0
BRDA:335,28,0,0
BRDA:335,28,1,0
BRDA:338,29,0,0
BRDA:338,29,1,0
BRDA:339,30,0,0
BRDA:339,30,1,0
BRDA:348,31,0,0
BRDA:370,32,0,0
BRDA:370,32,1,0
BRDA:370,33,0,0
BRDA:370,33,1,0
BRDA:391,34,0,0
BRDA:391,34,1,0
BRDA:403,35,0,0
BRDA:403,35,1,0
BRDA:415,36,0,0
BRDA:415,36,1,0
BRDA:423,37,0,0
BRDA:423,37,1,0
BRDA:441,38,0,0
BRDA:441,38,1,0
BRF:76
BRH:0
end_of_record
TN:
SF:lib/testing/test-reporter.js
FN:12,(anonymous_0)
FN:24,(anonymous_1)
FN:56,(anonymous_2)
FN:75,(anonymous_3)
FN:79,(anonymous_4)
FN:88,(anonymous_5)
FN:97,(anonymous_6)
FN:107,(anonymous_7)
FN:115,(anonymous_8)
FN:123,(anonymous_9)
FN:145,(anonymous_10)
FN:146,(anonymous_11)
FN:161,(anonymous_12)
FN:170,(anonymous_13)
FN:181,(anonymous_14)
FN:227,(anonymous_15)
FN:253,(anonymous_16)
FN:257,(anonymous_17)
FN:262,(anonymous_18)
FN:276,(anonymous_19)
FN:281,(anonymous_20)
FN:301,(anonymous_21)
FN:335,(anonymous_22)
FN:343,(anonymous_23)
FN:360,(anonymous_24)
FN:361,(anonymous_25)
FN:373,(anonymous_26)
FN:385,(anonymous_27)
FN:386,(anonymous_28)
FN:395,(anonymous_29)
FN:406,(anonymous_30)
FN:409,(anonymous_31)
FN:416,(anonymous_32)
FN:430,(anonymous_33)
FN:434,(anonymous_34)
FN:435,(anonymous_35)
FN:436,(anonymous_36)
FN:438,(anonymous_37)
FN:447,(anonymous_38)
FN:451,(anonymous_39)
FN:451,(anonymous_40)
FN:460,(anonymous_41)
FN:463,(anonymous_42)
FN:464,(anonymous_43)
FN:473,(anonymous_44)
FN:474,(anonymous_45)
FN:480,(anonymous_46)
FN:482,(anonymous_47)
FNF:48
FNH:0
FNDA:0,(anonymous_0)
FNDA:0,(anonymous_1)
FNDA:0,(anonymous_2)
FNDA:0,(anonymous_3)
FNDA:0,(anonymous_4)
FNDA:0,(anonymous_5)
FNDA:0,(anonymous_6)
FNDA:0,(anonymous_7)
FNDA:0,(anonymous_8)
FNDA:0,(anonymous_9)
FNDA:0,(anonymous_10)
FNDA:0,(anonymous_11)
FNDA:0,(anonymous_12)
FNDA:0,(anonymous_13)
FNDA:0,(anonymous_14)
FNDA:0,(anonymous_15)
FNDA:0,(anonymous_16)
FNDA:0,(anonymous_17)
FNDA:0,(anonymous_18)
FNDA:0,(anonymous_19)
FNDA:0,(anonymous_20)
FNDA:0,(anonymous_21)
FNDA:0,(anonymous_22)
FNDA:0,(anonymous_23)
FNDA:0,(anonymous_24)
FNDA:0,(anonymous_25)
FNDA:0,(anonymous_26)
FNDA:0,(anonymous_27)
FNDA:0,(anonymous_28)
FNDA:0,(anonymous_29)
FNDA:0,(anonymous_30)
FNDA:0,(anonymous_31)
FNDA:0,(anonymous_32)
FNDA:0,(anonymous_33)
FNDA:0,(anonymous_34)
FNDA:0,(anonymous_35)
FNDA:0,(anonymous_36)
FNDA:0,(anonymous_37)
FNDA:0,(anonymous_38)
FNDA:0,(anonymous_39)
FNDA:0,(anonymous_40)
FNDA:0,(anonymous_41)
FNDA:0,(anonymous_42)
FNDA:0,(anonymous_43)
FNDA:0,(anonymous_44)
FNDA:0,(anonymous_45)
FNDA:0,(anonymous_46)
FNDA:0,(anonymous_47)
DA:8,0
DA:9,0
DA:13,0
DA:25,0
DA:41,0
DA:43,0
DA:45,0
DA:47,0
DA:49,0
DA:57,0
DA:58,0
DA:60,0
DA:76,0
DA:79,0
DA:80,0
DA:88,0
DA:89,0
DA:97,0
DA:98,0
DA:107,0
DA:109,0
DA:116,0
DA:117,0
DA:120,0
DA:121,0
DA:123,0
DA:125,0
DA:126,0
DA:129,0
DA:130,0
DA:133,0
DA:146,0
DA:162,0
DA:170,0
DA:171,0
DA:172,0
DA:175,0
DA:182,0
DA:185,0
DA:186,0
DA:194,0
DA:195,0
DA:203,0
DA:204,0
DA:212,0
DA:213,0
DA:214,0
DA:221,0
DA:228,0
DA:254,0
DA:258,0
DA:263,0
DA:277,0
DA:282,0
DA:295,0
DA:302,0
DA:336,0
DA:344,0
DA:361,0
DA:362,0
DA:363,0
DA:366,0
DA:374,0
DA:376,0
DA:377,0
DA:379,0
DA:386,0
DA:387,0
DA:389,0
DA:397,0
DA:398,0
DA:400,0
DA:407,0
DA:409,0
DA:410,0
DA:417,0
DA:418,0
DA:420,0
DA:421,0
DA:423,0
DA:424,0
DA:431,0
DA:434,0
DA:435,0
DA:436,0
DA:438,0
DA:441,0
DA:448,0
DA:451,0
DA:452,0
DA:454,0
DA:461,0
DA:463,0
DA:464,0
DA:465,0
DA:466,0
DA:471,0
DA:472,0
DA:473,0
DA:474,0
DA:481,0
DA:482,0
DA:486,0
LF:103
LH:0
BRDA:12,0,0,0
BRDA:14,1,0,0
BRDA:14,1,1,0
BRDA:16,2,0,0
BRDA:16,2,1,0
BRDA:41,3,0,0
BRDA:41,3,1,0
BRDA:41,3,2,0
BRDA:41,3,3,0
BRDA:58,4,0,0
BRDA:58,4,1,0
BRDA:61,5,0,0
BRDA:61,5,1,0
BRDA:100,6,0,0
BRDA:100,6,1,0
BRDA:101,7,0,0
BRDA:101,7,1,0
BRDA:116,8,0,0
BRDA:116,8,1,0
BRDA:116,9,0,0
BRDA:116,9,1,0
BRDA:125,10,0,0
BRDA:125,10,1,0
BRDA:126,11,0,0
BRDA:126,11,1,0
BRDA:129,12,0,0
BRDA:129,12,1,0
BRDA:130,13,0,0
BRDA:130,13,1,0
BRDA:137,14,0,0
BRDA:137,14,1,0
BRDA:171,15,0,0
BRDA:171,15,1,0
BRDA:172,16,0,0
BRDA:172,16,1,0
BRDA:172,17,0,0
BRDA:172,17,1,0
BRDA:185,18,0,0
BRDA:185,18,1,0
BRDA:194,19,0,0
BRDA:194,19,1,0
BRDA:203,20,0,0
BRDA:203,20,1,0
BRDA:213,21,0,0
BRDA:213,21,1,0
BRDA:233,22,0,0
BRDA:233,22,1,0
BRDA:265,23,0,0
BRDA:265,23,1,0
BRDA:266,24,0,0
BRDA:266,24,1,0
BRDA:323,25,0,0
BRDA:323,25,1,0
BRDA:363,26,0,0
BRDA:363,26,1,0
BRDA:364,27,0,0
BRDA:364,27,1,0
BRDA:365,28,0,0
BRDA:365,28,1,0
BRDA:374,29,0,0
BRDA:374,29,1,0
BRDA:389,30,0,0
BRDA:389,30,1,0
BRDA:407,31,0,0
BRDA:407,31,1,0
BRDA:407,32,0,0
BRDA:407,32,1,0
BRDA:409,33,0,0
BRDA:409,33,1,0
BRDA:420,34,0,0
BRDA:420,34,1,0
BRDA:448,35,0,0
BRDA:448,35,1,0
BRDA:466,36,0,0
BRDA:466,36,1,0
BRDA:481,37,0,0
BRDA:481,37,1,0
BRF:77
BRH:0
end_of_record
TN:
SF:lib/testing/vision-analyzer.js
FN:11,(anonymous_0)
FN:37,(anonymous_1)
FN:58,(anonymous_2)
FN:64,(anonymous_3)
FN:67,(anonymous_4)
FN:88,(anonymous_5)
FN:104,(anonymous_6)
FN:124,(anonymous_7)
FN:135,(anonymous_8)
FN:145,(anonymous_9)
FN:166,(anonymous_10)
FN:174,(anonymous_11)
FN:186,(anonymous_12)
FN:207,(anonymous_13)
FN:224,(anonymous_14)
FN:239,(anonymous_15)
FN:257,(anonymous_16)
FN:260,(anonymous_17)
FN:279,(anonymous_18)
FN:283,(anonymous_19)
FN:306,(anonymous_20)
FN:309,(anonymous_21)
FN:328,(anonymous_22)
FN:341,(anonymous_23)
FN:355,(anonymous_24)
FN:367,(anonymous_25)
FNF:26
FNH:0
FNDA:0,(anonymous_0)
FNDA:0,(anonymous_1)
FNDA:0,(anonymous_2)
FNDA:0,(anonymous_3)
FNDA:0,(anonymous_4)
FNDA:0,(anonymous_5)
FNDA:0,(anonymous_6)
FNDA:0,(anonymous_7)
FNDA:0,(anonymous_8)
FNDA:0,(anonymous_9)
FNDA:0,(anonymous_10)
FNDA:0,(anonymous_11)
FNDA:0,(anonymous_12)
FNDA:0,(anonymous_13)
FNDA:0,(anonymous_14)
FNDA:0,(anonymous_15)
FNDA:0,(anonymous_16)
FNDA:0,(anonymous_17)
FNDA:0,(anonymous_18)
FNDA:0,(anonymous_19)
FNDA:0,(anonymous_20)
FNDA:0,(anonymous_21)
FNDA:0,(anonymous_22)
FNDA:0,(anonymous_23)
FNDA:0,(anonymous_24)
FNDA:0,(anonymous_25)
DA:8,0
DA:12,0
DA:19,0
DA:22,0
DA:38,0
DA:40,0
DA:43,0
DA:44,0
DA:45,0
DA:47,0
DA:50,0
DA:51,0
DA:59,0
DA:62,0
DA:64,0
DA:65,0
DA:67,0
DA:68,0
DA:71,0
DA:72,0
DA:82,0
DA:89,0
DA:92,0
DA:94,0
DA:104,0
DA:105,0
DA:106,0
DA:114,0
DA:125,0
DA:128,0
DA:135,0
DA:136,0
DA:139,0
DA:146,0
DA:147,0
DA:150,0
DA:158,0
DA:159,0
DA:167,0
DA:168,0
DA:172,0
DA:174,0
DA:175,0
DA:176,0
DA:177,0
DA:179,0
DA:183,0
DA:184,0
DA:186,0
DA:187,0
DA:188,0
DA:189,0
DA:193,0
DA:195,0
DA:208,0
DA:218,0
DA:226,0
DA:232,0
DA:233,0
DA:240,0
DA:251,0
DA:258,0
DA:260,0
DA:261,0
DA:262,0
DA:264,0
DA:265,0
DA:269,0
DA:270,0
DA:273,0
DA:280,0
DA:281,0
DA:283,0
DA:284,0
DA:285,0
DA:291,0
DA:292,0
DA:296,0
DA:297,0
DA:300,0
DA:307,0
DA:309,0
DA:310,0
DA:311,0
DA:313,0
DA:314,0
DA:318,0
DA:319,0
DA:322,0
DA:331,0
DA:343,0
DA:344,0
DA:346,0
DA:355,0
DA:356,0
DA:360,0
DA:367,0
DA:368,0
DA:371,0
DA:382,0
LF:100
LH:0
BRDA:11,0,0,0
BRDA:13,1,0,0
BRDA:13,1,1,0
BRDA:14,2,0,0
BRDA:14,2,1,0
BRDA:15,3,0,0
BRDA:15,3,1,0
BRDA:59,4,0,0
BRDA:59,4,1,0
BRDA:62,5,0,0
BRDA:62,5,1,0
BRDA:65,6,0,0
BRDA:65,6,1,0
BRDA:71,7,0,0
BRDA:71,7,1,0
BRDA:71,8,0,0
BRDA:71,8,1,0
BRDA:92,9,0,0
BRDA:92,9,1,0
BRDA:105,10,0,0
BRDA:105,10,1,0
BRDA:117,11,0,0
BRDA:117,11,1,0
BRDA:125,12,0,0
BRDA:125,12,1,0
BRDA:129,13,0,0
BRDA:129,13,1,0
BRDA:130,14,0,0
BRDA:130,14,1,0
BRDA:131,15,0,0
BRDA:131,15,1,0
BRDA:167,16,0,0
BRDA:167,16,1,0
BRDA:167,17,0,0
BRDA:167,17,1,0
BRDA:175,18,0,0
BRDA:175,18,1,0
BRDA:176,19,0,0
BRDA:176,19,1,0
BRDA:187,20,0,0
BRDA:187,20,1,0
BRDA:218,21,0,0
BRDA:218,21,1,0
BRDA:233,22,0,0
BRDA:233,22,1,0
BRDA:251,23,0,0
BRDA:251,23,1,0
BRDA:261,24,0,0
BRDA:261,24,1,0
BRDA:262,25,0,0
BRDA:262,25,1,0
BRDA:264,26,0,0
BRDA:264,26,1,0
BRDA:269,27,0,0
BRDA:269,27,1,0
BRDA:284,28,0,0
BRDA:284,28,1,0
BRDA:291,29,0,0
BRDA:291,29,1,0
BRDA:296,30,0,0
BRDA:296,30,1,0
BRDA:310,31,0,0
BRDA:310,31,1,0
BRDA:313,32,0,0
BRDA:313,32,1,0
BRDA:318,33,0,0
BRDA:318,33,1,0
BRDA:344,34,0,0
BRDA:344,34,1,0
BRDA:372,35,0,0
BRDA:372,35,1,0
BRDA:373,36,0,0
BRDA:373,36,1,0
BRDA:373,37,0,0
BRDA:373,37,1,0
BRF:75
BRH:0
end_of_record
TN:
SF:lib/testing/vision-qa-agent.js
FN:21,(anonymous_0)
FN:71,(anonymous_1)
FN:137,(anonymous_2)
FN:181,(anonymous_3)
FN:239,(anonymous_4)
FN:270,(anonymous_5)
FN:283,(anonymous_6)
FN:304,(anonymous_7)
FN:316,(anonymous_8)
FN:340,(anonymous_9)
FN:359,(anonymous_10)
FN:373,(anonymous_11)
FN:387,(anonymous_12)
FN:402,(anonymous_13)
FN:421,(anonymous_14)
FN:443,(anonymous_15)
FN:460,(anonymous_16)
FN:519,(anonymous_17)
FNF:18
FNH:0
FNDA:0,(anonymous_0)
FNDA:0,(anonymous_1)
FNDA:0,(anonymous_2)
FNDA:0,(anonymous_3)
FNDA:0,(anonymous_4)
FNDA:0,(anonymous_5)
FNDA:0,(anonymous_6)
FNDA:0,(anonymous_7)
FNDA:0,(anonymous_8)
FNDA:0,(anonymous_9)
FNDA:0,(anonymous_10)
FNDA:0,(anonymous_11)
FNDA:0,(anonymous_12)
FNDA:0,(anonymous_13)
FNDA:0,(anonymous_14)
FNDA:0,(anonymous_15)
FNDA:0,(anonymous_16)
FNDA:0,(anonymous_17)
DA:10,0
DA:11,0
DA:12,0
DA:13,0
DA:14,0
DA:15,0
DA:16,0
DA:17,0
DA:18,0
DA:22,0
DA:35,0
DA:36,0
DA:37,0
DA:41,0
DA:42,0
DA:43,0
DA:44,0
DA:47,0
DA:53,0
DA:72,0
DA:84,0
DA:86,0
DA:89,0
DA:92,0
DA:93,0
DA:96,0
DA:97,0
DA:100,0
DA:103,0
DA:106,0
DA:109,0
DA:112,0
DA:113,0
DA:114,0
DA:119,0
DA:122,0
DA:124,0
DA:127,0
DA:128,0
DA:130,0
DA:138,0
DA:140,0
DA:142,0
DA:148,0
DA:156,0
DA:159,0
DA:166,0
DA:168,0
DA:170,0
DA:173,0
DA:174,0
DA:182,0
DA:184,0
DA:186,0
DA:194,0
DA:200,0
DA:201,0
DA:204,0
DA:214,0
DA:217,0
DA:218,0
DA:219,0
DA:220,0
DA:223,0
DA:224,0
DA:225,0
DA:228,0
DA:231,0
DA:232,0
DA:240,0
DA:242,0
DA:244,0
DA:245,0
DA:246,0
DA:250,0
DA:256,0
DA:257,0
DA:260,0
DA:267,0
DA:270,0
DA:272,0
DA:275,0
DA:276,0
DA:285,0
DA:286,0
DA:290,0
DA:291,0
DA:292,0
DA:296,0
DA:297,0
DA:305,0
DA:317,0
DA:318,0
DA:321,0
DA:332,0
DA:333,0
DA:341,0
DA:348,0
DA:349,0
DA:350,0
DA:352,0
DA:360,0
DA:365,0
DA:370,0
DA:373,0
DA:374,0
DA:375,0
DA:389,0
DA:393,0
DA:394,0
DA:403,0
DA:415,0
DA:422,0
DA:435,0
DA:436,0
DA:444,0
DA:445,0
DA:449,0
DA:462,0
DA:465,0
DA:467,0
DA:470,0
DA:472,0
DA:475,0
DA:477,0
DA:480,0
DA:482,0
DA:486,0
DA:488,0
DA:491,0
DA:493,0
DA:496,0
DA:498,0
DA:501,0
DA:503,0
DA:507,0
DA:509,0
DA:513,0
DA:520,0
DA:522,0
DA:524,0
DA:525,0
DA:526,0
DA:527,0
DA:531,0
DA:533,0
DA:541,0
LF:147
LH:0
BRDA:21,0,0,0
BRDA:23,1,0,0
BRDA:23,1,1,0
BRDA:24,2,0,0
BRDA:24,2,1,0
BRDA:25,3,0,0
BRDA:25,3,1,0
BRDA:26,4,0,0
BRDA:26,4,1,0
BRDA:27,5,0,0
BRDA:27,5,1,0
BRDA:28,6,0,0
BRDA:28,6,1,0
BRDA:29,7,0,0
BRDA:29,7,1,0
BRDA:35,8,0,0
BRDA:35,8,1,0
BRDA:71,9,0,0
BRDA:112,10,0,0
BRDA:112,10,1,0
BRDA:200,11,0,0
BRDA:200,11,1,0
BRDA:200,12,0,0
BRDA:200,12,1,0
BRDA:208,13,0,0
BRDA:208,13,1,0
BRDA:219,14,0,0
BRDA:219,14,1,0
BRDA:219,15,0,0
BRDA:219,15,1,0
BRDA:223,16,0,0
BRDA:223,16,1,0
BRDA:244,17,0,0
BRDA:244,17,1,0
BRDA:285,18,0,0
BRDA:285,18,1,0
BRDA:290,19,0,0
BRDA:290,19,1,0
BRDA:296,20,0,0
BRDA:296,20,1,0
BRDA:306,21,0,0
BRDA:306,21,1,0
BRDA:306,21,2,0
BRDA:306,21,3,0
BRDA:332,22,0,0
BRDA:332,22,1,0
BRDA:374,23,0,0
BRDA:374,23,1,0
BRDA:389,24,0,0
BRDA:389,24,1,0
BRDA:389,24,2,0
BRDA:425,25,0,0
BRDA:425,25,1,0
BRDA:435,26,0,0
BRDA:435,26,1,0
BRDA:444,27,0,0
BRDA:444,27,1,0
BRDA:462,28,0,0
BRDA:462,28,1,0
BRDA:465,29,0,0
BRDA:465,29,1,0
BRDA:465,30,0,0
BRDA:465,30,1,0
BRDA:465,30,2,0
BRDA:470,31,0,0
BRDA:470,31,1,0
BRDA:470,32,0,0
BRDA:470,32,1,0
BRDA:470,32,2,0
BRDA:475,33,0,0
BRDA:475,33,1,0
BRDA:475,34,0,0
BRDA:475,34,1,0
BRDA:475,34,2,0
BRDA:475,34,3,0
BRDA:480,35,0,0
BRDA:480,35,1,0
BRDA:480,36,0,0
BRDA:480,36,1,0
BRDA:480,36,2,0
BRDA:486,37,0,0
BRDA:486,37,1,0
BRDA:486,38,0,0
BRDA:486,38,1,0
BRDA:491,39,0,0
BRDA:491,39,1,0
BRDA:496,40,0,0
BRDA:496,40,1,0
BRDA:496,41,0,0
BRDA:496,41,1,0
BRDA:501,42,0,0
BRDA:501,42,1,0
BRDA:507,43,0,0
BRDA:507,43,1,0
BRDA:507,44,0,0
BRDA:507,44,1,0
BRDA:507,44,2,0
BRF:97
BRH:0
end_of_record
TN:
SF:scripts/add-ees-to-database.js
FN:11,addEESToDatabase
FNF:1
FNH:0
FNDA:0,addEESToDatabase
DA:8,0
DA:9,0
DA:12,0
DA:17,0
DA:110,0
DA:112,0
DA:113,0
DA:118,0
DA:119,0
DA:121,0
DA:125,0
DA:126,0
DA:127,0
DA:128,0
DA:129,0
DA:132,0
LF:16
LH:0
BRDA:118,0,0,0
BRDA:118,0,1,0
BRF:2
BRH:0
end_of_record
TN:
SF:scripts/add-prd-to-database.js
FN:11,addPRDToDatabase
FNF:1
FNH:0
FNDA:0,addPRDToDatabase
DA:8,0
DA:9,0
DA:12,0
DA:14,0
DA:15,0
DA:17,0
DA:18,0
DA:19,0
DA:22,0
DA:25,0
DA:27,0
DA:29,0
DA:34,0
DA:35,0
DA:36,0
DA:37,0
DA:38,0
DA:59,0
DA:60,0
DA:61,0
DA:62,0
DA:63,0
DA:67,0
DA:136,0
DA:137,0
DA:138,0
DA:140,0
DA:142,0
DA:145,0
DA:146,0
DA:148,0
DA:149,0
DA:150,0
DA:151,0
DA:154,0
DA:155,0
DA:160,0
DA:161,0
DA:162,0
DA:163,0
DA:164,0
DA:167,0
DA:168,0
DA:169,0
LF:44
LH:0
BRDA:17,0,0,0
BRDA:17,0,1,0
BRDA:17,1,0,0
BRDA:17,1,1,0
BRDA:34,2,0,0
BRDA:34,2,1,0
BRDA:34,3,0,0
BRDA:34,3,1,0
BRDA:72,4,0,0
BRDA:72,4,1,0
BRDA:136,5,0,0
BRDA:136,5,1,0
BRDA:137,6,0,0
BRDA:137,6,1,0
BRDA:161,7,0,0
BRDA:161,7,1,0
BRF:16
BRH:0
end_of_record
TN:
SF:scripts/add-sd-to-database.js
FN:11,addSDToDatabase
FNF:1
FNH:0
FNDA:0,addSDToDatabase
DA:8,0
DA:9,0
DA:12,0
DA:14,0
DA:15,0
DA:17,0
DA:20,0
DA:21,0
DA:22,0
DA:25,0
DA:27,0
DA:29,0
DA:47,0
DA:48,0
DA:49,0
DA:50,0
DA:51,0
DA:53,0
DA:55,0
DA:58,0
DA:59,0
DA:61,0
DA:62,0
DA:63,0
DA:64,0
DA:65,0
DA:66,0
DA:69,0
DA:70,0
DA:75,0
DA:76,0
DA:77,0
DA:78,0
DA:79,0
DA:82,0
DA:83,0
LF:36
LH:0
BRDA:17,0,0,0
BRDA:17,0,1,0
BRDA:17,1,0,0
BRDA:17,1,1,0
BRDA:17,1,2,0
BRDA:17,1,3,0
BRDA:47,2,0,0
BRDA:47,2,1,0
BRDA:48,3,0,0
BRDA:48,3,1,0
BRDA:76,4,0,0
BRDA:76,4,1,0
BRF:12
BRH:0
end_of_record
TN:
SF:scripts/auto-sync-sd-to-database.js
FN:21,(anonymous_0)
FN:28,(anonymous_1)
FN:43,(anonymous_2)
FN:61,(anonymous_3)
FN:67,(anonymous_4)
FN:71,(anonymous_5)
FN:77,(anonymous_6)
FN:84,(anonymous_7)
FN:100,(anonymous_8)
FN:116,(anonymous_9)
FN:154,(anonymous_10)
FN:183,(anonymous_11)
FN:201,(anonymous_12)
FN:209,(anonymous_13)
FN:223,(anonymous_14)
FN:238,showPreventionChecklist
FNF:16
FNH:0
FNDA:0,(anonymous_0)
FNDA:0,(anonymous_1)
FNDA:0,(anonymous_2)
FNDA:0,(anonymous_3)
FNDA:0,(anonymous_4)
FNDA:0,(anonymous_5)
FNDA:0,(anonymous_6)
FNDA:0,(anonymous_7)
FNDA:0,(anonymous_8)
FNDA:0,(anonymous_9)
FNDA:0,(anonymous_10)
FNDA:0,(anonymous_11)
FNDA:0,(anonymous_12)
FNDA:0,(anonymous_13)
FNDA:0,(anonymous_14)
FNDA:0,showPreventionChecklist
DA:15,0
DA:16,0
DA:17,0
DA:18,0
DA:22,0
DA:23,0
DA:24,0
DA:25,0
DA:29,0
DA:30,0
DA:32,0
DA:35,0
DA:36,0
DA:39,0
DA:40,0
DA:44,0
DA:45,0
DA:46,0
DA:49,0
DA:61,0
DA:62,0
DA:63,0
DA:67,0
DA:68,0
DA:71,0
DA:72,0
DA:73,0
DA:77,0
DA:78,0
DA:79,0
DA:80,0
DA:84,0
DA:85,0
DA:86,0
DA:87,0
DA:88,0
DA:90,0
DA:93,0
DA:95,0
DA:96,0
DA:101,0
DA:103,0
DA:104,0
DA:110,0
DA:112,0
DA:117,0
DA:118,0
DA:119,0
DA:122,0
DA:123,0
DA:141,0
DA:142,0
DA:143,0
DA:146,0
DA:147,0
DA:149,0
DA:150,0
DA:155,0
DA:158,0
DA:159,0
DA:163,0
DA:164,0
DA:165,0
DA:166,0
DA:169,0
DA:172,0
DA:173,0
DA:174,0
DA:175,0
DA:179,0
DA:180,0
DA:184,0
DA:186,0
DA:187,0
DA:188,0
DA:191,0
DA:192,0
DA:193,0
DA:194,0
DA:195,0
DA:198,0
DA:202,0
DA:203,0
DA:204,0
DA:207,0
DA:209,0
DA:210,0
DA:211,0
DA:214,0
DA:215,0
DA:216,0
DA:217,0
DA:224,0
DA:225,0
DA:228,0
DA:231,0
DA:233,0
DA:239,0
DA:240,0
DA:241,0
DA:242,0
DA:243,0
DA:244,0
DA:245,0
DA:246,0
DA:247,0
DA:248,0
DA:249,0
DA:250,0
DA:251,0
DA:252,0
DA:253,0
DA:254,0
DA:258,0
DA:259,0
DA:260,0
DA:263,0
DA:266,0
LF:118
LH:0
BRDA:32,0,0,0
BRDA:32,0,1,0
BRDA:32,1,0,0
BRDA:32,1,1,0
BRDA:32,1,2,0
BRDA:32,1,3,0
BRDA:62,2,0,0
BRDA:62,2,1,0
BRDA:68,3,0,0
BRDA:68,3,1,0
BRDA:72,4,0,0
BRDA:72,4,1,0
BRDA:78,5,0,0
BRDA:78,5,1,0
BRDA:80,6,0,0
BRDA:80,6,1,0
BRDA:85,7,0,0
BRDA:85,7,1,0
BRDA:87,8,0,0
BRDA:87,8,1,0
BRDA:88,9,0,0
BRDA:88,9,1,0
BRDA:101,10,0,0
BRDA:101,10,1,0
BRDA:110,11,0,0
BRDA:110,11,1,0
BRDA:117,12,0,0
BRDA:117,12,1,0
BRDA:127,13,0,0
BRDA:127,13,1,0
BRDA:131,14,0,0
BRDA:131,14,1,0
BRDA:141,15,0,0
BRDA:141,15,1,0
BRDA:158,16,0,0
BRDA:158,16,1,0
BRDA:158,17,0,0
BRDA:158,17,1,0
BRDA:164,18,0,0
BRDA:164,18,1,0
BRDA:164,19,0,0
BRDA:164,19,1,0
BRDA:173,20,0,0
BRDA:173,20,1,0
BRDA:186,21,0,0
BRDA:186,21,1,0
BRDA:202,22,0,0
BRDA:202,22,1,0
BRDA:210,23,0,0
BRDA:210,23,1,0
BRDA:210,24,0,0
BRDA:210,24,1,0
BRDA:214,25,0,0
BRDA:214,25,1,0
BRDA:214,26,0,0
BRDA:214,26,1,0
BRDA:258,27,0,0
BRDA:258,27,1,0
BRF:58
BRH:0
end_of_record
TN:
SF:scripts/boundary-check.js
FN:12,(anonymous_0)
FN:17,(anonymous_1)
FN:21,(anonymous_2)
FN:30,(anonymous_3)
FN:74,(anonymous_4)
FN:79,(anonymous_5)
FN:86,(anonymous_6)
FN:98,(anonymous_7)
FN:101,(anonymous_8)
FN:112,(anonymous_9)
FN:115,(anonymous_10)
FN:127,(anonymous_11)
FN:185,(anonymous_12)
FN:186,(anonymous_13)
FNF:14
FNH:0
FNDA:0,(anonymous_0)
FNDA:0,(anonymous_1)
FNDA:0,(anonymous_2)
FNDA:0,(anonymous_3)
FNDA:0,(anonymous_4)
FNDA:0,(anonymous_5)
FNDA:0,(anonymous_6)
FNDA:0,(anonymous_7)
FNDA:0,(anonymous_8)
FNDA:0,(anonymous_9)
FNDA:0,(anonymous_10)
FNDA:0,(anonymous_11)
FNDA:0,(anonymous_12)
FNDA:0,(anonymous_13)
DA:8,0
DA:9,0
DA:13,0
DA:14,0
DA:18,0
DA:19,0
DA:20,0
DA:21,0
DA:22,0
DA:23,0
DA:27,0
DA:31,0
DA:32,0
DA:33,0
DA:35,0
DA:36,0
DA:37,0
DA:41,0
DA:42,0
DA:45,0
DA:46,0
DA:49,0
DA:50,0
DA:53,0
DA:54,0
DA:55,0
DA:58,0
DA:59,0
DA:60,0
DA:61,0
DA:64,0
DA:65,0
DA:66,0
DA:67,0
DA:70,0
DA:71,0
DA:75,0
DA:76,0
DA:79,0
DA:80,0
DA:83,0
DA:88,0
DA:98,0
DA:103,0
DA:112,0
DA:116,0
DA:117,0
DA:118,0
DA:121,0
DA:122,0
DA:125,0
DA:127,0
DA:128,0
DA:129,0
DA:130,0
DA:131,0
DA:132,0
DA:139,0
DA:140,0
DA:142,0
DA:143,0
DA:155,0
DA:158,0
DA:160,0
DA:162,0
DA:163,0
DA:164,0
DA:165,0
DA:167,0
DA:168,0
DA:169,0
DA:172,0
DA:173,0
DA:176,0
DA:177,0
DA:179,0
DA:180,0
DA:185,0
DA:186,0
DA:187,0
DA:188,0
DA:189,0
DA:191,0
DA:192,0
DA:196,0
DA:197,0
DA:200,0
DA:201,0
LF:88
LH:0
BRDA:14,0,0,0
BRDA:14,0,1,0
BRDA:20,1,0,0
BRDA:20,1,1,0
BRDA:21,2,0,0
BRDA:21,2,1,0
BRDA:22,3,0,0
BRDA:22,3,1,0
BRDA:35,4,0,0
BRDA:35,4,1,0
BRDA:42,5,0,0
BRDA:42,5,1,0
BRDA:45,6,0,0
BRDA:45,6,1,0
BRDA:46,7,0,0
BRDA:46,7,1,0
BRDA:50,8,0,0
BRDA:50,8,1,0
BRDA:53,9,0,0
BRDA:53,9,1,0
BRDA:58,10,0,0
BRDA:58,10,1,0
BRDA:58,11,0,0
BRDA:58,11,1,0
BRDA:64,12,0,0
BRDA:64,12,1,0
BRDA:64,13,0,0
BRDA:64,13,1,0
BRDA:80,14,0,0
BRDA:80,14,1,0
BRDA:116,15,0,0
BRDA:116,15,1,0
BRDA:130,16,0,0
BRDA:130,16,1,0
BRDA:142,17,0,0
BRDA:142,17,1,0
BRDA:160,18,0,0
BRDA:160,18,1,0
BRDA:160,18,2,0
BRDA:160,18,3,0
BRDA:163,19,0,0
BRDA:163,19,1,0
BRDA:168,20,0,0
BRDA:168,20,1,0
BRDA:187,21,0,0
BRDA:187,21,1,0
BRF:46
BRH:0
end_of_record
TN:
SF:scripts/check-directives-data.js
FN:24,queryPendingDirectives
FN:61,(anonymous_1)
FNF:2
FNH:0
FNDA:0,queryPendingDirectives
FNDA:0,(anonymous_1)
DA:8,0
DA:9,0
DA:11,0
DA:12,0
DA:14,0
DA:17,0
DA:18,0
DA:19,0
DA:22,0
DA:25,0
DA:26,0
DA:27,0
DA:29,0
DA:31,0
DA:33,0
DA:39,0
DA:40,0
DA:41,0
DA:42,0
DA:43,0
DA:44,0
DA:46,0
DA:47,0
DA:51,0
DA:52,0
DA:54,0
DA:55,0
DA:56,0
DA:57,0
DA:61,0
DA:62,0
DA:63,0
DA:64,0
DA:65,0
DA:66,0
DA:67,0
DA:68,0
DA:71,0
DA:72,0
DA:74,0
DA:77,0
DA:78,0
DA:83,0
LF:43
LH:0
BRDA:14,0,0,0
BRDA:14,0,1,0
BRDA:14,1,0,0
BRDA:14,1,1,0
BRDA:14,1,2,0
BRDA:14,1,3,0
BRDA:39,2,0,0
BRDA:39,2,1,0
BRDA:40,3,0,0
BRDA:40,3,1,0
BRDA:54,4,0,0
BRDA:54,4,1,0
BRDA:54,5,0,0
BRDA:54,5,1,0
BRF:14
BRH:0
end_of_record
TN:
SF:scripts/complete-audit-sd.js
FN:10,completeAuditSD
FNF:1
FNH:0
FNDA:0,completeAuditSD
DA:7,0
DA:8,0
DA:11,0
DA:16,0
DA:17,0
DA:19,0
DA:21,0
DA:49,0
DA:50,0
DA:54,0
DA:75,0
DA:76,0
DA:79,0
DA:80,0
DA:81,0
DA:82,0
DA:83,0
DA:84,0
DA:85,0
DA:86,0
DA:87,0
DA:88,0
DA:89,0
DA:90,0
DA:91,0
DA:92,0
DA:93,0
DA:94,0
DA:97,0
DA:101,0
LF:30
LH:0
BRDA:49,0,0,0
BRDA:49,0,1,0
BRDA:75,1,0,0
BRDA:75,1,1,0
BRF:4
BRH:0
end_of_record
TN:
SF:scripts/complete-validation-ees.js
FN:11,completeValidationEES
FNF:1
FNH:0
FNDA:0,completeValidationEES
DA:8,0
DA:9,0
DA:12,0
DA:17,0
DA:19,0
DA:31,0
DA:32,0
DA:33,0
DA:36,0
DA:37,0
DA:38,0
DA:39,0
DA:40,0
DA:41,0
DA:44,0
LF:15
LH:0
BRDA:31,0,0,0
BRDA:31,0,1,0
BRF:2
BRH:0
end_of_record
TN:
SF:scripts/context-monitor.js
FN:11,(anonymous_0)
FN:16,(anonymous_1)
FN:30,(anonymous_2)
FN:37,(anonymous_3)
FN:48,(anonymous_4)
FNF:5
FNH:0
FNDA:0,(anonymous_0)
FNDA:0,(anonymous_1)
FNDA:0,(anonymous_2)
FNDA:0,(anonymous_3)
FNDA:0,(anonymous_4)
DA:8,0
DA:12,0
DA:13,0
DA:18,0
DA:19,0
DA:21,0
DA:22,0
DA:23,0
DA:27,0
DA:31,0
DA:32,0
DA:33,0
DA:34,0
DA:35,0
DA:36,0
DA:37,0
DA:38,0
DA:40,0
DA:43,0
DA:45,0
DA:49,0
DA:50,0
DA:52,0
DA:53,0
DA:54,0
DA:56,0
DA:57,0
DA:58,0
DA:60,0
DA:61,0
DA:62,0
DA:68,0
DA:70,0
DA:71,0
DA:81,0
DA:84,0
DA:86,0
DA:88,0
DA:89,0
DA:90,0
DA:92,0
DA:93,0
DA:94,0
DA:97,0
DA:98,0
DA:99,0
DA:100,0
DA:103,0
DA:104,0
LF:49
LH:0
BRDA:22,0,0,0
BRDA:22,0,1,0
BRDA:33,1,0,0
BRDA:33,1,1,0
BRDA:35,2,0,0
BRDA:35,2,1,0
BRDA:56,3,0,0
BRDA:56,3,1,0
BRDA:70,4,0,0
BRDA:70,4,1,0
BRDA:86,5,0,0
BRDA:86,5,1,0
BRDA:86,5,2,0
BRDA:88,6,0,0
BRDA:88,6,1,0
BRDA:93,7,0,0
BRDA:93,7,1,0
BRDA:99,8,0,0
BRDA:99,8,1,0
BRF:19
BRH:0
end_of_record
TN:
SF:scripts/create-tables-direct.js
FN:6,createTables
FNF:1
FNH:0
FNDA:0,createTables
DA:3,0
DA:4,0
DA:7,0
DA:9,0
DA:10,0
DA:12,0
DA:14,0
DA:16,0
DA:19,0
DA:36,0
DA:37,0
DA:38,0
DA:41,0
DA:61,0
DA:62,0
DA:64,0
DA:67,0
DA:70,0
DA:71,0
DA:75,0
DA:76,0
DA:77,0
DA:81,0
LF:23
LH:0
BRDA:36,0,0,0
BRDA:36,0,1,0
BRDA:37,1,0,0
BRDA:37,1,1,0
BRDA:61,2,0,0
BRDA:61,2,1,0
BRF:6
BRH:0
end_of_record
TN:
SF:scripts/execute-prd-sql.js
FN:10,executePRDSQL
FNF:1
FNH:0
FNDA:0,executePRDSQL
DA:7,0
DA:8,0
DA:11,0
DA:13,0
DA:14,0
DA:16,0
DA:17,0
DA:18,0
DA:21,0
DA:23,0
DA:25,0
DA:77,0
DA:78,0
DA:79,0
DA:82,0
DA:87,0
DA:88,0
DA:89,0
DA:90,0
DA:91,0
DA:92,0
DA:94,0
DA:97,0
DA:98,0
DA:105,0
DA:109,0
DA:113,0
LF:27
LH:0
BRDA:14,0,0,0
BRDA:14,0,1,0
BRDA:16,1,0,0
BRDA:16,1,1,0
BRDA:16,2,0,0
BRDA:16,2,1,0
BRDA:87,3,0,0
BRDA:87,3,1,0
BRDA:87,4,0,0
BRDA:87,4,1,0
BRDA:91,5,0,0
BRDA:91,5,1,0
BRF:12
BRH:0
end_of_record
TN:
SF:scripts/handoff-controller.js
FN:13,(anonymous_0)
FN:69,(anonymous_1)
FN:79,(anonymous_2)
FN:99,(anonymous_3)
FN:110,(anonymous_4)
FN:125,(anonymous_5)
FN:131,(anonymous_6)
FN:154,(anonymous_7)
FN:160,(anonymous_8)
FN:169,(anonymous_9)
FN:170,(anonymous_10)
FN:196,(anonymous_11)
FN:211,(anonymous_12)
FN:213,(anonymous_13)
FN:217,(anonymous_14)
FN:237,(anonymous_15)
FN:256,(anonymous_16)
FN:276,(anonymous_17)
FN:277,(anonymous_18)
FN:302,(anonymous_19)
FN:303,(anonymous_20)
FN:349,(anonymous_21)
FN:406,(anonymous_22)
FN:409,(anonymous_23)
FNF:24
FNH:0
FNDA:0,(anonymous_0)
FNDA:0,(anonymous_1)
FNDA:0,(anonymous_2)
FNDA:0,(anonymous_3)
FNDA:0,(anonymous_4)
FNDA:0,(anonymous_5)
FNDA:0,(anonymous_6)
FNDA:0,(anonymous_7)
FNDA:0,(anonymous_8)
FNDA:0,(anonymous_9)
FNDA:0,(anonymous_10)
FNDA:0,(anonymous_11)
FNDA:0,(anonymous_12)
FNDA:0,(anonymous_13)
FNDA:0,(anonymous_14)
FNDA:0,(anonymous_15)
FNDA:0,(anonymous_16)
FNDA:0,(anonymous_17)
FNDA:0,(anonymous_18)
FNDA:0,(anonymous_19)
FNDA:0,(anonymous_20)
FNDA:0,(anonymous_21)
FNDA:0,(anonymous_22)
FNDA:0,(anonymous_23)
DA:8,0
DA:9,0
DA:10,0
DA:14,0
DA:62,0
DA:63,0
DA:70,0
DA:80,0
DA:81,0
DA:82,0
DA:85,0
DA:88,0
DA:100,0
DA:101,0
DA:103,0
DA:111,0
DA:112,0
DA:113,0
DA:116,0
DA:117,0
DA:119,0
DA:126,0
DA:127,0
DA:128,0
DA:131,0
DA:132,0
DA:134,0
DA:135,0
DA:143,0
DA:155,0
DA:156,0
DA:157,0
DA:158,0
DA:159,0
DA:160,0
DA:161,0
DA:163,0
DA:164,0
DA:165,0
DA:167,0
DA:169,0
DA:170,0
DA:171,0
DA:172,0
DA:174,0
DA:183,0
DA:184,0
DA:185,0
DA:186,0
DA:188,0
DA:197,0
DA:198,0
DA:208,0
DA:209,0
DA:210,0
DA:211,0
DA:212,0
DA:213,0
DA:215,0
DA:216,0
DA:217,0
DA:221,0
DA:222,0
DA:223,0
DA:224,0
DA:227,0
DA:238,0
DA:239,0
DA:240,0
DA:243,0
DA:244,0
DA:245,0
DA:247,0
DA:248,0
DA:250,0
DA:257,0
DA:258,0
DA:259,0
DA:260,0
DA:263,0
DA:264,0
DA:265,0
DA:266,0
DA:267,0
DA:269,0
DA:270,0
DA:271,0
DA:274,0
DA:275,0
DA:276,0
DA:277,0
DA:278,0
DA:279,0
DA:280,0
DA:281,0
DA:283,0
DA:284,0
DA:289,0
DA:292,0
DA:294,0
DA:295,0
DA:296,0
DA:298,0
DA:299,0
DA:301,0
DA:302,0
DA:303,0
DA:304,0
DA:305,0
DA:309,0
DA:311,0
DA:312,0
DA:313,0
DA:315,0
DA:316,0
DA:321,0
DA:322,0
DA:325,0
DA:333,0
DA:334,0
DA:335,0
DA:336,0
DA:340,0
DA:341,0
DA:343,0
DA:350,0
DA:352,0
DA:353,0
DA:354,0
DA:355,0
DA:357,0
DA:358,0
DA:359,0
DA:362,0
DA:363,0
DA:364,0
DA:365,0
DA:368,0
DA:369,0
DA:372,0
DA:377,0
DA:378,0
DA:379,0
DA:380,0
DA:382,0
DA:384,0
DA:385,0
DA:386,0
DA:387,0
DA:388,0
DA:389,0
DA:391,0
DA:393,0
DA:396,0
DA:397,0
DA:400,0
DA:401,0
DA:402,0
DA:403,0
DA:405,0
DA:406,0
DA:407,0
DA:409,0
DA:410,0
DA:412,0
DA:415,0
DA:416,0
DA:417,0
DA:418,0
DA:419,0
DA:420,0
DA:421,0
DA:422,0
DA:423,0
DA:427,0
LF:175
LH:0
BRDA:81,0,0,0
BRDA:81,0,1,0
BRDA:112,1,0,0
BRDA:112,1,1,0
BRDA:127,2,0,0
BRDA:127,2,1,0
BRDA:134,3,0,0
BRDA:134,3,1,0
BRDA:134,4,0,0
BRDA:134,4,1,0
BRDA:172,5,0,0
BRDA:172,5,1,0
BRDA:196,6,0,0
BRDA:215,7,0,0
BRDA:215,7,1,0
BRDA:222,8,0,0
BRDA:222,8,1,0
BRDA:239,9,0,0
BRDA:239,9,1,0
BRDA:258,10,0,0
BRDA:258,10,1,0
BRDA:278,11,0,0
BRDA:278,11,1,0
BRDA:280,12,0,0
BRDA:280,12,1,0
BRDA:283,13,0,0
BRDA:283,13,1,0
BRDA:294,14,0,0
BRDA:294,14,1,0
BRDA:298,15,0,0
BRDA:298,15,1,0
BRDA:311,16,0,0
BRDA:311,16,1,0
BRDA:355,17,0,0
BRDA:355,17,1,0
BRDA:357,18,0,0
BRDA:357,18,1,0
BRDA:362,19,0,0
BRDA:362,19,1,0
BRDA:368,20,0,0
BRDA:368,20,1,0
BRDA:377,21,0,0
BRDA:377,21,1,0
BRDA:382,22,0,0
BRDA:382,22,1,0
BRDA:382,22,2,0
BRDA:382,22,3,0
BRDA:385,23,0,0
BRDA:385,23,1,0
BRDA:400,24,0,0
BRDA:400,24,1,0
BRDA:401,25,0,0
BRDA:401,25,1,0
BRF:53
BRH:0
end_of_record
TN:
SF:scripts/leo-checklist.js
FN:48,validateChecklist
FN:67,(anonymous_1)
FN:97,quickValidate
FN:102,(anonymous_3)
FN:103,(anonymous_4)
FN:103,(anonymous_5)
FN:104,(anonymous_6)
FN:159,(anonymous_7)
FNF:8
FNH:0
FNDA:0,validateChecklist
FNDA:0,(anonymous_1)
FNDA:0,quickValidate
FNDA:0,(anonymous_3)
FNDA:0,(anonymous_4)
FNDA:0,(anonymous_5)
FNDA:0,(anonymous_6)
FNDA:0,(anonymous_7)
DA:8,0
DA:9,0
DA:10,0
DA:12,0
DA:49,0
DA:50,0
DA:52,0
DA:53,0
DA:54,0
DA:55,0
DA:58,0
DA:59,0
DA:64,0
DA:65,0
DA:67,0
DA:68,0
DA:71,0
DA:72,0
DA:73,0
DA:75,0
DA:79,0
DA:81,0
DA:82,0
DA:84,0
DA:85,0
DA:86,0
DA:87,0
DA:89,0
DA:90,0
DA:91,0
DA:92,0
DA:93,0
DA:98,0
DA:101,0
DA:102,0
DA:103,0
DA:104,0
DA:107,0
DA:108,0
DA:109,0
DA:111,0
DA:116,0
DA:117,0
DA:118,0
DA:120,0
DA:121,0
DA:133,0
DA:136,0
DA:138,0
DA:139,0
DA:140,0
DA:142,0
DA:143,0
DA:146,0
DA:147,0
DA:148,0
DA:150,0
DA:151,0
DA:154,0
DA:155,0
DA:156,0
DA:158,0
DA:159,0
DA:160,0
DA:162,0
DA:165,0
DA:166,0
LF:67
LH:0
BRDA:53,0,0,0
BRDA:53,0,1,0
BRDA:71,1,0,0
BRDA:71,1,1,0
BRDA:71,2,0,0
BRDA:71,2,1,0
BRDA:84,3,0,0
BRDA:84,3,1,0
BRDA:102,4,0,0
BRDA:102,4,1,0
BRDA:103,5,0,0
BRDA:103,5,1,0
BRDA:104,6,0,0
BRDA:104,6,1,0
BRDA:108,7,0,0
BRDA:108,7,1,0
BRDA:108,8,0,0
BRDA:108,8,1,0
BRDA:120,9,0,0
BRDA:120,9,1,0
BRDA:136,10,0,0
BRDA:136,10,1,0
BRDA:136,10,2,0
BRDA:136,10,3,0
BRDA:138,11,0,0
BRDA:138,11,1,0
BRDA:146,12,0,0
BRDA:146,12,1,0
BRDA:154,13,0,0
BRDA:154,13,1,0
BRF:30
BRH:0
end_of_record
TN:
SF:scripts/leo-ci-monitor.js
FN:11,monitorCI
FN:106,(anonymous_1)
FN:109,(anonymous_2)
FN:113,(anonymous_3)
FN:114,(anonymous_4)
FN:143,getCurrentBranch
FN:151,getStatusEmoji
FN:161,getConclusionEmoji
FN:172,sleep
FN:173,(anonymous_9)
FN:192,(anonymous_10)
FN:195,(anonymous_11)
FNF:12
FNH:0
FNDA:0,monitorCI
FNDA:0,(anonymous_1)
FNDA:0,(anonymous_2)
FNDA:0,(anonymous_3)
FNDA:0,(anonymous_4)
FNDA:0,getCurrentBranch
FNDA:0,getStatusEmoji
FNDA:0,getConclusionEmoji
FNDA:0,sleep
FNDA:0,(anonymous_9)
FNDA:0,(anonymous_10)
FNDA:0,(anonymous_11)
DA:9,0
DA:17,0
DA:19,0
DA:25,0
DA:26,0
DA:27,0
DA:30,0
DA:31,0
DA:33,0
DA:34,0
DA:38,0
DA:39,0
DA:41,0
DA:42,0
DA:43,0
DA:45,0
DA:46,0
DA:48,0
DA:50,0
DA:55,0
DA:57,0
DA:58,0
DA:59,0
DA:60,0
DA:63,0
DA:64,0
DA:66,0
DA:67,0
DA:68,0
DA:69,0
DA:70,0
DA:71,0
DA:75,0
DA:76,0
DA:77,0
DA:79,0
DA:80,0
DA:83,0
DA:84,0
DA:85,0
DA:93,0
DA:95,0
DA:96,0
DA:97,0
DA:100,0
DA:105,0
DA:106,0
DA:108,0
DA:109,0
DA:110,0
DA:113,0
DA:114,0
DA:115,0
DA:119,0
DA:120,0
DA:125,0
DA:130,0
DA:133,0
DA:136,0
DA:139,0
DA:140,0
DA:144,0
DA:145,0
DA:147,0
DA:152,0
DA:158,0
DA:162,0
DA:169,0
DA:173,0
DA:177,0
DA:178,0
DA:179,0
DA:181,0
DA:182,0
DA:183,0
DA:185,0
DA:186,0
DA:187,0
DA:188,0
DA:191,0
DA:193,0
DA:196,0
DA:197,0
DA:201,0
LF:84
LH:0
BRDA:11,0,0,0
BRDA:13,1,0,0
BRDA:14,2,0,0
BRDA:15,3,0,0
BRDA:16,4,0,0
BRDA:57,5,0,0
BRDA:57,5,1,0
BRDA:64,6,0,0
BRDA:64,6,1,0
BRDA:66,7,0,0
BRDA:66,7,1,0
BRDA:75,8,0,0
BRDA:75,8,1,0
BRDA:79,9,0,0
BRDA:79,9,1,0
BRDA:96,10,0,0
BRDA:96,10,1,0
BRDA:119,11,0,0
BRDA:119,11,1,0
BRDA:158,12,0,0
BRDA:158,12,1,0
BRDA:169,13,0,0
BRDA:169,13,1,0
BRDA:177,14,0,0
BRDA:177,14,1,0
BRDA:185,15,0,0
BRDA:185,15,1,0
BRDA:186,16,0,0
BRDA:186,16,1,0
BRDA:187,17,0,0
BRDA:187,17,1,0
BRDA:188,18,0,0
BRDA:188,18,1,0
BRDA:193,19,0,0
BRDA:193,19,1,0
BRF:35
BRH:0
end_of_record
TN:
SF:scripts/leo-dashboard.js
FN:19,(anonymous_0)
FN:27,(anonymous_1)
FN:74,(anonymous_2)
FN:104,(anonymous_3)
FN:107,(anonymous_4)
FN:114,(anonymous_5)
FN:139,(anonymous_6)
FN:156,(anonymous_7)
FN:168,(anonymous_8)
FN:181,(anonymous_9)
FN:196,(anonymous_10)
FN:234,(anonymous_11)
FN:280,(anonymous_12)
FN:306,(anonymous_13)
FN:309,(anonymous_14)
FN:310,(anonymous_15)
FN:322,(anonymous_16)
FN:331,(anonymous_17)
FN:333,(anonymous_18)
FN:334,(anonymous_19)
FN:336,(anonymous_20)
FN:337,(anonymous_21)
FN:353,(anonymous_22)
FN:367,(anonymous_23)
FN:387,(anonymous_24)
FN:394,(anonymous_25)
FN:427,(anonymous_26)
FNF:27
FNH:0
FNDA:0,(anonymous_0)
FNDA:0,(anonymous_1)
FNDA:0,(anonymous_2)
FNDA:0,(anonymous_3)
FNDA:0,(anonymous_4)
FNDA:0,(anonymous_5)
FNDA:0,(anonymous_6)
FNDA:0,(anonymous_7)
FNDA:0,(anonymous_8)
FNDA:0,(anonymous_9)
FNDA:0,(anonymous_10)
FNDA:0,(anonymous_11)
FNDA:0,(anonymous_12)
FNDA:0,(anonymous_13)
FNDA:0,(anonymous_14)
FNDA:0,(anonymous_15)
FNDA:0,(anonymous_16)
FNDA:0,(anonymous_17)
FNDA:0,(anonymous_18)
FNDA:0,(anonymous_19)
FNDA:0,(anonymous_20)
FNDA:0,(anonymous_21)
FNDA:0,(anonymous_22)
FNDA:0,(anonymous_23)
FNDA:0,(anonymous_24)
FNDA:0,(anonymous_25)
FNDA:0,(anonymous_26)
DA:8,0
DA:9,0
DA:10,0
DA:11,0
DA:13,0
DA:14,0
DA:15,0
DA:16,0
DA:20,0
DA:21,0
DA:29,0
DA:30,0
DA:31,0
DA:32,0
DA:35,0
DA:38,0
DA:41,0
DA:43,0
DA:44,0
DA:45,0
DA:48,0
DA:55,0
DA:56,0
DA:58,0
DA:61,0
DA:64,0
DA:65,0
DA:67,0
DA:75,0
DA:76,0
DA:77,0
DA:80,0
DA:81,0
DA:83,0
DA:84,0
DA:86,0
DA:89,0
DA:90,0
DA:92,0
DA:95,0
DA:96,0
DA:105,0
DA:106,0
DA:107,0
DA:108,0
DA:115,0
DA:116,0
DA:117,0
DA:120,0
DA:121,0
DA:122,0
DA:123,0
DA:125,0
DA:126,0
DA:127,0
DA:130,0
DA:132,0
DA:140,0
DA:141,0
DA:142,0
DA:144,0
DA:145,0
DA:148,0
DA:149,0
DA:150,0
DA:151,0
DA:153,0
DA:156,0
DA:157,0
DA:158,0
DA:160,0
DA:169,0
DA:170,0
DA:171,0
DA:174,0
DA:175,0
DA:182,0
DA:185,0
DA:186,0
DA:189,0
DA:190,0
DA:197,0
DA:200,0
DA:201,0
DA:209,0
DA:210,0
DA:214,0
DA:216,0
DA:217,0
DA:221,0
DA:222,0
DA:223,0
DA:224,0
DA:227,0
DA:228,0
DA:235,0
DA:238,0
DA:265,0
DA:270,0
DA:271,0
DA:281,0
DA:282,0
DA:285,0
DA:286,0
DA:289,0
DA:290,0
DA:291,0
DA:293,0
DA:294,0
DA:298,0
DA:299,0
DA:307,0
DA:308,0
DA:309,0
DA:310,0
DA:311,0
DA:312,0
DA:314,0
DA:317,0
DA:318,0
DA:320,0
DA:322,0
DA:325,0
DA:332,0
DA:333,0
DA:334,0
DA:335,0
DA:336,0
DA:337,0
DA:341,0
DA:342,0
DA:343,0
DA:344,0
DA:354,0
DA:355,0
DA:356,0
DA:358,0
DA:361,0
DA:368,0
DA:388,0
DA:395,0
DA:428,0
DA:430,0
DA:431,0
DA:433,0
DA:434,0
DA:436,0
DA:437,0
DA:439,0
DA:440,0
DA:442,0
DA:443,0
DA:445,0
DA:446,0
DA:448,0
DA:449,0
DA:451,0
DA:452,0
DA:457,0
DA:458,0
DA:460,0
DA:461,0
DA:462,0
DA:468,0
DA:469,0
LF:165
LH:0
BRDA:29,0,0,0
BRDA:29,0,1,0
BRDA:44,1,0,0
BRDA:44,1,1,0
BRDA:61,2,0,0
BRDA:61,2,1,0
BRDA:64,3,0,0
BRDA:64,3,1,0
BRDA:67,4,0,0
BRDA:67,4,1,0
BRDA:75,5,0,0
BRDA:75,5,1,0
BRDA:83,6,0,0
BRDA:83,6,1,0
BRDA:95,7,0,0
BRDA:95,7,1,0
BRDA:115,8,0,0
BRDA:115,8,1,0
BRDA:123,9,0,0
BRDA:123,9,1,0
BRDA:141,10,0,0
BRDA:141,10,1,0
BRDA:148,11,0,0
BRDA:148,11,1,0
BRDA:150,12,0,0
BRDA:150,12,1,0
BRDA:157,13,0,0
BRDA:157,13,1,0
BRDA:169,14,0,0
BRDA:169,14,1,0
BRDA:182,15,0,0
BRDA:182,15,1,0
BRDA:185,16,0,0
BRDA:185,16,1,0
BRDA:222,17,0,0
BRDA:222,17,1,0
BRDA:281,18,0,0
BRDA:281,18,1,0
BRDA:289,19,0,0
BRDA:289,19,1,0
BRDA:306,20,0,0
BRDA:311,21,0,0
BRDA:311,21,1,0
BRDA:342,22,0,0
BRDA:342,22,1,0
BRDA:342,23,0,0
BRDA:342,23,1,0
BRDA:343,24,0,0
BRDA:343,24,1,0
BRDA:344,25,0,0
BRDA:344,25,1,0
BRDA:344,26,0,0
BRDA:344,26,1,0
BRDA:354,27,0,0
BRDA:354,27,1,0
BRDA:372,28,0,0
BRDA:372,28,1,0
BRDA:428,29,0,0
BRDA:428,29,1,0
BRDA:428,29,2,0
BRDA:428,29,3,0
BRDA:428,29,4,0
BRDA:428,29,5,0
BRDA:428,29,6,0
BRDA:428,29,7,0
BRDA:428,29,8,0
BRDA:428,29,9,0
BRDA:428,29,10,0
BRDA:428,29,11,0
BRDA:428,29,12,0
BRF:70
BRH:0
end_of_record
TN:
SF:scripts/leo-evidence-capture.js
FN:14,(anonymous_0)
FN:33,(anonymous_1)
FN:36,(anonymous_2)
FN:54,(anonymous_3)
FN:84,(anonymous_4)
FN:108,(anonymous_5)
FN:118,(anonymous_6)
FN:127,(anonymous_7)
FN:135,(anonymous_8)
FN:146,(anonymous_9)
FN:161,(anonymous_10)
FN:187,(anonymous_11)
FN:202,(anonymous_12)
FN:213,(anonymous_13)
FN:225,(anonymous_14)
FN:229,(anonymous_15)
FN:238,(anonymous_16)
FN:239,(anonymous_17)
FN:260,(anonymous_18)
FN:273,(anonymous_19)
FN:274,(anonymous_20)
FN:327,(anonymous_21)
FNF:22
FNH:0
FNDA:0,(anonymous_0)
FNDA:0,(anonymous_1)
FNDA:0,(anonymous_2)
FNDA:0,(anonymous_3)
FNDA:0,(anonymous_4)
FNDA:0,(anonymous_5)
FNDA:0,(anonymous_6)
FNDA:0,(anonymous_7)
FNDA:0,(anonymous_8)
FNDA:0,(anonymous_9)
FNDA:0,(anonymous_10)
FNDA:0,(anonymous_11)
FNDA:0,(anonymous_12)
FNDA:0,(anonymous_13)
FNDA:0,(anonymous_14)
FNDA:0,(anonymous_15)
FNDA:0,(anonymous_16)
FNDA:0,(anonymous_17)
FNDA:0,(anonymous_18)
FNDA:0,(anonymous_19)
FNDA:0,(anonymous_20)
FNDA:0,(anonymous_21)
DA:9,0
DA:10,0
DA:11,0
DA:15,0
DA:16,0
DA:17,0
DA:18,0
DA:34,0
DA:36,0
DA:37,0
DA:38,0
DA:39,0
DA:46,0
DA:55,0
DA:57,0
DA:58,0
DA:59,0
DA:61,0
DA:68,0
DA:69,0
DA:71,0
DA:76,0
DA:77,0
DA:85,0
DA:88,0
DA:89,0
DA:90,0
DA:92,0
DA:93,0
DA:98,0
DA:101,0
DA:105,0
DA:106,0
DA:107,0
DA:108,0
DA:109,0
DA:111,0
DA:119,0
DA:121,0
DA:127,0
DA:128,0
DA:136,0
DA:138,0
DA:139,0
DA:140,0
DA:141,0
DA:143,0
DA:146,0
DA:150,0
DA:151,0
DA:152,0
DA:154,0
DA:162,0
DA:165,0
DA:166,0
DA:170,0
DA:171,0
DA:172,0
DA:173,0
DA:176,0
DA:177,0
DA:178,0
DA:181,0
DA:182,0
DA:183,0
DA:184,0
DA:187,0
DA:188,0
DA:189,0
DA:190,0
DA:193,0
DA:196,0
DA:203,0
DA:213,0
DA:225,0
DA:229,0
DA:238,0
DA:239,0
DA:261,0
DA:262,0
DA:263,0
DA:264,0
DA:266,0
DA:274,0
DA:275,0
DA:277,0
DA:278,0
DA:279,0
DA:280,0
DA:285,0
DA:286,0
DA:288,0
DA:289,0
DA:307,0
DA:310,0
DA:311,0
DA:312,0
DA:315,0
DA:316,0
DA:317,0
DA:319,0
DA:321,0
DA:322,0
DA:323,0
DA:326,0
DA:327,0
DA:328,0
DA:329,0
DA:331,0
DA:334,0
DA:335,0
DA:336,0
DA:338,0
DA:341,0
DA:342,0
DA:343,0
DA:345,0
DA:348,0
DA:349,0
DA:350,0
DA:351,0
DA:353,0
DA:355,0
DA:357,0
DA:360,0
DA:361,0
DA:366,0
DA:367,0
DA:368,0
DA:371,0
LF:130
LH:0
BRDA:14,0,0,0
BRDA:37,1,0,0
BRDA:37,1,1,0
BRDA:59,2,0,0
BRDA:59,2,1,0
BRDA:68,3,0,0
BRDA:68,3,1,0
BRDA:92,4,0,0
BRDA:92,4,1,0
BRDA:106,5,0,0
BRDA:106,5,1,0
BRDA:147,6,0,0
BRDA:147,6,1,0
BRDA:165,7,0,0
BRDA:165,7,1,0
BRDA:181,8,0,0
BRDA:181,8,1,0
BRDA:183,9,0,0
BRDA:183,9,1,0
BRDA:189,10,0,0
BRDA:189,10,1,0
BRDA:215,11,0,0
BRDA:215,11,1,0
BRDA:219,12,0,0
BRDA:219,12,1,0
BRDA:220,13,0,0
BRDA:220,13,1,0
BRDA:221,14,0,0
BRDA:221,14,1,0
BRDA:230,15,0,0
BRDA:230,15,1,0
BRDA:232,16,0,0
BRDA:232,16,1,0
BRDA:235,17,0,0
BRDA:235,17,1,0
BRDA:235,18,0,0
BRDA:235,18,1,0
BRDA:243,19,0,0
BRDA:243,19,1,0
BRDA:246,20,0,0
BRDA:246,20,1,0
BRDA:277,21,0,0
BRDA:277,21,1,0
BRDA:277,22,0,0
BRDA:277,22,1,0
BRDA:278,23,0,0
BRDA:278,23,1,0
BRDA:279,24,0,0
BRDA:279,24,1,0
BRDA:285,25,0,0
BRDA:285,25,1,0
BRDA:288,26,0,0
BRDA:288,26,1,0
BRDA:319,27,0,0
BRDA:319,27,1,0
BRDA:319,27,2,0
BRDA:319,27,3,0
BRDA:319,27,4,0
BRDA:319,27,5,0
BRDA:326,28,0,0
BRDA:326,28,1,0
BRDA:334,29,0,0
BRDA:334,29,1,0
BRDA:341,30,0,0
BRDA:341,30,1,0
BRDA:348,31,0,0
BRDA:348,31,1,0
BRF:67
BRH:0
end_of_record
TN:
SF:scripts/leo-prd-validator.js
FN:13,(anonymous_0)
FN:72,(anonymous_1)
FN:105,(anonymous_2)
FN:127,(anonymous_3)
FN:139,(anonymous_4)
FN:150,(anonymous_5)
FN:179,(anonymous_6)
FN:231,(anonymous_7)
FN:244,(anonymous_8)
FN:245,(anonymous_9)
FN:270,(anonymous_10)
FN:280,(anonymous_11)
FN:281,(anonymous_12)
FN:310,(anonymous_13)
FN:355,(anonymous_14)
FN:401,(anonymous_15)
FN:427,(anonymous_16)
FN:432,(anonymous_17)
FN:433,(anonymous_18)
FN:453,(anonymous_19)
FN:470,(anonymous_20)
FN:489,(anonymous_21)
FN:495,(anonymous_22)
FN:500,(anonymous_23)
FN:503,(anonymous_24)
FN:518,(anonymous_25)
FN:526,(anonymous_26)
FN:534,(anonymous_27)
FN:543,(anonymous_28)
FN:599,(anonymous_29)
FN:613,(anonymous_30)
FN:637,(anonymous_31)
FN:640,(anonymous_32)
FN:649,(anonymous_33)
FN:658,(anonymous_34)
FN:673,(anonymous_35)
FN:728,(anonymous_36)
FN:746,(anonymous_37)
FN:759,(anonymous_38)
FNF:39
FNH:0
FNDA:0,(anonymous_0)
FNDA:0,(anonymous_1)
FNDA:0,(anonymous_2)
FNDA:0,(anonymous_3)
FNDA:0,(anonymous_4)
FNDA:0,(anonymous_5)
FNDA:0,(anonymous_6)
FNDA:0,(anonymous_7)
FNDA:0,(anonymous_8)
FNDA:0,(anonymous_9)
FNDA:0,(anonymous_10)
FNDA:0,(anonymous_11)
FNDA:0,(anonymous_12)
FNDA:0,(anonymous_13)
FNDA:0,(anonymous_14)
FNDA:0,(anonymous_15)
FNDA:0,(anonymous_16)
FNDA:0,(anonymous_17)
FNDA:0,(anonymous_18)
FNDA:0,(anonymous_19)
FNDA:0,(anonymous_20)
FNDA:0,(anonymous_21)
FNDA:0,(anonymous_22)
FNDA:0,(anonymous_23)
FNDA:0,(anonymous_24)
FNDA:0,(anonymous_25)
FNDA:0,(anonymous_26)
FNDA:0,(anonymous_27)
FNDA:0,(anonymous_28)
FNDA:0,(anonymous_29)
FNDA:0,(anonymous_30)
FNDA:0,(anonymous_31)
FNDA:0,(anonymous_32)
FNDA:0,(anonymous_33)
FNDA:0,(anonymous_34)
FNDA:0,(anonymous_35)
FNDA:0,(anonymous_36)
FNDA:0,(anonymous_37)
FNDA:0,(anonymous_38)
DA:9,0
DA:10,0
DA:15,0
DA:28,0
DA:42,0
DA:53,0
DA:60,0
DA:73,0
DA:74,0
DA:75,0
DA:77,0
DA:79,0
DA:80,0
DA:81,0
DA:84,0
DA:85,0
DA:88,0
DA:91,0
DA:92,0
DA:96,0
DA:97,0
DA:99,0
DA:106,0
DA:127,0
DA:128,0
DA:129,0
DA:131,0
DA:132,0
DA:133,0
DA:134,0
DA:139,0
DA:140,0
DA:141,0
DA:143,0
DA:144,0
DA:145,0
DA:150,0
DA:151,0
DA:152,0
DA:154,0
DA:155,0
DA:160,0
DA:161,0
DA:162,0
DA:163,0
DA:164,0
DA:165,0
DA:168,0
DA:171,0
DA:173,0
DA:181,0
DA:182,0
DA:183,0
DA:185,0
DA:186,0
DA:187,0
DA:191,0
DA:192,0
DA:193,0
DA:195,0
DA:196,0
DA:200,0
DA:201,0
DA:202,0
DA:204,0
DA:208,0
DA:209,0
DA:210,0
DA:214,0
DA:215,0
DA:216,0
DA:220,0
DA:221,0
DA:222,0
DA:224,0
DA:233,0
DA:234,0
DA:236,0
DA:239,0
DA:240,0
DA:243,0
DA:244,0
DA:245,0
DA:246,0
DA:249,0
DA:252,0
DA:253,0
DA:254,0
DA:255,0
DA:256,0
DA:257,0
DA:261,0
DA:262,0
DA:263,0
DA:272,0
DA:273,0
DA:274,0
DA:275,0
DA:276,0
DA:279,0
DA:280,0
DA:281,0
DA:282,0
DA:284,0
DA:286,0
DA:287,0
DA:288,0
DA:293,0
DA:294,0
DA:296,0
DA:297,0
DA:301,0
DA:302,0
DA:303,0
DA:312,0
DA:314,0
DA:315,0
DA:321,0
DA:322,0
DA:323,0
DA:324,0
DA:325,0
DA:326,0
DA:330,0
DA:331,0
DA:332,0
DA:337,0
DA:338,0
DA:339,0
DA:340,0
DA:344,0
DA:345,0
DA:347,0
DA:348,0
DA:356,0
DA:357,0
DA:360,0
DA:361,0
DA:362,0
DA:366,0
DA:367,0
DA:368,0
DA:372,0
DA:373,0
DA:374,0
DA:378,0
DA:379,0
DA:380,0
DA:381,0
DA:385,0
DA:386,0
DA:387,0
DA:390,0
DA:392,0
DA:393,0
DA:394,0
DA:402,0
DA:403,0
DA:405,0
DA:406,0
DA:408,0
DA:409,0
DA:410,0
DA:411,0
DA:414,0
DA:415,0
DA:416,0
DA:418,0
DA:428,0
DA:429,0
DA:432,0
DA:433,0
[...]
DA:78,0
DA:81,0
DA:82,0
DA:83,0
DA:87,0
LF:51
LH:0
BRDA:18,0,0,0
BRDA:18,0,1,0
BRDA:25,1,0,0
BRDA:25,1,1,0
BRDA:64,2,0,0
BRDA:64,2,1,0
BRDA:66,3,0,0
BRDA:66,3,1,0
BRDA:73,4,0,0
BRDA:73,4,1,0
BRF:10
BRH:0
end_of_record
TN:
SF:scripts/setup-database.js
FN:6,setupDatabase
FNF:1
FNH:0
FNDA:0,setupDatabase
DA:1,0
DA:2,0
DA:3,0
DA:4,0
DA:7,0
DA:9,0
DA:10,0
DA:12,0
DA:15,0
DA:16,0
DA:17,0
DA:20,0
DA:21,0
DA:24,0
DA:25,0
DA:27,0
DA:28,0
DA:29,0
DA:32,0
DA:37,0
DA:39,0
DA:40,0
DA:41,0
DA:42,0
DA:43,0
DA:44,0
DA:45,0
DA:46,0
DA:48,0
DA:49,0
DA:53,0
DA:54,0
DA:55,0
DA:56,0
DA:57,0
DA:60,0
DA:61,0
DA:62,0
DA:63,0
DA:67,0
LF:40
LH:0
BRDA:12,0,0,0
BRDA:12,0,1,0
BRDA:12,1,0,0
BRDA:12,1,1,0
BRDA:12,1,2,0
BRDA:12,1,3,0
BRDA:37,2,0,0
BRDA:37,2,1,0
BRDA:37,3,0,0
BRDA:37,3,1,0
BRDA:39,4,0,0
BRDA:39,4,1,0
BRDA:39,5,0,0
BRDA:39,5,1,0
BRF:14
BRH:0
end_of_record
TN:
SF:scripts/setup-prd-database.js
FN:13,setupPRDDatabase
FNF:1
FNH:0
FNDA:0,setupPRDDatabase
DA:8,0
DA:9,0
DA:10,0
DA:11,0
DA:14,0
DA:16,0
DA:17,0
DA:19,0
DA:20,0
DA:21,0
DA:24,0
DA:27,0
DA:28,0
DA:30,0
DA:31,0
DA:32,0
DA:33,0
DA:34,0
DA:36,0
DA:37,0
DA:38,0
DA:39,0
DA:40,0
DA:41,0
DA:44,0
DA:45,0
DA:50,0
DA:51,0
DA:52,0
DA:54,0
DA:57,0
DA:60,0
DA:64,0
LF:33
LH:0
BRDA:19,0,0,0
BRDA:19,0,1,0
BRDA:19,1,0,0
BRDA:19,1,1,0
BRDA:50,2,0,0
BRDA:50,2,1,0
BRDA:51,3,0,0
BRDA:51,3,1,0
BRDA:51,4,0,0
BRDA:51,4,1,0
BRF:10
BRH:0
end_of_record
TN:
SF:scripts/switch-context.js
FN:15,(anonymous_0)
FN:25,(anonymous_1)
FN:34,(anonymous_2)
FN:44,(anonymous_3)
FN:50,(anonymous_4)
FN:63,(anonymous_5)
FN:74,(anonymous_6)
FN:88,(anonymous_7)
FN:112,(anonymous_8)
FN:125,(anonymous_9)
FN:150,(anonymous_10)
FN:202,(anonymous_11)
FN:234,(anonymous_12)
FN:250,(anonymous_13)
FN:268,run
FNF:15
FNH:0
FNDA:0,(anonymous_0)
FNDA:0,(anonymous_1)
FNDA:0,(anonymous_2)
FNDA:0,(anonymous_3)
FNDA:0,(anonymous_4)
FNDA:0,(anonymous_5)
FNDA:0,(anonymous_6)
FNDA:0,(anonymous_7)
FNDA:0,(anonymous_8)
FNDA:0,(anonymous_9)
FNDA:0,(anonymous_10)
FNDA:0,(anonymous_11)
FNDA:0,(anonymous_12)
FNDA:0,(anonymous_13)
FNDA:0,run
DA:9,0
DA:10,0
DA:11,0
DA:12,0
DA:16,0
DA:17,0
DA:18,0
DA:19,0
DA:26,0
DA:27,0
DA:28,0
DA:30,0
DA:35,0
DA:36,0
DA:37,0
DA:39,0
DA:40,0
DA:45,0
DA:47,0
DA:48,0
DA:49,0
DA:50,0
DA:51,0
DA:53,0
DA:56,0
DA:57,0
DA:60,0
DA:64,0
DA:65,0
DA:66,0
DA:67,0
DA:69,0
DA:70,0
DA:75,0
DA:77,0
DA:78,0
DA:79,0
DA:85,0
DA:86,0
DA:88,0
DA:89,0
DA:90,0
DA:91,0
DA:92,0
DA:98,0
DA:99,0
DA:100,0
DA:101,0
DA:102,0
DA:103,0
DA:104,0
DA:107,0
DA:112,0
DA:116,0
DA:118,0
DA:120,0
DA:121,0
DA:126,0
DA:128,0
DA:141,0
DA:142,0
DA:146,0
DA:151,0
DA:154,0
DA:155,0
DA:156,0
DA:160,0
DA:162,0
DA:163,0
DA:164,0
DA:168,0
DA:169,0
DA:170,0
DA:174,0
DA:177,0
DA:180,0
DA:183,0
DA:199,0
DA:203,0
DA:205,0
DA:206,0
DA:207,0
DA:208,0
DA:211,0
DA:212,0
DA:213,0
DA:214,0
DA:217,0
DA:235,0
DA:236,0
DA:238,0
DA:244,0
DA:245,0
DA:246,0
DA:247,0
DA:250,0
DA:251,0
DA:252,0
DA:253,0
DA:254,0
DA:255,0
DA:256,0
DA:259,0
DA:264,0
DA:265,0
DA:266,0
DA:269,0
DA:272,0
DA:273,0
DA:277,0
DA:278,0
DA:281,0
DA:283,0
DA:285,0
DA:306,0
DA:309,0
LF:116
LH:0
BRDA:47,0,0,0
BRDA:47,0,1,0
BRDA:56,1,0,0
BRDA:56,1,1,0
BRDA:89,2,0,0
BRDA:89,2,1,0
BRDA:89,3,0,0
BRDA:89,3,1,0
BRDA:91,4,0,0
BRDA:91,4,1,0
BRDA:104,5,0,0
BRDA:104,5,1,0
BRDA:136,6,0,0
BRDA:136,6,1,0
BRDA:141,7,0,0
BRDA:141,7,1,0
BRDA:155,8,0,0
BRDA:155,8,1,0
BRDA:162,9,0,0
BRDA:162,9,1,0
BRDA:169,10,0,0
BRDA:169,10,1,0
BRDA:188,11,0,0
BRDA:188,11,1,0
BRDA:205,12,0,0
BRDA:205,12,1,0
BRDA:212,13,0,0
BRDA:212,13,1,0
BRDA:244,14,0,0
BRDA:244,14,1,0
BRDA:251,15,0,0
BRDA:251,15,1,0
BRDA:252,16,0,0
BRDA:252,16,1,0
BRDA:264,17,0,0
BRDA:264,17,1,0
BRDA:269,18,0,0
BRDA:269,18,1,0
BRDA:269,18,2,0
BRDA:269,18,3,0
BRDA:269,18,4,0
BRDA:281,19,0,0
BRDA:281,19,1,0
BRF:43
BRH:0
end_of_record
TN:
SF:scripts/sync-github.js
FN:10,main
FNF:1
FNH:0
FNDA:0,main
DA:8,0
DA:11,0
DA:12,0
DA:13,0
DA:15,0
DA:16,0
DA:17,0
DA:18,0
DA:20,0
DA:21,0
DA:25,0
LF:11
LH:0
BRDA:12,0,0,0
BRDA:12,0,1,0
BRDA:16,1,0,0
BRDA:16,1,1,0
BRF:4
BRH:0
end_of_record
TN:
SF:scripts/sync-manager.js
FN:10,main
FNF:1
FNH:0
FNDA:0,main
DA:8,0
DA:11,0
DA:12,0
DA:14,0
DA:15,0
DA:16,0
DA:18,0
DA:19,0
DA:22,0
DA:23,0
DA:27,0
LF:11
LH:0
BRDA:15,0,0,0
BRDA:15,0,1,0
BRDA:18,1,0,0
BRDA:18,1,1,0
BRF:4
BRH:0
end_of_record
TN:
SF:scripts/sync-supabase.js
FN:10,main
FNF:1
FNH:0
FNDA:0,main
DA:8,0
DA:11,0
DA:12,0
DA:13,0
DA:15,0
DA:16,0
DA:17,0
DA:18,0
DA:20,0
DA:21,0
DA:25,0
LF:11
LH:0
BRDA:12,0,0,0
BRDA:12,0,1,0
BRDA:16,1,0,0
BRDA:16,1,1,0
BRF:4
BRH:0
end_of_record
TN:
SF:scripts/test-connections.js
FN:17,(anonymous_0)
FN:21,(anonymous_1)
FN:50,(anonymous_2)
FN:55,(anonymous_3)
FN:113,(anonymous_4)
FN:154,(anonymous_5)
FN:155,(anonymous_6)
FN:159,(anonymous_7)
FN:161,(anonymous_8)
FN:171,(anonymous_9)
FNF:10
FNH:0
FNDA:0,(anonymous_0)
FNDA:0,(anonymous_1)
FNDA:0,(anonymous_2)
FNDA:0,(anonymous_3)
FNDA:0,(anonymous_4)
FNDA:0,(anonymous_5)
FNDA:0,(anonymous_6)
FNDA:0,(anonymous_7)
FNDA:0,(anonymous_8)
FNDA:0,(anonymous_9)
DA:8,0
DA:9,0
DA:10,0
DA:11,0
DA:12,0
DA:14,0
DA:18,0
DA:22,0
DA:28,0
DA:29,0
DA:30,0
DA:32,0
DA:33,0
DA:34,0
DA:35,0
DA:36,0
DA:38,0
DA:39,0
DA:42,0
DA:45,0
DA:46,0
DA:51,0
DA:52,0
DA:56,0
DA:57,0
DA:60,0
DA:63,0
DA:64,0
DA:67,0
DA:70,0
DA:71,0
DA:72,0
DA:73,0
DA:76,0
DA:79,0
DA:80,0
DA:81,0
DA:83,0
DA:84,0
DA:87,0
DA:88,0
DA:89,0
DA:92,0
DA:93,0
DA:94,0
DA:95,0
DA:97,0
DA:100,0
DA:103,0
DA:106,0
DA:109,0
DA:114,0
DA:117,0
DA:121,0
DA:122,0
DA:125,0
DA:128,0
DA:130,0
DA:131,0
DA:132,0
DA:133,0
DA:134,0
DA:137,0
DA:138,0
DA:139,0
DA:141,0
DA:144,0
DA:147,0
DA:150,0
DA:155,0
DA:156,0
DA:160,0
DA:162,0
DA:169,0
DA:170,0
DA:171,0
DA:172,0
DA:173,0
DA:177,0
LF:79
LH:0
BRDA:70,0,0,0
BRDA:70,0,1,0
BRDA:72,1,0,0
BRDA:72,1,1,0
BRDA:83,2,0,0
BRDA:83,2,1,0
BRDA:94,3,0,0
BRDA:94,3,1,0
BRDA:117,4,0,0
BRDA:117,4,1,0
BRDA:117,5,0,0
BRDA:117,5,1,0
BRDA:117,5,2,0
BRDA:117,5,3,0
BRDA:125,6,0,0
BRDA:125,6,1,0
BRDA:128,7,0,0
BRDA:128,7,1,0
BRDA:130,8,0,0
BRDA:130,8,1,0
BRDA:130,9,0,0
BRDA:130,9,1,0
BRDA:133,10,0,0
BRDA:133,10,1,0
BRDA:169,11,0,0
BRDA:169,11,1,0
BRF:26
BRH:0
end_of_record
TN:
SF:scripts/test-database.js
FN:4,testDatabase
FNF:1
FNH:0
FNDA:0,testDatabase
DA:1,0
DA:2,0
DA:5,0
DA:7,0
DA:8,0
DA:10,0
DA:13,0
DA:14,0
DA:15,0
DA:18,0
DA:19,0
DA:20,0
DA:23,0
DA:24,0
DA:29,0
DA:30,0
DA:31,0
DA:32,0
DA:33,0
DA:35,0
DA:36,0
DA:39,0
DA:43,0
DA:44,0
DA:49,0
DA:50,0
DA:51,0
DA:52,0
DA:53,0
DA:55,0
DA:56,0
DA:59,0
DA:63,0
DA:64,0
DA:69,0
DA:70,0
DA:71,0
DA:72,0
DA:73,0
DA:75,0
DA:76,0
DA:79,0
DA:83,0
DA:84,0
DA:85,0
DA:86,0
DA:88,0
DA:89,0
DA:90,0
DA:91,0
DA:92,0
DA:93,0
DA:94,0
DA:98,0
DA:99,0
DA:103,0
LF:56
LH:0
BRDA:10,0,0,0
BRDA:10,0,1,0
BRDA:10,1,0,0
BRDA:10,1,1,0
BRDA:10,1,2,0
BRDA:10,1,3,0
BRDA:29,2,0,0
BRDA:29,2,1,0
BRDA:30,3,0,0
BRDA:30,3,1,0
BRDA:49,4,0,0
BRDA:49,4,1,0
BRDA:50,5,0,0
BRDA:50,5,1,0
BRDA:69,6,0,0
BRDA:69,6,1,0
BRDA:70,7,0,0
BRDA:70,7,1,0
BRDA:83,8,0,0
BRDA:83,8,1,0
BRF:20
BRH:0
end_of_record
TN:
SF:scripts/test-ehg-connection.js
FN:15,(anonymous_0)
FN:27,(anonymous_1)
FN:56,(anonymous_2)
FN:105,(anonymous_3)
FN:156,(anonymous_4)
FN:177,(anonymous_5)
FN:189,(anonymous_6)
FN:190,(anonymous_7)
FN:197,(anonymous_8)
FN:199,(anonymous_9)
FN:200,(anonymous_10)
FN:211,(anonymous_11)
FN:215,(anonymous_12)
FN:216,(anonymous_13)
FN:219,(anonymous_14)
FN:221,(anonymous_15)
FN:231,(anonymous_16)
FNF:17
FNH:0
FNDA:0,(anonymous_0)
FNDA:0,(anonymous_1)
FNDA:0,(anonymous_2)
FNDA:0,(anonymous_3)
FNDA:0,(anonymous_4)
FNDA:0,(anonymous_5)
FNDA:0,(anonymous_6)
FNDA:0,(anonymous_7)
FNDA:0,(anonymous_8)
FNDA:0,(anonymous_9)
FNDA:0,(anonymous_10)
FNDA:0,(anonymous_11)
FNDA:0,(anonymous_12)
FNDA:0,(anonymous_13)
FNDA:0,(anonymous_14)
FNDA:0,(anonymous_15)
FNDA:0,(anonymous_16)
DA:8,0
DA:9,0
DA:10,0
DA:12,0
DA:18,0
DA:28,0
DA:38,0
DA:41,0
DA:43,0
DA:46,0
DA:48,0
DA:51,0
DA:53,0
DA:57,0
DA:60,0
DA:61,0
DA:62,0
DA:63,0
DA:65,0
DA:66,0
DA:67,0
DA:68,0
DA:69,0
DA:70,0
DA:72,0
DA:75,0
DA:79,0
DA:80,0
DA:81,0
DA:82,0
DA:84,0
DA:88,0
DA:89,0
DA:90,0
DA:91,0
DA:94,0
DA:95,0
DA:96,0
DA:98,0
DA:101,0
DA:106,0
DA:109,0
DA:110,0
DA:111,0
DA:112,0
DA:113,0
DA:114,0
DA:115,0
DA:117,0
DA:120,0
DA:124,0
DA:125,0
DA:126,0
DA:127,0
DA:130,0
DA:131,0
DA:132,0
DA:133,0
DA:135,0
DA:138,0
DA:139,0
DA:141,0
DA:145,0
DA:146,0
DA:150,0
DA:151,0
DA:152,0
DA:153,0
DA:157,0
DA:159,0
DA:161,0
DA:162,0
DA:165,0
DA:166,0
DA:167,0
DA:168,0
DA:169,0
DA:170,0
DA:172,0
DA:176,0
DA:177,0
DA:178,0
DA:179,0
DA:181,0
DA:185,0
DA:190,0
DA:191,0
DA:198,0
DA:199,0
DA:200,0
DA:201,0
DA:202,0
DA:203,0
DA:205,0
DA:208,0
DA:211,0
DA:216,0
DA:217,0
DA:220,0
DA:222,0
DA:229,0
DA:230,0
DA:231,0
DA:232,0
DA:233,0
DA:237,0
LF:106
LH:0
BRDA:65,0,0,0
BRDA:65,0,1,0
BRDA:67,1,0,0
BRDA:67,1,1,0
BRDA:112,2,0,0
BRDA:112,2,1,0
BRDA:132,3,0,0
BRDA:132,3,1,0
BRDA:138,4,0,0
BRDA:138,4,1,0
BRDA:166,5,0,0
BRDA:166,5,1,0
BRDA:168,6,0,0
BRDA:168,6,1,0
BRDA:178,7,0,0
BRDA:178,7,1,0
BRDA:201,8,0,0
BRDA:201,8,1,0
BRDA:229,9,0,0
BRDA:229,9,1,0
BRF:20
BRH:0
end_of_record
TN:
SF:scripts/test-supabase-db.js
FN:11,testSupabaseConnection
FN:39,(anonymous_1)
FNF:2
FNH:0
FNDA:0,testSupabaseConnection
FNDA:0,(anonymous_1)
DA:7,0
DA:8,0
DA:9,0
DA:12,0
DA:21,0
DA:23,0
DA:24,0
DA:25,0
DA:26,0
DA:28,0
DA:29,0
DA:33,0
DA:34,0
DA:35,0
DA:36,0
DA:39,0
DA:40,0
DA:44,0
DA:45,0
DA:46,0
DA:47,0
DA:48,0
DA:49,0
DA:51,0
DA:52,0
DA:55,0
DA:59,0
DA:60,0
DA:61,0
DA:64,0
DA:65,0
DA:66,0
DA:67,0
DA:68,0
DA:71,0
DA:74,0
DA:75,0
DA:76,0
DA:77,0
DA:78,0
DA:81,0
DA:86,0
LF:42
LH:0
BRDA:40,0,0,0
BRDA:40,0,1,0
BRDA:44,1,0,0
BRDA:44,1,1,0
BRDA:49,2,0,0
BRDA:49,2,1,0
BRDA:67,3,0,0
BRDA:67,3,1,0
BRF:8
BRH:0
end_of_record
TN:
SF:scripts/test-vision-qa-setup.js
FN:18,testSetup
FN:125,(anonymous_1)
FNF:2
FNH:0
FNDA:0,testSetup
FNDA:0,(anonymous_1)
DA:8,0
DA:9,0
DA:10,0
DA:12,0
DA:19,0
DA:20,0
DA:21,0
DA:24,0
DA:26,0
DA:27,0
DA:28,0
DA:29,0
DA:31,0
DA:34,0
DA:35,0
DA:36,0
DA:37,0
DA:39,0
DA:40,0
DA:43,0
DA:44,0
DA:45,0
DA:47,0
DA:50,0
DA:53,0
DA:54,0
DA:55,0
DA:56,0
DA:63,0
DA:64,0
DA:65,0
DA:66,0
DA:68,0
DA:69,0
DA:70,0
DA:75,0
DA:76,0
DA:77,0
DA:78,0
DA:84,0
DA:85,0
DA:86,0
DA:87,0
DA:89,0
DA:90,0
DA:91,0
DA:96,0
DA:98,0
DA:99,0
DA:105,0
DA:106,0
DA:107,0
DA:108,0
DA:109,0
DA:111,0
DA:112,0
DA:116,0
DA:118,0
DA:125,0
DA:126,0
DA:127,0
DA:128,0
DA:129,0
DA:130,0
DA:134,0
DA:135,0
DA:136,0
DA:137,0
DA:138,0
DA:139,0
DA:141,0
DA:142,0
DA:143,0
DA:144,0
DA:146,0
DA:147,0
DA:149,0
DA:150,0
DA:153,0
DA:154,0
DA:155,0
DA:156,0
DA:160,0
LF:83
LH:0
BRDA:26,0,0,0
BRDA:26,0,1,0
BRDA:26,1,0,0
BRDA:26,1,1,0
BRDA:34,2,0,0
BRDA:34,2,1,0
BRDA:34,3,0,0
BRDA:34,3,1,0
BRDA:43,4,0,0
BRDA:43,4,1,0
BRDA:43,5,0,0
BRDA:43,5,1,0
BRDA:53,6,0,0
BRDA:53,6,1,0
BRDA:75,7,0,0
BRDA:75,7,1,0
BRDA:107,8,0,0
BRDA:107,8,1,0
BRDA:128,9,0,0
BRDA:128,9,1,0
BRDA:141,10,0,0
BRDA:141,10,1,0
BRDA:141,11,0,0
BRDA:141,11,1,0
BRF:24
BRH:0
end_of_record
TN:
SF:scripts/update-audit-prd.js
FN:11,updateAuditPRD
FN:249,(anonymous_1)
FN:254,(anonymous_2)
FNF:3
FNH:0
FNDA:0,updateAuditPRD
FNDA:0,(anonymous_1)
FNDA:0,(anonymous_2)
DA:8,0
DA:9,0
DA:12,0
DA:14,0
DA:19,0
DA:21,0
DA:234,0
DA:235,0
DA:242,0
DA:243,0
DA:244,0
DA:247,0
DA:248,0
DA:249,0
DA:250,0
DA:253,0
DA:254,0
DA:255,0
DA:258,0
DA:261,0
DA:265,0
LF:21
LH:0
BRDA:242,0,0,0
BRDA:242,0,1,0
BRDA:250,1,0,0
BRDA:250,1,1,0
BRF:4
BRH:0
end_of_record
TN:
SF:scripts/update-directive-status.js
FN:26,updateDirectiveStatus
FNF:1
FNH:0
FNDA:0,updateDirectiveStatus
DA:8,0
DA:9,0
DA:10,0
DA:11,0
DA:13,0
DA:14,0
DA:16,0
DA:19,0
DA:20,0
DA:21,0
DA:24,0
DA:27,0
DA:28,0
DA:30,0
DA:40,0
DA:41,0
DA:42,0
DA:43,0
DA:44,0
DA:46,0
DA:47,0
DA:50,0
DA:51,0
DA:52,0
DA:55,0
DA:56,0
DA:57,0
DA:59,0
DA:86,0
DA:87,0
DA:88,0
DA:92,0
DA:93,0
DA:98,0
DA:99,0
DA:100,0
DA:101,0
DA:102,0
DA:105,0
DA:106,0
LF:40
LH:0
BRDA:16,0,0,0
BRDA:16,0,1,0
BRDA:16,1,0,0
BRDA:16,1,1,0
BRDA:16,1,2,0
BRDA:16,1,3,0
BRDA:40,2,0,0
BRDA:40,2,1,0
BRDA:41,3,0,0
BRDA:41,3,1,0
BRDA:50,4,0,0
BRDA:50,4,1,0
BRDA:99,5,0,0
BRDA:99,5,1,0
BRF:14
BRH:0
end_of_record
TN:
SF:scripts/update-exec-complete.js
FN:10,updateEXECComplete
FN:26,(anonymous_1)
FNF:2
FNH:0
FNDA:0,updateEXECComplete
FNDA:0,(anonymous_1)
DA:7,0
DA:8,0
DA:11,0
DA:16,0
DA:18,0
DA:20,0
DA:26,0
DA:31,0
DA:63,0
DA:64,0
DA:65,0
DA:68,0
DA:69,0
DA:70,0
DA:71,0
DA:72,0
DA:73,0
DA:74,0
DA:75,0
DA:76,0
DA:79,0
DA:83,0
LF:22
LH:0
BRDA:63,0,0,0
BRDA:63,0,1,0
BRF:2
BRH:0
end_of_record
TN:
SF:scripts/update-plan-verification.js
FN:10,updatePLANVerification
FN:27,(anonymous_1)
FNF:2
FNH:0
FNDA:0,updatePLANVerification
FNDA:0,(anonymous_1)
DA:7,0
DA:8,0
DA:11,0
DA:16,0
DA:18,0
DA:20,0
DA:27,0
DA:32,0
DA:66,0
DA:67,0
DA:68,0
DA:71,0
DA:72,0
DA:73,0
DA:74,0
DA:75,0
DA:76,0
DA:77,0
DA:78,0
DA:79,0
DA:80,0
DA:83,0
DA:87,0
LF:23
LH:0
BRDA:66,0,0,0
BRDA:66,0,1,0
BRF:2
BRH:0
end_of_record
TN:
SF:scripts/update-prd-status.js
FN:10,updatePRDStatus
FNF:1
FNH:0
FNDA:0,updatePRDStatus
DA:7,0
DA:8,0
DA:11,0
DA:16,0
DA:18,0
DA:19,0
DA:44,0
DA:45,0
DA:46,0
DA:49,0
DA:50,0
DA:51,0
DA:52,0
DA:53,0
DA:56,0
DA:60,0
LF:16
LH:0
BRDA:44,0,0,0
BRDA:44,0,1,0
BRF:2
BRH:0
end_of_record
TN:
SF:scripts/update-sd-content.js
FN:11,updateSDContent
FNF:1
FNH:0
FNDA:0,updateSDContent
DA:8,0
DA:9,0
DA:12,0
DA:17,0
DA:83,0
DA:85,0
DA:91,0
DA:92,0
DA:93,0
DA:96,0
DA:97,0
DA:98,0
DA:99,0
DA:100,0
DA:101,0
DA:102,0
DA:103,0
DA:104,0
DA:105,0
DA:108,0
LF:20
LH:0
BRDA:91,0,0,0
BRDA:91,0,1,0
BRF:2
BRH:0
end_of_record
TN:
SF:scripts/update-sd-details.js
FN:10,updateSDDetails
FNF:1
FNH:0
FNDA:0,updateSDDetails
DA:7,0
DA:8,0
DA:11,0
DA:12,0
DA:14,0
DA:16,0
DA:18,0
DA:19,0
DA:71,0
DA:72,0
DA:73,0
DA:76,0
DA:77,0
DA:80,0
DA:81,0
DA:85,0
LF:16
LH:0
BRDA:71,0,0,0
BRDA:71,0,1,0
BRF:2
BRH:0
end_of_record
TN:
SF:scripts/verify-connection.js
FN:4,testConnection
FNF:1
FNH:0
FNDA:0,testConnection
DA:1,0
DA:2,0
DA:5,0
DA:7,0
DA:8,0
DA:10,0
DA:13,0
DA:14,0
DA:15,0
DA:18,0
DA:19,0
DA:22,0
DA:27,0
DA:29,0
DA:30,0
DA:33,0
DA:34,0
DA:35,0
DA:38,0
DA:39,0
DA:43,0
LF:21
LH:0
BRDA:10,0,0,0
BRDA:10,0,1,0
BRDA:10,1,0,0
BRDA:10,1,1,0
BRDA:10,1,2,0
BRDA:10,1,3,0
BRDA:27,2,0,0
BRDA:27,2,1,0
BRDA:27,3,0,0
BRDA:27,3,1,0
BRF:10
BRH:0
end_of_record
TN:
SF:scripts/vision-model-selector.js
FN:135,selectModel
FN:154,(anonymous_1)
FN:155,(anonymous_2)
FN:177,showRecommendations
FN:180,(anonymous_4)
FN:188,(anonymous_5)
FN:205,customSelector
FN:230,(anonymous_7)
FN:237,(anonymous_8)
FN:250,calculateBestModel
FN:253,(anonymous_10)
FN:274,(anonymous_11)
FN:276,(anonymous_12)
FN:282,showDetailedComparison
FN:287,(anonymous_14)
FN:310,(anonymous_15)
FN:323,showConfiguration
FN:369,main
FNF:18
FNH:0
FNDA:0,selectModel
FNDA:0,(anonymous_1)
FNDA:0,(anonymous_2)
FNDA:0,showRecommendations
FNDA:0,(anonymous_4)
FNDA:0,(anonymous_5)
FNDA:0,customSelector
FNDA:0,(anonymous_7)
FNDA:0,(anonymous_8)
FNDA:0,calculateBestModel
FNDA:0,(anonymous_10)
FNDA:0,(anonymous_11)
FNDA:0,(anonymous_12)
FNDA:0,showDetailedComparison
FNDA:0,(anonymous_14)
FNDA:0,(anonymous_15)
FNDA:0,showConfiguration
FNDA:0,main
DA:8,0
DA:9,0
DA:11,0
DA:17,0
DA:121,0
DA:136,0
DA:154,0
DA:155,0
DA:156,0
DA:162,0
DA:164,0
DA:165,0
DA:167,0
DA:168,0
DA:178,0
DA:180,0
DA:181,0
DA:182,0
DA:183,0
DA:184,0
DA:185,0
DA:188,0
DA:189,0
DA:190,0
DA:192,0
DA:193,0
DA:194,0
DA:196,0
DA:206,0
DA:208,0
DA:227,0
DA:228,0
DA:230,0
DA:231,0
DA:232,0
DA:233,0
DA:234,0
DA:237,0
DA:238,0
DA:239,0
DA:240,0
DA:244,0
DA:251,0
DA:253,0
DA:254,0
DA:257,0
DA:258,0
DA:261,0
DA:262,0
DA:265,0
DA:267,0
DA:269,0
DA:273,0
DA:274,0
DA:276,0
DA:283,0
DA:285,0
DA:287,0
DA:288,0
DA:289,0
DA:290,0
DA:291,0
DA:292,0
DA:293,0
DA:294,0
DA:295,0
DA:298,0
DA:303,0
DA:304,0
DA:305,0
DA:307,0
DA:310,0
DA:311,0
DA:312,0
DA:313,0
DA:315,0
DA:324,0
DA:326,0
DA:327,0
DA:329,0
DA:340,0
DA:342,0
DA:343,0
DA:344,0
DA:345,0
DA:348,0
DA:349,0
DA:350,0
DA:351,0
DA:352,0
DA:353,0
DA:354,0
DA:355,0
DA:356,0
DA:357,0
DA:358,0
DA:359,0
DA:360,0
DA:363,0
DA:370,0
DA:372,0
DA:373,0
DA:376,0
DA:380,0
DA:381,0
DA:384,0
LF:106
LH:0
BRDA:162,0,0,0
BRDA:162,0,1,0
BRDA:164,1,0,0
BRDA:164,1,1,0
BRDA:189,2,0,0
BRDA:189,2,1,0
BRDA:193,3,0,0
BRDA:193,3,1,0
BRDA:231,4,0,0
BRDA:231,4,1,0
BRDA:238,5,0,0
BRDA:238,5,1,0
BRDA:303,6,0,0
BRDA:303,6,1,0
BRDA:312,7,0,0
BRDA:312,7,1,0
BRDA:336,8,0,0
BRDA:336,8,1,0
BRDA:336,9,0,0
BRDA:336,9,1,0
BRDA:342,10,0,0
BRDA:342,10,1,0
BRDA:344,11,0,0
BRDA:344,11,1,0
BRDA:349,12,0,0
BRDA:349,12,1,0
BRDA:349,13,0,0
BRDA:349,13,1,0
BRDA:353,14,0,0
BRDA:353,14,1,0
BRDA:357,15,0,0
BRDA:357,15,1,0
BRDA:357,16,0,0
BRDA:357,16,1,0
BRDA:372,17,0,0
BRDA:372,17,1,0
BRDA:380,18,0,0
BRDA:380,18,1,0
BRF:38
BRH:0
end_of_record
TN:
SF:scripts/vision-qa-decision.js
FN:20,(anonymous_0)
FN:37,(anonymous_1)
FN:82,(anonymous_2)
FN:89,(anonymous_3)
FN:95,(anonymous_4)
FN:101,(anonymous_5)
FN:107,(anonymous_6)
FN:114,(anonymous_7)
FN:120,(anonymous_8)
FN:126,(anonymous_9)
FN:132,(anonymous_10)
FN:138,(anonymous_11)
FN:144,(anonymous_12)
FN:152,(anonymous_13)
FN:153,(anonymous_14)
FN:161,(anonymous_15)
FN:172,(anonymous_16)
FN:176,(anonymous_17)
FN:186,(anonymous_18)
FN:258,(anonymous_19)
FN:277,(anonymous_20)
FN:296,(anonymous_21)
FN:314,(anonymous_22)
FN:331,(anonymous_23)
FN:346,(anonymous_24)
FN:367,(anonymous_25)
FN:381,(anonymous_26)
FN:381,(anonymous_27)
FN:450,(anonymous_28)
FN:476,(anonymous_29)
FNF:30
FNH:0
FNDA:0,(anonymous_0)
FNDA:0,(anonymous_1)
FNDA:0,(anonymous_2)
FNDA:0,(anonymous_3)
FNDA:0,(anonymous_4)
FNDA:0,(anonymous_5)
FNDA:0,(anonymous_6)
FNDA:0,(anonymous_7)
FNDA:0,(anonymous_8)
FNDA:0,(anonymous_9)
FNDA:0,(anonymous_10)
FNDA:0,(anonymous_11)
FNDA:0,(anonymous_12)
FNDA:0,(anonymous_13)
FNDA:0,(anonymous_14)
FNDA:0,(anonymous_15)
FNDA:0,(anonymous_16)
FNDA:0,(anonymous_17)
FNDA:0,(anonymous_18)
FNDA:0,(anonymous_19)
FNDA:0,(anonymous_20)
FNDA:0,(anonymous_21)
FNDA:0,(anonymous_22)
FNDA:0,(anonymous_23)
FNDA:0,(anonymous_24)
FNDA:0,(anonymous_25)
FNDA:0,(anonymous_26)
FNDA:0,(anonymous_27)
FNDA:0,(anonymous_28)
FNDA:0,(anonymous_29)
DA:9,0
DA:10,0
DA:11,0
DA:14,0
DA:21,0
DA:22,0
DA:38,0
DA:41,0
DA:42,0
DA:46,0
DA:47,0
DA:48,0
DA:52,0
DA:53,0
DA:54,0
DA:58,0
DA:59,0
DA:63,0
DA:64,0
DA:68,0
DA:69,0
DA:70,0
DA:74,0
DA:76,0
DA:83,0
DA:89,0
DA:96,0
DA:101,0
DA:108,0
DA:114,0
DA:121,0
DA:126,0
DA:133,0
DA:138,0
DA:145,0
DA:150,0
DA:152,0
DA:153,0
DA:155,0
DA:162,0
DA:167,0
DA:172,0
DA:173,0
DA:176,0
DA:177,0
DA:180,0
DA:188,0
DA:189,0
DA:197,0
DA:198,0
DA:207,0
DA:208,0
DA:217,0
DA:218,0
DA:227,0
DA:228,0
DA:237,0
DA:238,0
DA:247,0
DA:259,0
DA:278,0
DA:297,0
DA:315,0
DA:332,0
DA:347,0
DA:349,0
DA:350,0
DA:355,0
DA:360,0
DA:368,0
DA:373,0
DA:381,0
DA:384,0
DA:385,0
DA:386,0
DA:387,0
DA:389,0
DA:390,0
DA:391,0
DA:394,0
DA:395,0
DA:396,0
DA:397,0
DA:399,0
DA:402,0
DA:405,0
DA:408,0
DA:409,0
DA:410,0
DA:412,0
DA:413,0
DA:414,0
DA:415,0
DA:416,0
DA:417,0
DA:418,0
DA:419,0
DA:420,0
DA:422,0
DA:423,0
DA:424,0
DA:425,0
DA:427,0
DA:428,0
DA:429,0
DA:432,0
DA:433,0
DA:434,0
DA:435,0
DA:438,0
DA:439,0
DA:440,0
DA:441,0
DA:444,0
DA:451,0
DA:452,0
DA:465,0
DA:466,0
DA:469,0
DA:477,0
DA:479,0
DA:480,0
DA:481,0
DA:489,0
DA:494,0
DA:495,0
DA:496,0
DA:498,0
DA:500,0
DA:501,0
DA:503,0
DA:504,0
DA:505,0
DA:506,0
DA:507,0
DA:522,0
LF:136
LH:0
BRDA:41,0,0,0
BRDA:41,0,1,0
BRDA:46,1,0,0
BRDA:46,1,1,0
BRDA:52,2,0,0
BRDA:52,2,1,0
BRDA:58,3,0,0
BRDA:58,3,1,0
BRDA:63,4,0,0
BRDA:63,4,1,0
BRDA:68,5,0,0
BRDA:68,5,1,0
BRDA:155,6,0,0
BRDA:155,6,1,0
BRDA:172,7,0,0
BRDA:172,7,1,0
BRDA:176,8,0,0
BRDA:176,8,1,0
BRDA:188,9,0,0
BRDA:188,9,1,0
BRDA:197,10,0,0
BRDA:197,10,1,0
BRDA:207,11,0,0
BRDA:207,11,1,0
BRDA:217,12,0,0
BRDA:217,12,1,0
BRDA:227,13,0,0
BRDA:227,13,1,0
BRDA:237,14,0,0
BRDA:237,14,1,0
BRDA:346,15,0,0
BRDA:349,16,0,0
BRDA:349,16,1,0
BRDA:391,17,0,0
BRDA:391,17,1,0
BRDA:413,18,0,0
BRDA:413,18,1,0
BRDA:414,19,0,0
BRDA:414,19,1,0
BRDA:415,20,0,0
BRDA:415,20,1,0
BRDA:416,21,0,0
BRDA:416,21,1,0
BRDA:417,22,0,0
BRDA:417,22,1,0
BRDA:418,23,0,0
BRDA:418,23,1,0
BRDA:424,24,0,0
BRDA:424,24,1,0
BRDA:427,25,0,0
BRDA:427,25,1,0
BRDA:439,26,0,0
BRDA:439,26,1,0
BRDA:465,27,0,0
BRDA:465,27,1,0
BRDA:480,28,0,0
BRDA:480,28,1,0
BRDA:482,29,0,0
BRDA:482,29,1,0
BRDA:494,30,0,0
BRDA:494,30,1,0
BRDA:498,31,0,0
BRDA:498,31,1,0
BRDA:501,32,0,0
BRDA:501,32,1,0
BRDA:506,33,0,0
BRDA:506,33,1,0
BRF:67
BRH:0
end_of_record
